#! /usr/bin/vvp
:ivl_version "11.0 (stable)";
:ivl_delay_selection "TYPICAL";
:vpi_time_precision + 0;
:vpi_module "/usr/lib/x86_64-linux-gnu/ivl/system.vpi";
:vpi_module "/usr/lib/x86_64-linux-gnu/ivl/vhdl_sys.vpi";
:vpi_module "/usr/lib/x86_64-linux-gnu/ivl/vhdl_textio.vpi";
:vpi_module "/usr/lib/x86_64-linux-gnu/ivl/v2005_math.vpi";
:vpi_module "/usr/lib/x86_64-linux-gnu/ivl/va_math.vpi";
:vpi_module "/usr/lib/x86_64-linux-gnu/ivl/v2009.vpi";
S_0x55e037813750 .scope package, "$unit" "$unit" 2 1;
 .timescale 0 0;
S_0x55e037812a20 .scope module, "FMA_32_tb" "FMA_32_tb" 3 3;
 .timescale 0 0;
v0x55e03785d2f0_0 .var "a", 31 0;
v0x55e03785d420_0 .var "b", 31 0;
v0x55e03785d530_0 .var "c", 31 0;
v0x55e03785d620_0 .net "result", 31 0, L_0x55e037896640;  1 drivers
S_0x55e03779a490 .scope module, "uut" "FMA_32" 3 10, 4 4 0, S_0x55e037812a20;
 .timescale 0 0;
    .port_info 0 /INPUT 32 "a";
    .port_info 1 /INPUT 32 "b";
    .port_info 2 /INPUT 32 "c";
    .port_info 3 /OUTPUT 32 "result";
L_0x55e0378713b0 .functor NOT 9, L_0x55e037870ff0, C4<000000000>, C4<000000000>, C4<000000000>;
L_0x55e037873ce0 .functor OR 1, L_0x55e037873c40, L_0x55e037873e80, C4<0>, C4<0>;
L_0x55e0378736b0 .functor NOT 1, L_0x55e0378852e0, C4<0>, C4<0>, C4<0>;
L_0x55e037873400 .functor NOT 9, L_0x55e037870ff0, C4<000000000>, C4<000000000>, C4<000000000>;
L_0x55e037885500 .functor AND 1, L_0x55e0378857f0, L_0x55e0378736b0, C4<1>, C4<1>;
L_0x55e037895160 .functor NOT 9, L_0x55e037895310, C4<000000000>, C4<000000000>, C4<000000000>;
L_0x55e037895910 .functor XOR 1, L_0x55e03785d6e0, L_0x55e03785dfc0, C4<0>, C4<0>;
L_0x55e0378960b0 .functor NOT 1, L_0x55e037895910, C4<0>, C4<0>, C4<0>;
L_0x55e0378961c0 .functor XOR 1, L_0x55e0378960b0, L_0x55e037872820, C4<0>, C4<0>;
L_0x55e037896280 .functor NOT 1, L_0x55e0378961c0, C4<0>, C4<0>, C4<0>;
L_0x7f4ef6950768 .functor BUFT 1, C4<00000000000000000000000000>, C4<0>, C4<0>, C4<0>;
v0x55e037857970_0 .net/2u *"_ivl_0", 25 0, L_0x7f4ef6950768;  1 drivers
v0x55e037857a70_0 .net *"_ivl_10", 8 0, L_0x55e0378713b0;  1 drivers
L_0x7f4ef6953f60 .functor BUFT 1, C4<0000000000000000000000000000000000000000000000000>, C4<0>, C4<0>, C4<0>;
v0x55e037857b50_0 .net/2u *"_ivl_100", 48 0, L_0x7f4ef6953f60;  1 drivers
v0x55e037857c10_0 .net *"_ivl_102", 0 0, L_0x55e037893e00;  1 drivers
L_0x7f4ef6953fa8 .functor BUFT 1, C4<0>, C4<0>, C4<0>, C4<0>;
v0x55e037857cd0_0 .net/2u *"_ivl_104", 0 0, L_0x7f4ef6953fa8;  1 drivers
L_0x7f4ef6953ff0 .functor BUFT 1, C4<1>, C4<0>, C4<0>, C4<0>;
v0x55e037857db0_0 .net/2u *"_ivl_106", 0 0, L_0x7f4ef6953ff0;  1 drivers
L_0x7f4ef69540c8 .functor BUFT 1, C4<00000000>, C4<0>, C4<0>, C4<0>;
v0x55e037857e90_0 .net/2u *"_ivl_112", 7 0, L_0x7f4ef69540c8;  1 drivers
v0x55e037857f70_0 .net *"_ivl_114", 8 0, L_0x55e037894ec0;  1 drivers
v0x55e037858050_0 .net *"_ivl_116", 8 0, L_0x55e0378950c0;  1 drivers
L_0x7f4ef6954110 .functor BUFT 1, C4<0>, C4<0>, C4<0>, C4<0>;
v0x55e037858130_0 .net/2u *"_ivl_118", 0 0, L_0x7f4ef6954110;  1 drivers
L_0x7f4ef6950840 .functor BUFT 1, C4<000000001>, C4<0>, C4<0>, C4<0>;
v0x55e037858210_0 .net/2u *"_ivl_12", 8 0, L_0x7f4ef6950840;  1 drivers
v0x55e0378582f0_0 .net *"_ivl_120", 8 0, L_0x55e037895220;  1 drivers
v0x55e0378583d0_0 .net *"_ivl_122", 8 0, L_0x55e037895430;  1 drivers
L_0x7f4ef6954158 .functor BUFT 1, C4<001111111>, C4<0>, C4<0>, C4<0>;
v0x55e0378584b0_0 .net/2u *"_ivl_124", 8 0, L_0x7f4ef6954158;  1 drivers
L_0x7f4ef69541a0 .functor BUFT 1, C4<000000000>, C4<0>, C4<0>, C4<0>;
v0x55e037858590_0 .net/2u *"_ivl_128", 8 0, L_0x7f4ef69541a0;  1 drivers
L_0x7f4ef69541e8 .functor BUFT 1, C4<0>, C4<0>, C4<0>, C4<0>;
v0x55e037858670_0 .net/2u *"_ivl_130", 0 0, L_0x7f4ef69541e8;  1 drivers
v0x55e037858750_0 .net *"_ivl_132", 8 0, L_0x55e037895310;  1 drivers
v0x55e037858830_0 .net *"_ivl_134", 8 0, L_0x55e037895160;  1 drivers
v0x55e037858910_0 .net *"_ivl_136", 8 0, L_0x55e037895870;  1 drivers
L_0x7f4ef6954230 .functor BUFT 1, C4<000000001>, C4<0>, C4<0>, C4<0>;
v0x55e0378589f0_0 .net/2u *"_ivl_138", 8 0, L_0x7f4ef6954230;  1 drivers
v0x55e037858ad0_0 .net *"_ivl_140", 8 0, L_0x55e037895b60;  1 drivers
v0x55e037858bb0_0 .net *"_ivl_142", 8 0, L_0x55e037895ca0;  1 drivers
v0x55e037858c90_0 .net *"_ivl_146", 0 0, L_0x55e037895910;  1 drivers
v0x55e037858d70_0 .net *"_ivl_148", 0 0, L_0x55e0378960b0;  1 drivers
v0x55e037858e50_0 .net *"_ivl_150", 0 0, L_0x55e0378961c0;  1 drivers
v0x55e037858f30_0 .net *"_ivl_155", 7 0, L_0x55e0378963a0;  1 drivers
v0x55e037859010_0 .net *"_ivl_157", 22 0, L_0x55e0378965a0;  1 drivers
v0x55e0378590f0_0 .net *"_ivl_17", 0 0, L_0x55e037871a90;  1 drivers
v0x55e0378591d0_0 .net *"_ivl_19", 7 0, L_0x55e037871b30;  1 drivers
v0x55e0378592b0_0 .net *"_ivl_21", 7 0, L_0x55e037871bd0;  1 drivers
v0x55e037859390_0 .net *"_ivl_25", 0 0, L_0x55e037871e40;  1 drivers
v0x55e037859470_0 .net *"_ivl_26", 73 0, L_0x55e037871fc0;  1 drivers
v0x55e037859550_0 .net *"_ivl_28", 73 0, L_0x55e0378720b0;  1 drivers
v0x55e037859840_0 .net *"_ivl_33", 0 0, L_0x55e037873c40;  1 drivers
v0x55e037859920_0 .net *"_ivl_34", 31 0, L_0x55e037873d50;  1 drivers
L_0x7f4ef6950c30 .functor BUFT 1, C4<000000000000000000000000>, C4<0>, C4<0>, C4<0>;
v0x55e037859a00_0 .net *"_ivl_37", 23 0, L_0x7f4ef6950c30;  1 drivers
L_0x7f4ef6950c78 .functor BUFT 1, C4<00000000000000000000000000011011>, C4<0>, C4<0>, C4<0>;
v0x55e037859ae0_0 .net/2u *"_ivl_38", 31 0, L_0x7f4ef6950c78;  1 drivers
L_0x7f4ef69507b0 .functor BUFT 1, C4<000000000000000000000000000>, C4<0>, C4<0>, C4<0>;
v0x55e037859bc0_0 .net/2u *"_ivl_4", 26 0, L_0x7f4ef69507b0;  1 drivers
v0x55e037859ca0_0 .net *"_ivl_40", 0 0, L_0x55e037873e80;  1 drivers
v0x55e037859d60_0 .net *"_ivl_43", 0 0, L_0x55e037873ce0;  1 drivers
L_0x7f4ef6950cc0 .functor BUFT 1, C4<1>, C4<0>, C4<0>, C4<0>;
v0x55e037859e20_0 .net/2u *"_ivl_44", 0 0, L_0x7f4ef6950cc0;  1 drivers
L_0x7f4ef6950d08 .functor BUFT 1, C4<0>, C4<0>, C4<0>, C4<0>;
v0x55e037859f00_0 .net/2u *"_ivl_46", 0 0, L_0x7f4ef6950d08;  1 drivers
v0x55e037859fe0_0 .net *"_ivl_51", 0 0, L_0x55e0378852e0;  1 drivers
v0x55e03785a0c0_0 .net *"_ivl_54", 8 0, L_0x55e037873400;  1 drivers
L_0x7f4ef69526a0 .functor BUFT 1, C4<000000001>, C4<0>, C4<0>, C4<0>;
v0x55e03785a1a0_0 .net/2u *"_ivl_56", 8 0, L_0x7f4ef69526a0;  1 drivers
L_0x7f4ef69507f8 .functor BUFT 1, C4<00000000000000000000000>, C4<0>, C4<0>, C4<0>;
v0x55e03785a280_0 .net/2u *"_ivl_6", 22 0, L_0x7f4ef69507f8;  1 drivers
L_0x7f4ef69526e8 .functor BUFT 1, C4<001111110>, C4<0>, C4<0>, C4<0>;
v0x55e03785a360_0 .net/2u *"_ivl_60", 8 0, L_0x7f4ef69526e8;  1 drivers
v0x55e03785a440_0 .net *"_ivl_62", 0 0, L_0x55e037885610;  1 drivers
L_0x7f4ef6952730 .functor BUFT 1, C4<1>, C4<0>, C4<0>, C4<0>;
v0x55e03785a500_0 .net/2u *"_ivl_64", 0 0, L_0x7f4ef6952730;  1 drivers
L_0x7f4ef6952778 .functor BUFT 1, C4<0>, C4<0>, C4<0>, C4<0>;
v0x55e03785a5e0_0 .net/2u *"_ivl_66", 0 0, L_0x7f4ef6952778;  1 drivers
v0x55e03785a6c0_0 .net *"_ivl_71", 0 0, L_0x55e037885500;  1 drivers
L_0x7f4ef69527c0 .functor BUFT 1, C4<1>, C4<0>, C4<0>, C4<0>;
v0x55e03785a780_0 .net/2u *"_ivl_72", 0 0, L_0x7f4ef69527c0;  1 drivers
L_0x7f4ef6952808 .functor BUFT 1, C4<0>, C4<0>, C4<0>, C4<0>;
v0x55e03785a860_0 .net/2u *"_ivl_74", 0 0, L_0x7f4ef6952808;  1 drivers
L_0x7f4ef6952850 .functor BUFT 1, C4<01111110>, C4<0>, C4<0>, C4<0>;
v0x55e03785a940_0 .net/2u *"_ivl_78", 7 0, L_0x7f4ef6952850;  1 drivers
v0x55e03785aa20_0 .net *"_ivl_81", 7 0, L_0x55e037885750;  1 drivers
v0x55e03785ab00_0 .net *"_ivl_87", 0 0, L_0x55e037893610;  1 drivers
L_0x7f4ef6953ed0 .functor BUFT 1, C4<0>, C4<0>, C4<0>, C4<0>;
v0x55e03785abe0_0 .net/2u *"_ivl_88", 0 0, L_0x7f4ef6953ed0;  1 drivers
v0x55e03785acc0_0 .net *"_ivl_93", 0 0, L_0x55e037893960;  1 drivers
L_0x7f4ef6953f18 .functor BUFT 1, C4<0>, C4<0>, C4<0>, C4<0>;
v0x55e03785ada0_0 .net/2u *"_ivl_94", 0 0, L_0x7f4ef6953f18;  1 drivers
v0x55e03785ae80_0 .net *"_ivl_99", 48 0, L_0x55e037893c70;  1 drivers
v0x55e03785af60_0 .net "a", 31 0, v0x55e03785d2f0_0;  1 drivers
v0x55e03785b020_0 .net "add_man", 23 0, L_0x55e0378941d0;  1 drivers
v0x55e03785b0f0_0 .net "add_result", 74 0, L_0x55e037873b50;  1 drivers
v0x55e03785b190_0 .var "add_result_copy", 74 0;
v0x55e03785b250_0 .net "add_result_copy_shifted", 74 0, L_0x55e037892340;  1 drivers
v0x55e03785b320_0 .net "add_result_shifted", 74 0, L_0x55e037884b10;  1 drivers
v0x55e03785b3f0_0 .net "b", 31 0, v0x55e03785d420_0;  1 drivers
v0x55e03785b4c0_0 .net "c", 31 0, v0x55e03785d530_0;  1 drivers
v0x55e03785b590_0 .net "close_to_zero", 0 0, L_0x55e037885a20;  1 drivers
v0x55e03785b630_0 .net "comple_exp_c", 8 0, L_0x55e0378718e0;  1 drivers
v0x55e03785b710_0 .net "exp_a", 7 0, L_0x55e03785d7d0;  1 drivers
v0x55e03785b820_0 .net "exp_add", 0 0, L_0x55e037894c30;  1 drivers
v0x55e03785b8c0_0 .net "exp_add_first", 7 0, L_0x55e037885150;  1 drivers
v0x55e03785b990_0 .net "exp_b", 7 0, L_0x55e03785e0b0;  1 drivers
v0x55e03785ba80_0 .net "exp_c", 7 0, L_0x55e03785e9c0;  1 drivers
v0x55e03785bb90_0 .net "exp_comple", 8 0, L_0x55e037885460;  1 drivers
v0x55e03785bc70_0 .net "exp_is_n126", 0 0, L_0x55e0378857f0;  1 drivers
v0x55e03785bd30_0 .net "exp_minus_from_copy", 7 0, L_0x55e037893080;  1 drivers
v0x55e03785bdf0_0 .net "ext_man_c", 73 0, L_0x55e0378721b0;  1 drivers
v0x55e03785be90_0 .net "ext_man_c_tmp", 73 0, L_0x55e0378717a0;  1 drivers
v0x55e03785bf50_0 .net "ext_mul_ab", 73 0, L_0x55e037871660;  1 drivers
v0x55e03785c040_0 .net "final_exponent", 8 0, L_0x55e037895f20;  1 drivers
v0x55e03785c100_0 .net "final_exponent_tmp", 8 0, L_0x55e037895570;  1 drivers
v0x55e03785c1e0_0 .net "final_result", 74 0, L_0x55e037893570;  1 drivers
v0x55e03785c2c0_0 .net "final_sign", 0 0, L_0x55e037896280;  1 drivers
v0x55e03785c380_0 .net "guard", 0 0, L_0x55e037893780;  1 drivers
v0x55e03785c450_0 .net "man_a", 23 0, L_0x55e03785dde0;  1 drivers
v0x55e03785c540_0 .net "man_b", 23 0, L_0x55e03785e740;  1 drivers
v0x55e03785c650_0 .net "man_c", 23 0, L_0x55e03785f010;  1 drivers
v0x55e03785c710_0 .net "max_shift", 7 0, L_0x55e037885c60;  1 drivers
v0x55e03785c7b0_0 .net "mul_a_b", 47 0, L_0x55e03786f4b0;  1 drivers
v0x55e03785c880_0 .net "result", 31 0, L_0x55e037896640;  alias, 1 drivers
v0x55e03785c940_0 .net "result_head_is_zero", 0 0, L_0x55e0378736b0;  1 drivers
v0x55e03785ca00_0 .net "round", 0 0, L_0x55e037893ae0;  1 drivers
v0x55e03785cad0_0 .net "rounded_man", 23 0, L_0x55e037894d90;  1 drivers
v0x55e03785cba0_0 .net "shift", 7 0, L_0x55e037871cb0;  1 drivers
v0x55e03785cc60_0 .net "shift_l_27", 0 0, L_0x55e0378740e0;  1 drivers
v0x55e03785cd20_0 .net "sign_a", 0 0, L_0x55e03785d6e0;  1 drivers
v0x55e03785cdf0_0 .net "sign_b", 0 0, L_0x55e03785dfc0;  1 drivers
v0x55e03785cec0_0 .net "sign_c", 0 0, L_0x55e03785e920;  1 drivers
v0x55e03785cfb0_0 .net "sign_of_add", 0 0, L_0x55e037872820;  1 drivers
v0x55e03785d050_0 .net "sticky", 0 0, L_0x55e037893ef0;  1 drivers
v0x55e03785d120_0 .net "true_exp_ab_signed", 8 0, L_0x55e037871180;  1 drivers
v0x55e03785d1f0_0 .net "true_exp_c_minus_ab_signed", 8 0, L_0x55e037870ff0;  1 drivers
L_0x55e037871660 .concat [ 48 26 0 0], L_0x55e03786f4b0, L_0x7f4ef6950768;
L_0x55e0378717a0 .concat [ 23 24 27 0], L_0x7f4ef69507f8, L_0x55e03785f010, L_0x7f4ef69507b0;
L_0x55e0378718e0 .arith/sum 9, L_0x55e0378713b0, L_0x7f4ef6950840;
L_0x55e037871a90 .part L_0x55e037871180, 8, 1;
L_0x55e037871b30 .part L_0x55e0378718e0, 0, 8;
L_0x55e037871bd0 .part L_0x55e037871180, 0, 8;
L_0x55e037871cb0 .functor MUXZ 8, L_0x55e037871bd0, L_0x55e037871b30, L_0x55e037871a90, C4<>;
L_0x55e037871e40 .part L_0x55e037870ff0, 8, 1;
L_0x55e037871fc0 .shift/r 74, L_0x55e0378717a0, L_0x55e037871cb0;
L_0x55e0378720b0 .shift/l 74, L_0x55e0378717a0, L_0x55e037871cb0;
L_0x55e0378721b0 .functor MUXZ 74, L_0x55e0378720b0, L_0x55e037871fc0, L_0x55e037871e40, C4<>;
L_0x55e037873c40 .part L_0x55e037870ff0, 8, 1;
L_0x55e037873d50 .concat [ 8 24 0 0], L_0x55e037871cb0, L_0x7f4ef6950c30;
L_0x55e037873e80 .cmp/ge 32, L_0x7f4ef6950c78, L_0x55e037873d50;
L_0x55e0378740e0 .functor MUXZ 1, L_0x7f4ef6950d08, L_0x7f4ef6950cc0, L_0x55e037873ce0, C4<>;
L_0x55e0378852e0 .part L_0x55e037884b10, 74, 1;
L_0x55e037885460 .arith/sum 9, L_0x55e037873400, L_0x7f4ef69526a0;
L_0x55e037885610 .cmp/eq 9, L_0x55e037885460, L_0x7f4ef69526e8;
L_0x55e0378857f0 .functor MUXZ 1, L_0x7f4ef6952778, L_0x7f4ef6952730, L_0x55e037885610, C4<>;
L_0x55e037885a20 .functor MUXZ 1, L_0x7f4ef6952808, L_0x7f4ef69527c0, L_0x55e037885500, C4<>;
L_0x55e037885750 .part L_0x55e037885460, 0, 8;
L_0x55e037885c60 .arith/sub 8, L_0x7f4ef6952850, L_0x55e037885750;
L_0x55e037893570 .functor MUXZ 75, L_0x55e037884b10, L_0x55e037892340, L_0x55e0378736b0, C4<>;
L_0x55e037893610 .part L_0x55e037893570, 50, 1;
L_0x55e037893780 .functor MUXZ 1, L_0x7f4ef6953ed0, L_0x55e037893610, L_0x55e0378740e0, C4<>;
L_0x55e037893960 .part L_0x55e037893570, 49, 1;
L_0x55e037893ae0 .functor MUXZ 1, L_0x7f4ef6953f18, L_0x55e037893960, L_0x55e0378740e0, C4<>;
L_0x55e037893c70 .part L_0x55e037893570, 0, 49;
L_0x55e037893e00 .cmp/eq 49, L_0x55e037893c70, L_0x7f4ef6953f60;
L_0x55e037893ef0 .functor MUXZ 1, L_0x7f4ef6953ff0, L_0x7f4ef6953fa8, L_0x55e037893e00, C4<>;
L_0x55e0378941d0 .part L_0x55e037893570, 51, 24;
L_0x55e037894ec0 .concat [ 1 8 0 0], L_0x55e037894c30, L_0x7f4ef69540c8;
L_0x55e0378950c0 .arith/sum 9, L_0x55e037871180, L_0x55e037894ec0;
L_0x55e037895220 .concat [ 8 1 0 0], L_0x55e037885150, L_0x7f4ef6954110;
L_0x55e037895430 .arith/sum 9, L_0x55e0378950c0, L_0x55e037895220;
L_0x55e037895570 .arith/sum 9, L_0x55e037895430, L_0x7f4ef6954158;
L_0x55e037895310 .concat [ 8 1 0 0], L_0x55e037893080, L_0x7f4ef69541e8;
L_0x55e037895870 .arith/sum 9, L_0x55e037895570, L_0x55e037895160;
L_0x55e037895b60 .arith/sum 9, L_0x55e037895870, L_0x7f4ef6954230;
L_0x55e037895ca0 .functor MUXZ 9, L_0x55e037895570, L_0x55e037895b60, L_0x55e0378736b0, C4<>;
L_0x55e037895f20 .functor MUXZ 9, L_0x55e037895ca0, L_0x7f4ef69541a0, L_0x55e037885a20, C4<>;
L_0x55e0378963a0 .part L_0x55e037895f20, 0, 8;
L_0x55e0378965a0 .part L_0x55e037894d90, 0, 23;
L_0x55e037896640 .concat [ 23 8 1 0], L_0x55e0378965a0, L_0x55e0378963a0, L_0x55e037896280;
S_0x55e0377e1150 .scope module, "adder_76" "adder_76" 4 33, 4 122 0, S_0x55e03779a490;
 .timescale 0 0;
    .port_info 0 /INPUT 74 "a";
    .port_info 1 /INPUT 74 "b";
    .port_info 2 /OUTPUT 75 "result";
    .port_info 3 /INPUT 1 "add_or_sub";
    .port_info 4 /OUTPUT 1 "sign";
L_0x7f4ef6950918 .functor BUFT 1, C4<1>, C4<0>, C4<0>, C4<0>;
L_0x55e037871980 .functor XNOR 1, L_0x55e03785e920, L_0x7f4ef6950918, C4<0>, C4<0>;
L_0x7f4ef6950960 .functor BUFT 1, C4<0>, C4<0>, C4<0>, C4<0>;
L_0x55e037872600 .functor XNOR 1, L_0x55e0378723e0, L_0x7f4ef6950960, C4<0>, C4<0>;
L_0x55e037872710 .functor AND 1, L_0x55e037871980, L_0x55e037872600, C4<1>, C4<1>;
L_0x55e037872da0 .functor AND 1, L_0x55e0378723e0, L_0x55e03785e920, C4<1>, C4<1>;
L_0x55e037872f00 .functor NOT 76, L_0x55e037872e10, C4<0000000000000000000000000000000000000000000000000000000000000000000000000000>, C4<0000000000000000000000000000000000000000000000000000000000000000000000000000>, C4<0000000000000000000000000000000000000000000000000000000000000000000000000000>;
L_0x55e0378730c0 .functor NOT 76, L_0x55e037873220, C4<0000000000000000000000000000000000000000000000000000000000000000000000000000>, C4<0000000000000000000000000000000000000000000000000000000000000000000000000000>, C4<0000000000000000000000000000000000000000000000000000000000000000000000000000>;
v0x55e037760b80_0 .net *"_ivl_0", 0 0, L_0x55e037872340;  1 drivers
v0x55e03775c5c0_0 .net *"_ivl_10", 0 0, L_0x55e037871980;  1 drivers
v0x55e037771110_0 .net/2u *"_ivl_12", 0 0, L_0x7f4ef6950960;  1 drivers
v0x55e0378377f0_0 .net *"_ivl_14", 0 0, L_0x55e037872600;  1 drivers
v0x55e0378378b0_0 .net *"_ivl_17", 0 0, L_0x55e037872710;  1 drivers
L_0x7f4ef69509a8 .functor BUFT 1, C4<1>, C4<0>, C4<0>, C4<0>;
v0x55e0378379c0_0 .net/2u *"_ivl_18", 0 0, L_0x7f4ef69509a8;  1 drivers
L_0x7f4ef6950888 .functor BUFT 1, C4<1>, C4<0>, C4<0>, C4<0>;
v0x55e037837aa0_0 .net/2u *"_ivl_2", 0 0, L_0x7f4ef6950888;  1 drivers
L_0x7f4ef69509f0 .functor BUFT 1, C4<0>, C4<0>, C4<0>, C4<0>;
v0x55e037837b80_0 .net/2u *"_ivl_20", 0 0, L_0x7f4ef69509f0;  1 drivers
L_0x7f4ef6950a38 .functor BUFT 1, C4<00>, C4<0>, C4<0>, C4<0>;
v0x55e037837c60_0 .net/2u *"_ivl_24", 1 0, L_0x7f4ef6950a38;  1 drivers
v0x55e037837d40_0 .net *"_ivl_26", 75 0, L_0x55e037872a00;  1 drivers
L_0x7f4ef6950a80 .functor BUFT 1, C4<00>, C4<0>, C4<0>, C4<0>;
v0x55e037837e20_0 .net/2u *"_ivl_28", 1 0, L_0x7f4ef6950a80;  1 drivers
v0x55e037837f00_0 .net *"_ivl_30", 75 0, L_0x55e037872b30;  1 drivers
v0x55e037837fe0_0 .net *"_ivl_35", 0 0, L_0x55e037872da0;  1 drivers
L_0x7f4ef6950ac8 .functor BUFT 1, C4<00>, C4<0>, C4<0>, C4<0>;
v0x55e0378380a0_0 .net/2u *"_ivl_36", 1 0, L_0x7f4ef6950ac8;  1 drivers
v0x55e037838180_0 .net *"_ivl_38", 75 0, L_0x55e037872e10;  1 drivers
L_0x7f4ef69508d0 .functor BUFT 1, C4<0>, C4<0>, C4<0>, C4<0>;
v0x55e037838260_0 .net/2u *"_ivl_4", 0 0, L_0x7f4ef69508d0;  1 drivers
v0x55e037838340_0 .net *"_ivl_40", 75 0, L_0x55e037872f00;  1 drivers
L_0x7f4ef6950b10 .functor BUFT 1, C4<0000000000000000000000000000000000000000000000000000000000000000000000000001>, C4<0>, C4<0>, C4<0>;
v0x55e037838420_0 .net/2u *"_ivl_42", 75 0, L_0x7f4ef6950b10;  1 drivers
v0x55e037838500_0 .net *"_ivl_44", 75 0, L_0x55e037873020;  1 drivers
L_0x7f4ef6950b58 .functor BUFT 1, C4<00>, C4<0>, C4<0>, C4<0>;
v0x55e0378385e0_0 .net/2u *"_ivl_46", 1 0, L_0x7f4ef6950b58;  1 drivers
v0x55e0378386c0_0 .net *"_ivl_48", 75 0, L_0x55e037873220;  1 drivers
v0x55e0378387a0_0 .net *"_ivl_50", 75 0, L_0x55e0378730c0;  1 drivers
L_0x7f4ef6950ba0 .functor BUFT 1, C4<0000000000000000000000000000000000000000000000000000000000000000000000000001>, C4<0>, C4<0>, C4<0>;
v0x55e037838880_0 .net/2u *"_ivl_52", 75 0, L_0x7f4ef6950ba0;  1 drivers
v0x55e037838960_0 .net *"_ivl_54", 75 0, L_0x55e037873360;  1 drivers
L_0x7f4ef6950be8 .functor BUFT 1, C4<00>, C4<0>, C4<0>, C4<0>;
v0x55e037838a40_0 .net/2u *"_ivl_56", 1 0, L_0x7f4ef6950be8;  1 drivers
v0x55e037838b20_0 .net *"_ivl_58", 75 0, L_0x55e037873570;  1 drivers
v0x55e037838c00_0 .net *"_ivl_60", 75 0, L_0x55e037873610;  1 drivers
v0x55e037838ce0_0 .net/2u *"_ivl_8", 0 0, L_0x7f4ef6950918;  1 drivers
v0x55e037838dc0_0 .net "a", 73 0, L_0x55e037871660;  alias, 1 drivers
v0x55e037838ea0_0 .net "a_ext", 75 0, L_0x55e037872c60;  1 drivers
v0x55e037838f80_0 .net "abs_a_h_b", 0 0, L_0x55e0378723e0;  1 drivers
v0x55e037839040_0 .net "add_or_sub", 0 0, L_0x55e03785e920;  alias, 1 drivers
v0x55e037839100_0 .net "add_result", 75 0, L_0x55e037873990;  1 drivers
v0x55e0378393f0_0 .net "b", 73 0, L_0x55e0378721b0;  alias, 1 drivers
v0x55e0378394d0_0 .net "b_ext", 75 0, L_0x55e037873800;  1 drivers
v0x55e0378395b0_0 .net "result", 74 0, L_0x55e037873b50;  alias, 1 drivers
v0x55e037839690_0 .net "sign", 0 0, L_0x55e037872820;  alias, 1 drivers
L_0x55e037872340 .cmp/ge 74, L_0x55e037871660, L_0x55e0378721b0;
L_0x55e0378723e0 .functor MUXZ 1, L_0x7f4ef69508d0, L_0x7f4ef6950888, L_0x55e037872340, C4<>;
L_0x55e037872820 .functor MUXZ 1, L_0x7f4ef69509f0, L_0x7f4ef69509a8, L_0x55e037872710, C4<>;
L_0x55e037872a00 .concat [ 74 2 0 0], L_0x55e0378721b0, L_0x7f4ef6950a38;
L_0x55e037872b30 .concat [ 74 2 0 0], L_0x55e037871660, L_0x7f4ef6950a80;
L_0x55e037872c60 .functor MUXZ 76, L_0x55e037872b30, L_0x55e037872a00, L_0x55e037872820, C4<>;
L_0x55e037872e10 .concat [ 74 2 0 0], L_0x55e0378721b0, L_0x7f4ef6950ac8;
L_0x55e037873020 .arith/sum 76, L_0x55e037872f00, L_0x7f4ef6950b10;
L_0x55e037873220 .concat [ 74 2 0 0], L_0x55e037871660, L_0x7f4ef6950b58;
L_0x55e037873360 .arith/sum 76, L_0x55e0378730c0, L_0x7f4ef6950ba0;
L_0x55e037873570 .concat [ 74 2 0 0], L_0x55e0378721b0, L_0x7f4ef6950be8;
L_0x55e037873610 .functor MUXZ 76, L_0x55e037873570, L_0x55e037873360, L_0x55e037872820, C4<>;
L_0x55e037873800 .functor MUXZ 76, L_0x55e037873610, L_0x55e037873020, L_0x55e037872da0, C4<>;
L_0x55e037873990 .arith/sum 76, L_0x55e037872c60, L_0x55e037873800;
L_0x55e037873b50 .part L_0x55e037873990, 0, 75;
S_0x55e0378397f0 .scope module, "ex_a" "extractor_FP_32" 4 13, 4 108 0, S_0x55e03779a490;
 .timescale 0 0;
    .port_info 0 /INPUT 32 "a";
    .port_info 1 /OUTPUT 1 "sign";
    .port_info 2 /OUTPUT 8 "exp";
    .port_info 3 /OUTPUT 24 "man";
v0x55e037839a10_0 .net *"_ivl_11", 22 0, L_0x55e03785d9a0;  1 drivers
v0x55e037839af0_0 .net *"_ivl_12", 23 0, L_0x55e03785da70;  1 drivers
L_0x7f4ef69500a8 .functor BUFT 1, C4<1>, C4<0>, C4<0>, C4<0>;
v0x55e037839bd0_0 .net/2u *"_ivl_14", 0 0, L_0x7f4ef69500a8;  1 drivers
v0x55e037839c90_0 .net *"_ivl_17", 22 0, L_0x55e03785db90;  1 drivers
v0x55e037839d70_0 .net *"_ivl_18", 23 0, L_0x55e03785dca0;  1 drivers
L_0x7f4ef6950018 .functor BUFT 1, C4<00000000>, C4<0>, C4<0>, C4<0>;
v0x55e037839ea0_0 .net/2u *"_ivl_4", 7 0, L_0x7f4ef6950018;  1 drivers
v0x55e037839f80_0 .net *"_ivl_6", 0 0, L_0x55e03785d870;  1 drivers
L_0x7f4ef6950060 .functor BUFT 1, C4<0>, C4<0>, C4<0>, C4<0>;
v0x55e03783a040_0 .net/2u *"_ivl_8", 0 0, L_0x7f4ef6950060;  1 drivers
v0x55e03783a120_0 .net "a", 31 0, v0x55e03785d2f0_0;  alias, 1 drivers
v0x55e03783a200_0 .net "exp", 7 0, L_0x55e03785d7d0;  alias, 1 drivers
v0x55e03783a2e0_0 .net "man", 23 0, L_0x55e03785dde0;  alias, 1 drivers
v0x55e03783a3c0_0 .net "sign", 0 0, L_0x55e03785d6e0;  alias, 1 drivers
L_0x55e03785d6e0 .part v0x55e03785d2f0_0, 31, 1;
L_0x55e03785d7d0 .part v0x55e03785d2f0_0, 23, 8;
L_0x55e03785d870 .cmp/eq 8, L_0x55e03785d7d0, L_0x7f4ef6950018;
L_0x55e03785d9a0 .part v0x55e03785d2f0_0, 0, 23;
L_0x55e03785da70 .concat [ 23 1 0 0], L_0x55e03785d9a0, L_0x7f4ef6950060;
L_0x55e03785db90 .part v0x55e03785d2f0_0, 0, 23;
L_0x55e03785dca0 .concat [ 23 1 0 0], L_0x55e03785db90, L_0x7f4ef69500a8;
L_0x55e03785dde0 .functor MUXZ 24, L_0x55e03785dca0, L_0x55e03785da70, L_0x55e03785d870, C4<>;
S_0x55e03783a500 .scope module, "ex_b" "extractor_FP_32" 4 14, 4 108 0, S_0x55e03779a490;
 .timescale 0 0;
    .port_info 0 /INPUT 32 "a";
    .port_info 1 /OUTPUT 1 "sign";
    .port_info 2 /OUTPUT 8 "exp";
    .port_info 3 /OUTPUT 24 "man";
v0x55e03783a700_0 .net *"_ivl_11", 22 0, L_0x55e03785e310;  1 drivers
v0x55e03783a7e0_0 .net *"_ivl_12", 23 0, L_0x55e03785e3e0;  1 drivers
L_0x7f4ef6950180 .functor BUFT 1, C4<1>, C4<0>, C4<0>, C4<0>;
v0x55e03783a8c0_0 .net/2u *"_ivl_14", 0 0, L_0x7f4ef6950180;  1 drivers
v0x55e03783a9b0_0 .net *"_ivl_17", 22 0, L_0x55e03785e520;  1 drivers
v0x55e03783aa90_0 .net *"_ivl_18", 23 0, L_0x55e03785e600;  1 drivers
L_0x7f4ef69500f0 .functor BUFT 1, C4<00000000>, C4<0>, C4<0>, C4<0>;
v0x55e03783abc0_0 .net/2u *"_ivl_4", 7 0, L_0x7f4ef69500f0;  1 drivers
v0x55e03783aca0_0 .net *"_ivl_6", 0 0, L_0x55e03785e1e0;  1 drivers
L_0x7f4ef6950138 .functor BUFT 1, C4<0>, C4<0>, C4<0>, C4<0>;
v0x55e03783ad60_0 .net/2u *"_ivl_8", 0 0, L_0x7f4ef6950138;  1 drivers
v0x55e03783ae40_0 .net "a", 31 0, v0x55e03785d420_0;  alias, 1 drivers
v0x55e03783af20_0 .net "exp", 7 0, L_0x55e03785e0b0;  alias, 1 drivers
v0x55e03783b000_0 .net "man", 23 0, L_0x55e03785e740;  alias, 1 drivers
v0x55e03783b0e0_0 .net "sign", 0 0, L_0x55e03785dfc0;  alias, 1 drivers
L_0x55e03785dfc0 .part v0x55e03785d420_0, 31, 1;
L_0x55e03785e0b0 .part v0x55e03785d420_0, 23, 8;
L_0x55e03785e1e0 .cmp/eq 8, L_0x55e03785e0b0, L_0x7f4ef69500f0;
L_0x55e03785e310 .part v0x55e03785d420_0, 0, 23;
L_0x55e03785e3e0 .concat [ 23 1 0 0], L_0x55e03785e310, L_0x7f4ef6950138;
L_0x55e03785e520 .part v0x55e03785d420_0, 0, 23;
L_0x55e03785e600 .concat [ 23 1 0 0], L_0x55e03785e520, L_0x7f4ef6950180;
L_0x55e03785e740 .functor MUXZ 24, L_0x55e03785e600, L_0x55e03785e3e0, L_0x55e03785e1e0, C4<>;
S_0x55e03783b220 .scope module, "ex_c" "extractor_FP_32" 4 15, 4 108 0, S_0x55e03779a490;
 .timescale 0 0;
    .port_info 0 /INPUT 32 "a";
    .port_info 1 /OUTPUT 1 "sign";
    .port_info 2 /OUTPUT 8 "exp";
    .port_info 3 /OUTPUT 24 "man";
v0x55e03783b420_0 .net *"_ivl_11", 22 0, L_0x55e03785ec20;  1 drivers
v0x55e03783b520_0 .net *"_ivl_12", 23 0, L_0x55e03785ecc0;  1 drivers
L_0x7f4ef6950258 .functor BUFT 1, C4<1>, C4<0>, C4<0>, C4<0>;
v0x55e03783b600_0 .net/2u *"_ivl_14", 0 0, L_0x7f4ef6950258;  1 drivers
v0x55e03783b6f0_0 .net *"_ivl_17", 22 0, L_0x55e03785ee40;  1 drivers
v0x55e03783b7d0_0 .net *"_ivl_18", 23 0, L_0x55e03785ef20;  1 drivers
L_0x7f4ef69501c8 .functor BUFT 1, C4<00000000>, C4<0>, C4<0>, C4<0>;
v0x55e03783b900_0 .net/2u *"_ivl_4", 7 0, L_0x7f4ef69501c8;  1 drivers
v0x55e03783b9e0_0 .net *"_ivl_6", 0 0, L_0x55e03785eaf0;  1 drivers
L_0x7f4ef6950210 .functor BUFT 1, C4<0>, C4<0>, C4<0>, C4<0>;
v0x55e03783baa0_0 .net/2u *"_ivl_8", 0 0, L_0x7f4ef6950210;  1 drivers
v0x55e03783bb80_0 .net "a", 31 0, v0x55e03785d530_0;  alias, 1 drivers
v0x55e03783bcf0_0 .net "exp", 7 0, L_0x55e03785e9c0;  alias, 1 drivers
v0x55e03783bdd0_0 .net "man", 23 0, L_0x55e03785f010;  alias, 1 drivers
v0x55e03783beb0_0 .net "sign", 0 0, L_0x55e03785e920;  alias, 1 drivers
L_0x55e03785e920 .part v0x55e03785d530_0, 31, 1;
L_0x55e03785e9c0 .part v0x55e03785d530_0, 23, 8;
L_0x55e03785eaf0 .cmp/eq 8, L_0x55e03785e9c0, L_0x7f4ef69501c8;
L_0x55e03785ec20 .part v0x55e03785d530_0, 0, 23;
L_0x55e03785ecc0 .concat [ 23 1 0 0], L_0x55e03785ec20, L_0x7f4ef6950210;
L_0x55e03785ee40 .part v0x55e03785d530_0, 0, 23;
L_0x55e03785ef20 .concat [ 23 1 0 0], L_0x55e03785ee40, L_0x7f4ef6950258;
L_0x55e03785f010 .functor MUXZ 24, L_0x55e03785ef20, L_0x55e03785ecc0, L_0x55e03785eaf0, C4<>;
S_0x55e03783bfe0 .scope module, "m_n_gen2" "m_n_gen_2" 4 75, 4 225 0, S_0x55e03779a490;
 .timescale 0 0;
    .port_info 0 /INPUT 75 "data";
    .port_info 1 /INPUT 8 "max_shift";
    .port_info 2 /OUTPUT 75 "outdata";
    .port_info 3 /OUTPUT 8 "shift";
L_0x55e037886c00 .functor NOT 8, L_0x55e037885c60, C4<00000000>, C4<00000000>, C4<00000000>;
L_0x55e037885d00 .functor NOT 8, L_0x55e037891490, C4<00000000>, C4<00000000>, C4<00000000>;
v0x55e03783c230_0 .net *"_ivl_1", 0 0, L_0x55e037885f20;  1 drivers
L_0x7f4ef6952928 .functor BUFT 1, C4<00000000>, C4<0>, C4<0>, C4<0>;
v0x55e03783c330_0 .net/2s *"_ivl_10", 7 0, L_0x7f4ef6952928;  1 drivers
L_0x7f4ef6952f58 .functor BUFT 1, C4<0000000000000000000000000000000>, C4<0>, C4<0>, C4<0>;
v0x55e03783c410_0 .net *"_ivl_101", 30 0, L_0x7f4ef6952f58;  1 drivers
L_0x7f4ef6952fa0 .functor BUFT 1, C4<00000000000000000000000000000001>, C4<0>, C4<0>, C4<0>;
v0x55e03783c4d0_0 .net/2u *"_ivl_102", 31 0, L_0x7f4ef6952fa0;  1 drivers
v0x55e03783c5b0_0 .net *"_ivl_104", 0 0, L_0x55e037887e80;  1 drivers
L_0x7f4ef6952fe8 .functor BUFT 1, C4<00001000>, C4<0>, C4<0>, C4<0>;
v0x55e03783c6c0_0 .net/2s *"_ivl_106", 7 0, L_0x7f4ef6952fe8;  1 drivers
v0x55e03783c7a0_0 .net *"_ivl_109", 0 0, L_0x55e037887fc0;  1 drivers
v0x55e03783c880_0 .net *"_ivl_110", 31 0, L_0x55e037888150;  1 drivers
L_0x7f4ef6953030 .functor BUFT 1, C4<0000000000000000000000000000000>, C4<0>, C4<0>, C4<0>;
v0x55e03783c960_0 .net *"_ivl_113", 30 0, L_0x7f4ef6953030;  1 drivers
L_0x7f4ef6953078 .functor BUFT 1, C4<00000000000000000000000000000001>, C4<0>, C4<0>, C4<0>;
v0x55e03783cad0_0 .net/2u *"_ivl_114", 31 0, L_0x7f4ef6953078;  1 drivers
v0x55e03783cbb0_0 .net *"_ivl_116", 0 0, L_0x55e037888290;  1 drivers
L_0x7f4ef69530c0 .functor BUFT 1, C4<00001001>, C4<0>, C4<0>, C4<0>;
v0x55e03783cc70_0 .net/2s *"_ivl_118", 7 0, L_0x7f4ef69530c0;  1 drivers
v0x55e03783cd50_0 .net *"_ivl_121", 0 0, L_0x55e0378884d0;  1 drivers
v0x55e03783ce30_0 .net *"_ivl_122", 31 0, L_0x55e037888570;  1 drivers
L_0x7f4ef6953108 .functor BUFT 1, C4<0000000000000000000000000000000>, C4<0>, C4<0>, C4<0>;
v0x55e03783cf10_0 .net *"_ivl_125", 30 0, L_0x7f4ef6953108;  1 drivers
L_0x7f4ef6953150 .functor BUFT 1, C4<00000000000000000000000000000001>, C4<0>, C4<0>, C4<0>;
v0x55e03783cff0_0 .net/2u *"_ivl_126", 31 0, L_0x7f4ef6953150;  1 drivers
v0x55e03783d0d0_0 .net *"_ivl_128", 0 0, L_0x55e0378887c0;  1 drivers
v0x55e03783d190_0 .net *"_ivl_13", 0 0, L_0x55e037886290;  1 drivers
L_0x7f4ef6953198 .functor BUFT 1, C4<00001010>, C4<0>, C4<0>, C4<0>;
v0x55e03783d270_0 .net/2s *"_ivl_130", 7 0, L_0x7f4ef6953198;  1 drivers
v0x55e03783d350_0 .net *"_ivl_133", 0 0, L_0x55e037888900;  1 drivers
v0x55e03783d430_0 .net *"_ivl_134", 31 0, L_0x55e037888ac0;  1 drivers
L_0x7f4ef69531e0 .functor BUFT 1, C4<0000000000000000000000000000000>, C4<0>, C4<0>, C4<0>;
v0x55e03783d510_0 .net *"_ivl_137", 30 0, L_0x7f4ef69531e0;  1 drivers
L_0x7f4ef6953228 .functor BUFT 1, C4<00000000000000000000000000000001>, C4<0>, C4<0>, C4<0>;
v0x55e03783d5f0_0 .net/2u *"_ivl_138", 31 0, L_0x7f4ef6953228;  1 drivers
v0x55e03783d6d0_0 .net *"_ivl_14", 31 0, L_0x55e037886330;  1 drivers
v0x55e03783d7b0_0 .net *"_ivl_140", 0 0, L_0x55e037888c00;  1 drivers
L_0x7f4ef6953270 .functor BUFT 1, C4<00001011>, C4<0>, C4<0>, C4<0>;
v0x55e03783d870_0 .net/2s *"_ivl_142", 7 0, L_0x7f4ef6953270;  1 drivers
v0x55e03783d950_0 .net *"_ivl_145", 0 0, L_0x55e0378889a0;  1 drivers
v0x55e03783da30_0 .net *"_ivl_146", 31 0, L_0x55e037888e70;  1 drivers
L_0x7f4ef69532b8 .functor BUFT 1, C4<0000000000000000000000000000000>, C4<0>, C4<0>, C4<0>;
v0x55e03783db10_0 .net *"_ivl_149", 30 0, L_0x7f4ef69532b8;  1 drivers
L_0x7f4ef6953300 .functor BUFT 1, C4<00000000000000000000000000000001>, C4<0>, C4<0>, C4<0>;
v0x55e03783dbf0_0 .net/2u *"_ivl_150", 31 0, L_0x7f4ef6953300;  1 drivers
v0x55e03783dcd0_0 .net *"_ivl_152", 0 0, L_0x55e0378890a0;  1 drivers
L_0x7f4ef6953348 .functor BUFT 1, C4<00001100>, C4<0>, C4<0>, C4<0>;
v0x55e03783dd90_0 .net/2s *"_ivl_154", 7 0, L_0x7f4ef6953348;  1 drivers
v0x55e03783de70_0 .net *"_ivl_157", 0 0, L_0x55e0378891e0;  1 drivers
v0x55e03783e160_0 .net *"_ivl_158", 31 0, L_0x55e0378893d0;  1 drivers
L_0x7f4ef6953390 .functor BUFT 1, C4<0000000000000000000000000000000>, C4<0>, C4<0>, C4<0>;
v0x55e03783e240_0 .net *"_ivl_161", 30 0, L_0x7f4ef6953390;  1 drivers
L_0x7f4ef69533d8 .functor BUFT 1, C4<00000000000000000000000000000001>, C4<0>, C4<0>, C4<0>;
v0x55e03783e320_0 .net/2u *"_ivl_162", 31 0, L_0x7f4ef69533d8;  1 drivers
v0x55e03783e400_0 .net *"_ivl_164", 0 0, L_0x55e037889510;  1 drivers
L_0x7f4ef6953420 .functor BUFT 1, C4<00001101>, C4<0>, C4<0>, C4<0>;
v0x55e03783e4c0_0 .net/2s *"_ivl_166", 7 0, L_0x7f4ef6953420;  1 drivers
v0x55e03783e5a0_0 .net *"_ivl_169", 0 0, L_0x55e0378897b0;  1 drivers
L_0x7f4ef6952970 .functor BUFT 1, C4<0000000000000000000000000000000>, C4<0>, C4<0>, C4<0>;
v0x55e03783e680_0 .net *"_ivl_17", 30 0, L_0x7f4ef6952970;  1 drivers
v0x55e03783e760_0 .net *"_ivl_170", 31 0, L_0x55e037889850;  1 drivers
L_0x7f4ef6953468 .functor BUFT 1, C4<0000000000000000000000000000000>, C4<0>, C4<0>, C4<0>;
v0x55e03783e840_0 .net *"_ivl_173", 30 0, L_0x7f4ef6953468;  1 drivers
L_0x7f4ef69534b0 .functor BUFT 1, C4<00000000000000000000000000000001>, C4<0>, C4<0>, C4<0>;
v0x55e03783e920_0 .net/2u *"_ivl_174", 31 0, L_0x7f4ef69534b0;  1 drivers
v0x55e03783ea00_0 .net *"_ivl_176", 0 0, L_0x55e037889b00;  1 drivers
L_0x7f4ef69534f8 .functor BUFT 1, C4<00001110>, C4<0>, C4<0>, C4<0>;
v0x55e03783eac0_0 .net/2s *"_ivl_178", 7 0, L_0x7f4ef69534f8;  1 drivers
L_0x7f4ef69529b8 .functor BUFT 1, C4<00000000000000000000000000000001>, C4<0>, C4<0>, C4<0>;
v0x55e03783eba0_0 .net/2u *"_ivl_18", 31 0, L_0x7f4ef69529b8;  1 drivers
v0x55e03783ec80_0 .net *"_ivl_181", 0 0, L_0x55e037889c40;  1 drivers
v0x55e03783ed60_0 .net *"_ivl_182", 31 0, L_0x55e037889e60;  1 drivers
L_0x7f4ef6953540 .functor BUFT 1, C4<0000000000000000000000000000000>, C4<0>, C4<0>, C4<0>;
v0x55e03783ee40_0 .net *"_ivl_185", 30 0, L_0x7f4ef6953540;  1 drivers
L_0x7f4ef6953588 .functor BUFT 1, C4<00000000000000000000000000000001>, C4<0>, C4<0>, C4<0>;
v0x55e03783ef20_0 .net/2u *"_ivl_186", 31 0, L_0x7f4ef6953588;  1 drivers
v0x55e03783f000_0 .net *"_ivl_188", 0 0, L_0x55e037889fa0;  1 drivers
L_0x7f4ef69535d0 .functor BUFT 1, C4<00001111>, C4<0>, C4<0>, C4<0>;
v0x55e03783f0c0_0 .net/2s *"_ivl_190", 7 0, L_0x7f4ef69535d0;  1 drivers
v0x55e03783f1a0_0 .net *"_ivl_193", 0 0, L_0x55e03788a270;  1 drivers
v0x55e03783f280_0 .net *"_ivl_194", 31 0, L_0x55e03788a310;  1 drivers
L_0x7f4ef6953618 .functor BUFT 1, C4<0000000000000000000000000000000>, C4<0>, C4<0>, C4<0>;
v0x55e03783f360_0 .net *"_ivl_197", 30 0, L_0x7f4ef6953618;  1 drivers
L_0x7f4ef6953660 .functor BUFT 1, C4<00000000000000000000000000000001>, C4<0>, C4<0>, C4<0>;
v0x55e03783f440_0 .net/2u *"_ivl_198", 31 0, L_0x7f4ef6953660;  1 drivers
v0x55e03783f520_0 .net *"_ivl_2", 31 0, L_0x55e037886010;  1 drivers
v0x55e03783f600_0 .net *"_ivl_20", 0 0, L_0x55e037886470;  1 drivers
v0x55e03783f6c0_0 .net *"_ivl_200", 0 0, L_0x55e03788a5f0;  1 drivers
L_0x7f4ef69536a8 .functor BUFT 1, C4<00010000>, C4<0>, C4<0>, C4<0>;
v0x55e03783f780_0 .net/2s *"_ivl_202", 7 0, L_0x7f4ef69536a8;  1 drivers
v0x55e03783f860_0 .net *"_ivl_205", 0 0, L_0x55e03788a730;  1 drivers
v0x55e03783f940_0 .net *"_ivl_206", 31 0, L_0x55e03788a980;  1 drivers
L_0x7f4ef69536f0 .functor BUFT 1, C4<0000000000000000000000000000000>, C4<0>, C4<0>, C4<0>;
v0x55e03783fa20_0 .net *"_ivl_209", 30 0, L_0x7f4ef69536f0;  1 drivers
L_0x7f4ef6953738 .functor BUFT 1, C4<00000000000000000000000000000001>, C4<0>, C4<0>, C4<0>;
v0x55e03783fb00_0 .net/2u *"_ivl_210", 31 0, L_0x7f4ef6953738;  1 drivers
v0x55e03783fbe0_0 .net *"_ivl_212", 0 0, L_0x55e03788aac0;  1 drivers
L_0x7f4ef6953780 .functor BUFT 1, C4<00010001>, C4<0>, C4<0>, C4<0>;
v0x55e0378400b0_0 .net/2s *"_ivl_214", 7 0, L_0x7f4ef6953780;  1 drivers
v0x55e037840190_0 .net *"_ivl_217", 0 0, L_0x55e03788adc0;  1 drivers
v0x55e037840270_0 .net *"_ivl_218", 31 0, L_0x55e03788ae60;  1 drivers
L_0x7f4ef6952a00 .functor BUFT 1, C4<00000001>, C4<0>, C4<0>, C4<0>;
v0x55e037840350_0 .net/2s *"_ivl_22", 7 0, L_0x7f4ef6952a00;  1 drivers
L_0x7f4ef69537c8 .functor BUFT 1, C4<0000000000000000000000000000000>, C4<0>, C4<0>, C4<0>;
v0x55e037840430_0 .net *"_ivl_221", 30 0, L_0x7f4ef69537c8;  1 drivers
L_0x7f4ef6953810 .functor BUFT 1, C4<00000000000000000000000000000001>, C4<0>, C4<0>, C4<0>;
v0x55e037840510_0 .net/2u *"_ivl_222", 31 0, L_0x7f4ef6953810;  1 drivers
v0x55e0378405f0_0 .net *"_ivl_224", 0 0, L_0x55e03788b170;  1 drivers
L_0x7f4ef6953858 .functor BUFT 1, C4<00010010>, C4<0>, C4<0>, C4<0>;
v0x55e0378406b0_0 .net/2s *"_ivl_226", 7 0, L_0x7f4ef6953858;  1 drivers
v0x55e037840790_0 .net *"_ivl_229", 0 0, L_0x55e03788b2b0;  1 drivers
v0x55e037840870_0 .net *"_ivl_230", 31 0, L_0x55e03788b530;  1 drivers
L_0x7f4ef69538a0 .functor BUFT 1, C4<0000000000000000000000000000000>, C4<0>, C4<0>, C4<0>;
v0x55e037840950_0 .net *"_ivl_233", 30 0, L_0x7f4ef69538a0;  1 drivers
L_0x7f4ef69538e8 .functor BUFT 1, C4<00000000000000000000000000000001>, C4<0>, C4<0>, C4<0>;
v0x55e037840a30_0 .net/2u *"_ivl_234", 31 0, L_0x7f4ef69538e8;  1 drivers
v0x55e037840b10_0 .net *"_ivl_236", 0 0, L_0x55e03788b670;  1 drivers
L_0x7f4ef6953930 .functor BUFT 1, C4<00010011>, C4<0>, C4<0>, C4<0>;
v0x55e037840bd0_0 .net/2s *"_ivl_238", 7 0, L_0x7f4ef6953930;  1 drivers
v0x55e037840cb0_0 .net *"_ivl_241", 0 0, L_0x55e03788b9a0;  1 drivers
v0x55e037840d90_0 .net *"_ivl_242", 31 0, L_0x55e03788ba40;  1 drivers
L_0x7f4ef6953978 .functor BUFT 1, C4<0000000000000000000000000000000>, C4<0>, C4<0>, C4<0>;
v0x55e037840e70_0 .net *"_ivl_245", 30 0, L_0x7f4ef6953978;  1 drivers
L_0x7f4ef69539c0 .functor BUFT 1, C4<00000000000000000000000000000001>, C4<0>, C4<0>, C4<0>;
v0x55e037840f50_0 .net/2u *"_ivl_246", 31 0, L_0x7f4ef69539c0;  1 drivers
v0x55e037841030_0 .net *"_ivl_248", 0 0, L_0x55e03788bd80;  1 drivers
v0x55e0378410f0_0 .net *"_ivl_25", 0 0, L_0x55e0378865b0;  1 drivers
L_0x7f4ef6953a08 .functor BUFT 1, C4<00010100>, C4<0>, C4<0>, C4<0>;
v0x55e0378411d0_0 .net/2s *"_ivl_250", 7 0, L_0x7f4ef6953a08;  1 drivers
v0x55e0378412b0_0 .net *"_ivl_253", 0 0, L_0x55e03788bec0;  1 drivers
v0x55e037841390_0 .net *"_ivl_254", 31 0, L_0x55e03788c170;  1 drivers
L_0x7f4ef6953a50 .functor BUFT 1, C4<0000000000000000000000000000000>, C4<0>, C4<0>, C4<0>;
v0x55e037841470_0 .net *"_ivl_257", 30 0, L_0x7f4ef6953a50;  1 drivers
L_0x7f4ef6953a98 .functor BUFT 1, C4<00000000000000000000000000000001>, C4<0>, C4<0>, C4<0>;
v0x55e037841550_0 .net/2u *"_ivl_258", 31 0, L_0x7f4ef6953a98;  1 drivers
v0x55e037841630_0 .net *"_ivl_26", 31 0, L_0x55e037886650;  1 drivers
v0x55e037841710_0 .net *"_ivl_260", 0 0, L_0x55e03788c2b0;  1 drivers
L_0x7f4ef6953ae0 .functor BUFT 1, C4<00010101>, C4<0>, C4<0>, C4<0>;
v0x55e0378417d0_0 .net/2s *"_ivl_262", 7 0, L_0x7f4ef6953ae0;  1 drivers
v0x55e0378418b0_0 .net *"_ivl_265", 0 0, L_0x55e03788c610;  1 drivers
v0x55e037841990_0 .net *"_ivl_266", 31 0, L_0x55e03788c6b0;  1 drivers
L_0x7f4ef6953b28 .functor BUFT 1, C4<0000000000000000000000000000000>, C4<0>, C4<0>, C4<0>;
v0x55e037841a70_0 .net *"_ivl_269", 30 0, L_0x7f4ef6953b28;  1 drivers
L_0x7f4ef6953b70 .functor BUFT 1, C4<00000000000000000000000000000001>, C4<0>, C4<0>, C4<0>;
v0x55e037841b50_0 .net/2u *"_ivl_270", 31 0, L_0x7f4ef6953b70;  1 drivers
v0x55e037841c30_0 .net *"_ivl_272", 0 0, L_0x55e03788ca20;  1 drivers
L_0x7f4ef6953bb8 .functor BUFT 1, C4<00010110>, C4<0>, C4<0>, C4<0>;
v0x55e037841cf0_0 .net/2s *"_ivl_274", 7 0, L_0x7f4ef6953bb8;  1 drivers
v0x55e037841dd0_0 .net *"_ivl_277", 0 0, L_0x55e03788cb60;  1 drivers
v0x55e037841eb0_0 .net *"_ivl_278", 31 0, L_0x55e03788ce40;  1 drivers
L_0x7f4ef6953c00 .functor BUFT 1, C4<0000000000000000000000000000000>, C4<0>, C4<0>, C4<0>;
v0x55e037841f90_0 .net *"_ivl_281", 30 0, L_0x7f4ef6953c00;  1 drivers
L_0x7f4ef6953c48 .functor BUFT 1, C4<00000000000000000000000000000001>, C4<0>, C4<0>, C4<0>;
v0x55e037842070_0 .net/2u *"_ivl_282", 31 0, L_0x7f4ef6953c48;  1 drivers
v0x55e037842150_0 .net *"_ivl_284", 0 0, L_0x55e03788cf80;  1 drivers
L_0x7f4ef6953c90 .functor BUFT 1, C4<00010111>, C4<0>, C4<0>, C4<0>;
v0x55e037842210_0 .net/2s *"_ivl_286", 7 0, L_0x7f4ef6953c90;  1 drivers
L_0x7f4ef6953cd8 .functor BUFT 1, C4<00010111>, C4<0>, C4<0>, C4<0>;
v0x55e0378422f0_0 .net/2s *"_ivl_288", 7 0, L_0x7f4ef6953cd8;  1 drivers
L_0x7f4ef6952a48 .functor BUFT 1, C4<0000000000000000000000000000000>, C4<0>, C4<0>, C4<0>;
v0x55e0378423d0_0 .net *"_ivl_29", 30 0, L_0x7f4ef6952a48;  1 drivers
v0x55e0378424b0_0 .net *"_ivl_290", 7 0, L_0x55e03788d310;  1 drivers
v0x55e037842590_0 .net *"_ivl_292", 7 0, L_0x55e03788d4a0;  1 drivers
v0x55e037842670_0 .net *"_ivl_294", 7 0, L_0x55e03788d890;  1 drivers
v0x55e037842750_0 .net *"_ivl_296", 7 0, L_0x55e03788da20;  1 drivers
v0x55e037842830_0 .net *"_ivl_298", 7 0, L_0x55e03788de20;  1 drivers
L_0x7f4ef6952a90 .functor BUFT 1, C4<00000000000000000000000000000001>, C4<0>, C4<0>, C4<0>;
v0x55e037842910_0 .net/2u *"_ivl_30", 31 0, L_0x7f4ef6952a90;  1 drivers
v0x55e0378429f0_0 .net *"_ivl_300", 7 0, L_0x55e03788dfb0;  1 drivers
v0x55e037842ad0_0 .net *"_ivl_302", 7 0, L_0x55e03788e3c0;  1 drivers
v0x55e037842bb0_0 .net *"_ivl_304", 7 0, L_0x55e03788e550;  1 drivers
v0x55e037842c90_0 .net *"_ivl_306", 7 0, L_0x55e03788e970;  1 drivers
v0x55e037842d70_0 .net *"_ivl_308", 7 0, L_0x55e03788eb00;  1 drivers
v0x55e037842e50_0 .net *"_ivl_310", 7 0, L_0x55e03788ef30;  1 drivers
v0x55e037842f30_0 .net *"_ivl_312", 7 0, L_0x55e03788f0c0;  1 drivers
v0x55e037843010_0 .net *"_ivl_314", 7 0, L_0x55e03788f500;  1 drivers
v0x55e0378430f0_0 .net *"_ivl_316", 7 0, L_0x55e03788f690;  1 drivers
v0x55e0378431d0_0 .net *"_ivl_318", 7 0, L_0x55e03788fae0;  1 drivers
v0x55e0378432b0_0 .net *"_ivl_32", 0 0, L_0x55e037886790;  1 drivers
v0x55e037843370_0 .net *"_ivl_320", 7 0, L_0x55e03788fc70;  1 drivers
v0x55e037843450_0 .net *"_ivl_322", 7 0, L_0x55e0378900d0;  1 drivers
v0x55e037843530_0 .net *"_ivl_324", 7 0, L_0x55e037890260;  1 drivers
v0x55e037843610_0 .net *"_ivl_326", 7 0, L_0x55e0378906d0;  1 drivers
v0x55e0378436f0_0 .net *"_ivl_328", 7 0, L_0x55e037890860;  1 drivers
v0x55e037843fe0_0 .net *"_ivl_330", 7 0, L_0x55e037890ce0;  1 drivers
v0x55e0378440c0_0 .net *"_ivl_332", 7 0, L_0x55e037890e70;  1 drivers
v0x55e0378441a0_0 .net *"_ivl_334", 7 0, L_0x55e037891300;  1 drivers
v0x55e037844280_0 .net *"_ivl_338", 0 0, L_0x55e037891930;  1 drivers
L_0x7f4ef6952ad8 .functor BUFT 1, C4<00000010>, C4<0>, C4<0>, C4<0>;
v0x55e037844340_0 .net/2s *"_ivl_34", 7 0, L_0x7f4ef6952ad8;  1 drivers
L_0x7f4ef6953d20 .functor BUFT 1, C4<1>, C4<0>, C4<0>, C4<0>;
v0x55e037844420_0 .net/2u *"_ivl_340", 0 0, L_0x7f4ef6953d20;  1 drivers
L_0x7f4ef6953d68 .functor BUFT 1, C4<0>, C4<0>, C4<0>, C4<0>;
v0x55e037844500_0 .net/2u *"_ivl_342", 0 0, L_0x7f4ef6953d68;  1 drivers
v0x55e0378445e0_0 .net *"_ivl_346", 74 0, L_0x55e037891ed0;  1 drivers
v0x55e0378446c0_0 .net *"_ivl_348", 74 0, L_0x55e037891f70;  1 drivers
L_0x7f4ef6953db0 .functor BUFT 1, C4<00010111>, C4<0>, C4<0>, C4<0>;
v0x55e0378447a0_0 .net/2u *"_ivl_352", 7 0, L_0x7f4ef6953db0;  1 drivers
v0x55e037844880_0 .net *"_ivl_354", 7 0, L_0x55e037886c00;  1 drivers
v0x55e037844960_0 .net *"_ivl_356", 7 0, L_0x55e0378924d0;  1 drivers
L_0x7f4ef6953df8 .functor BUFT 1, C4<00000001>, C4<0>, C4<0>, C4<0>;
v0x55e037844a40_0 .net/2u *"_ivl_358", 7 0, L_0x7f4ef6953df8;  1 drivers
v0x55e037844b20_0 .net *"_ivl_360", 7 0, L_0x55e037892950;  1 drivers
L_0x7f4ef6953e40 .functor BUFT 1, C4<00010111>, C4<0>, C4<0>, C4<0>;
v0x55e037844c00_0 .net/2u *"_ivl_362", 7 0, L_0x7f4ef6953e40;  1 drivers
v0x55e037844ce0_0 .net *"_ivl_364", 7 0, L_0x55e037885d00;  1 drivers
v0x55e037844dc0_0 .net *"_ivl_366", 7 0, L_0x55e037892a90;  1 drivers
L_0x7f4ef6953e88 .functor BUFT 1, C4<00000001>, C4<0>, C4<0>, C4<0>;
v0x55e037844ea0_0 .net/2u *"_ivl_368", 7 0, L_0x7f4ef6953e88;  1 drivers
v0x55e037844f80_0 .net *"_ivl_37", 0 0, L_0x55e0378868d0;  1 drivers
v0x55e037845060_0 .net *"_ivl_370", 7 0, L_0x55e037892f40;  1 drivers
v0x55e037845140_0 .net *"_ivl_38", 31 0, L_0x55e0378869d0;  1 drivers
L_0x7f4ef6952b20 .functor BUFT 1, C4<0000000000000000000000000000000>, C4<0>, C4<0>, C4<0>;
v0x55e037845220_0 .net *"_ivl_41", 30 0, L_0x7f4ef6952b20;  1 drivers
L_0x7f4ef6952b68 .functor BUFT 1, C4<00000000000000000000000000000001>, C4<0>, C4<0>, C4<0>;
v0x55e037845300_0 .net/2u *"_ivl_42", 31 0, L_0x7f4ef6952b68;  1 drivers
v0x55e0378453e0_0 .net *"_ivl_44", 0 0, L_0x55e037886ac0;  1 drivers
L_0x7f4ef6952bb0 .functor BUFT 1, C4<00000011>, C4<0>, C4<0>, C4<0>;
v0x55e0378454a0_0 .net/2s *"_ivl_46", 7 0, L_0x7f4ef6952bb0;  1 drivers
v0x55e037845580_0 .net *"_ivl_49", 0 0, L_0x55e037886c70;  1 drivers
L_0x7f4ef6952898 .functor BUFT 1, C4<0000000000000000000000000000000>, C4<0>, C4<0>, C4<0>;
v0x55e037845660_0 .net *"_ivl_5", 30 0, L_0x7f4ef6952898;  1 drivers
v0x55e037845740_0 .net *"_ivl_50", 31 0, L_0x55e037886d10;  1 drivers
L_0x7f4ef6952bf8 .functor BUFT 1, C4<0000000000000000000000000000000>, C4<0>, C4<0>, C4<0>;
v0x55e037845820_0 .net *"_ivl_53", 30 0, L_0x7f4ef6952bf8;  1 drivers
L_0x7f4ef6952c40 .functor BUFT 1, C4<00000000000000000000000000000001>, C4<0>, C4<0>, C4<0>;
v0x55e037845900_0 .net/2u *"_ivl_54", 31 0, L_0x7f4ef6952c40;  1 drivers
v0x55e0378459e0_0 .net *"_ivl_56", 0 0, L_0x55e037886e50;  1 drivers
L_0x7f4ef6952c88 .functor BUFT 1, C4<00000100>, C4<0>, C4<0>, C4<0>;
v0x55e037845aa0_0 .net/2s *"_ivl_58", 7 0, L_0x7f4ef6952c88;  1 drivers
L_0x7f4ef69528e0 .functor BUFT 1, C4<00000000000000000000000000000001>, C4<0>, C4<0>, C4<0>;
v0x55e037845b80_0 .net/2u *"_ivl_6", 31 0, L_0x7f4ef69528e0;  1 drivers
v0x55e037845c60_0 .net *"_ivl_61", 0 0, L_0x55e037886f90;  1 drivers
v0x55e037845d40_0 .net *"_ivl_62", 31 0, L_0x55e0378870c0;  1 drivers
L_0x7f4ef6952cd0 .functor BUFT 1, C4<0000000000000000000000000000000>, C4<0>, C4<0>, C4<0>;
v0x55e037845e20_0 .net *"_ivl_65", 30 0, L_0x7f4ef6952cd0;  1 drivers
L_0x7f4ef6952d18 .functor BUFT 1, C4<00000000000000000000000000000001>, C4<0>, C4<0>, C4<0>;
v0x55e037845f00_0 .net/2u *"_ivl_66", 31 0, L_0x7f4ef6952d18;  1 drivers
v0x55e037845fe0_0 .net *"_ivl_68", 0 0, L_0x55e037887200;  1 drivers
L_0x7f4ef6952d60 .functor BUFT 1, C4<00000101>, C4<0>, C4<0>, C4<0>;
v0x55e0378460a0_0 .net/2s *"_ivl_70", 7 0, L_0x7f4ef6952d60;  1 drivers
v0x55e037846180_0 .net *"_ivl_73", 0 0, L_0x55e0378873e0;  1 drivers
v0x55e037846260_0 .net *"_ivl_74", 31 0, L_0x55e037887480;  1 drivers
L_0x7f4ef6952da8 .functor BUFT 1, C4<0000000000000000000000000000000>, C4<0>, C4<0>, C4<0>;
v0x55e037846340_0 .net *"_ivl_77", 30 0, L_0x7f4ef6952da8;  1 drivers
L_0x7f4ef6952df0 .functor BUFT 1, C4<00000000000000000000000000000001>, C4<0>, C4<0>, C4<0>;
v0x55e037846420_0 .net/2u *"_ivl_78", 31 0, L_0x7f4ef6952df0;  1 drivers
v0x55e037846500_0 .net *"_ivl_8", 0 0, L_0x55e037886150;  1 drivers
v0x55e0378465c0_0 .net *"_ivl_80", 0 0, L_0x55e037887340;  1 drivers
L_0x7f4ef6952e38 .functor BUFT 1, C4<00000110>, C4<0>, C4<0>, C4<0>;
v0x55e037846680_0 .net/2s *"_ivl_82", 7 0, L_0x7f4ef6952e38;  1 drivers
v0x55e037846760_0 .net *"_ivl_85", 0 0, L_0x55e037887710;  1 drivers
v0x55e037846840_0 .net *"_ivl_86", 31 0, L_0x55e037887870;  1 drivers
L_0x7f4ef6952e80 .functor BUFT 1, C4<0000000000000000000000000000000>, C4<0>, C4<0>, C4<0>;
v0x55e037846920_0 .net *"_ivl_89", 30 0, L_0x7f4ef6952e80;  1 drivers
L_0x7f4ef6952ec8 .functor BUFT 1, C4<00000000000000000000000000000001>, C4<0>, C4<0>, C4<0>;
v0x55e037846a00_0 .net/2u *"_ivl_90", 31 0, L_0x7f4ef6952ec8;  1 drivers
v0x55e037846ae0_0 .net *"_ivl_92", 0 0, L_0x55e0378879b0;  1 drivers
L_0x7f4ef6952f10 .functor BUFT 1, C4<00000111>, C4<0>, C4<0>, C4<0>;
v0x55e037846ba0_0 .net/2s *"_ivl_94", 7 0, L_0x7f4ef6952f10;  1 drivers
v0x55e037846c80_0 .net *"_ivl_97", 0 0, L_0x55e037887bc0;  1 drivers
v0x55e037846d60_0 .net *"_ivl_98", 31 0, L_0x55e037887c60;  1 drivers
v0x55e037846e40_0 .net "bigger_than_max", 0 0, L_0x55e037891a20;  1 drivers
v0x55e037846f00_0 .net "data", 74 0, v0x55e03785b190_0;  1 drivers
v0x55e037846fe0_0 .net "max_shift", 7 0, L_0x55e037885c60;  alias, 1 drivers
v0x55e0378470c0_0 .net "outdata", 74 0, L_0x55e037892340;  alias, 1 drivers
v0x55e0378471a0_0 .net "shift", 7 0, L_0x55e037893080;  alias, 1 drivers
v0x55e037847280_0 .net "shift_tmp", 7 0, L_0x55e037891490;  1 drivers
L_0x55e037885f20 .part v0x55e03785b190_0, 74, 1;
L_0x55e037886010 .concat [ 1 31 0 0], L_0x55e037885f20, L_0x7f4ef6952898;
L_0x55e037886150 .cmp/eq 32, L_0x55e037886010, L_0x7f4ef69528e0;
L_0x55e037886290 .part v0x55e03785b190_0, 73, 1;
L_0x55e037886330 .concat [ 1 31 0 0], L_0x55e037886290, L_0x7f4ef6952970;
L_0x55e037886470 .cmp/eq 32, L_0x55e037886330, L_0x7f4ef69529b8;
L_0x55e0378865b0 .part v0x55e03785b190_0, 72, 1;
L_0x55e037886650 .concat [ 1 31 0 0], L_0x55e0378865b0, L_0x7f4ef6952a48;
L_0x55e037886790 .cmp/eq 32, L_0x55e037886650, L_0x7f4ef6952a90;
L_0x55e0378868d0 .part v0x55e03785b190_0, 71, 1;
L_0x55e0378869d0 .concat [ 1 31 0 0], L_0x55e0378868d0, L_0x7f4ef6952b20;
L_0x55e037886ac0 .cmp/eq 32, L_0x55e0378869d0, L_0x7f4ef6952b68;
L_0x55e037886c70 .part v0x55e03785b190_0, 70, 1;
L_0x55e037886d10 .concat [ 1 31 0 0], L_0x55e037886c70, L_0x7f4ef6952bf8;
L_0x55e037886e50 .cmp/eq 32, L_0x55e037886d10, L_0x7f4ef6952c40;
L_0x55e037886f90 .part v0x55e03785b190_0, 69, 1;
L_0x55e0378870c0 .concat [ 1 31 0 0], L_0x55e037886f90, L_0x7f4ef6952cd0;
L_0x55e037887200 .cmp/eq 32, L_0x55e0378870c0, L_0x7f4ef6952d18;
L_0x55e0378873e0 .part v0x55e03785b190_0, 68, 1;
L_0x55e037887480 .concat [ 1 31 0 0], L_0x55e0378873e0, L_0x7f4ef6952da8;
L_0x55e037887340 .cmp/eq 32, L_0x55e037887480, L_0x7f4ef6952df0;
L_0x55e037887710 .part v0x55e03785b190_0, 67, 1;
L_0x55e037887870 .concat [ 1 31 0 0], L_0x55e037887710, L_0x7f4ef6952e80;
L_0x55e0378879b0 .cmp/eq 32, L_0x55e037887870, L_0x7f4ef6952ec8;
L_0x55e037887bc0 .part v0x55e03785b190_0, 66, 1;
L_0x55e037887c60 .concat [ 1 31 0 0], L_0x55e037887bc0, L_0x7f4ef6952f58;
L_0x55e037887e80 .cmp/eq 32, L_0x55e037887c60, L_0x7f4ef6952fa0;
L_0x55e037887fc0 .part v0x55e03785b190_0, 65, 1;
L_0x55e037888150 .concat [ 1 31 0 0], L_0x55e037887fc0, L_0x7f4ef6953030;
L_0x55e037888290 .cmp/eq 32, L_0x55e037888150, L_0x7f4ef6953078;
L_0x55e0378884d0 .part v0x55e03785b190_0, 64, 1;
L_0x55e037888570 .concat [ 1 31 0 0], L_0x55e0378884d0, L_0x7f4ef6953108;
L_0x55e0378887c0 .cmp/eq 32, L_0x55e037888570, L_0x7f4ef6953150;
L_0x55e037888900 .part v0x55e03785b190_0, 63, 1;
L_0x55e037888ac0 .concat [ 1 31 0 0], L_0x55e037888900, L_0x7f4ef69531e0;
L_0x55e037888c00 .cmp/eq 32, L_0x55e037888ac0, L_0x7f4ef6953228;
L_0x55e0378889a0 .part v0x55e03785b190_0, 62, 1;
L_0x55e037888e70 .concat [ 1 31 0 0], L_0x55e0378889a0, L_0x7f4ef69532b8;
L_0x55e0378890a0 .cmp/eq 32, L_0x55e037888e70, L_0x7f4ef6953300;
L_0x55e0378891e0 .part v0x55e03785b190_0, 61, 1;
L_0x55e0378893d0 .concat [ 1 31 0 0], L_0x55e0378891e0, L_0x7f4ef6953390;
L_0x55e037889510 .cmp/eq 32, L_0x55e0378893d0, L_0x7f4ef69533d8;
L_0x55e0378897b0 .part v0x55e03785b190_0, 60, 1;
L_0x55e037889850 .concat [ 1 31 0 0], L_0x55e0378897b0, L_0x7f4ef6953468;
L_0x55e037889b00 .cmp/eq 32, L_0x55e037889850, L_0x7f4ef69534b0;
L_0x55e037889c40 .part v0x55e03785b190_0, 59, 1;
L_0x55e037889e60 .concat [ 1 31 0 0], L_0x55e037889c40, L_0x7f4ef6953540;
L_0x55e037889fa0 .cmp/eq 32, L_0x55e037889e60, L_0x7f4ef6953588;
L_0x55e03788a270 .part v0x55e03785b190_0, 58, 1;
L_0x55e03788a310 .concat [ 1 31 0 0], L_0x55e03788a270, L_0x7f4ef6953618;
L_0x55e03788a5f0 .cmp/eq 32, L_0x55e03788a310, L_0x7f4ef6953660;
L_0x55e03788a730 .part v0x55e03785b190_0, 57, 1;
L_0x55e03788a980 .concat [ 1 31 0 0], L_0x55e03788a730, L_0x7f4ef69536f0;
L_0x55e03788aac0 .cmp/eq 32, L_0x55e03788a980, L_0x7f4ef6953738;
L_0x55e03788adc0 .part v0x55e03785b190_0, 56, 1;
L_0x55e03788ae60 .concat [ 1 31 0 0], L_0x55e03788adc0, L_0x7f4ef69537c8;
L_0x55e03788b170 .cmp/eq 32, L_0x55e03788ae60, L_0x7f4ef6953810;
L_0x55e03788b2b0 .part v0x55e03785b190_0, 55, 1;
L_0x55e03788b530 .concat [ 1 31 0 0], L_0x55e03788b2b0, L_0x7f4ef69538a0;
L_0x55e03788b670 .cmp/eq 32, L_0x55e03788b530, L_0x7f4ef69538e8;
L_0x55e03788b9a0 .part v0x55e03785b190_0, 54, 1;
L_0x55e03788ba40 .concat [ 1 31 0 0], L_0x55e03788b9a0, L_0x7f4ef6953978;
L_0x55e03788bd80 .cmp/eq 32, L_0x55e03788ba40, L_0x7f4ef69539c0;
L_0x55e03788bec0 .part v0x55e03785b190_0, 53, 1;
L_0x55e03788c170 .concat [ 1 31 0 0], L_0x55e03788bec0, L_0x7f4ef6953a50;
L_0x55e03788c2b0 .cmp/eq 32, L_0x55e03788c170, L_0x7f4ef6953a98;
L_0x55e03788c610 .part v0x55e03785b190_0, 52, 1;
L_0x55e03788c6b0 .concat [ 1 31 0 0], L_0x55e03788c610, L_0x7f4ef6953b28;
L_0x55e03788ca20 .cmp/eq 32, L_0x55e03788c6b0, L_0x7f4ef6953b70;
L_0x55e03788cb60 .part v0x55e03785b190_0, 51, 1;
L_0x55e03788ce40 .concat [ 1 31 0 0], L_0x55e03788cb60, L_0x7f4ef6953c00;
L_0x55e03788cf80 .cmp/eq 32, L_0x55e03788ce40, L_0x7f4ef6953c48;
L_0x55e03788d310 .functor MUXZ 8, L_0x7f4ef6953cd8, L_0x7f4ef6953c90, L_0x55e03788cf80, C4<>;
L_0x55e03788d4a0 .functor MUXZ 8, L_0x55e03788d310, L_0x7f4ef6953bb8, L_0x55e03788ca20, C4<>;
L_0x55e03788d890 .functor MUXZ 8, L_0x55e03788d4a0, L_0x7f4ef6953ae0, L_0x55e03788c2b0, C4<>;
L_0x55e03788da20 .functor MUXZ 8, L_0x55e03788d890, L_0x7f4ef6953a08, L_0x55e03788bd80, C4<>;
L_0x55e03788de20 .functor MUXZ 8, L_0x55e03788da20, L_0x7f4ef6953930, L_0x55e03788b670, C4<>;
L_0x55e03788dfb0 .functor MUXZ 8, L_0x55e03788de20, L_0x7f4ef6953858, L_0x55e03788b170, C4<>;
L_0x55e03788e3c0 .functor MUXZ 8, L_0x55e03788dfb0, L_0x7f4ef6953780, L_0x55e03788aac0, C4<>;
L_0x55e03788e550 .functor MUXZ 8, L_0x55e03788e3c0, L_0x7f4ef69536a8, L_0x55e03788a5f0, C4<>;
L_0x55e03788e970 .functor MUXZ 8, L_0x55e03788e550, L_0x7f4ef69535d0, L_0x55e037889fa0, C4<>;
L_0x55e03788eb00 .functor MUXZ 8, L_0x55e03788e970, L_0x7f4ef69534f8, L_0x55e037889b00, C4<>;
L_0x55e03788ef30 .functor MUXZ 8, L_0x55e03788eb00, L_0x7f4ef6953420, L_0x55e037889510, C4<>;
L_0x55e03788f0c0 .functor MUXZ 8, L_0x55e03788ef30, L_0x7f4ef6953348, L_0x55e0378890a0, C4<>;
L_0x55e03788f500 .functor MUXZ 8, L_0x55e03788f0c0, L_0x7f4ef6953270, L_0x55e037888c00, C4<>;
L_0x55e03788f690 .functor MUXZ 8, L_0x55e03788f500, L_0x7f4ef6953198, L_0x55e0378887c0, C4<>;
L_0x55e03788fae0 .functor MUXZ 8, L_0x55e03788f690, L_0x7f4ef69530c0, L_0x55e037888290, C4<>;
L_0x55e03788fc70 .functor MUXZ 8, L_0x55e03788fae0, L_0x7f4ef6952fe8, L_0x55e037887e80, C4<>;
L_0x55e0378900d0 .functor MUXZ 8, L_0x55e03788fc70, L_0x7f4ef6952f10, L_0x55e0378879b0, C4<>;
L_0x55e037890260 .functor MUXZ 8, L_0x55e0378900d0, L_0x7f4ef6952e38, L_0x55e037887340, C4<>;
L_0x55e0378906d0 .functor MUXZ 8, L_0x55e037890260, L_0x7f4ef6952d60, L_0x55e037887200, C4<>;
L_0x55e037890860 .functor MUXZ 8, L_0x55e0378906d0, L_0x7f4ef6952c88, L_0x55e037886e50, C4<>;
L_0x55e037890ce0 .functor MUXZ 8, L_0x55e037890860, L_0x7f4ef6952bb0, L_0x55e037886ac0, C4<>;
L_0x55e037890e70 .functor MUXZ 8, L_0x55e037890ce0, L_0x7f4ef6952ad8, L_0x55e037886790, C4<>;
L_0x55e037891300 .functor MUXZ 8, L_0x55e037890e70, L_0x7f4ef6952a00, L_0x55e037886470, C4<>;
L_0x55e037891490 .functor MUXZ 8, L_0x55e037891300, L_0x7f4ef6952928, L_0x55e037886150, C4<>;
L_0x55e037891930 .cmp/gt 8, L_0x55e037891490, L_0x55e037885c60;
L_0x55e037891a20 .functor MUXZ 1, L_0x7f4ef6953d68, L_0x7f4ef6953d20, L_0x55e037891930, C4<>;
L_0x55e037891ed0 .shift/l 75, v0x55e03785b190_0, L_0x55e037885c60;
L_0x55e037891f70 .shift/l 75, v0x55e03785b190_0, L_0x55e037891490;
L_0x55e037892340 .functor MUXZ 75, L_0x55e037891f70, L_0x55e037891ed0, L_0x55e037891a20, C4<>;
L_0x55e0378924d0 .arith/sum 8, L_0x7f4ef6953db0, L_0x55e037886c00;
L_0x55e037892950 .arith/sum 8, L_0x55e0378924d0, L_0x7f4ef6953df8;
L_0x55e037892a90 .arith/sum 8, L_0x7f4ef6953e40, L_0x55e037885d00;
L_0x55e037892f40 .arith/sum 8, L_0x55e037892a90, L_0x7f4ef6953e88;
L_0x55e037893080 .functor MUXZ 8, L_0x55e037892f40, L_0x55e037892950, L_0x55e037891a20, C4<>;
S_0x55e0378473e0 .scope module, "mn_gen" "m_n_gen" 4 37, 4 182 0, S_0x55e03779a490;
 .timescale 0 0;
    .port_info 0 /INPUT 75 "data";
    .port_info 1 /OUTPUT 75 "outdata";
    .port_info 2 /OUTPUT 8 "shift";
L_0x55e037874fd0 .functor NOT 8, L_0x55e0378845d0, C4<00000000>, C4<00000000>, C4<00000000>;
v0x55e0378475e0_0 .net *"_ivl_1", 0 0, L_0x55e037874270;  1 drivers
L_0x7f4ef6950de0 .functor BUFT 1, C4<00000000>, C4<0>, C4<0>, C4<0>;
v0x55e0378476e0_0 .net/2s *"_ivl_10", 7 0, L_0x7f4ef6950de0;  1 drivers
L_0x7f4ef6951410 .functor BUFT 1, C4<0000000000000000000000000000000>, C4<0>, C4<0>, C4<0>;
v0x55e0378477c0_0 .net *"_ivl_101", 30 0, L_0x7f4ef6951410;  1 drivers
L_0x7f4ef6951458 .functor BUFT 1, C4<00000000000000000000000000000001>, C4<0>, C4<0>, C4<0>;
v0x55e037847880_0 .net/2u *"_ivl_102", 31 0, L_0x7f4ef6951458;  1 drivers
v0x55e037847960_0 .net *"_ivl_104", 0 0, L_0x55e037876750;  1 drivers
L_0x7f4ef69514a0 .functor BUFT 1, C4<00001000>, C4<0>, C4<0>, C4<0>;
v0x55e037847a70_0 .net/2s *"_ivl_106", 7 0, L_0x7f4ef69514a0;  1 drivers
v0x55e037847b50_0 .net *"_ivl_109", 0 0, L_0x55e0378768c0;  1 drivers
v0x55e037847c30_0 .net *"_ivl_110", 31 0, L_0x55e037876a50;  1 drivers
L_0x7f4ef69514e8 .functor BUFT 1, C4<0000000000000000000000000000000>, C4<0>, C4<0>, C4<0>;
v0x55e037847d10_0 .net *"_ivl_113", 30 0, L_0x7f4ef69514e8;  1 drivers
L_0x7f4ef6951530 .functor BUFT 1, C4<00000000000000000000000000000001>, C4<0>, C4<0>, C4<0>;
v0x55e037847df0_0 .net/2u *"_ivl_114", 31 0, L_0x7f4ef6951530;  1 drivers
v0x55e037847ed0_0 .net *"_ivl_116", 0 0, L_0x55e037876bc0;  1 drivers
L_0x7f4ef6951578 .functor BUFT 1, C4<00001001>, C4<0>, C4<0>, C4<0>;
v0x55e037847f90_0 .net/2s *"_ivl_118", 7 0, L_0x7f4ef6951578;  1 drivers
v0x55e037848070_0 .net *"_ivl_121", 0 0, L_0x55e037876e30;  1 drivers
v0x55e037848150_0 .net *"_ivl_122", 31 0, L_0x55e037876ed0;  1 drivers
L_0x7f4ef69515c0 .functor BUFT 1, C4<0000000000000000000000000000000>, C4<0>, C4<0>, C4<0>;
v0x55e037848230_0 .net *"_ivl_125", 30 0, L_0x7f4ef69515c0;  1 drivers
L_0x7f4ef6951608 .functor BUFT 1, C4<00000000000000000000000000000001>, C4<0>, C4<0>, C4<0>;
v0x55e037848310_0 .net/2u *"_ivl_126", 31 0, L_0x7f4ef6951608;  1 drivers
v0x55e0378483f0_0 .net *"_ivl_128", 0 0, L_0x55e037877150;  1 drivers
v0x55e0378484b0_0 .net *"_ivl_13", 0 0, L_0x55e0378745d0;  1 drivers
L_0x7f4ef6951650 .functor BUFT 1, C4<00001010>, C4<0>, C4<0>, C4<0>;
v0x55e037848590_0 .net/2s *"_ivl_130", 7 0, L_0x7f4ef6951650;  1 drivers
v0x55e037848670_0 .net *"_ivl_133", 0 0, L_0x55e0378772c0;  1 drivers
v0x55e037848750_0 .net *"_ivl_134", 31 0, L_0x55e037877480;  1 drivers
L_0x7f4ef6951698 .functor BUFT 1, C4<0000000000000000000000000000000>, C4<0>, C4<0>, C4<0>;
v0x55e037848830_0 .net *"_ivl_137", 30 0, L_0x7f4ef6951698;  1 drivers
L_0x7f4ef69516e0 .functor BUFT 1, C4<00000000000000000000000000000001>, C4<0>, C4<0>, C4<0>;
v0x55e037848910_0 .net/2u *"_ivl_138", 31 0, L_0x7f4ef69516e0;  1 drivers
v0x55e0378489f0_0 .net *"_ivl_14", 31 0, L_0x55e037874670;  1 drivers
v0x55e037848ad0_0 .net *"_ivl_140", 0 0, L_0x55e0378775f0;  1 drivers
L_0x7f4ef6951728 .functor BUFT 1, C4<00001011>, C4<0>, C4<0>, C4<0>;
v0x55e037848b90_0 .net/2s *"_ivl_142", 7 0, L_0x7f4ef6951728;  1 drivers
v0x55e037848c70_0 .net *"_ivl_145", 0 0, L_0x55e037877360;  1 drivers
v0x55e037848d50_0 .net *"_ivl_146", 31 0, L_0x55e037877890;  1 drivers
L_0x7f4ef6951770 .functor BUFT 1, C4<0000000000000000000000000000000>, C4<0>, C4<0>, C4<0>;
v0x55e037848e30_0 .net *"_ivl_149", 30 0, L_0x7f4ef6951770;  1 drivers
L_0x7f4ef69517b8 .functor BUFT 1, C4<00000000000000000000000000000001>, C4<0>, C4<0>, C4<0>;
v0x55e037848f10_0 .net/2u *"_ivl_150", 31 0, L_0x7f4ef69517b8;  1 drivers
v0x55e037848ff0_0 .net *"_ivl_152", 0 0, L_0x55e037877ac0;  1 drivers
L_0x7f4ef6951800 .functor BUFT 1, C4<00001100>, C4<0>, C4<0>, C4<0>;
v0x55e0378490b0_0 .net/2s *"_ivl_154", 7 0, L_0x7f4ef6951800;  1 drivers
v0x55e037849190_0 .net *"_ivl_157", 0 0, L_0x55e037877c30;  1 drivers
v0x55e037849270_0 .net *"_ivl_158", 31 0, L_0x55e037877e20;  1 drivers
L_0x7f4ef6951848 .functor BUFT 1, C4<0000000000000000000000000000000>, C4<0>, C4<0>, C4<0>;
v0x55e037849350_0 .net *"_ivl_161", 30 0, L_0x7f4ef6951848;  1 drivers
L_0x7f4ef6951890 .functor BUFT 1, C4<00000000000000000000000000000001>, C4<0>, C4<0>, C4<0>;
v0x55e037849430_0 .net/2u *"_ivl_162", 31 0, L_0x7f4ef6951890;  1 drivers
v0x55e037849510_0 .net *"_ivl_164", 0 0, L_0x55e037877f90;  1 drivers
L_0x7f4ef69518d8 .functor BUFT 1, C4<00001101>, C4<0>, C4<0>, C4<0>;
v0x55e0378495d0_0 .net/2s *"_ivl_166", 7 0, L_0x7f4ef69518d8;  1 drivers
v0x55e0378496b0_0 .net *"_ivl_169", 0 0, L_0x55e037878260;  1 drivers
L_0x7f4ef6950e28 .functor BUFT 1, C4<0000000000000000000000000000000>, C4<0>, C4<0>, C4<0>;
v0x55e037849790_0 .net *"_ivl_17", 30 0, L_0x7f4ef6950e28;  1 drivers
v0x55e037849870_0 .net *"_ivl_170", 31 0, L_0x55e037878300;  1 drivers
L_0x7f4ef6951920 .functor BUFT 1, C4<0000000000000000000000000000000>, C4<0>, C4<0>, C4<0>;
v0x55e037849950_0 .net *"_ivl_173", 30 0, L_0x7f4ef6951920;  1 drivers
L_0x7f4ef6951968 .functor BUFT 1, C4<00000000000000000000000000000001>, C4<0>, C4<0>, C4<0>;
v0x55e037849a30_0 .net/2u *"_ivl_174", 31 0, L_0x7f4ef6951968;  1 drivers
v0x55e037849b10_0 .net *"_ivl_176", 0 0, L_0x55e0378785e0;  1 drivers
L_0x7f4ef69519b0 .functor BUFT 1, C4<00001110>, C4<0>, C4<0>, C4<0>;
v0x55e037849bd0_0 .net/2s *"_ivl_178", 7 0, L_0x7f4ef69519b0;  1 drivers
L_0x7f4ef6950e70 .functor BUFT 1, C4<00000000000000000000000000000001>, C4<0>, C4<0>, C4<0>;
v0x55e037849cb0_0 .net/2u *"_ivl_18", 31 0, L_0x7f4ef6950e70;  1 drivers
v0x55e037849d90_0 .net *"_ivl_181", 0 0, L_0x55e037878750;  1 drivers
v0x55e037849e70_0 .net *"_ivl_182", 31 0, L_0x55e037878970;  1 drivers
L_0x7f4ef69519f8 .functor BUFT 1, C4<0000000000000000000000000000000>, C4<0>, C4<0>, C4<0>;
v0x55e037849f50_0 .net *"_ivl_185", 30 0, L_0x7f4ef69519f8;  1 drivers
L_0x7f4ef6951a40 .functor BUFT 1, C4<00000000000000000000000000000001>, C4<0>, C4<0>, C4<0>;
v0x55e03784a030_0 .net/2u *"_ivl_186", 31 0, L_0x7f4ef6951a40;  1 drivers
v0x55e03784a110_0 .net *"_ivl_188", 0 0, L_0x55e037878ae0;  1 drivers
L_0x7f4ef6951a88 .functor BUFT 1, C4<00001111>, C4<0>, C4<0>, C4<0>;
v0x55e03784a1d0_0 .net/2s *"_ivl_190", 7 0, L_0x7f4ef6951a88;  1 drivers
v0x55e03784a2b0_0 .net *"_ivl_193", 0 0, L_0x55e037878de0;  1 drivers
v0x55e03784a390_0 .net *"_ivl_194", 31 0, L_0x55e037878e80;  1 drivers
L_0x7f4ef6951ad0 .functor BUFT 1, C4<0000000000000000000000000000000>, C4<0>, C4<0>, C4<0>;
v0x55e03784a470_0 .net *"_ivl_197", 30 0, L_0x7f4ef6951ad0;  1 drivers
L_0x7f4ef6951b18 .functor BUFT 1, C4<00000000000000000000000000000001>, C4<0>, C4<0>, C4<0>;
v0x55e03784a550_0 .net/2u *"_ivl_198", 31 0, L_0x7f4ef6951b18;  1 drivers
v0x55e03784a630_0 .net *"_ivl_2", 31 0, L_0x55e0378743a0;  1 drivers
v0x55e03784a710_0 .net *"_ivl_20", 0 0, L_0x55e0378747b0;  1 drivers
v0x55e03784a7d0_0 .net *"_ivl_200", 0 0, L_0x55e037879190;  1 drivers
L_0x7f4ef6951b60 .functor BUFT 1, C4<00010000>, C4<0>, C4<0>, C4<0>;
v0x55e03784a890_0 .net/2s *"_ivl_202", 7 0, L_0x7f4ef6951b60;  1 drivers
v0x55e03784a970_0 .net *"_ivl_205", 0 0, L_0x55e037879300;  1 drivers
v0x55e03784aa50_0 .net *"_ivl_206", 31 0, L_0x55e037879550;  1 drivers
L_0x7f4ef6951ba8 .functor BUFT 1, C4<0000000000000000000000000000000>, C4<0>, C4<0>, C4<0>;
v0x55e03784ab30_0 .net *"_ivl_209", 30 0, L_0x7f4ef6951ba8;  1 drivers
L_0x7f4ef6951bf0 .functor BUFT 1, C4<00000000000000000000000000000001>, C4<0>, C4<0>, C4<0>;
v0x55e03784ac10_0 .net/2u *"_ivl_210", 31 0, L_0x7f4ef6951bf0;  1 drivers
v0x55e03784acf0_0 .net *"_ivl_212", 0 0, L_0x55e0378796c0;  1 drivers
L_0x7f4ef6951c38 .functor BUFT 1, C4<00010001>, C4<0>, C4<0>, C4<0>;
v0x55e03784adb0_0 .net/2s *"_ivl_214", 7 0, L_0x7f4ef6951c38;  1 drivers
v0x55e03784ae90_0 .net *"_ivl_217", 0 0, L_0x55e0378799f0;  1 drivers
v0x55e03784af70_0 .net *"_ivl_218", 31 0, L_0x55e037879a90;  1 drivers
L_0x7f4ef6950eb8 .functor BUFT 1, C4<00000001>, C4<0>, C4<0>, C4<0>;
v0x55e03784b050_0 .net/2s *"_ivl_22", 7 0, L_0x7f4ef6950eb8;  1 drivers
L_0x7f4ef6951c80 .functor BUFT 1, C4<0000000000000000000000000000000>, C4<0>, C4<0>, C4<0>;
v0x55e03784b130_0 .net *"_ivl_221", 30 0, L_0x7f4ef6951c80;  1 drivers
L_0x7f4ef6951cc8 .functor BUFT 1, C4<00000000000000000000000000000001>, C4<0>, C4<0>, C4<0>;
v0x55e03784b210_0 .net/2u *"_ivl_222", 31 0, L_0x7f4ef6951cc8;  1 drivers
v0x55e03784b2f0_0 .net *"_ivl_224", 0 0, L_0x55e037879dd0;  1 drivers
L_0x7f4ef6951d10 .functor BUFT 1, C4<00010010>, C4<0>, C4<0>, C4<0>;
v0x55e03784b3b0_0 .net/2s *"_ivl_226", 7 0, L_0x7f4ef6951d10;  1 drivers
v0x55e03784b490_0 .net *"_ivl_229", 0 0, L_0x55e037879f40;  1 drivers
v0x55e03784b570_0 .net *"_ivl_230", 31 0, L_0x55e03787a1c0;  1 drivers
L_0x7f4ef6951d58 .functor BUFT 1, C4<0000000000000000000000000000000>, C4<0>, C4<0>, C4<0>;
v0x55e03784b650_0 .net *"_ivl_233", 30 0, L_0x7f4ef6951d58;  1 drivers
L_0x7f4ef6951da0 .functor BUFT 1, C4<00000000000000000000000000000001>, C4<0>, C4<0>, C4<0>;
v0x55e03784b730_0 .net/2u *"_ivl_234", 31 0, L_0x7f4ef6951da0;  1 drivers
v0x55e03784b810_0 .net *"_ivl_236", 0 0, L_0x55e03787a330;  1 drivers
L_0x7f4ef6951de8 .functor BUFT 1, C4<00010011>, C4<0>, C4<0>, C4<0>;
v0x55e03784b8d0_0 .net/2s *"_ivl_238", 7 0, L_0x7f4ef6951de8;  1 drivers
v0x55e03784b9b0_0 .net *"_ivl_241", 0 0, L_0x55e03787a690;  1 drivers
v0x55e03784ba90_0 .net *"_ivl_242", 31 0, L_0x55e03787a730;  1 drivers
L_0x7f4ef6951e30 .functor BUFT 1, C4<0000000000000000000000000000000>, C4<0>, C4<0>, C4<0>;
v0x55e03784bb70_0 .net *"_ivl_245", 30 0, L_0x7f4ef6951e30;  1 drivers
L_0x7f4ef6951e78 .functor BUFT 1, C4<00000000000000000000000000000001>, C4<0>, C4<0>, C4<0>;
v0x55e03784bc50_0 .net/2u *"_ivl_246", 31 0, L_0x7f4ef6951e78;  1 drivers
v0x55e03784bd30_0 .net *"_ivl_248", 0 0, L_0x55e03787aaa0;  1 drivers
v0x55e03784bdf0_0 .net *"_ivl_25", 0 0, L_0x55e037874930;  1 drivers
L_0x7f4ef6951ec0 .functor BUFT 1, C4<00010100>, C4<0>, C4<0>, C4<0>;
v0x55e03784bed0_0 .net/2s *"_ivl_250", 7 0, L_0x7f4ef6951ec0;  1 drivers
v0x55e03784bfb0_0 .net *"_ivl_253", 0 0, L_0x55e03787ac10;  1 drivers
v0x55e03784c090_0 .net *"_ivl_254", 31 0, L_0x55e03787aec0;  1 drivers
L_0x7f4ef6951f08 .functor BUFT 1, C4<0000000000000000000000000000000>, C4<0>, C4<0>, C4<0>;
v0x55e03784c170_0 .net *"_ivl_257", 30 0, L_0x7f4ef6951f08;  1 drivers
L_0x7f4ef6951f50 .functor BUFT 1, C4<00000000000000000000000000000001>, C4<0>, C4<0>, C4<0>;
v0x55e03784c250_0 .net/2u *"_ivl_258", 31 0, L_0x7f4ef6951f50;  1 drivers
v0x55e03784c330_0 .net *"_ivl_26", 31 0, L_0x55e0378749d0;  1 drivers
v0x55e03784c410_0 .net *"_ivl_260", 0 0, L_0x55e03787b030;  1 drivers
L_0x7f4ef6951f98 .functor BUFT 1, C4<00010101>, C4<0>, C4<0>, C4<0>;
v0x55e03784c4d0_0 .net/2s *"_ivl_262", 7 0, L_0x7f4ef6951f98;  1 drivers
v0x55e03784c5b0_0 .net *"_ivl_265", 0 0, L_0x55e03787b3c0;  1 drivers
v0x55e03784c690_0 .net *"_ivl_266", 31 0, L_0x55e03787b460;  1 drivers
L_0x7f4ef6951fe0 .functor BUFT 1, C4<0000000000000000000000000000000>, C4<0>, C4<0>, C4<0>;
v0x55e03784c770_0 .net *"_ivl_269", 30 0, L_0x7f4ef6951fe0;  1 drivers
L_0x7f4ef6952028 .functor BUFT 1, C4<00000000000000000000000000000001>, C4<0>, C4<0>, C4<0>;
v0x55e03784c850_0 .net/2u *"_ivl_270", 31 0, L_0x7f4ef6952028;  1 drivers
v0x55e03784c930_0 .net *"_ivl_272", 0 0, L_0x55e03787b800;  1 drivers
L_0x7f4ef6952070 .functor BUFT 1, C4<00010110>, C4<0>, C4<0>, C4<0>;
v0x55e03784c9f0_0 .net/2s *"_ivl_274", 7 0, L_0x7f4ef6952070;  1 drivers
v0x55e03784cad0_0 .net *"_ivl_277", 0 0, L_0x55e03787b970;  1 drivers
v0x55e03784cbb0_0 .net *"_ivl_278", 31 0, L_0x55e03787bc50;  1 drivers
L_0x7f4ef69520b8 .functor BUFT 1, C4<0000000000000000000000000000000>, C4<0>, C4<0>, C4<0>;
v0x55e03784cc90_0 .net *"_ivl_281", 30 0, L_0x7f4ef69520b8;  1 drivers
L_0x7f4ef6952100 .functor BUFT 1, C4<00000000000000000000000000000001>, C4<0>, C4<0>, C4<0>;
v0x55e03784cd70_0 .net/2u *"_ivl_282", 31 0, L_0x7f4ef6952100;  1 drivers
v0x55e03784ce50_0 .net *"_ivl_284", 0 0, L_0x55e03787bdc0;  1 drivers
L_0x7f4ef6952148 .functor BUFT 1, C4<00010111>, C4<0>, C4<0>, C4<0>;
v0x55e03784cf10_0 .net/2s *"_ivl_286", 7 0, L_0x7f4ef6952148;  1 drivers
v0x55e03784cff0_0 .net *"_ivl_289", 0 0, L_0x55e03787c180;  1 drivers
L_0x7f4ef6950f00 .functor BUFT 1, C4<0000000000000000000000000000000>, C4<0>, C4<0>, C4<0>;
v0x55e03784d0d0_0 .net *"_ivl_29", 30 0, L_0x7f4ef6950f00;  1 drivers
v0x55e03784d1b0_0 .net *"_ivl_290", 31 0, L_0x55e03787c220;  1 drivers
L_0x7f4ef6952190 .functor BUFT 1, C4<0000000000000000000000000000000>, C4<0>, C4<0>, C4<0>;
v0x55e03784d290_0 .net *"_ivl_293", 30 0, L_0x7f4ef6952190;  1 drivers
L_0x7f4ef69521d8 .functor BUFT 1, C4<00000000000000000000000000000001>, C4<0>, C4<0>, C4<0>;
v0x55e03784d370_0 .net/2u *"_ivl_294", 31 0, L_0x7f4ef69521d8;  1 drivers
v0x55e03784d450_0 .net *"_ivl_296", 0 0, L_0x55e03787c5f0;  1 drivers
L_0x7f4ef6952220 .functor BUFT 1, C4<00011000>, C4<0>, C4<0>, C4<0>;
v0x55e03784d510_0 .net/2s *"_ivl_298", 7 0, L_0x7f4ef6952220;  1 drivers
L_0x7f4ef6950f48 .functor BUFT 1, C4<00000000000000000000000000000001>, C4<0>, C4<0>, C4<0>;
v0x55e03784d5f0_0 .net/2u *"_ivl_30", 31 0, L_0x7f4ef6950f48;  1 drivers
v0x55e03784d6d0_0 .net *"_ivl_301", 0 0, L_0x55e03787c760;  1 drivers
v0x55e03784d7b0_0 .net *"_ivl_302", 31 0, L_0x55e03787ca70;  1 drivers
L_0x7f4ef6952268 .functor BUFT 1, C4<0000000000000000000000000000000>, C4<0>, C4<0>, C4<0>;
v0x55e03784d890_0 .net *"_ivl_305", 30 0, L_0x7f4ef6952268;  1 drivers
L_0x7f4ef69522b0 .functor BUFT 1, C4<00000000000000000000000000000001>, C4<0>, C4<0>, C4<0>;
v0x55e03784d970_0 .net/2u *"_ivl_306", 31 0, L_0x7f4ef69522b0;  1 drivers
v0x55e03784da50_0 .net *"_ivl_308", 0 0, L_0x55e03787cbe0;  1 drivers
L_0x7f4ef69522f8 .functor BUFT 1, C4<00011001>, C4<0>, C4<0>, C4<0>;
v0x55e03784db10_0 .net/2s *"_ivl_310", 7 0, L_0x7f4ef69522f8;  1 drivers
v0x55e03784dbf0_0 .net *"_ivl_313", 0 0, L_0x55e03787cfd0;  1 drivers
v0x55e03784dcd0_0 .net *"_ivl_314", 31 0, L_0x55e03787d070;  1 drivers
L_0x7f4ef6952340 .functor BUFT 1, C4<0000000000000000000000000000000>, C4<0>, C4<0>, C4<0>;
v0x55e03784ddb0_0 .net *"_ivl_317", 30 0, L_0x7f4ef6952340;  1 drivers
L_0x7f4ef6952388 .functor BUFT 1, C4<00000000000000000000000000000001>, C4<0>, C4<0>, C4<0>;
v0x55e03784de90_0 .net/2u *"_ivl_318", 31 0, L_0x7f4ef6952388;  1 drivers
v0x55e03784df70_0 .net *"_ivl_32", 0 0, L_0x55e037874b60;  1 drivers
v0x55e03784e030_0 .net *"_ivl_320", 0 0, L_0x55e03787d470;  1 drivers
L_0x7f4ef69523d0 .functor BUFT 1, C4<00011010>, C4<0>, C4<0>, C4<0>;
v0x55e03784e0f0_0 .net/2s *"_ivl_322", 7 0, L_0x7f4ef69523d0;  1 drivers
v0x55e03784e1d0_0 .net *"_ivl_325", 0 0, L_0x55e03787d5e0;  1 drivers
v0x55e03784e2b0_0 .net *"_ivl_326", 31 0, L_0x55e03787d920;  1 drivers
L_0x7f4ef6952418 .functor BUFT 1, C4<0000000000000000000000000000000>, C4<0>, C4<0>, C4<0>;
v0x55e03784e390_0 .net *"_ivl_329", 30 0, L_0x7f4ef6952418;  1 drivers
L_0x7f4ef6952460 .functor BUFT 1, C4<00000000000000000000000000000001>, C4<0>, C4<0>, C4<0>;
v0x55e03784ec80_0 .net/2u *"_ivl_330", 31 0, L_0x7f4ef6952460;  1 drivers
v0x55e03784ed60_0 .net *"_ivl_332", 0 0, L_0x55e03787e2a0;  1 drivers
L_0x7f4ef69524a8 .functor BUFT 1, C4<00011011>, C4<0>, C4<0>, C4<0>;
v0x55e03784ee20_0 .net/2s *"_ivl_334", 7 0, L_0x7f4ef69524a8;  1 drivers
v0x55e03784ef00_0 .net *"_ivl_337", 0 0, L_0x55e03787e690;  1 drivers
v0x55e03784efe0_0 .net *"_ivl_338", 31 0, L_0x55e03787e730;  1 drivers
L_0x7f4ef6950f90 .functor BUFT 1, C4<00000010>, C4<0>, C4<0>, C4<0>;
v0x55e03784f0c0_0 .net/2s *"_ivl_34", 7 0, L_0x7f4ef6950f90;  1 drivers
L_0x7f4ef69524f0 .functor BUFT 1, C4<0000000000000000000000000000000>, C4<0>, C4<0>, C4<0>;
v0x55e03784f1a0_0 .net *"_ivl_341", 30 0, L_0x7f4ef69524f0;  1 drivers
L_0x7f4ef6952538 .functor BUFT 1, C4<00000000000000000000000000000001>, C4<0>, C4<0>, C4<0>;
v0x55e03784f280_0 .net/2u *"_ivl_342", 31 0, L_0x7f4ef6952538;  1 drivers
v0x55e03784f360_0 .net *"_ivl_344", 0 0, L_0x55e03787eb60;  1 drivers
L_0x7f4ef6952580 .functor BUFT 1, C4<00011100>, C4<0>, C4<0>, C4<0>;
v0x55e03784f420_0 .net/2s *"_ivl_346", 7 0, L_0x7f4ef6952580;  1 drivers
L_0x7f4ef69525c8 .functor BUFT 1, C4<00011100>, C4<0>, C4<0>, C4<0>;
v0x55e03784f500_0 .net/2s *"_ivl_348", 7 0, L_0x7f4ef69525c8;  1 drivers
v0x55e03784f5e0_0 .net *"_ivl_350", 7 0, L_0x55e03787ecd0;  1 drivers
v0x55e03784f6c0_0 .net *"_ivl_352", 7 0, L_0x55e03787f160;  1 drivers
v0x55e03784f7a0_0 .net *"_ivl_354", 7 0, L_0x55e03787f2f0;  1 drivers
v0x55e03784f880_0 .net *"_ivl_356", 7 0, L_0x55e03787f760;  1 drivers
v0x55e03784f960_0 .net *"_ivl_358", 7 0, L_0x55e03787f8f0;  1 drivers
v0x55e03784fa40_0 .net *"_ivl_360", 7 0, L_0x55e03787fd70;  1 drivers
v0x55e03784fb20_0 .net *"_ivl_362", 7 0, L_0x55e03787ff00;  1 drivers
v0x55e03784fc00_0 .net *"_ivl_364", 7 0, L_0x55e037880390;  1 drivers
v0x55e03784fce0_0 .net *"_ivl_366", 7 0, L_0x55e037880520;  1 drivers
v0x55e03784fdc0_0 .net *"_ivl_368", 7 0, L_0x55e0378809c0;  1 drivers
v0x55e03784fea0_0 .net *"_ivl_37", 0 0, L_0x55e037874ca0;  1 drivers
v0x55e03784ff80_0 .net *"_ivl_370", 7 0, L_0x55e037880b50;  1 drivers
v0x55e037850060_0 .net *"_ivl_372", 7 0, L_0x55e037881000;  1 drivers
v0x55e037850140_0 .net *"_ivl_374", 7 0, L_0x55e037881190;  1 drivers
v0x55e037850220_0 .net *"_ivl_376", 7 0, L_0x55e037881650;  1 drivers
v0x55e037850300_0 .net *"_ivl_378", 7 0, L_0x55e0378817e0;  1 drivers
v0x55e0378503e0_0 .net *"_ivl_38", 31 0, L_0x55e037874da0;  1 drivers
v0x55e0378504c0_0 .net *"_ivl_380", 7 0, L_0x55e037881cb0;  1 drivers
v0x55e0378505a0_0 .net *"_ivl_382", 7 0, L_0x55e037881e40;  1 drivers
v0x55e037850680_0 .net *"_ivl_384", 7 0, L_0x55e037882320;  1 drivers
v0x55e037850760_0 .net *"_ivl_386", 7 0, L_0x55e0378824b0;  1 drivers
v0x55e037850840_0 .net *"_ivl_388", 7 0, L_0x55e0378829a0;  1 drivers
v0x55e037850920_0 .net *"_ivl_390", 7 0, L_0x55e037882b30;  1 drivers
v0x55e037850a00_0 .net *"_ivl_392", 7 0, L_0x55e037883030;  1 drivers
v0x55e037850ae0_0 .net *"_ivl_394", 7 0, L_0x55e0378831c0;  1 drivers
v0x55e037850bc0_0 .net *"_ivl_396", 7 0, L_0x55e0378836d0;  1 drivers
v0x55e037850ca0_0 .net *"_ivl_398", 7 0, L_0x55e037883860;  1 drivers
v0x55e037850d80_0 .net *"_ivl_400", 7 0, L_0x55e037883d80;  1 drivers
v0x55e037850e60_0 .net *"_ivl_402", 7 0, L_0x55e037883f10;  1 drivers
v0x55e037850f40_0 .net *"_ivl_404", 7 0, L_0x55e037884440;  1 drivers
L_0x7f4ef6950fd8 .functor BUFT 1, C4<0000000000000000000000000000000>, C4<0>, C4<0>, C4<0>;
v0x55e037851020_0 .net *"_ivl_41", 30 0, L_0x7f4ef6950fd8;  1 drivers
L_0x7f4ef6952610 .functor BUFT 1, C4<00011100>, C4<0>, C4<0>, C4<0>;
v0x55e037851100_0 .net/2u *"_ivl_410", 7 0, L_0x7f4ef6952610;  1 drivers
v0x55e0378511e0_0 .net *"_ivl_412", 7 0, L_0x55e037874fd0;  1 drivers
v0x55e0378512c0_0 .net *"_ivl_414", 7 0, L_0x55e037884c50;  1 drivers
L_0x7f4ef6952658 .functor BUFT 1, C4<00000001>, C4<0>, C4<0>, C4<0>;
v0x55e0378513a0_0 .net/2u *"_ivl_416", 7 0, L_0x7f4ef6952658;  1 drivers
L_0x7f4ef6951020 .functor BUFT 1, C4<00000000000000000000000000000001>, C4<0>, C4<0>, C4<0>;
v0x55e037851480_0 .net/2u *"_ivl_42", 31 0, L_0x7f4ef6951020;  1 drivers
v0x55e037851560_0 .net *"_ivl_44", 0 0, L_0x55e037874e90;  1 drivers
L_0x7f4ef6951068 .functor BUFT 1, C4<00000011>, C4<0>, C4<0>, C4<0>;
v0x55e037851620_0 .net/2s *"_ivl_46", 7 0, L_0x7f4ef6951068;  1 drivers
v0x55e037851700_0 .net *"_ivl_49", 0 0, L_0x55e037875040;  1 drivers
L_0x7f4ef6950d50 .functor BUFT 1, C4<0000000000000000000000000000000>, C4<0>, C4<0>, C4<0>;
v0x55e0378517e0_0 .net *"_ivl_5", 30 0, L_0x7f4ef6950d50;  1 drivers
v0x55e0378518c0_0 .net *"_ivl_50", 31 0, L_0x55e0378750e0;  1 drivers
L_0x7f4ef69510b0 .functor BUFT 1, C4<0000000000000000000000000000000>, C4<0>, C4<0>, C4<0>;
v0x55e0378519a0_0 .net *"_ivl_53", 30 0, L_0x7f4ef69510b0;  1 drivers
L_0x7f4ef69510f8 .functor BUFT 1, C4<00000000000000000000000000000001>, C4<0>, C4<0>, C4<0>;
v0x55e037851a80_0 .net/2u *"_ivl_54", 31 0, L_0x7f4ef69510f8;  1 drivers
v0x55e037851b60_0 .net *"_ivl_56", 0 0, L_0x55e0378752a0;  1 drivers
L_0x7f4ef6951140 .functor BUFT 1, C4<00000100>, C4<0>, C4<0>, C4<0>;
v0x55e037851c20_0 .net/2s *"_ivl_58", 7 0, L_0x7f4ef6951140;  1 drivers
L_0x7f4ef6950d98 .functor BUFT 1, C4<00000000000000000000000000000001>, C4<0>, C4<0>, C4<0>;
v0x55e037851d00_0 .net/2u *"_ivl_6", 31 0, L_0x7f4ef6950d98;  1 drivers
v0x55e037851de0_0 .net *"_ivl_61", 0 0, L_0x55e0378753e0;  1 drivers
v0x55e037851ec0_0 .net *"_ivl_62", 31 0, L_0x55e037875510;  1 drivers
L_0x7f4ef6951188 .functor BUFT 1, C4<0000000000000000000000000000000>, C4<0>, C4<0>, C4<0>;
v0x55e037851fa0_0 .net *"_ivl_65", 30 0, L_0x7f4ef6951188;  1 drivers
L_0x7f4ef69511d0 .functor BUFT 1, C4<00000000000000000000000000000001>, C4<0>, C4<0>, C4<0>;
v0x55e037852080_0 .net/2u *"_ivl_66", 31 0, L_0x7f4ef69511d0;  1 drivers
v0x55e037852160_0 .net *"_ivl_68", 0 0, L_0x55e037875650;  1 drivers
L_0x7f4ef6951218 .functor BUFT 1, C4<00000101>, C4<0>, C4<0>, C4<0>;
v0x55e037852220_0 .net/2s *"_ivl_70", 7 0, L_0x7f4ef6951218;  1 drivers
v0x55e037852300_0 .net *"_ivl_73", 0 0, L_0x55e037875c40;  1 drivers
v0x55e0378523e0_0 .net *"_ivl_74", 31 0, L_0x55e037875ce0;  1 drivers
L_0x7f4ef6951260 .functor BUFT 1, C4<0000000000000000000000000000000>, C4<0>, C4<0>, C4<0>;
v0x55e0378524c0_0 .net *"_ivl_77", 30 0, L_0x7f4ef6951260;  1 drivers
L_0x7f4ef69512a8 .functor BUFT 1, C4<00000000000000000000000000000001>, C4<0>, C4<0>, C4<0>;
v0x55e0378525a0_0 .net/2u *"_ivl_78", 31 0, L_0x7f4ef69512a8;  1 drivers
v0x55e037852680_0 .net *"_ivl_8", 0 0, L_0x55e037874490;  1 drivers
v0x55e037852740_0 .net *"_ivl_80", 0 0, L_0x55e037875790;  1 drivers
L_0x7f4ef69512f0 .functor BUFT 1, C4<00000110>, C4<0>, C4<0>, C4<0>;
v0x55e037852800_0 .net/2s *"_ivl_82", 7 0, L_0x7f4ef69512f0;  1 drivers
v0x55e0378528e0_0 .net *"_ivl_85", 0 0, L_0x55e037875f20;  1 drivers
v0x55e0378529c0_0 .net *"_ivl_86", 31 0, L_0x55e0378760b0;  1 drivers
L_0x7f4ef6951338 .functor BUFT 1, C4<0000000000000000000000000000000>, C4<0>, C4<0>, C4<0>;
v0x55e037852aa0_0 .net *"_ivl_89", 30 0, L_0x7f4ef6951338;  1 drivers
L_0x7f4ef6951380 .functor BUFT 1, C4<00000000000000000000000000000001>, C4<0>, C4<0>, C4<0>;
v0x55e037852b80_0 .net/2u *"_ivl_90", 31 0, L_0x7f4ef6951380;  1 drivers
v0x55e037852c60_0 .net *"_ivl_92", 0 0, L_0x55e037876220;  1 drivers
L_0x7f4ef69513c8 .functor BUFT 1, C4<00000111>, C4<0>, C4<0>, C4<0>;
v0x55e037852d20_0 .net/2s *"_ivl_94", 7 0, L_0x7f4ef69513c8;  1 drivers
v0x55e037852e00_0 .net *"_ivl_97", 0 0, L_0x55e037876460;  1 drivers
v0x55e037852ee0_0 .net *"_ivl_98", 31 0, L_0x55e037876500;  1 drivers
v0x55e037852fc0_0 .net "data", 74 0, L_0x55e037873b50;  alias, 1 drivers
v0x55e037853080_0 .net "outdata", 74 0, L_0x55e037884b10;  alias, 1 drivers
v0x55e037853140_0 .net "shift", 7 0, L_0x55e037885150;  alias, 1 drivers
v0x55e037853220_0 .net "shift_tmp", 7 0, L_0x55e0378845d0;  1 drivers
L_0x55e037874270 .part L_0x55e037873b50, 74, 1;
L_0x55e0378743a0 .concat [ 1 31 0 0], L_0x55e037874270, L_0x7f4ef6950d50;
L_0x55e037874490 .cmp/eq 32, L_0x55e0378743a0, L_0x7f4ef6950d98;
L_0x55e0378745d0 .part L_0x55e037873b50, 73, 1;
L_0x55e037874670 .concat [ 1 31 0 0], L_0x55e0378745d0, L_0x7f4ef6950e28;
L_0x55e0378747b0 .cmp/eq 32, L_0x55e037874670, L_0x7f4ef6950e70;
L_0x55e037874930 .part L_0x55e037873b50, 72, 1;
L_0x55e0378749d0 .concat [ 1 31 0 0], L_0x55e037874930, L_0x7f4ef6950f00;
L_0x55e037874b60 .cmp/eq 32, L_0x55e0378749d0, L_0x7f4ef6950f48;
L_0x55e037874ca0 .part L_0x55e037873b50, 71, 1;
L_0x55e037874da0 .concat [ 1 31 0 0], L_0x55e037874ca0, L_0x7f4ef6950fd8;
L_0x55e037874e90 .cmp/eq 32, L_0x55e037874da0, L_0x7f4ef6951020;
L_0x55e037875040 .part L_0x55e037873b50, 70, 1;
L_0x55e0378750e0 .concat [ 1 31 0 0], L_0x55e037875040, L_0x7f4ef69510b0;
L_0x55e0378752a0 .cmp/eq 32, L_0x55e0378750e0, L_0x7f4ef69510f8;
L_0x55e0378753e0 .part L_0x55e037873b50, 69, 1;
L_0x55e037875510 .concat [ 1 31 0 0], L_0x55e0378753e0, L_0x7f4ef6951188;
L_0x55e037875650 .cmp/eq 32, L_0x55e037875510, L_0x7f4ef69511d0;
L_0x55e037875c40 .part L_0x55e037873b50, 68, 1;
L_0x55e037875ce0 .concat [ 1 31 0 0], L_0x55e037875c40, L_0x7f4ef6951260;
L_0x55e037875790 .cmp/eq 32, L_0x55e037875ce0, L_0x7f4ef69512a8;
L_0x55e037875f20 .part L_0x55e037873b50, 67, 1;
L_0x55e0378760b0 .concat [ 1 31 0 0], L_0x55e037875f20, L_0x7f4ef6951338;
L_0x55e037876220 .cmp/eq 32, L_0x55e0378760b0, L_0x7f4ef6951380;
L_0x55e037876460 .part L_0x55e037873b50, 66, 1;
L_0x55e037876500 .concat [ 1 31 0 0], L_0x55e037876460, L_0x7f4ef6951410;
L_0x55e037876750 .cmp/eq 32, L_0x55e037876500, L_0x7f4ef6951458;
L_0x55e0378768c0 .part L_0x55e037873b50, 65, 1;
L_0x55e037876a50 .concat [ 1 31 0 0], L_0x55e0378768c0, L_0x7f4ef69514e8;
L_0x55e037876bc0 .cmp/eq 32, L_0x55e037876a50, L_0x7f4ef6951530;
L_0x55e037876e30 .part L_0x55e037873b50, 64, 1;
L_0x55e037876ed0 .concat [ 1 31 0 0], L_0x55e037876e30, L_0x7f4ef69515c0;
L_0x55e037877150 .cmp/eq 32, L_0x55e037876ed0, L_0x7f4ef6951608;
L_0x55e0378772c0 .part L_0x55e037873b50, 63, 1;
L_0x55e037877480 .concat [ 1 31 0 0], L_0x55e0378772c0, L_0x7f4ef6951698;
L_0x55e0378775f0 .cmp/eq 32, L_0x55e037877480, L_0x7f4ef69516e0;
L_0x55e037877360 .part L_0x55e037873b50, 62, 1;
L_0x55e037877890 .concat [ 1 31 0 0], L_0x55e037877360, L_0x7f4ef6951770;
L_0x55e037877ac0 .cmp/eq 32, L_0x55e037877890, L_0x7f4ef69517b8;
L_0x55e037877c30 .part L_0x55e037873b50, 61, 1;
L_0x55e037877e20 .concat [ 1 31 0 0], L_0x55e037877c30, L_0x7f4ef6951848;
L_0x55e037877f90 .cmp/eq 32, L_0x55e037877e20, L_0x7f4ef6951890;
L_0x55e037878260 .part L_0x55e037873b50, 60, 1;
L_0x55e037878300 .concat [ 1 31 0 0], L_0x55e037878260, L_0x7f4ef6951920;
L_0x55e0378785e0 .cmp/eq 32, L_0x55e037878300, L_0x7f4ef6951968;
L_0x55e037878750 .part L_0x55e037873b50, 59, 1;
L_0x55e037878970 .concat [ 1 31 0 0], L_0x55e037878750, L_0x7f4ef69519f8;
L_0x55e037878ae0 .cmp/eq 32, L_0x55e037878970, L_0x7f4ef6951a40;
L_0x55e037878de0 .part L_0x55e037873b50, 58, 1;
L_0x55e037878e80 .concat [ 1 31 0 0], L_0x55e037878de0, L_0x7f4ef6951ad0;
L_0x55e037879190 .cmp/eq 32, L_0x55e037878e80, L_0x7f4ef6951b18;
L_0x55e037879300 .part L_0x55e037873b50, 57, 1;
L_0x55e037879550 .concat [ 1 31 0 0], L_0x55e037879300, L_0x7f4ef6951ba8;
L_0x55e0378796c0 .cmp/eq 32, L_0x55e037879550, L_0x7f4ef6951bf0;
L_0x55e0378799f0 .part L_0x55e037873b50, 56, 1;
L_0x55e037879a90 .concat [ 1 31 0 0], L_0x55e0378799f0, L_0x7f4ef6951c80;
L_0x55e037879dd0 .cmp/eq 32, L_0x55e037879a90, L_0x7f4ef6951cc8;
L_0x55e037879f40 .part L_0x55e037873b50, 55, 1;
L_0x55e03787a1c0 .concat [ 1 31 0 0], L_0x55e037879f40, L_0x7f4ef6951d58;
L_0x55e03787a330 .cmp/eq 32, L_0x55e03787a1c0, L_0x7f4ef6951da0;
L_0x55e03787a690 .part L_0x55e037873b50, 54, 1;
L_0x55e03787a730 .concat [ 1 31 0 0], L_0x55e03787a690, L_0x7f4ef6951e30;
L_0x55e03787aaa0 .cmp/eq 32, L_0x55e03787a730, L_0x7f4ef6951e78;
L_0x55e03787ac10 .part L_0x55e037873b50, 53, 1;
L_0x55e03787aec0 .concat [ 1 31 0 0], L_0x55e03787ac10, L_0x7f4ef6951f08;
L_0x55e03787b030 .cmp/eq 32, L_0x55e03787aec0, L_0x7f4ef6951f50;
L_0x55e03787b3c0 .part L_0x55e037873b50, 52, 1;
L_0x55e03787b460 .concat [ 1 31 0 0], L_0x55e03787b3c0, L_0x7f4ef6951fe0;
L_0x55e03787b800 .cmp/eq 32, L_0x55e03787b460, L_0x7f4ef6952028;
L_0x55e03787b970 .part L_0x55e037873b50, 51, 1;
L_0x55e03787bc50 .concat [ 1 31 0 0], L_0x55e03787b970, L_0x7f4ef69520b8;
L_0x55e03787bdc0 .cmp/eq 32, L_0x55e03787bc50, L_0x7f4ef6952100;
L_0x55e03787c180 .part L_0x55e037873b50, 50, 1;
L_0x55e03787c220 .concat [ 1 31 0 0], L_0x55e03787c180, L_0x7f4ef6952190;
L_0x55e03787c5f0 .cmp/eq 32, L_0x55e03787c220, L_0x7f4ef69521d8;
L_0x55e03787c760 .part L_0x55e037873b50, 49, 1;
L_0x55e03787ca70 .concat [ 1 31 0 0], L_0x55e03787c760, L_0x7f4ef6952268;
L_0x55e03787cbe0 .cmp/eq 32, L_0x55e03787ca70, L_0x7f4ef69522b0;
L_0x55e03787cfd0 .part L_0x55e037873b50, 48, 1;
L_0x55e03787d070 .concat [ 1 31 0 0], L_0x55e03787cfd0, L_0x7f4ef6952340;
L_0x55e03787d470 .cmp/eq 32, L_0x55e03787d070, L_0x7f4ef6952388;
L_0x55e03787d5e0 .part L_0x55e037873b50, 47, 1;
L_0x55e03787d920 .concat [ 1 31 0 0], L_0x55e03787d5e0, L_0x7f4ef6952418;
L_0x55e03787e2a0 .cmp/eq 32, L_0x55e03787d920, L_0x7f4ef6952460;
L_0x55e03787e690 .part L_0x55e037873b50, 46, 1;
L_0x55e03787e730 .concat [ 1 31 0 0], L_0x55e03787e690, L_0x7f4ef69524f0;
L_0x55e03787eb60 .cmp/eq 32, L_0x55e03787e730, L_0x7f4ef6952538;
L_0x55e03787ecd0 .functor MUXZ 8, L_0x7f4ef69525c8, L_0x7f4ef6952580, L_0x55e03787eb60, C4<>;
L_0x55e03787f160 .functor MUXZ 8, L_0x55e03787ecd0, L_0x7f4ef69524a8, L_0x55e03787e2a0, C4<>;
L_0x55e03787f2f0 .functor MUXZ 8, L_0x55e03787f160, L_0x7f4ef69523d0, L_0x55e03787d470, C4<>;
L_0x55e03787f760 .functor MUXZ 8, L_0x55e03787f2f0, L_0x7f4ef69522f8, L_0x55e03787cbe0, C4<>;
L_0x55e03787f8f0 .functor MUXZ 8, L_0x55e03787f760, L_0x7f4ef6952220, L_0x55e03787c5f0, C4<>;
L_0x55e03787fd70 .functor MUXZ 8, L_0x55e03787f8f0, L_0x7f4ef6952148, L_0x55e03787bdc0, C4<>;
L_0x55e03787ff00 .functor MUXZ 8, L_0x55e03787fd70, L_0x7f4ef6952070, L_0x55e03787b800, C4<>;
L_0x55e037880390 .functor MUXZ 8, L_0x55e03787ff00, L_0x7f4ef6951f98, L_0x55e03787b030, C4<>;
L_0x55e037880520 .functor MUXZ 8, L_0x55e037880390, L_0x7f4ef6951ec0, L_0x55e03787aaa0, C4<>;
L_0x55e0378809c0 .functor MUXZ 8, L_0x55e037880520, L_0x7f4ef6951de8, L_0x55e03787a330, C4<>;
L_0x55e037880b50 .functor MUXZ 8, L_0x55e0378809c0, L_0x7f4ef6951d10, L_0x55e037879dd0, C4<>;
L_0x55e037881000 .functor MUXZ 8, L_0x55e037880b50, L_0x7f4ef6951c38, L_0x55e0378796c0, C4<>;
L_0x55e037881190 .functor MUXZ 8, L_0x55e037881000, L_0x7f4ef6951b60, L_0x55e037879190, C4<>;
L_0x55e037881650 .functor MUXZ 8, L_0x55e037881190, L_0x7f4ef6951a88, L_0x55e037878ae0, C4<>;
L_0x55e0378817e0 .functor MUXZ 8, L_0x55e037881650, L_0x7f4ef69519b0, L_0x55e0378785e0, C4<>;
L_0x55e037881cb0 .functor MUXZ 8, L_0x55e0378817e0, L_0x7f4ef69518d8, L_0x55e037877f90, C4<>;
L_0x55e037881e40 .functor MUXZ 8, L_0x55e037881cb0, L_0x7f4ef6951800, L_0x55e037877ac0, C4<>;
L_0x55e037882320 .functor MUXZ 8, L_0x55e037881e40, L_0x7f4ef6951728, L_0x55e0378775f0, C4<>;
L_0x55e0378824b0 .functor MUXZ 8, L_0x55e037882320, L_0x7f4ef6951650, L_0x55e037877150, C4<>;
L_0x55e0378829a0 .functor MUXZ 8, L_0x55e0378824b0, L_0x7f4ef6951578, L_0x55e037876bc0, C4<>;
L_0x55e037882b30 .functor MUXZ 8, L_0x55e0378829a0, L_0x7f4ef69514a0, L_0x55e037876750, C4<>;
L_0x55e037883030 .functor MUXZ 8, L_0x55e037882b30, L_0x7f4ef69513c8, L_0x55e037876220, C4<>;
L_0x55e0378831c0 .functor MUXZ 8, L_0x55e037883030, L_0x7f4ef69512f0, L_0x55e037875790, C4<>;
L_0x55e0378836d0 .functor MUXZ 8, L_0x55e0378831c0, L_0x7f4ef6951218, L_0x55e037875650, C4<>;
L_0x55e037883860 .functor MUXZ 8, L_0x55e0378836d0, L_0x7f4ef6951140, L_0x55e0378752a0, C4<>;
L_0x55e037883d80 .functor MUXZ 8, L_0x55e037883860, L_0x7f4ef6951068, L_0x55e037874e90, C4<>;
L_0x55e037883f10 .functor MUXZ 8, L_0x55e037883d80, L_0x7f4ef6950f90, L_0x55e037874b60, C4<>;
L_0x55e037884440 .functor MUXZ 8, L_0x55e037883f10, L_0x7f4ef6950eb8, L_0x55e0378747b0, C4<>;
L_0x55e0378845d0 .functor MUXZ 8, L_0x55e037884440, L_0x7f4ef6950de0, L_0x55e037874490, C4<>;
L_0x55e037884b10 .shift/l 75, L_0x55e037873b50, L_0x55e0378845d0;
L_0x55e037884c50 .arith/sum 8, L_0x7f4ef6952610, L_0x55e037874fd0;
L_0x55e037885150 .arith/sum 8, L_0x55e037884c50, L_0x7f4ef6952658;
S_0x55e037853380 .scope module, "mul" "mul_24" 4 17, 4 101 0, S_0x55e03779a490;
 .timescale 0 0;
    .port_info 0 /INPUT 24 "a";
    .port_info 1 /INPUT 24 "b";
    .port_info 2 /OUTPUT 48 "result";
v0x55e037853560_0 .net *"_ivl_0", 47 0, L_0x55e03785f240;  1 drivers
L_0x7f4ef69502a0 .functor BUFT 1, C4<000000000000000000000000>, C4<0>, C4<0>, C4<0>;
v0x55e037853660_0 .net *"_ivl_3", 23 0, L_0x7f4ef69502a0;  1 drivers
v0x55e037853740_0 .net *"_ivl_4", 47 0, L_0x55e03786f380;  1 drivers
L_0x7f4ef69502e8 .functor BUFT 1, C4<000000000000000000000000>, C4<0>, C4<0>, C4<0>;
v0x55e037853830_0 .net *"_ivl_7", 23 0, L_0x7f4ef69502e8;  1 drivers
v0x55e037853910_0 .net "a", 23 0, L_0x55e03785dde0;  alias, 1 drivers
v0x55e037853a20_0 .net "b", 23 0, L_0x55e03785e740;  alias, 1 drivers
v0x55e037853af0_0 .net "result", 47 0, L_0x55e03786f4b0;  alias, 1 drivers
L_0x55e03785f240 .concat [ 24 24 0 0], L_0x55e03785dde0, L_0x7f4ef69502a0;
L_0x55e03786f380 .concat [ 24 24 0 0], L_0x55e03785e740, L_0x7f4ef69502e8;
L_0x55e03786f4b0 .arith/mult 48, L_0x55e03785f240, L_0x55e03786f380;
S_0x55e037853c30 .scope module, "preprocessing" "pre_processing" 4 18, 4 139 0, S_0x55e03779a490;
 .timescale 0 0;
    .port_info 0 /INPUT 8 "exp_a";
    .port_info 1 /INPUT 8 "exp_b";
    .port_info 2 /INPUT 8 "exp_c";
    .port_info 3 /OUTPUT 9 "true_exp_ab_signed";
    .port_info 4 /OUTPUT 9 "true_exp_c_minus_ab_signed";
L_0x7f4ef6950378 .functor BUFT 1, C4<001111110>, C4<0>, C4<0>, C4<0>;
L_0x55e03786f730 .functor NOT 9, L_0x7f4ef6950378, C4<000000000>, C4<000000000>, C4<000000000>;
L_0x7f4ef6950330 .functor BUFT 1, C4<001111111>, C4<0>, C4<0>, C4<0>;
L_0x55e03786f890 .functor NOT 9, L_0x7f4ef6950330, C4<000000000>, C4<000000000>, C4<000000000>;
L_0x55e03786fb80 .functor NOT 9, L_0x7f4ef6950378, C4<000000000>, C4<000000000>, C4<000000000>;
L_0x55e0378700f0 .functor NOT 9, L_0x7f4ef6950330, C4<000000000>, C4<000000000>, C4<000000000>;
L_0x55e0378703e0 .functor NOT 9, L_0x7f4ef6950378, C4<000000000>, C4<000000000>, C4<000000000>;
L_0x55e0378706e0 .functor NOT 9, L_0x7f4ef6950330, C4<000000000>, C4<000000000>, C4<000000000>;
L_0x55e0378709d0 .functor NOT 9, L_0x55e037871180, C4<000000000>, C4<000000000>, C4<000000000>;
L_0x7f4ef6950408 .functor BUFT 1, C4<000000001>, C4<0>, C4<0>, C4<0>;
v0x55e037853e40_0 .net/2u *"_ivl_10", 8 0, L_0x7f4ef6950408;  1 drivers
v0x55e037853f20_0 .net *"_ivl_12", 8 0, L_0x55e03786f7f0;  1 drivers
L_0x7f4ef6950450 .functor BUFT 1, C4<0>, C4<0>, C4<0>, C4<0>;
v0x55e037854000_0 .net/2u *"_ivl_14", 0 0, L_0x7f4ef6950450;  1 drivers
v0x55e0378540f0_0 .net *"_ivl_16", 8 0, L_0x55e03786f9a0;  1 drivers
v0x55e0378541d0_0 .net *"_ivl_18", 8 0, L_0x55e03786f890;  1 drivers
v0x55e037854300_0 .net *"_ivl_20", 8 0, L_0x55e03786fae0;  1 drivers
L_0x7f4ef6950498 .functor BUFT 1, C4<000000001>, C4<0>, C4<0>, C4<0>;
v0x55e0378543e0_0 .net/2u *"_ivl_22", 8 0, L_0x7f4ef6950498;  1 drivers
v0x55e0378544c0_0 .net *"_ivl_24", 8 0, L_0x55e03786fc90;  1 drivers
L_0x7f4ef69504e0 .functor BUFT 1, C4<00000000>, C4<0>, C4<0>, C4<0>;
v0x55e0378545a0_0 .net/2u *"_ivl_28", 7 0, L_0x7f4ef69504e0;  1 drivers
v0x55e037854680_0 .net *"_ivl_30", 0 0, L_0x55e03786ff60;  1 drivers
v0x55e037854740_0 .net *"_ivl_32", 8 0, L_0x55e03786fb80;  1 drivers
L_0x7f4ef6950528 .functor BUFT 1, C4<000000001>, C4<0>, C4<0>, C4<0>;
v0x55e037854820_0 .net/2u *"_ivl_34", 8 0, L_0x7f4ef6950528;  1 drivers
v0x55e037854900_0 .net *"_ivl_36", 8 0, L_0x55e037870050;  1 drivers
L_0x7f4ef6950570 .functor BUFT 1, C4<0>, C4<0>, C4<0>, C4<0>;
v0x55e0378549e0_0 .net/2u *"_ivl_38", 0 0, L_0x7f4ef6950570;  1 drivers
L_0x7f4ef69503c0 .functor BUFT 1, C4<00000000>, C4<0>, C4<0>, C4<0>;
v0x55e037854ac0_0 .net/2u *"_ivl_4", 7 0, L_0x7f4ef69503c0;  1 drivers
v0x55e037854ba0_0 .net *"_ivl_40", 8 0, L_0x55e037870250;  1 drivers
v0x55e037854c80_0 .net *"_ivl_42", 8 0, L_0x55e0378700f0;  1 drivers
v0x55e037854d60_0 .net *"_ivl_44", 8 0, L_0x55e037870340;  1 drivers
L_0x7f4ef69505b8 .functor BUFT 1, C4<000000001>, C4<0>, C4<0>, C4<0>;
v0x55e037854e40_0 .net/2u *"_ivl_46", 8 0, L_0x7f4ef69505b8;  1 drivers
v0x55e037854f20_0 .net *"_ivl_48", 8 0, L_0x55e037870550;  1 drivers
L_0x7f4ef6950600 .functor BUFT 1, C4<00000000>, C4<0>, C4<0>, C4<0>;
v0x55e037855000_0 .net/2u *"_ivl_52", 7 0, L_0x7f4ef6950600;  1 drivers
v0x55e0378550e0_0 .net *"_ivl_54", 0 0, L_0x55e037870840;  1 drivers
v0x55e0378551a0_0 .net *"_ivl_56", 8 0, L_0x55e0378703e0;  1 drivers
L_0x7f4ef6950648 .functor BUFT 1, C4<000000001>, C4<0>, C4<0>, C4<0>;
v0x55e037855280_0 .net/2u *"_ivl_58", 8 0, L_0x7f4ef6950648;  1 drivers
v0x55e037855360_0 .net *"_ivl_6", 0 0, L_0x55e03786f640;  1 drivers
v0x55e037855420_0 .net *"_ivl_60", 8 0, L_0x55e037870930;  1 drivers
L_0x7f4ef6950690 .functor BUFT 1, C4<0>, C4<0>, C4<0>, C4<0>;
v0x55e037855500_0 .net/2u *"_ivl_62", 0 0, L_0x7f4ef6950690;  1 drivers
v0x55e0378555e0_0 .net *"_ivl_64", 8 0, L_0x55e037870b10;  1 drivers
v0x55e0378556c0_0 .net *"_ivl_66", 8 0, L_0x55e0378706e0;  1 drivers
v0x55e0378557a0_0 .net *"_ivl_68", 8 0, L_0x55e037870c90;  1 drivers
L_0x7f4ef69506d8 .functor BUFT 1, C4<000000001>, C4<0>, C4<0>, C4<0>;
v0x55e037855880_0 .net/2u *"_ivl_70", 8 0, L_0x7f4ef69506d8;  1 drivers
v0x55e037855960_0 .net *"_ivl_72", 8 0, L_0x55e037870e10;  1 drivers
v0x55e037855a40_0 .net *"_ivl_78", 8 0, L_0x55e0378709d0;  1 drivers
v0x55e037855b20_0 .net *"_ivl_8", 8 0, L_0x55e03786f730;  1 drivers
v0x55e037855c00_0 .net *"_ivl_80", 8 0, L_0x55e037871310;  1 drivers
L_0x7f4ef6950720 .functor BUFT 1, C4<000000001>, C4<0>, C4<0>, C4<0>;
v0x55e037855ce0_0 .net/2u *"_ivl_82", 8 0, L_0x7f4ef6950720;  1 drivers
v0x55e037855dc0_0 .net "data_126", 8 0, L_0x7f4ef6950378;  1 drivers
v0x55e037855ea0_0 .net "data_127", 8 0, L_0x7f4ef6950330;  1 drivers
v0x55e037855f80_0 .net "exp_a", 7 0, L_0x55e03785d7d0;  alias, 1 drivers
v0x55e037856040_0 .net "exp_b", 7 0, L_0x55e03785e0b0;  alias, 1 drivers
v0x55e037856110_0 .net "exp_c", 7 0, L_0x55e03785e9c0;  alias, 1 drivers
v0x55e0378561e0_0 .net "true_a", 8 0, L_0x55e03786fdd0;  1 drivers
v0x55e0378562a0_0 .net "true_b", 8 0, L_0x55e037870640;  1 drivers
v0x55e037856380_0 .net "true_c", 8 0, L_0x55e037870f50;  1 drivers
v0x55e037856460_0 .net "true_exp_ab_signed", 8 0, L_0x55e037871180;  alias, 1 drivers
v0x55e037856540_0 .net "true_exp_c_minus_ab_signed", 8 0, L_0x55e037870ff0;  alias, 1 drivers
L_0x55e03786f640 .cmp/eq 8, L_0x55e03785d7d0, L_0x7f4ef69503c0;
L_0x55e03786f7f0 .arith/sum 9, L_0x55e03786f730, L_0x7f4ef6950408;
L_0x55e03786f9a0 .concat [ 8 1 0 0], L_0x55e03785d7d0, L_0x7f4ef6950450;
L_0x55e03786fae0 .arith/sum 9, L_0x55e03786f9a0, L_0x55e03786f890;
L_0x55e03786fc90 .arith/sum 9, L_0x55e03786fae0, L_0x7f4ef6950498;
L_0x55e03786fdd0 .functor MUXZ 9, L_0x55e03786fc90, L_0x55e03786f7f0, L_0x55e03786f640, C4<>;
L_0x55e03786ff60 .cmp/eq 8, L_0x55e03785e0b0, L_0x7f4ef69504e0;
L_0x55e037870050 .arith/sum 9, L_0x55e03786fb80, L_0x7f4ef6950528;
L_0x55e037870250 .concat [ 8 1 0 0], L_0x55e03785e0b0, L_0x7f4ef6950570;
L_0x55e037870340 .arith/sum 9, L_0x55e037870250, L_0x55e0378700f0;
L_0x55e037870550 .arith/sum 9, L_0x55e037870340, L_0x7f4ef69505b8;
L_0x55e037870640 .functor MUXZ 9, L_0x55e037870550, L_0x55e037870050, L_0x55e03786ff60, C4<>;
L_0x55e037870840 .cmp/eq 8, L_0x55e03785e9c0, L_0x7f4ef6950600;
L_0x55e037870930 .arith/sum 9, L_0x55e0378703e0, L_0x7f4ef6950648;
L_0x55e037870b10 .concat [ 8 1 0 0], L_0x55e03785e9c0, L_0x7f4ef6950690;
L_0x55e037870c90 .arith/sum 9, L_0x55e037870b10, L_0x55e0378706e0;
L_0x55e037870e10 .arith/sum 9, L_0x55e037870c90, L_0x7f4ef69506d8;
L_0x55e037870f50 .functor MUXZ 9, L_0x55e037870e10, L_0x55e037870930, L_0x55e037870840, C4<>;
L_0x55e037871180 .arith/sum 9, L_0x55e03786fdd0, L_0x55e037870640;
L_0x55e037871310 .arith/sum 9, L_0x55e037870f50, L_0x55e0378709d0;
L_0x55e037870ff0 .arith/sum 9, L_0x55e037871310, L_0x7f4ef6950720;
S_0x55e0378566f0 .scope module, "rounding" "rounding" 4 88, 4 161 0, S_0x55e03779a490;
 .timescale 0 0;
    .port_info 0 /INPUT 24 "man";
    .port_info 1 /INPUT 1 "guard";
    .port_info 2 /INPUT 1 "round";
    .port_info 3 /INPUT 1 "sticky";
    .port_info 4 /OUTPUT 24 "rounded_man";
    .port_info 5 /OUTPUT 1 "exp_add";
L_0x55e037892b30 .functor AND 1, L_0x55e037893780, L_0x55e0378942c0, C4<1>, C4<1>;
L_0x55e037894450 .functor AND 1, L_0x55e037892b30, L_0x55e0378943b0, C4<1>, C4<1>;
L_0x55e037894600 .functor OR 1, L_0x55e037893ae0, L_0x55e037893ef0, C4<0>, C4<0>;
L_0x55e037894790 .functor OR 1, L_0x55e037894600, L_0x55e037894560, C4<0>, C4<0>;
L_0x55e037894800 .functor AND 1, L_0x55e037893780, L_0x55e037894790, C4<1>, C4<1>;
L_0x7f4ef6954080 .functor BUFT 1, C4<0>, C4<0>, C4<0>, C4<0>;
L_0x55e0378949a0 .functor XNOR 1, L_0x55e037894aa0, L_0x7f4ef6954080, C4<0>, C4<0>;
L_0x55e037894c30 .functor AND 1, L_0x55e037894800, L_0x55e0378949a0, C4<1>, C4<1>;
v0x55e037856920_0 .net *"_ivl_1", 0 0, L_0x55e0378942c0;  1 drivers
v0x55e037856a00_0 .net *"_ivl_11", 0 0, L_0x55e037894600;  1 drivers
v0x55e037856ac0_0 .net *"_ivl_13", 0 0, L_0x55e037894790;  1 drivers
L_0x7f4ef6954038 .functor BUFT 1, C4<000000000000000000000001>, C4<0>, C4<0>, C4<0>;
v0x55e037856b60_0 .net/2u *"_ivl_16", 23 0, L_0x7f4ef6954038;  1 drivers
v0x55e037856c40_0 .net *"_ivl_21", 0 0, L_0x55e037894aa0;  1 drivers
v0x55e037856d20_0 .net/2u *"_ivl_22", 0 0, L_0x7f4ef6954080;  1 drivers
v0x55e037856e00_0 .net *"_ivl_24", 0 0, L_0x55e0378949a0;  1 drivers
v0x55e037856ec0_0 .net *"_ivl_3", 0 0, L_0x55e037892b30;  1 drivers
v0x55e037856f80_0 .net *"_ivl_5", 0 0, L_0x55e0378943b0;  1 drivers
v0x55e0378570d0_0 .net "exp_add", 0 0, L_0x55e037894c30;  alias, 1 drivers
v0x55e037857190_0 .net "guard", 0 0, L_0x55e037893780;  alias, 1 drivers
v0x55e037857250_0 .net "halfway", 0 0, L_0x55e037894450;  1 drivers
v0x55e037857310_0 .net "increment", 0 0, L_0x55e037894800;  1 drivers
v0x55e0378573d0_0 .net "lsb", 0 0, L_0x55e037894560;  1 drivers
v0x55e037857490_0 .net "man", 23 0, L_0x55e0378941d0;  alias, 1 drivers
v0x55e037857570_0 .net "new_man", 23 0, L_0x55e037894900;  1 drivers
v0x55e037857650_0 .net "round", 0 0, L_0x55e037893ae0;  alias, 1 drivers
v0x55e037857710_0 .net "rounded_man", 23 0, L_0x55e037894d90;  alias, 1 drivers
v0x55e0378577f0_0 .net "sticky", 0 0, L_0x55e037893ef0;  alias, 1 drivers
L_0x55e0378942c0 .reduce/nor L_0x55e037893ae0;
L_0x55e0378943b0 .reduce/nor L_0x55e037893ef0;
L_0x55e037894560 .part L_0x55e0378941d0, 0, 1;
L_0x55e037894900 .arith/sum 24, L_0x55e0378941d0, L_0x7f4ef6954038;
L_0x55e037894aa0 .part L_0x55e037894900, 23, 1;
L_0x55e037894d90 .functor MUXZ 24, L_0x55e0378941d0, L_0x55e037894900, L_0x55e037894800, C4<>;
    .scope S_0x55e03779a490;
T_0 ;
    %load/vec4 v0x55e03785b320_0;
    %store/vec4 v0x55e03785b190_0, 0, 75;
    %end;
    .thread T_0, $init;
    .scope S_0x55e037812a20;
T_1 ;
    %vpi_call/w 3 20 "$dumpfile", "FMA_32_waveform.vcd" {0 0 0};
    %vpi_call/w 3 22 "$dumpvars", 32'sb00000000000000000000000000000000, S_0x55e037812a20 {0 0 0};
    %pushi/vec4 0, 0, 32;
    %store/vec4 v0x55e03785d2f0_0, 0, 32;
    %pushi/vec4 0, 0, 32;
    %store/vec4 v0x55e03785d420_0, 0, 32;
    %pushi/vec4 0, 0, 32;
    %store/vec4 v0x55e03785d530_0, 0, 32;
    %delay 10, 0;
    %vpi_call/w 3 28 "$display", "Test 0: a = %h, b = %h, c = %h, result = %h", v0x55e03785d2f0_0, v0x55e03785d420_0, v0x55e03785d530_0, v0x55e03785d620_0 {0 0 0};
    %delay 10, 0;
    %pushi/vec4 1065353216, 0, 32;
    %store/vec4 v0x55e03785d2f0_0, 0, 32;
    %pushi/vec4 1073741824, 0, 32;
    %store/vec4 v0x55e03785d420_0, 0, 32;
    %pushi/vec4 1077936128, 0, 32;
    %store/vec4 v0x55e03785d530_0, 0, 32;
    %delay 10, 0;
    %vpi_call/w 3 33 "$display", "Test 1: a = %h, b = %h, c = %h, result = %h", v0x55e03785d2f0_0, v0x55e03785d420_0, v0x55e03785d530_0, v0x55e03785d620_0 {0 0 0};
    %delay 10, 0;
    %vpi_call/w 3 39 "$finish" {0 0 0};
    %end;
    .thread T_1;
# The file index is used to find the file name in the following table.
:file_names 5;
    "N/A";
    "<interactive>";
    "-";
    "./tb_fma.sv";
    "./FMA_32.sv";
