VCD info: dumpfile dump.vcd opened for output.
a[          0]=3524
c[          0]=xxxx
c[          1]=xxxx
c[          2]=xxxx
c[          3]=xxxx
c[          4]=xxxx
c[          5]=xxxx
c[          6]=xxxx
c[          7]=xxxx
c[          8]=xxxx
c[          9]=xxxx
c[         10]=xxxx
c[         11]=xxxx
c[         12]=xxxx
c[         13]=xxxx
c[         14]=xxxx
c[         15]=xxxx
c[         16]=xxxx
c[         17]=xxxx
c[         18]=xxxx
c[         19]=xxxx
c[         20]=xxxx
c[         21]=xxxx
c[         22]=xxxx
c[         23]=xxxx
c[         24]=xxxx
c[         25]=xxxx
c[         26]=xxxx
c[         27]=xxxx
c[         28]=xxxx
c[         29]=xxxx
c[         30]=xxxx
c[         31]=xxxx
a[          1]=5e81
c[          0]=xxxx
c[          1]=xxxx
c[          2]=xxxx
c[          3]=xxxx
c[          4]=xxxx
c[          5]=xxxx
c[          6]=xxxx
c[          7]=xxxx
c[          8]=xxxx
c[          9]=xxxx
c[         10]=xxxx
c[         11]=xxxx
c[         12]=xxxx
c[         13]=xxxx
c[         14]=xxxx
c[         15]=xxxx
c[         16]=xxxx
c[         17]=xxxx
c[         18]=xxxx
c[         19]=xxxx
c[         20]=xxxx
c[         21]=xxxx
c[         22]=xxxx
c[         23]=xxxx
c[         24]=xxxx
c[         25]=xxxx
c[         26]=xxxx
c[         27]=xxxx
c[         28]=xxxx
c[         29]=xxxx
c[         30]=xxxx
c[         31]=xxxx
a[          2]=d609
c[          0]=xxxx
c[          1]=xxxx
c[          2]=xxxx
c[          3]=xxxx
c[          4]=xxxx
c[          5]=xxxx
c[          6]=xxxx
c[          7]=xxxx
c[          8]=xxxx
c[          9]=xxxx
c[         10]=xxxx
c[         11]=xxxx
c[         12]=xxxx
c[         13]=xxxx
c[         14]=xxxx
c[         15]=xxxx
c[         16]=xxxx
c[         17]=xxxx
c[         18]=xxxx
c[         19]=xxxx
c[         20]=xxxx
c[         21]=xxxx
c[         22]=xxxx
c[         23]=xxxx
c[         24]=xxxx
c[         25]=xxxx
c[         26]=xxxx
c[         27]=xxxx
c[         28]=xxxx
c[         29]=xxxx
c[         30]=xxxx
c[         31]=xxxx
a[          3]=5663
c[          0]=xxxx
c[          1]=xxxx
c[          2]=xxxx
c[          3]=xxxx
c[          4]=xxxx
c[          5]=xxxx
c[          6]=xxxx
c[          7]=xxxx
c[          8]=xxxx
c[          9]=xxxx
c[         10]=xxxx
c[         11]=xxxx
c[         12]=xxxx
c[         13]=xxxx
c[         14]=xxxx
c[         15]=xxxx
c[         16]=xxxx
c[         17]=xxxx
c[         18]=xxxx
c[         19]=xxxx
c[         20]=xxxx
c[         21]=xxxx
c[         22]=xxxx
c[         23]=xxxx
c[         24]=xxxx
c[         25]=xxxx
c[         26]=xxxx
c[         27]=xxxx
c[         28]=xxxx
c[         29]=xxxx
c[         30]=xxxx
c[         31]=xxxx
a[          4]=7b0d
c[          0]=xxxx
c[          1]=xxxx
c[          2]=xxxx
c[          3]=xxxx
c[          4]=xxxx
c[          5]=xxxx
c[          6]=xxxx
c[          7]=xxxx
c[          8]=xxxx
c[          9]=xxxx
c[         10]=xxxx
c[         11]=xxxx
c[         12]=xxxx
c[         13]=xxxx
c[         14]=xxxx
c[         15]=xxxx
c[         16]=xxxx
c[         17]=xxxx
c[         18]=xxxx
c[         19]=xxxx
c[         20]=xxxx
c[         21]=xxxx
c[         22]=xxxx
c[         23]=xxxx
c[         24]=xxxx
c[         25]=xxxx
c[         26]=xxxx
c[         27]=xxxx
c[         28]=xxxx
c[         29]=xxxx
c[         30]=xxxx
c[         31]=xxxx
a[          5]=998d
c[          0]=xxxx
c[          1]=xxxx
c[          2]=xxxx
c[          3]=xxxx
c[          4]=xxxx
c[          5]=xxxx
c[          6]=xxxx
c[          7]=xxxx
c[          8]=xxxx
c[          9]=xxxx
c[         10]=xxxx
c[         11]=xxxx
c[         12]=xxxx
c[         13]=xxxx
c[         14]=xxxx
c[         15]=xxxx
c[         16]=xxxx
c[         17]=xxxx
c[         18]=xxxx
c[         19]=xxxx
c[         20]=xxxx
c[         21]=xxxx
c[         22]=xxxx
c[         23]=xxxx
c[         24]=xxxx
c[         25]=xxxx
c[         26]=xxxx
c[         27]=xxxx
c[         28]=xxxx
c[         29]=xxxx
c[         30]=xxxx
c[         31]=xxxx
a[          6]=8465
c[          0]=xxxx
c[          1]=xxxx
c[          2]=xxxx
c[          3]=xxxx
c[          4]=xxxx
c[          5]=xxxx
c[          6]=xxxx
c[          7]=xxxx
c[          8]=xxxx
c[          9]=xxxx
c[         10]=xxxx
c[         11]=xxxx
c[         12]=xxxx
c[         13]=xxxx
c[         14]=xxxx
c[         15]=xxxx
c[         16]=xxxx
c[         17]=xxxx
c[         18]=xxxx
c[         19]=xxxx
c[         20]=xxxx
c[         21]=xxxx
c[         22]=xxxx
c[         23]=xxxx
c[         24]=xxxx
c[         25]=xxxx
c[         26]=xxxx
c[         27]=xxxx
c[         28]=xxxx
c[         29]=xxxx
c[         30]=xxxx
c[         31]=xxxx
a[          7]=5212
c[          0]=xxxx
c[          1]=xxxx
c[          2]=xxxx
c[          3]=xxxx
c[          4]=xxxx
c[          5]=xxxx
c[          6]=xxxx
c[          7]=xxxx
c[          8]=xxxx
c[          9]=xxxx
c[         10]=xxxx
c[         11]=xxxx
c[         12]=xxxx
c[         13]=xxxx
c[         14]=xxxx
c[         15]=xxxx
c[         16]=xxxx
c[         17]=xxxx
c[         18]=xxxx
c[         19]=xxxx
c[         20]=xxxx
c[         21]=xxxx
c[         22]=xxxx
c[         23]=xxxx
c[         24]=xxxx
c[         25]=xxxx
c[         26]=xxxx
c[         27]=xxxx
c[         28]=xxxx
c[         29]=xxxx
c[         30]=xxxx
c[         31]=xxxx
a[          8]=e301
c[          0]=xxxx
c[          1]=xxxx
c[          2]=xxxx
c[          3]=xxxx
c[          4]=xxxx
c[          5]=xxxx
c[          6]=xxxx
c[          7]=xxxx
c[          8]=xxxx
c[          9]=xxxx
c[         10]=xxxx
c[         11]=xxxx
c[         12]=xxxx
c[         13]=xxxx
c[         14]=xxxx
c[         15]=xxxx
c[         16]=xxxx
c[         17]=xxxx
c[         18]=xxxx
c[         19]=xxxx
c[         20]=xxxx
c[         21]=xxxx
c[         22]=xxxx
c[         23]=xxxx
c[         24]=xxxx
c[         25]=xxxx
c[         26]=xxxx
c[         27]=xxxx
c[         28]=xxxx
c[         29]=xxxx
c[         30]=xxxx
c[         31]=xxxx
a[          9]=cd0d
c[          0]=xxxx
c[          1]=xxxx
c[          2]=xxxx
c[          3]=xxxx
c[          4]=xxxx
c[          5]=xxxx
c[          6]=xxxx
c[          7]=xxxx
c[          8]=xxxx
c[          9]=xxxx
c[         10]=xxxx
c[         11]=xxxx
c[         12]=xxxx
c[         13]=xxxx
c[         14]=xxxx
c[         15]=xxxx
c[         16]=xxxx
c[         17]=xxxx
c[         18]=xxxx
c[         19]=xxxx
c[         20]=xxxx
c[         21]=xxxx
c[         22]=xxxx
c[         23]=xxxx
c[         24]=xxxx
c[         25]=xxxx
c[         26]=xxxx
c[         27]=xxxx
c[         28]=xxxx
c[         29]=xxxx
c[         30]=xxxx
c[         31]=xxxx
a[         10]=f176
c[          0]=xxxx
c[          1]=xxxx
c[          2]=xxxx
c[          3]=xxxx
c[          4]=xxxx
c[          5]=xxxx
c[          6]=xxxx
c[          7]=xxxx
c[          8]=xxxx
c[          9]=xxxx
c[         10]=xxxx
c[         11]=xxxx
c[         12]=xxxx
c[         13]=xxxx
c[         14]=xxxx
c[         15]=xxxx
c[         16]=xxxx
c[         17]=xxxx
c[         18]=xxxx
c[         19]=xxxx
c[         20]=xxxx
c[         21]=xxxx
c[         22]=xxxx
c[         23]=xxxx
c[         24]=xxxx
c[         25]=xxxx
c[         26]=xxxx
c[         27]=xxxx
c[         28]=xxxx
c[         29]=xxxx
c[         30]=xxxx
c[         31]=xxxx
a[         11]=cd3d
c[          0]=xxxx
c[          1]=xxxx
c[          2]=xxxx
c[          3]=xxxx
c[          4]=xxxx
c[          5]=xxxx
c[          6]=xxxx
c[          7]=xxxx
c[          8]=xxxx
c[          9]=xxxx
c[         10]=xxxx
c[         11]=xxxx
c[         12]=xxxx
c[         13]=xxxx
c[         14]=xxxx
c[         15]=xxxx
c[         16]=xxxx
c[         17]=xxxx
c[         18]=xxxx
c[         19]=xxxx
c[         20]=xxxx
c[         21]=xxxx
c[         22]=xxxx
c[         23]=xxxx
c[         24]=xxxx
c[         25]=xxxx
c[         26]=xxxx
c[         27]=xxxx
c[         28]=xxxx
c[         29]=xxxx
c[         30]=xxxx
c[         31]=xxxx
a[         12]=57ed
c[          0]=xxxx
c[          1]=xxxx
c[          2]=xxxx
c[          3]=xxxx
c[          4]=xxxx
c[          5]=xxxx
c[          6]=xxxx
c[          7]=xxxx
c[          8]=xxxx
c[          9]=xxxx
c[         10]=xxxx
c[         11]=xxxx
c[         12]=xxxx
c[         13]=xxxx
c[         14]=xxxx
c[         15]=xxxx
c[         16]=xxxx
c[         17]=xxxx
c[         18]=xxxx
c[         19]=xxxx
c[         20]=xxxx
c[         21]=xxxx
c[         22]=xxxx
c[         23]=xxxx
c[         24]=xxxx
c[         25]=xxxx
c[         26]=xxxx
c[         27]=xxxx
c[         28]=xxxx
c[         29]=xxxx
c[         30]=xxxx
c[         31]=xxxx
a[         13]=f78c
c[          0]=xxxx
c[          1]=xxxx
c[          2]=xxxx
c[          3]=xxxx
c[          4]=xxxx
c[          5]=xxxx
c[          6]=xxxx
c[          7]=xxxx
c[          8]=xxxx
c[          9]=xxxx
c[         10]=xxxx
c[         11]=xxxx
c[         12]=xxxx
c[         13]=xxxx
c[         14]=xxxx
c[         15]=xxxx
c[         16]=xxxx
c[         17]=xxxx
c[         18]=xxxx
c[         19]=xxxx
c[         20]=xxxx
c[         21]=xxxx
c[         22]=xxxx
c[         23]=xxxx
c[         24]=xxxx
c[         25]=xxxx
c[         26]=xxxx
c[         27]=xxxx
c[         28]=xxxx
c[         29]=xxxx
c[         30]=xxxx
c[         31]=xxxx
a[         14]=e9f9
c[          0]=xxxx
c[          1]=xxxx
c[          2]=xxxx
c[          3]=xxxx
c[          4]=xxxx
c[          5]=xxxx
c[          6]=xxxx
c[          7]=xxxx
c[          8]=xxxx
c[          9]=xxxx
c[         10]=xxxx
c[         11]=xxxx
c[         12]=xxxx
c[         13]=xxxx
c[         14]=xxxx
c[         15]=xxxx
c[         16]=xxxx
c[         17]=xxxx
c[         18]=xxxx
c[         19]=xxxx
c[         20]=xxxx
c[         21]=xxxx
c[         22]=xxxx
c[         23]=xxxx
c[         24]=xxxx
c[         25]=xxxx
c[         26]=xxxx
c[         27]=xxxx
c[         28]=xxxx
c[         29]=xxxx
c[         30]=xxxx
c[         31]=xxxx
a[         15]=24c6
c[          0]=xxxx
c[          1]=xxxx
c[          2]=xxxx
c[          3]=xxxx
c[          4]=xxxx
c[          5]=xxxx
c[          6]=xxxx
c[          7]=xxxx
c[          8]=xxxx
c[          9]=xxxx
c[         10]=xxxx
c[         11]=xxxx
c[         12]=xxxx
c[         13]=xxxx
c[         14]=xxxx
c[         15]=xxxx
c[         16]=xxxx
c[         17]=xxxx
c[         18]=xxxx
c[         19]=xxxx
c[         20]=xxxx
c[         21]=xxxx
c[         22]=xxxx
c[         23]=xxxx
c[         24]=xxxx
c[         25]=xxxx
c[         26]=xxxx
c[         27]=xxxx
c[         28]=xxxx
c[         29]=xxxx
c[         30]=xxxx
c[         31]=xxxx
b[          0][          0]=84c5
b[          1][          0]=d2aa
b[          2][          0]=f7e5
b[          3][          0]=7277
b[          4][          0]=d612
b[          5][          0]=db8f
b[          6][          0]=69f2
b[          7][          0]=96ce
b[          8][          0]=7ae8
b[          9][          0]=4ec5
b[         10][          0]=495c
b[         11][          0]=28bd
b[         12][          0]=582d
b[         13][          0]=2665
b[         14][          0]=6263
b[         15][          0]=870a
b[          0][          1]=2280
b[          1][          1]=2120
b[          2][          1]=45aa
b[          3][          1]=cc9d
b[          4][          1]=3e96
b[          5][          1]=b813
b[          6][          1]=380d
b[          7][          1]=d653
b[          8][          1]=dd6b
b[          9][          1]=2ad5
b[         10][          1]=4a02
b[         11][          1]=3eae
b[         12][          1]=e91d
b[         13][          1]=72cf
b[         14][          1]=4923
b[         15][          1]=650a
b[          0][          2]=0aca
b[          1][          2]=4c3c
b[          2][          2]=bdf2
b[          3][          2]=618a
b[          4][          2]=b341
b[          5][          2]=34d8
b[          6][          2]=f378
b[          7][          2]=1289
b[          8][          2]=0deb
b[          9][          2]=65b6
b[         10][          2]=f9c6
b[         11][          2]=13ae
b[         12][          2]=02bc
b[         13][          2]=dd2a
b[         14][          2]=9a0b
b[         15][          2]=be71
b[          0][          3]=4185
b[          1][          3]=554f
b[          2][          3]=603b
b[          3][          3]=333a
b[          4][          3]=327e
b[          5][          3]=4b15
b[          6][          3]=9bf1
b[          7][          3]=4bd9
b[          8][          3]=0762
b[          9][          3]=fb4c
b[         10][          3]=559f
b[         11][          3]=a18f
b[         12][          3]=a9f8
b[         13][          3]=60b7
b[         14][          3]=569f
b[         15][          3]=945c
b[          0][          4]=c05b
b[          1][          4]=3789
b[          2][          4]=3249
b[          3][          4]=3ed0
b[          4][          4]=c0d7
b[          5][          4]=fc51
b[          6][          4]=2f96
b[          7][          4]=7f0c
b[          8][          4]=cec2
b[          9][          4]=edc8
b[         10][          4]=5a77
b[         11][          4]=ed3d
b[         12][          4]=db12
b[         13][          4]=007e
b[         14][          4]=816d
b[         15][          4]=e739
b[          0][          5]=8f1f
b[          1][          5]=f6d3
b[          2][          5]=2f85
b[          3][          5]=8878
b[          4][          5]=595b
b[          5][          5]=4b49
b[          6][          5]=ae3f
b[          7][          5]=af2a
b[          8][          5]=6358
b[          9][          5]=3886
b[         10][          5]=0c8e
b[         11][          5]=f29c
b[         12][          5]=99fa
b[         13][          5]=bc26
b[         14][          5]=1773
b[         15][          5]=b4a3
b[          0][          6]=a82f
b[          1][          6]=92b3
b[          2][          6]=565f
b[          3][          6]=0d44
b[          4][          6]=fdf7
b[          5][          6]=36cb
b[          6][          6]=1ae6
b[          7][          6]=db5a
b[          8][          6]=c129
b[          9][          6]=e2ed
b[         10][          6]=6cda
b[         11][          6]=b665
b[         12][          6]=e2b5
b[         13][          6]=94df
b[         14][          6]=1979
b[         15][          6]=ff44
b[          0][          7]=0cd0
b[          1][          7]=0b2a
b[          2][          7]=adab
b[          3][          7]=cf0e
b[          4][          7]=addc
b[          5][          7]=bc9a
b[          6][          7]=72fd
b[          7][          7]=02c3
b[          8][          7]=ed56
b[          9][          7]=e94e
b[         10][          7]=7667
b[         11][          7]=340a
b[         12][          7]=b9b6
b[         13][          7]=8a38
b[         14][          7]=8779
b[         15][          7]=c4b8
b[          0][          8]=bf94
b[          1][          8]=5d93
b[          2][          8]=2c04
b[          3][          8]=ca59
b[          4][          8]=69db
b[          5][          8]=de4d
b[          6][          8]=b7d9
b[          7][          8]=266d
b[          8][          8]=e276
b[          9][          8]=49ca
b[         10][          8]=2db6
b[         11][          8]=7195
b[         12][          8]=1a46
b[         13][          8]=9b04
b[         14][          8]=61f7
b[         15][          8]=0769
b[          0][          9]=bab4
b[          1][          9]=8d88
b[          2][          9]=d928
b[          3][          9]=042d
b[          4][          9]=30c7
b[          5][          9]=9c2e
b[          6][          9]=e408
b[          7][          9]=451c
b[          8][          9]=a6fd
b[          9][          9]=0729
b[         10][          9]=901c
b[         11][          9]=6786
b[         12][          9]=08da
b[         13][          9]=c63d
b[         14][          9]=a766
b[         15][          9]=c470
b[          0][         10]=0473
b[          1][         10]=99ba
b[          2][         10]=b35e
b[          3][         10]=79fa
b[          4][         10]=05d5
b[          5][         10]=f61a
b[          6][         10]=00b9
b[          7][         10]=6137
b[          8][         10]=3796
b[          9][         10]=21c0
b[         10][         10]=9f26
b[         11][         10]=1ab6
b[         12][         10]=837d
b[         13][         10]=0fdc
b[         14][         10]=5786
b[         15][         10]=ff78
b[          0][         11]=9b7e
b[          1][         11]=80db
b[          2][         11]=b6cf
b[          3][         11]=2b79
b[          4][         11]=e4fa
b[          5][         11]=ee61
b[          6][         11]=0917
b[          7][         11]=78a1
b[          8][         11]=9186
b[          9][         11]=9650
b[         10][         11]=59f5
b[         11][         11]=8835
b[         12][         11]=8a29
b[         13][         11]=75c1
b[         14][         11]=74c5
b[         15][         11]=b498
b[          0][         12]=7b4b
b[          1][         12]=4273
b[          2][         12]=e6ec
b[          3][         12]=168a
b[          4][         12]=d14e
b[          5][         12]=80a8
b[          6][         12]=fda9
b[          7][         12]=8ca1
b[          8][         12]=b90e
b[          9][         12]=66e6
b[         10][         12]=c09f
b[         11][         12]=b52a
b[         12][         12]=1d2a
b[         13][         12]=f48d
b[         14][         12]=ff9e
b[         15][         12]=e638
b[          0][         13]=a879
b[          1][         13]=e3c8
b[          2][         13]=45ca
b[          3][         13]=4113
b[          4][         13]=c96b
b[          5][         13]=aec7
b[          6][         13]=ddb6
b[          7][         13]=9dba
b[          8][         13]=abc4
b[          9][         13]=95b9
b[         10][         13]=d392
b[         11][         13]=9ab4
b[         12][         13]=3b7f
b[         13][         13]=9086
b[         14][         13]=f5fa
b[         15][         13]=94f2
b[          0][         14]=2132
b[          1][         14]=5ebd
b[          2][         14]=cd84
b[          3][         14]=a4e4
b[          4][         14]=cfca
b[          5][         14]=79a9
b[          6][         14]=a8a1
b[          7][         14]=a98e
b[          8][         14]=6afb
b[          9][         14]=1e0b
b[         10][         14]=90ef
b[         11][         14]=3dc9
b[         12][         14]=e536
b[         13][         14]=4875
b[         14][         14]=568f
b[         15][         14]=bf6b
b[          0][         15]=e788
b[          1][         15]=b4ae
b[          2][         15]=819b
b[          3][         15]=4592
b[          4][         15]=df28
b[          5][         15]=e02d
b[          6][         15]=5f4b
b[          7][         15]=b0c2
b[          8][         15]=f61e
b[          9][         15]=050d
b[         10][         15]=fdec
b[         11][         15]=9d18
b[         12][         15]=1bd1
b[         13][         15]=1c86
b[         14][         15]=2441
b[         15][         15]=643b
b[          0][         16]=f9d8
b[          1][         16]=e953
b[          2][         16]=6256
b[          3][         16]=225b
b[          4][         16]=fae2
b[          5][         16]=e204
b[          6][         16]=0373
b[          7][         16]=b4d8
b[          8][         16]=4d12
b[          9][         16]=44b8
b[         10][         16]=1239
b[         11][         16]=b6e5
b[         12][         16]=dca1
b[         13][         16]=0f2b
b[         14][         16]=5d81
b[         15][         16]=85c8
b[          0][         17]=5527
b[          1][         17]=f9a1
b[          2][         17]=6e1f
b[          3][         17]=3a04
b[          4][         17]=2358
b[          5][         17]=8096
b[          6][         17]=9314
b[          7][         17]=b412
b[          8][         17]=7096
b[          9][         17]=e2b1
b[         10][         17]=d555
b[         11][         17]=8eed
b[         12][         17]=2b2b
b[         13][         17]=1bf5
b[         14][         17]=03ad
b[         15][         17]=2227
b[          0][         18]=ff84
b[          1][         18]=e4a7
b[          2][         18]=a6e7
b[          3][         18]=90b9
b[          4][         18]=5649
b[          5][         18]=bbdb
b[          6][         18]=0fc9
b[          7][         18]=b151
b[          8][         18]=5ea1
b[          9][         18]=dd2a
b[         10][         18]=45fa
b[         11][         18]=2045
b[         12][         18]=0583
b[         13][         18]=427c
b[         14][         18]=1472
b[         15][         18]=3cfe
b[          0][         19]=f268
b[          1][         19]=aa6f
b[          2][         19]=0d86
b[          3][         19]=21f0
b[          4][         19]=9738
b[          5][         19]=9140
b[          6][         19]=7628
b[          7][         19]=a9f6
b[          8][         19]=1ac5
b[          9][         19]=31c0
b[         10][         19]=5f74
b[         11][         19]=7139
b[         12][         19]=6ab0
b[         13][         19]=873c
b[         14][         19]=932a
b[         15][         19]=d362
b[          0][         20]=3515
b[          1][         20]=4ee1
b[          2][         20]=9d17
b[          3][         20]=ee43
b[          4][         20]=e3c9
b[          5][         20]=0486
b[          6][         20]=cb25
b[          7][         20]=9dc1
b[          8][         20]=a28d
b[          9][         20]=e25a
b[         10][         20]=2707
b[         11][         20]=7b2c
b[         12][         20]=5d0c
b[         13][         20]=e671
b[         14][         20]=7c3b
b[         15][         20]=e5b6
b[          0][         21]=c2f7
b[          1][         21]=ce9e
b[          2][         21]=585c
b[          3][         21]=f755
b[          4][         21]=3a20
b[          5][         21]=12a0
b[          6][         21]=0972
b[          7][         21]=8cb4
b[          8][         21]=f5dd
b[          9][         21]=f00d
b[         10][         21]=994b
b[         11][         21]=4279
b[         12][         21]=da9e
b[         13][         21]=64fd
b[         14][         21]=d27b
b[         15][         21]=738f
b[          0][         22]=9a03
b[          1][         22]=29e3
b[          2][         22]=431d
b[          3][         22]=3db1
b[          4][         22]=9f44
b[          5][         22]=bc95
b[          6][         22]=34e0
b[          7][         22]=78ed
b[          8][         22]=1552
b[          9][         22]=5bf8
b[         10][         22]=b78d
b[         11][         22]=c452
b[         12][         22]=e784
b[         13][         22]=fd46
b[         14][         22]=928c
b[         15][         22]=7d90
b[          0][         23]=c117
b[          1][         23]=616a
b[          2][         23]=5784
b[          3][         23]=bcaa
b[          4][         23]=0f7c
b[          5][         23]=0260
b[          6][         23]=4dba
b[          7][         23]=608b
b[          8][         23]=fea6
b[          9][         23]=1e25
b[         10][         23]=8332
b[         11][         23]=04a2
b[         12][         23]=7c49
b[         13][         23]=b014
b[         14][         23]=c03d
b[         15][         23]=034b
b[          0][         24]=305c
b[          1][         24]=7547
b[          2][         24]=9786
b[          3][         24]=7a39
b[          4][         24]=8ab4
b[          5][         24]=e5d0
b[          6][         24]=502c
b[          7][         24]=458c
b[          8][         24]=b707
b[          9][         24]=406a
b[         10][         24]=f911
b[         11][         24]=ffe8
b[         12][         24]=9e4b
b[         13][         24]=8173
b[         14][         24]=5bec
b[         15][         24]=0523
b[          0][         25]=efa4
b[          1][         25]=65c9
b[          2][         25]=0439
b[          3][         25]=72df
b[          4][         25]=14d4
b[          5][         25]=6567
b[          6][         25]=419d
b[          7][         25]=25b0
b[          8][         25]=3982
b[          9][         25]=bf49
b[         10][         25]=1ad9
b[         11][         25]=b720
b[         12][         25]=4c1c
b[         13][         25]=6f93
b[         14][         25]=61e3
b[         15][         25]=822a
b[          0][         26]=f8c8
b[          1][         26]=2e5d
b[          2][         26]=9d3a
b[          3][         26]=a984
b[          4][         26]=a82b
b[          5][         26]=7f39
b[          6][         26]=1c12
b[          7][         26]=0052
b[          8][         26]=8959
b[          9][         26]=96d0
b[         10][         26]=ea6e
b[         11][         26]=2997
b[         12][         26]=87db
b[         13][         26]=77a6
b[         14][         26]=d3bb
b[         15][         26]=7c00
b[          0][         27]=4c0f
b[          1][         27]=d669
b[          2][         27]=620c
b[          3][         27]=1959
b[          4][         27]=49c5
b[          5][         27]=35cf
b[          6][         27]=e590
b[          7][         27]=d851
b[          8][         27]=a469
b[          9][         27]=cd77
b[         10][         27]=654a
b[         11][         27]=58d8
b[         12][         27]=4d9b
b[         13][         27]=9ac4
b[         14][         27]=b1b8
b[         15][         27]=f2b7
b[          0][         28]=ee86
b[          1][         28]=5a30
b[          2][         28]=5377
b[          3][         28]=c7b5
b[          4][         28]=f5d4
b[          5][         28]=8707
b[          6][         28]=9776
b[          7][         28]=ade9
b[          8][         28]=8b8b
b[          9][         28]=5f01
b[         10][         28]=8bdb
b[         11][         28]=4280
b[         12][         28]=9fc2
b[         13][         28]=dac5
b[         14][         28]=fa30
b[         15][         28]=e4af
b[          0][         29]=da66
b[          1][         29]=b9af
b[          2][         29]=6ee9
b[          3][         29]=aff8
b[          4][         29]=ac06
b[          5][         29]=76ef
b[          6][         29]=37e1
b[          7][         29]=7c95
b[          8][         29]=3eee
b[          9][         29]=4d60
b[         10][         29]=5ee5
b[         11][         29]=ea28
b[         12][         29]=7d64
b[         13][         29]=3729
b[         14][         29]=aee1
b[         15][         29]=5277
b[          0][         30]=156e
b[          1][         30]=f581
b[          2][         30]=b9d5
b[          3][         30]=d568
b[          4][         30]=71f0
b[          5][         30]=00aa
b[          6][         30]=c30f
b[          7][         30]=48f1
b[          8][         30]=bc7d
b[          9][         30]=958e
b[         10][         30]=dce2
b[         11][         30]=4d3c
b[         12][         30]=e6a9
b[         13][         30]=b1ef
b[         14][         30]=d05b
b[         15][         30]=3caf
b[          0][         31]=9b4a
b[          1][         31]=0db9
b[          2][         31]=2d13
b[          3][         31]=3513
b[          4][         31]=4165
b[          5][         31]=2751
b[          6][         31]=3ab7
b[          7][         31]=1099
b[          8][         31]=083a
b[          9][         31]=3a71
b[         10][         31]=0762
b[         11][         31]=6ae4
b[         12][         31]=dd2a
b[         13][         31]=447d
b[         14][         31]=5f59
b[         15][         31]=a3e5
./tb_tmul.sv:92: $finish called at 30 (1s)
