#! /usr/bin/vvp
:ivl_version "11.0 (stable)";
:ivl_delay_selection "TYPICAL";
:vpi_time_precision + 0;
:vpi_module "/usr/lib/x86_64-linux-gnu/ivl/system.vpi";
:vpi_module "/usr/lib/x86_64-linux-gnu/ivl/vhdl_sys.vpi";
:vpi_module "/usr/lib/x86_64-linux-gnu/ivl/vhdl_textio.vpi";
:vpi_module "/usr/lib/x86_64-linux-gnu/ivl/v2005_math.vpi";
:vpi_module "/usr/lib/x86_64-linux-gnu/ivl/va_math.vpi";
:vpi_module "/usr/lib/x86_64-linux-gnu/ivl/v2009.vpi";
S_0x5645d57c25d0 .scope package, "$unit" "$unit" 2 1;
 .timescale 0 0;
S_0x5645d57c13b0 .scope module, "tb_FP32_mul" "tb_FP32_mul" 3 4;
 .timescale 0 0;
v0x5645d57f7d50_0 .var "mul1", 31 0;
v0x5645d57f7e10_0 .var "mul2", 31 0;
v0x5645d57f7f60_0 .net "product", 31 0, L_0x5645d5824500;  1 drivers
S_0x5645d57c0780 .scope module, "mul" "FP32_mul" 3 11, 4 4 0, S_0x5645d57c13b0;
 .timescale 0 0;
    .port_info 0 /INPUT 32 "mul1";
    .port_info 1 /INPUT 32 "mul2";
    .port_info 2 /OUTPUT 32 "product";
L_0x5645d580a010 .functor NOT 15, L_0x5645d5823940, C4<000000000000000>, C4<000000000000000>, C4<000000000000000>;
L_0x5645d57f8d60 .functor NOT 8, L_0x5645d5823f80, C4<00000000>, C4<00000000>, C4<00000000>;
L_0x7f90c53e5d18 .functor BUFT 1, C4<0000000>, C4<0>, C4<0>, C4<0>;
v0x5645d57f6530_0 .net/2u *"_ivl_0", 6 0, L_0x7f90c53e5d18;  1 drivers
L_0x7f90c53e5da8 .functor BUFT 1, C4<000>, C4<0>, C4<0>, C4<0>;
v0x5645d57f6630_0 .net/2u *"_ivl_12", 2 0, L_0x7f90c53e5da8;  1 drivers
v0x5645d57f6710_0 .net *"_ivl_14", 7 0, L_0x5645d5823c60;  1 drivers
L_0x7f90c53e5df0 .functor BUFT 1, C4<000>, C4<0>, C4<0>, C4<0>;
v0x5645d57f67d0_0 .net/2u *"_ivl_16", 2 0, L_0x7f90c53e5df0;  1 drivers
v0x5645d57f68b0_0 .net *"_ivl_18", 7 0, L_0x5645d5823d50;  1 drivers
v0x5645d57f6990_0 .net *"_ivl_2", 14 0, L_0x5645d5823940;  1 drivers
v0x5645d57f6a70_0 .net *"_ivl_20", 7 0, L_0x5645d5823e40;  1 drivers
v0x5645d57f6b50_0 .net *"_ivl_24", 7 0, L_0x5645d57f8d60;  1 drivers
L_0x7f90c53e5e38 .functor BUFT 1, C4<00000001>, C4<0>, C4<0>, C4<0>;
v0x5645d57f6c30_0 .net/2u *"_ivl_26", 7 0, L_0x7f90c53e5e38;  1 drivers
v0x5645d57f6da0_0 .net *"_ivl_4", 14 0, L_0x5645d580a010;  1 drivers
L_0x7f90c53e5d60 .functor BUFT 1, C4<000000000000001>, C4<0>, C4<0>, C4<0>;
v0x5645d57f6e80_0 .net/2u *"_ivl_6", 14 0, L_0x7f90c53e5d60;  1 drivers
v0x5645d57f6f60_0 .net *"_ivl_8", 14 0, L_0x5645d5823a30;  1 drivers
v0x5645d57f7040_0 .net "current_exponent", 7 0, L_0x5645d58231c0;  1 drivers
v0x5645d57f7100_0 .net "exponent_add", 0 0, L_0x5645d58235d0;  1 drivers
v0x5645d57f71a0_0 .net "exponent_add_comple", 7 0, L_0x5645d5823b70;  1 drivers
v0x5645d57f7260_0 .net "f1f2_plus", 23 0, L_0x5645d5823800;  1 drivers
v0x5645d57f7320_0 .net "final_exponent", 7 0, L_0x5645d5824310;  1 drivers
v0x5645d57f73e0_0 .net "final_mantissa", 22 0, L_0x5645d5824400;  1 drivers
v0x5645d57f74c0_0 .net "final_shift", 7 0, L_0x5645d5823f80;  1 drivers
v0x5645d57f75a0_0 .net "final_shift_comple", 7 0, L_0x5645d5824110;  1 drivers
v0x5645d57f7680_0 .net "mul1", 31 0, v0x5645d57f7d50_0;  1 drivers
v0x5645d57f7740_0 .net "mul1_mantissa_normalized", 23 0, L_0x5645d5815900;  1 drivers
v0x5645d57f7800_0 .net "mul1_shift", 4 0, L_0x5645d5815860;  1 drivers
v0x5645d57f78c0_0 .net "mul2", 31 0, v0x5645d57f7e10_0;  1 drivers
v0x5645d57f7980_0 .net "mul2_mantissa_normalized", 23 0, L_0x5645d5821ff0;  1 drivers
v0x5645d57f7a40_0 .net "mul2_shift", 4 0, L_0x5645d5821f50;  1 drivers
v0x5645d57f7b00_0 .net "product", 31 0, L_0x5645d5824500;  alias, 1 drivers
v0x5645d57f7be0_0 .net "result_sign", 0 0, L_0x5645d5816990;  1 drivers
L_0x5645d5823940 .concat [ 8 7 0 0], L_0x5645d58231c0, L_0x7f90c53e5d18;
L_0x5645d5823a30 .arith/sum 15, L_0x5645d580a010, L_0x7f90c53e5d60;
L_0x5645d5823b70 .part L_0x5645d5823a30, 0, 8;
L_0x5645d5823c60 .concat [ 5 3 0 0], L_0x5645d5815860, L_0x7f90c53e5da8;
L_0x5645d5823d50 .concat [ 5 3 0 0], L_0x5645d5821f50, L_0x7f90c53e5df0;
L_0x5645d5823e40 .arith/sum 8, L_0x5645d5823c60, L_0x5645d5823d50;
L_0x5645d5823f80 .arith/sum 8, L_0x5645d5823e40, L_0x5645d5823b70;
L_0x5645d5824110 .arith/sum 8, L_0x5645d57f8d60, L_0x7f90c53e5e38;
L_0x5645d5824310 .arith/sum 8, L_0x5645d58231c0, L_0x5645d5824110;
L_0x5645d5824400 .part L_0x5645d5823800, 0, 23;
L_0x5645d5824500 .concat [ 23 8 1 0], L_0x5645d5824400, L_0x5645d5824310, L_0x5645d5816990;
S_0x5645d573d0e0 .scope module, "man_solving" "man_solving" 4 21, 5 1 0, S_0x5645d57c0780;
 .timescale 0 0;
    .port_info 0 /INPUT 24 "f1_plus";
    .port_info 1 /INPUT 24 "f2_plus";
    .port_info 2 /OUTPUT 24 "f1f2_plus";
    .port_info 3 /OUTPUT 1 "exponent_add";
v0x5645d57dd5c0_0 .net *"_ivl_3", 23 0, L_0x5645d58236c0;  1 drivers
v0x5645d57dd6a0_0 .net *"_ivl_5", 23 0, L_0x5645d5823760;  1 drivers
v0x5645d57dd780_0 .net "exponent_add", 0 0, L_0x5645d58235d0;  alias, 1 drivers
v0x5645d57dd820_0 .net "f1_f2_48", 47 0, L_0x5645d5823440;  1 drivers
v0x5645d57dd8e0_0 .net "f1_plus", 23 0, L_0x5645d5815900;  alias, 1 drivers
v0x5645d57dd9d0_0 .net "f1f2_plus", 23 0, L_0x5645d5823800;  alias, 1 drivers
v0x5645d57dda90_0 .net "f2_plus", 23 0, L_0x5645d5821ff0;  alias, 1 drivers
L_0x5645d58235d0 .part L_0x5645d5823440, 47, 1;
L_0x5645d58236c0 .part L_0x5645d5823440, 24, 24;
L_0x5645d5823760 .part L_0x5645d5823440, 23, 24;
L_0x5645d5823800 .functor MUXZ 24, L_0x5645d5823760, L_0x5645d58236c0, L_0x5645d58235d0, C4<>;
S_0x5645d573b680 .scope module, "mul_24" "multiplier_24" 5 8, 5 17 0, S_0x5645d573d0e0;
 .timescale 0 0;
    .port_info 0 /INPUT 24 "f1";
    .port_info 1 /INPUT 24 "f2";
    .port_info 2 /OUTPUT 48 "f1f2";
v0x5645d57ba760_0 .net *"_ivl_0", 47 0, L_0x5645d5823260;  1 drivers
L_0x7f90c53e5c88 .functor BUFT 1, C4<000000000000000000000000>, C4<0>, C4<0>, C4<0>;
v0x5645d57dcfd0_0 .net *"_ivl_3", 23 0, L_0x7f90c53e5c88;  1 drivers
v0x5645d57dd0b0_0 .net *"_ivl_4", 47 0, L_0x5645d5823350;  1 drivers
L_0x7f90c53e5cd0 .functor BUFT 1, C4<000000000000000000000000>, C4<0>, C4<0>, C4<0>;
v0x5645d57dd170_0 .net *"_ivl_7", 23 0, L_0x7f90c53e5cd0;  1 drivers
v0x5645d57dd250_0 .net "f1", 23 0, L_0x5645d5815900;  alias, 1 drivers
v0x5645d57dd380_0 .net "f1f2", 47 0, L_0x5645d5823440;  alias, 1 drivers
v0x5645d57dd460_0 .net "f2", 23 0, L_0x5645d5821ff0;  alias, 1 drivers
L_0x5645d5823260 .concat [ 24 24 0 0], L_0x5645d5815900, L_0x7f90c53e5c88;
L_0x5645d5823350 .concat [ 24 24 0 0], L_0x5645d5821ff0, L_0x7f90c53e5cd0;
L_0x5645d5823440 .arith/mult 48, L_0x5645d5823260, L_0x5645d5823350;
S_0x5645d57ddbb0 .scope module, "norm" "normalizer" 4 17, 6 3 0, S_0x5645d57c0780;
 .timescale 0 0;
    .port_info 0 /INPUT 32 "mul1";
    .port_info 1 /INPUT 32 "mul2";
    .port_info 2 /OUTPUT 24 "mul1_mantissa_normalized";
    .port_info 3 /OUTPUT 24 "mul2_mantissa_normalized";
    .port_info 4 /OUTPUT 8 "current_exponent";
    .port_info 5 /OUTPUT 1 "result_sign";
    .port_info 6 /OUTPUT 5 "mul1_shift";
    .port_info 7 /OUTPUT 5 "mul2_shift";
v0x5645d57f5ce0_0 .net "current_exponent", 7 0, L_0x5645d58231c0;  alias, 1 drivers
v0x5645d57f5df0_0 .net "mul1", 31 0, v0x5645d57f7d50_0;  alias, 1 drivers
v0x5645d57f5e90_0 .net "mul1_mantissa_normalized", 23 0, L_0x5645d5815900;  alias, 1 drivers
v0x5645d57f5f30_0 .net "mul1_shift", 4 0, L_0x5645d5815860;  alias, 1 drivers
v0x5645d57f5ff0_0 .net "mul2", 31 0, v0x5645d57f7e10_0;  alias, 1 drivers
v0x5645d57f6150_0 .net "mul2_mantissa_normalized", 23 0, L_0x5645d5821ff0;  alias, 1 drivers
v0x5645d57f62a0_0 .net "mul2_shift", 4 0, L_0x5645d5821f50;  alias, 1 drivers
v0x5645d57f6360_0 .net "result_sign", 0 0, L_0x5645d5816990;  alias, 1 drivers
S_0x5645d57dde00 .scope module, "exp" "fp_mul_exp" 6 15, 7 4 0, S_0x5645d57ddbb0;
 .timescale 0 0;
    .port_info 0 /INPUT 32 "mul1";
    .port_info 1 /INPUT 32 "mul2";
    .port_info 2 /OUTPUT 8 "result_exp";
L_0x7f90c53e5ad8 .functor BUFT 1, C4<0>, C4<0>, C4<0>, C4<0>;
v0x5645d57df4e0_0 .net/2u *"_ivl_4", 0 0, L_0x7f90c53e5ad8;  1 drivers
L_0x7f90c53e5b20 .functor BUFT 1, C4<0>, C4<0>, C4<0>, C4<0>;
v0x5645d57df5e0_0 .net/2u *"_ivl_8", 0 0, L_0x7f90c53e5b20;  1 drivers
L_0x7f90c53e5b68 .functor BUFT 1, C4<110000001>, C4<0>, C4<0>, C4<0>;
v0x5645d57df6c0_0 .net "bias", 8 0, L_0x7f90c53e5b68;  1 drivers
v0x5645d57df790_0 .net "cout", 0 0, L_0x5645d5822900;  1 drivers
v0x5645d57df860_0 .net "cout2", 0 0, L_0x5645d5822e00;  1 drivers
v0x5645d57df950_0 .net "exp_mul1", 7 0, L_0x5645d5822450;  1 drivers
v0x5645d57df9f0_0 .net "exp_mul2", 7 0, L_0x5645d58224f0;  1 drivers
v0x5645d57dfab0_0 .net "mul1", 31 0, v0x5645d57f7d50_0;  alias, 1 drivers
v0x5645d57dfb90_0 .net "mul1_sign", 8 0, L_0x5645d5822590;  1 drivers
v0x5645d57dfc80_0 .net "mul2", 31 0, v0x5645d57f7e10_0;  alias, 1 drivers
v0x5645d57dfd40_0 .net "mul2_sign", 8 0, L_0x5645d5822720;  1 drivers
v0x5645d57dfe30_0 .net "result_exp", 7 0, L_0x5645d58231c0;  alias, 1 drivers
v0x5645d57dfef0_0 .net "result_tmp", 8 0, L_0x5645d58229f0;  1 drivers
v0x5645d57dffb0_0 .net "result_tmp2", 8 0, L_0x5645d5822ef0;  1 drivers
L_0x5645d5822450 .part v0x5645d57f7d50_0, 23, 8;
L_0x5645d58224f0 .part v0x5645d57f7e10_0, 23, 8;
L_0x5645d5822590 .concat [ 8 1 0 0], L_0x5645d5822450, L_0x7f90c53e5ad8;
L_0x5645d5822720 .concat [ 8 1 0 0], L_0x5645d58224f0, L_0x7f90c53e5b20;
L_0x5645d58231c0 .part L_0x5645d5822ef0, 0, 8;
S_0x5645d57de050 .scope module, "adder" "adder_width" 7 26, 7 31 0, S_0x5645d57dde00;
 .timescale 0 0;
    .port_info 0 /INPUT 9 "a";
    .port_info 1 /INPUT 9 "b";
    .port_info 2 /OUTPUT 9 "sum";
    .port_info 3 /OUTPUT 1 "cout";
L_0x7f90c53e5bf8 .functor BUFT 1, C4<0>, C4<0>, C4<0>, C4<0>;
v0x5645d57de250_0 .net *"_ivl_10", 0 0, L_0x7f90c53e5bf8;  1 drivers
v0x5645d57de350_0 .net *"_ivl_11", 9 0, L_0x5645d5822cc0;  1 drivers
v0x5645d57de430_0 .net *"_ivl_3", 9 0, L_0x5645d5822ae0;  1 drivers
L_0x7f90c53e5bb0 .functor BUFT 1, C4<0>, C4<0>, C4<0>, C4<0>;
v0x5645d57de520_0 .net *"_ivl_6", 0 0, L_0x7f90c53e5bb0;  1 drivers
v0x5645d57de600_0 .net *"_ivl_7", 9 0, L_0x5645d5822bd0;  1 drivers
v0x5645d57de730_0 .net "a", 8 0, L_0x5645d5822590;  alias, 1 drivers
v0x5645d57de810_0 .net "b", 8 0, L_0x5645d5822720;  alias, 1 drivers
v0x5645d57de8f0_0 .net "cout", 0 0, L_0x5645d5822900;  alias, 1 drivers
v0x5645d57de9b0_0 .net "sum", 8 0, L_0x5645d58229f0;  alias, 1 drivers
L_0x5645d5822900 .part L_0x5645d5822cc0, 9, 1;
L_0x5645d58229f0 .part L_0x5645d5822cc0, 0, 9;
L_0x5645d5822ae0 .concat [ 9 1 0 0], L_0x5645d5822590, L_0x7f90c53e5bb0;
L_0x5645d5822bd0 .concat [ 9 1 0 0], L_0x5645d5822720, L_0x7f90c53e5bf8;
L_0x5645d5822cc0 .arith/sum 10, L_0x5645d5822ae0, L_0x5645d5822bd0;
S_0x5645d57deb10 .scope module, "adder2" "adder_width" 7 27, 7 31 0, S_0x5645d57dde00;
 .timescale 0 0;
    .port_info 0 /INPUT 9 "a";
    .port_info 1 /INPUT 9 "b";
    .port_info 2 /OUTPUT 9 "sum";
    .port_info 3 /OUTPUT 1 "cout";
v0x5645d57ded30_0 .net *"_ivl_11", 9 0, L_0x5645d58230d0;  1 drivers
v0x5645d57dee10_0 .net *"_ivl_3", 9 0, L_0x5645d5823030;  1 drivers
L_0x7f90c53e5c40 .functor BUFT 1, C4<0>, C4<0>, C4<0>, C4<0>;
v0x5645d57deef0_0 .net *"_ivl_6", 0 0, L_0x7f90c53e5c40;  1 drivers
L_0x7f90c53e5e80 .functor BUFT 1, C4<0110000001>, C4<0>, C4<0>, C4<0>;
v0x5645d57defe0_0 .net *"_ivl_7", 9 0, L_0x7f90c53e5e80;  1 drivers
v0x5645d57df0c0_0 .net "a", 8 0, L_0x5645d58229f0;  alias, 1 drivers
v0x5645d57df1d0_0 .net "b", 8 0, L_0x7f90c53e5b68;  alias, 1 drivers
v0x5645d57df290_0 .net "cout", 0 0, L_0x5645d5822e00;  alias, 1 drivers
v0x5645d57df350_0 .net "sum", 8 0, L_0x5645d5822ef0;  alias, 1 drivers
L_0x5645d5822e00 .part L_0x5645d58230d0, 9, 1;
L_0x5645d5822ef0 .part L_0x5645d58230d0, 0, 9;
L_0x5645d5823030 .concat [ 9 1 0 0], L_0x5645d58229f0, L_0x7f90c53e5c40;
L_0x5645d58230d0 .arith/sum 10, L_0x5645d5823030, L_0x7f90c53e5e80;
S_0x5645d57e00d0 .scope module, "mfm" "man_float_normalize" 6 14, 6 20 0, S_0x5645d57ddbb0;
 .timescale 0 0;
    .port_info 0 /INPUT 32 "mul1";
    .port_info 1 /INPUT 32 "mul2";
    .port_info 2 /OUTPUT 24 "mul1_mantissa_normalized";
    .port_info 3 /OUTPUT 24 "mul2_mantissa_normalized";
    .port_info 4 /OUTPUT 5 "mul1_shift";
    .port_info 5 /OUTPUT 5 "mul2_shift";
    .port_info 6 /OUTPUT 1 "result_sign";
L_0x5645d5816990 .functor XOR 1, L_0x5645d57f8000, L_0x5645d57f80a0, C4<0>, C4<0>;
L_0x7f90c53e3018 .functor BUFT 1, C4<00000000>, C4<0>, C4<0>, C4<0>;
v0x5645d57f4600_0 .net/2u *"_ivl_12", 7 0, L_0x7f90c53e3018;  1 drivers
v0x5645d57f46e0_0 .net *"_ivl_14", 0 0, L_0x5645d57f8520;  1 drivers
L_0x7f90c53e3060 .functor BUFT 1, C4<0>, C4<0>, C4<0>, C4<0>;
v0x5645d57f47a0_0 .net/2u *"_ivl_16", 0 0, L_0x7f90c53e3060;  1 drivers
v0x5645d57f4860_0 .net *"_ivl_18", 23 0, L_0x5645d57f85f0;  1 drivers
L_0x7f90c53e30a8 .functor BUFT 1, C4<1>, C4<0>, C4<0>, C4<0>;
v0x5645d57f4940_0 .net/2u *"_ivl_20", 0 0, L_0x7f90c53e30a8;  1 drivers
v0x5645d57f4a70_0 .net *"_ivl_22", 23 0, L_0x5645d57f8780;  1 drivers
L_0x7f90c53e30f0 .functor BUFT 1, C4<00000000>, C4<0>, C4<0>, C4<0>;
v0x5645d57f4b50_0 .net/2u *"_ivl_26", 7 0, L_0x7f90c53e30f0;  1 drivers
v0x5645d57f4c30_0 .net *"_ivl_28", 0 0, L_0x5645d57f8a90;  1 drivers
L_0x7f90c53e3138 .functor BUFT 1, C4<0>, C4<0>, C4<0>, C4<0>;
v0x5645d57f4cf0_0 .net/2u *"_ivl_30", 0 0, L_0x7f90c53e3138;  1 drivers
v0x5645d57f4dd0_0 .net *"_ivl_32", 23 0, L_0x5645d57f8c20;  1 drivers
L_0x7f90c53e3180 .functor BUFT 1, C4<1>, C4<0>, C4<0>, C4<0>;
v0x5645d57f4eb0_0 .net/2u *"_ivl_34", 0 0, L_0x7f90c53e3180;  1 drivers
v0x5645d57f4f90_0 .net *"_ivl_36", 23 0, L_0x5645d57f8dd0;  1 drivers
v0x5645d57f5070_0 .net "mul1", 31 0, v0x5645d57f7d50_0;  alias, 1 drivers
v0x5645d57f5130_0 .net "mul1_exponent", 7 0, L_0x5645d57f8340;  1 drivers
v0x5645d57f51f0_0 .net "mul1_mantissa", 22 0, L_0x5645d57f8170;  1 drivers
v0x5645d57f52d0_0 .net "mul1_mantissa_normalized", 23 0, L_0x5645d5815900;  alias, 1 drivers
v0x5645d57f5390_0 .net "mul1_shift", 4 0, L_0x5645d5815860;  alias, 1 drivers
v0x5645d57f5450_0 .net "mul1_sign", 0 0, L_0x5645d57f8000;  1 drivers
v0x5645d57f54f0_0 .net "mul1_tmp", 23 0, L_0x5645d57f88a0;  1 drivers
v0x5645d57f55b0_0 .net "mul2", 31 0, v0x5645d57f7e10_0;  alias, 1 drivers
v0x5645d57f5680_0 .net "mul2_exponent", 7 0, L_0x5645d57f8410;  1 drivers
v0x5645d57f5740_0 .net "mul2_mantissa", 22 0, L_0x5645d57f8240;  1 drivers
v0x5645d57f5820_0 .net "mul2_mantissa_normalized", 23 0, L_0x5645d5821ff0;  alias, 1 drivers
v0x5645d57f58e0_0 .net "mul2_shift", 4 0, L_0x5645d5821f50;  alias, 1 drivers
v0x5645d57f59d0_0 .net "mul2_sign", 0 0, L_0x5645d57f80a0;  1 drivers
v0x5645d57f5a70_0 .net "mul2_tmp", 23 0, L_0x5645d57f8ec0;  1 drivers
v0x5645d57f5b60_0 .net "result_sign", 0 0, L_0x5645d5816990;  alias, 1 drivers
L_0x5645d57f8000 .part v0x5645d57f7d50_0, 31, 1;
L_0x5645d57f80a0 .part v0x5645d57f7e10_0, 31, 1;
L_0x5645d57f8170 .part v0x5645d57f7d50_0, 0, 23;
L_0x5645d57f8240 .part v0x5645d57f7e10_0, 0, 23;
L_0x5645d57f8340 .part v0x5645d57f7d50_0, 23, 8;
L_0x5645d57f8410 .part v0x5645d57f7e10_0, 23, 8;
L_0x5645d57f8520 .cmp/eq 8, L_0x5645d57f8340, L_0x7f90c53e3018;
L_0x5645d57f85f0 .concat [ 23 1 0 0], L_0x5645d57f8170, L_0x7f90c53e3060;
L_0x5645d57f8780 .concat [ 23 1 0 0], L_0x5645d57f8170, L_0x7f90c53e30a8;
L_0x5645d57f88a0 .functor MUXZ 24, L_0x5645d57f8780, L_0x5645d57f85f0, L_0x5645d57f8520, C4<>;
L_0x5645d57f8a90 .cmp/eq 8, L_0x5645d57f8410, L_0x7f90c53e30f0;
L_0x5645d57f8c20 .concat [ 23 1 0 0], L_0x5645d57f8240, L_0x7f90c53e3138;
L_0x5645d57f8dd0 .concat [ 23 1 0 0], L_0x5645d57f8240, L_0x7f90c53e3180;
L_0x5645d57f8ec0 .functor MUXZ 24, L_0x5645d57f8dd0, L_0x5645d57f8c20, L_0x5645d57f8a90, C4<>;
S_0x5645d57e02b0 .scope module, "mng" "m_n_gen" 6 52, 6 60 0, S_0x5645d57e00d0;
 .timescale 0 0;
    .port_info 0 /INPUT 24 "data";
    .port_info 1 /OUTPUT 24 "outdata";
    .port_info 2 /OUTPUT 5 "shift";
v0x5645d57e0500_0 .net *"_ivl_1", 0 0, L_0x5645d57f9120;  1 drivers
L_0x7f90c53e3258 .functor BUFT 1, C4<000000>, C4<0>, C4<0>, C4<0>;
v0x5645d57e0600_0 .net/2s *"_ivl_10", 5 0, L_0x7f90c53e3258;  1 drivers
L_0x7f90c53e3888 .functor BUFT 1, C4<0000000000000000000000000000000>, C4<0>, C4<0>, C4<0>;
v0x5645d57e06e0_0 .net *"_ivl_101", 30 0, L_0x7f90c53e3888;  1 drivers
L_0x7f90c53e38d0 .functor BUFT 1, C4<00000000000000000000000000000001>, C4<0>, C4<0>, C4<0>;
v0x5645d57e07d0_0 .net/2u *"_ivl_102", 31 0, L_0x7f90c53e38d0;  1 drivers
v0x5645d57e08b0_0 .net *"_ivl_104", 0 0, L_0x5645d580b5d0;  1 drivers
L_0x7f90c53e3918 .functor BUFT 1, C4<001000>, C4<0>, C4<0>, C4<0>;
v0x5645d57e09c0_0 .net/2s *"_ivl_106", 5 0, L_0x7f90c53e3918;  1 drivers
v0x5645d57e0aa0_0 .net *"_ivl_109", 0 0, L_0x5645d580b740;  1 drivers
v0x5645d57e0b80_0 .net *"_ivl_110", 31 0, L_0x5645d580b8d0;  1 drivers
L_0x7f90c53e3960 .functor BUFT 1, C4<0000000000000000000000000000000>, C4<0>, C4<0>, C4<0>;
v0x5645d57e0c60_0 .net *"_ivl_113", 30 0, L_0x7f90c53e3960;  1 drivers
L_0x7f90c53e39a8 .functor BUFT 1, C4<00000000000000000000000000000001>, C4<0>, C4<0>, C4<0>;
v0x5645d57e0d40_0 .net/2u *"_ivl_114", 31 0, L_0x7f90c53e39a8;  1 drivers
v0x5645d57e0e20_0 .net *"_ivl_116", 0 0, L_0x5645d580ba40;  1 drivers
L_0x7f90c53e39f0 .functor BUFT 1, C4<001001>, C4<0>, C4<0>, C4<0>;
v0x5645d57e0ee0_0 .net/2s *"_ivl_118", 5 0, L_0x7f90c53e39f0;  1 drivers
v0x5645d57e0fc0_0 .net *"_ivl_121", 0 0, L_0x5645d580bcb0;  1 drivers
v0x5645d57e10a0_0 .net *"_ivl_122", 31 0, L_0x5645d580bd50;  1 drivers
L_0x7f90c53e3a38 .functor BUFT 1, C4<0000000000000000000000000000000>, C4<0>, C4<0>, C4<0>;
v0x5645d57e1180_0 .net *"_ivl_125", 30 0, L_0x7f90c53e3a38;  1 drivers
L_0x7f90c53e3a80 .functor BUFT 1, C4<00000000000000000000000000000001>, C4<0>, C4<0>, C4<0>;
v0x5645d57e1260_0 .net/2u *"_ivl_126", 31 0, L_0x7f90c53e3a80;  1 drivers
v0x5645d57e1340_0 .net *"_ivl_128", 0 0, L_0x5645d580bfd0;  1 drivers
v0x5645d57e1400_0 .net *"_ivl_13", 0 0, L_0x5645d58094e0;  1 drivers
L_0x7f90c53e3ac8 .functor BUFT 1, C4<001010>, C4<0>, C4<0>, C4<0>;
v0x5645d57e14e0_0 .net/2s *"_ivl_130", 5 0, L_0x7f90c53e3ac8;  1 drivers
v0x5645d57e15c0_0 .net *"_ivl_133", 0 0, L_0x5645d580c140;  1 drivers
v0x5645d57e16a0_0 .net *"_ivl_134", 31 0, L_0x5645d580c300;  1 drivers
L_0x7f90c53e3b10 .functor BUFT 1, C4<0000000000000000000000000000000>, C4<0>, C4<0>, C4<0>;
v0x5645d57e1780_0 .net *"_ivl_137", 30 0, L_0x7f90c53e3b10;  1 drivers
L_0x7f90c53e3b58 .functor BUFT 1, C4<00000000000000000000000000000001>, C4<0>, C4<0>, C4<0>;
v0x5645d57e1860_0 .net/2u *"_ivl_138", 31 0, L_0x7f90c53e3b58;  1 drivers
v0x5645d57e1940_0 .net *"_ivl_14", 31 0, L_0x5645d5809610;  1 drivers
v0x5645d57e1a20_0 .net *"_ivl_140", 0 0, L_0x5645d580c470;  1 drivers
L_0x7f90c53e3ba0 .functor BUFT 1, C4<001011>, C4<0>, C4<0>, C4<0>;
v0x5645d57e1ae0_0 .net/2s *"_ivl_142", 5 0, L_0x7f90c53e3ba0;  1 drivers
v0x5645d57e1bc0_0 .net *"_ivl_145", 0 0, L_0x5645d580c1e0;  1 drivers
v0x5645d57e1ca0_0 .net *"_ivl_146", 31 0, L_0x5645d580c710;  1 drivers
L_0x7f90c53e3be8 .functor BUFT 1, C4<0000000000000000000000000000000>, C4<0>, C4<0>, C4<0>;
v0x5645d57e1d80_0 .net *"_ivl_149", 30 0, L_0x7f90c53e3be8;  1 drivers
L_0x7f90c53e3c30 .functor BUFT 1, C4<00000000000000000000000000000001>, C4<0>, C4<0>, C4<0>;
v0x5645d57e1e60_0 .net/2u *"_ivl_150", 31 0, L_0x7f90c53e3c30;  1 drivers
v0x5645d57e1f40_0 .net *"_ivl_152", 0 0, L_0x5645d580c940;  1 drivers
L_0x7f90c53e3c78 .functor BUFT 1, C4<001100>, C4<0>, C4<0>, C4<0>;
v0x5645d57e2000_0 .net/2s *"_ivl_154", 5 0, L_0x7f90c53e3c78;  1 drivers
v0x5645d57e20e0_0 .net *"_ivl_157", 0 0, L_0x5645d580cab0;  1 drivers
v0x5645d57e23d0_0 .net *"_ivl_158", 31 0, L_0x5645d580ceb0;  1 drivers
L_0x7f90c53e3cc0 .functor BUFT 1, C4<0000000000000000000000000000000>, C4<0>, C4<0>, C4<0>;
v0x5645d57e24b0_0 .net *"_ivl_161", 30 0, L_0x7f90c53e3cc0;  1 drivers
L_0x7f90c53e3d08 .functor BUFT 1, C4<00000000000000000000000000000001>, C4<0>, C4<0>, C4<0>;
v0x5645d57e2590_0 .net/2u *"_ivl_162", 31 0, L_0x7f90c53e3d08;  1 drivers
v0x5645d57e2670_0 .net *"_ivl_164", 0 0, L_0x5645d580d020;  1 drivers
L_0x7f90c53e3d50 .functor BUFT 1, C4<001101>, C4<0>, C4<0>, C4<0>;
v0x5645d57e2730_0 .net/2s *"_ivl_166", 5 0, L_0x7f90c53e3d50;  1 drivers
v0x5645d57e2810_0 .net *"_ivl_169", 0 0, L_0x5645d580d2f0;  1 drivers
L_0x7f90c53e32a0 .functor BUFT 1, C4<0000000000000000000000000000000>, C4<0>, C4<0>, C4<0>;
v0x5645d57e28f0_0 .net *"_ivl_17", 30 0, L_0x7f90c53e32a0;  1 drivers
v0x5645d57e29d0_0 .net *"_ivl_170", 31 0, L_0x5645d580d390;  1 drivers
L_0x7f90c53e3d98 .functor BUFT 1, C4<0000000000000000000000000000000>, C4<0>, C4<0>, C4<0>;
v0x5645d57e2ab0_0 .net *"_ivl_173", 30 0, L_0x7f90c53e3d98;  1 drivers
L_0x7f90c53e3de0 .functor BUFT 1, C4<00000000000000000000000000000001>, C4<0>, C4<0>, C4<0>;
v0x5645d57e2b90_0 .net/2u *"_ivl_174", 31 0, L_0x7f90c53e3de0;  1 drivers
v0x5645d57e2c70_0 .net *"_ivl_176", 0 0, L_0x5645d580d670;  1 drivers
L_0x7f90c53e3e28 .functor BUFT 1, C4<001110>, C4<0>, C4<0>, C4<0>;
v0x5645d57e2d30_0 .net/2s *"_ivl_178", 5 0, L_0x7f90c53e3e28;  1 drivers
L_0x7f90c53e32e8 .functor BUFT 1, C4<00000000000000000000000000000001>, C4<0>, C4<0>, C4<0>;
v0x5645d57e2e10_0 .net/2u *"_ivl_18", 31 0, L_0x7f90c53e32e8;  1 drivers
v0x5645d57e2ef0_0 .net *"_ivl_181", 0 0, L_0x5645d580d7e0;  1 drivers
v0x5645d57e2fd0_0 .net *"_ivl_182", 31 0, L_0x5645d580da00;  1 drivers
L_0x7f90c53e3e70 .functor BUFT 1, C4<0000000000000000000000000000000>, C4<0>, C4<0>, C4<0>;
v0x5645d57e30b0_0 .net *"_ivl_185", 30 0, L_0x7f90c53e3e70;  1 drivers
L_0x7f90c53e3eb8 .functor BUFT 1, C4<00000000000000000000000000000001>, C4<0>, C4<0>, C4<0>;
v0x5645d57e3190_0 .net/2u *"_ivl_186", 31 0, L_0x7f90c53e3eb8;  1 drivers
v0x5645d57e3270_0 .net *"_ivl_188", 0 0, L_0x5645d580db70;  1 drivers
L_0x7f90c53e3f00 .functor BUFT 1, C4<001111>, C4<0>, C4<0>, C4<0>;
v0x5645d57e3330_0 .net/2s *"_ivl_190", 5 0, L_0x7f90c53e3f00;  1 drivers
v0x5645d57e3410_0 .net *"_ivl_193", 0 0, L_0x5645d580de70;  1 drivers
v0x5645d57e34f0_0 .net *"_ivl_194", 31 0, L_0x5645d580df10;  1 drivers
L_0x7f90c53e3f48 .functor BUFT 1, C4<0000000000000000000000000000000>, C4<0>, C4<0>, C4<0>;
v0x5645d57e35d0_0 .net *"_ivl_197", 30 0, L_0x7f90c53e3f48;  1 drivers
L_0x7f90c53e3f90 .functor BUFT 1, C4<00000000000000000000000000000001>, C4<0>, C4<0>, C4<0>;
v0x5645d57e36b0_0 .net/2u *"_ivl_198", 31 0, L_0x7f90c53e3f90;  1 drivers
v0x5645d57e3790_0 .net *"_ivl_2", 31 0, L_0x5645d57f91c0;  1 drivers
v0x5645d57e3870_0 .net *"_ivl_20", 0 0, L_0x5645d58096b0;  1 drivers
v0x5645d57e3930_0 .net *"_ivl_200", 0 0, L_0x5645d580e220;  1 drivers
L_0x7f90c53e3fd8 .functor BUFT 1, C4<010000>, C4<0>, C4<0>, C4<0>;
v0x5645d57e39f0_0 .net/2s *"_ivl_202", 5 0, L_0x7f90c53e3fd8;  1 drivers
v0x5645d57e3ad0_0 .net *"_ivl_205", 0 0, L_0x5645d580e390;  1 drivers
v0x5645d57e3bb0_0 .net *"_ivl_206", 31 0, L_0x5645d580e5e0;  1 drivers
L_0x7f90c53e4020 .functor BUFT 1, C4<0000000000000000000000000000000>, C4<0>, C4<0>, C4<0>;
v0x5645d57e3c90_0 .net *"_ivl_209", 30 0, L_0x7f90c53e4020;  1 drivers
L_0x7f90c53e4068 .functor BUFT 1, C4<00000000000000000000000000000001>, C4<0>, C4<0>, C4<0>;
v0x5645d57e3d70_0 .net/2u *"_ivl_210", 31 0, L_0x7f90c53e4068;  1 drivers
v0x5645d57e3e50_0 .net *"_ivl_212", 0 0, L_0x5645d580e750;  1 drivers
L_0x7f90c53e40b0 .functor BUFT 1, C4<010001>, C4<0>, C4<0>, C4<0>;
v0x5645d57e4320_0 .net/2s *"_ivl_214", 5 0, L_0x7f90c53e40b0;  1 drivers
v0x5645d57e4400_0 .net *"_ivl_217", 0 0, L_0x5645d580ea80;  1 drivers
v0x5645d57e44e0_0 .net *"_ivl_218", 31 0, L_0x5645d580eb20;  1 drivers
L_0x7f90c53e3330 .functor BUFT 1, C4<000001>, C4<0>, C4<0>, C4<0>;
v0x5645d57e45c0_0 .net/2s *"_ivl_22", 5 0, L_0x7f90c53e3330;  1 drivers
L_0x7f90c53e40f8 .functor BUFT 1, C4<0000000000000000000000000000000>, C4<0>, C4<0>, C4<0>;
v0x5645d57e46a0_0 .net *"_ivl_221", 30 0, L_0x7f90c53e40f8;  1 drivers
L_0x7f90c53e4140 .functor BUFT 1, C4<00000000000000000000000000000001>, C4<0>, C4<0>, C4<0>;
v0x5645d57e4780_0 .net/2u *"_ivl_222", 31 0, L_0x7f90c53e4140;  1 drivers
v0x5645d57e4860_0 .net *"_ivl_224", 0 0, L_0x5645d580ee60;  1 drivers
L_0x7f90c53e4188 .functor BUFT 1, C4<010010>, C4<0>, C4<0>, C4<0>;
v0x5645d57e4920_0 .net/2s *"_ivl_226", 5 0, L_0x7f90c53e4188;  1 drivers
v0x5645d57e4a00_0 .net *"_ivl_229", 0 0, L_0x5645d580efd0;  1 drivers
v0x5645d57e4ae0_0 .net *"_ivl_230", 31 0, L_0x5645d580f250;  1 drivers
L_0x7f90c53e41d0 .functor BUFT 1, C4<0000000000000000000000000000000>, C4<0>, C4<0>, C4<0>;
v0x5645d57e4bc0_0 .net *"_ivl_233", 30 0, L_0x7f90c53e41d0;  1 drivers
L_0x7f90c53e4218 .functor BUFT 1, C4<00000000000000000000000000000001>, C4<0>, C4<0>, C4<0>;
v0x5645d57e4ca0_0 .net/2u *"_ivl_234", 31 0, L_0x7f90c53e4218;  1 drivers
v0x5645d57e4d80_0 .net *"_ivl_236", 0 0, L_0x5645d580f3c0;  1 drivers
L_0x7f90c53e4260 .functor BUFT 1, C4<010011>, C4<0>, C4<0>, C4<0>;
v0x5645d57e4e40_0 .net/2s *"_ivl_238", 5 0, L_0x7f90c53e4260;  1 drivers
v0x5645d57e4f20_0 .net *"_ivl_241", 0 0, L_0x5645d580f720;  1 drivers
v0x5645d57e5000_0 .net *"_ivl_242", 31 0, L_0x5645d580f7c0;  1 drivers
L_0x7f90c53e42a8 .functor BUFT 1, C4<0000000000000000000000000000000>, C4<0>, C4<0>, C4<0>;
v0x5645d57e50e0_0 .net *"_ivl_245", 30 0, L_0x7f90c53e42a8;  1 drivers
L_0x7f90c53e42f0 .functor BUFT 1, C4<00000000000000000000000000000001>, C4<0>, C4<0>, C4<0>;
v0x5645d57e51c0_0 .net/2u *"_ivl_246", 31 0, L_0x7f90c53e42f0;  1 drivers
v0x5645d57e52a0_0 .net *"_ivl_248", 0 0, L_0x5645d580fb30;  1 drivers
v0x5645d57e5360_0 .net *"_ivl_25", 0 0, L_0x5645d5809830;  1 drivers
L_0x7f90c53e4338 .functor BUFT 1, C4<010100>, C4<0>, C4<0>, C4<0>;
v0x5645d57e5440_0 .net/2s *"_ivl_250", 5 0, L_0x7f90c53e4338;  1 drivers
v0x5645d57e5520_0 .net *"_ivl_253", 0 0, L_0x5645d580fca0;  1 drivers
v0x5645d57e5600_0 .net *"_ivl_254", 31 0, L_0x5645d580ff50;  1 drivers
L_0x7f90c53e4380 .functor BUFT 1, C4<0000000000000000000000000000000>, C4<0>, C4<0>, C4<0>;
v0x5645d57e56e0_0 .net *"_ivl_257", 30 0, L_0x7f90c53e4380;  1 drivers
L_0x7f90c53e43c8 .functor BUFT 1, C4<00000000000000000000000000000001>, C4<0>, C4<0>, C4<0>;
v0x5645d57e57c0_0 .net/2u *"_ivl_258", 31 0, L_0x7f90c53e43c8;  1 drivers
v0x5645d57e58a0_0 .net *"_ivl_26", 31 0, L_0x5645d58098d0;  1 drivers
v0x5645d57e5980_0 .net *"_ivl_260", 0 0, L_0x5645d58100c0;  1 drivers
L_0x7f90c53e4410 .functor BUFT 1, C4<010101>, C4<0>, C4<0>, C4<0>;
v0x5645d57e5a40_0 .net/2s *"_ivl_262", 5 0, L_0x7f90c53e4410;  1 drivers
v0x5645d57e5b20_0 .net *"_ivl_265", 0 0, L_0x5645d5810450;  1 drivers
v0x5645d57e5c00_0 .net *"_ivl_266", 31 0, L_0x5645d58104f0;  1 drivers
L_0x7f90c53e4458 .functor BUFT 1, C4<0000000000000000000000000000000>, C4<0>, C4<0>, C4<0>;
v0x5645d57e5ce0_0 .net *"_ivl_269", 30 0, L_0x7f90c53e4458;  1 drivers
L_0x7f90c53e44a0 .functor BUFT 1, C4<00000000000000000000000000000001>, C4<0>, C4<0>, C4<0>;
v0x5645d57e5dc0_0 .net/2u *"_ivl_270", 31 0, L_0x7f90c53e44a0;  1 drivers
v0x5645d57e5ea0_0 .net *"_ivl_272", 0 0, L_0x5645d5810890;  1 drivers
L_0x7f90c53e44e8 .functor BUFT 1, C4<010110>, C4<0>, C4<0>, C4<0>;
v0x5645d57e5f60_0 .net/2s *"_ivl_274", 5 0, L_0x7f90c53e44e8;  1 drivers
v0x5645d57e6040_0 .net *"_ivl_277", 0 0, L_0x5645d5810a00;  1 drivers
v0x5645d57e6120_0 .net *"_ivl_278", 31 0, L_0x5645d5810ce0;  1 drivers
L_0x7f90c53e4530 .functor BUFT 1, C4<0000000000000000000000000000000>, C4<0>, C4<0>, C4<0>;
v0x5645d57e6200_0 .net *"_ivl_281", 30 0, L_0x7f90c53e4530;  1 drivers
L_0x7f90c53e4578 .functor BUFT 1, C4<00000000000000000000000000000001>, C4<0>, C4<0>, C4<0>;
v0x5645d57e62e0_0 .net/2u *"_ivl_282", 31 0, L_0x7f90c53e4578;  1 drivers
v0x5645d57e63c0_0 .net *"_ivl_284", 0 0, L_0x5645d5810e50;  1 drivers
L_0x7f90c53e45c0 .functor BUFT 1, C4<010111>, C4<0>, C4<0>, C4<0>;
v0x5645d57e6480_0 .net/2s *"_ivl_286", 5 0, L_0x7f90c53e45c0;  1 drivers
L_0x7f90c53e4608 .functor BUFT 1, C4<000000>, C4<0>, C4<0>, C4<0>;
v0x5645d57e6560_0 .net/2s *"_ivl_288", 5 0, L_0x7f90c53e4608;  1 drivers
L_0x7f90c53e3378 .functor BUFT 1, C4<0000000000000000000000000000000>, C4<0>, C4<0>, C4<0>;
v0x5645d57e6640_0 .net *"_ivl_29", 30 0, L_0x7f90c53e3378;  1 drivers
v0x5645d57e6720_0 .net *"_ivl_290", 5 0, L_0x5645d5811210;  1 drivers
v0x5645d57e6800_0 .net *"_ivl_292", 5 0, L_0x5645d58113d0;  1 drivers
v0x5645d57e68e0_0 .net *"_ivl_294", 5 0, L_0x5645d58117c0;  1 drivers
v0x5645d57e69c0_0 .net *"_ivl_296", 5 0, L_0x5645d5811950;  1 drivers
v0x5645d57e6aa0_0 .net *"_ivl_298", 5 0, L_0x5645d5811d50;  1 drivers
L_0x7f90c53e33c0 .functor BUFT 1, C4<00000000000000000000000000000001>, C4<0>, C4<0>, C4<0>;
v0x5645d57e6b80_0 .net/2u *"_ivl_30", 31 0, L_0x7f90c53e33c0;  1 drivers
v0x5645d57e6c60_0 .net *"_ivl_300", 5 0, L_0x5645d5811ee0;  1 drivers
v0x5645d57e6d40_0 .net *"_ivl_302", 5 0, L_0x5645d58122f0;  1 drivers
v0x5645d57e6e20_0 .net *"_ivl_304", 5 0, L_0x5645d5812480;  1 drivers
v0x5645d57e6f00_0 .net *"_ivl_306", 5 0, L_0x5645d58128a0;  1 drivers
v0x5645d57e6fe0_0 .net *"_ivl_308", 5 0, L_0x5645d5812a30;  1 drivers
v0x5645d57e70c0_0 .net *"_ivl_310", 5 0, L_0x5645d5812e60;  1 drivers
v0x5645d57e71a0_0 .net *"_ivl_312", 5 0, L_0x5645d5812ff0;  1 drivers
v0x5645d57e7280_0 .net *"_ivl_314", 5 0, L_0x5645d5813430;  1 drivers
v0x5645d57e7360_0 .net *"_ivl_316", 5 0, L_0x5645d58135c0;  1 drivers
v0x5645d57e7440_0 .net *"_ivl_318", 5 0, L_0x5645d5813a10;  1 drivers
v0x5645d57e7520_0 .net *"_ivl_32", 0 0, L_0x5645d5809a60;  1 drivers
v0x5645d57e75e0_0 .net *"_ivl_320", 5 0, L_0x5645d5813ba0;  1 drivers
v0x5645d57e76c0_0 .net *"_ivl_322", 5 0, L_0x5645d5814000;  1 drivers
v0x5645d57e77a0_0 .net *"_ivl_324", 5 0, L_0x5645d5814190;  1 drivers
v0x5645d57e7880_0 .net *"_ivl_326", 5 0, L_0x5645d5814600;  1 drivers
v0x5645d57e7960_0 .net *"_ivl_328", 5 0, L_0x5645d5814790;  1 drivers
v0x5645d57e8250_0 .net *"_ivl_330", 5 0, L_0x5645d5814c10;  1 drivers
v0x5645d57e8330_0 .net *"_ivl_332", 5 0, L_0x5645d5814da0;  1 drivers
v0x5645d57e8410_0 .net *"_ivl_334", 5 0, L_0x5645d5815230;  1 drivers
v0x5645d57e84f0_0 .net *"_ivl_336", 5 0, L_0x5645d58153c0;  1 drivers
L_0x7f90c53e3408 .functor BUFT 1, C4<000010>, C4<0>, C4<0>, C4<0>;
v0x5645d57e85d0_0 .net/2s *"_ivl_34", 5 0, L_0x7f90c53e3408;  1 drivers
v0x5645d57e86b0_0 .net *"_ivl_37", 0 0, L_0x5645d5809ba0;  1 drivers
v0x5645d57e8790_0 .net *"_ivl_38", 31 0, L_0x5645d5809ca0;  1 drivers
L_0x7f90c53e3450 .functor BUFT 1, C4<0000000000000000000000000000000>, C4<0>, C4<0>, C4<0>;
v0x5645d57e8870_0 .net *"_ivl_41", 30 0, L_0x7f90c53e3450;  1 drivers
L_0x7f90c53e3498 .functor BUFT 1, C4<00000000000000000000000000000001>, C4<0>, C4<0>, C4<0>;
v0x5645d57e8950_0 .net/2u *"_ivl_42", 31 0, L_0x7f90c53e3498;  1 drivers
v0x5645d57e8a30_0 .net *"_ivl_44", 0 0, L_0x5645d5809ea0;  1 drivers
L_0x7f90c53e34e0 .functor BUFT 1, C4<000011>, C4<0>, C4<0>, C4<0>;
v0x5645d57e8af0_0 .net/2s *"_ivl_46", 5 0, L_0x7f90c53e34e0;  1 drivers
v0x5645d57e8bd0_0 .net *"_ivl_49", 0 0, L_0x5645d580a080;  1 drivers
L_0x7f90c53e31c8 .functor BUFT 1, C4<0000000000000000000000000000000>, C4<0>, C4<0>, C4<0>;
v0x5645d57e8cb0_0 .net *"_ivl_5", 30 0, L_0x7f90c53e31c8;  1 drivers
v0x5645d57e8d90_0 .net *"_ivl_50", 31 0, L_0x5645d580a120;  1 drivers
L_0x7f90c53e3528 .functor BUFT 1, C4<0000000000000000000000000000000>, C4<0>, C4<0>, C4<0>;
v0x5645d57e8e70_0 .net *"_ivl_53", 30 0, L_0x7f90c53e3528;  1 drivers
L_0x7f90c53e3570 .functor BUFT 1, C4<00000000000000000000000000000001>, C4<0>, C4<0>, C4<0>;
v0x5645d57e8f50_0 .net/2u *"_ivl_54", 31 0, L_0x7f90c53e3570;  1 drivers
v0x5645d57e9030_0 .net *"_ivl_56", 0 0, L_0x5645d580a310;  1 drivers
L_0x7f90c53e35b8 .functor BUFT 1, C4<000100>, C4<0>, C4<0>, C4<0>;
v0x5645d57e90f0_0 .net/2s *"_ivl_58", 5 0, L_0x7f90c53e35b8;  1 drivers
L_0x7f90c53e3210 .functor BUFT 1, C4<00000000000000000000000000000001>, C4<0>, C4<0>, C4<0>;
v0x5645d57e91d0_0 .net/2u *"_ivl_6", 31 0, L_0x7f90c53e3210;  1 drivers
v0x5645d57e92b0_0 .net *"_ivl_61", 0 0, L_0x5645d580a480;  1 drivers
v0x5645d57e9390_0 .net *"_ivl_62", 31 0, L_0x5645d580a6c0;  1 drivers
L_0x7f90c53e3600 .functor BUFT 1, C4<0000000000000000000000000000000>, C4<0>, C4<0>, C4<0>;
v0x5645d57e9470_0 .net *"_ivl_65", 30 0, L_0x7f90c53e3600;  1 drivers
L_0x7f90c53e3648 .functor BUFT 1, C4<00000000000000000000000000000001>, C4<0>, C4<0>, C4<0>;
v0x5645d57e9550_0 .net/2u *"_ivl_66", 31 0, L_0x7f90c53e3648;  1 drivers
v0x5645d57e9630_0 .net *"_ivl_68", 0 0, L_0x5645d580a830;  1 drivers
L_0x7f90c53e3690 .functor BUFT 1, C4<000101>, C4<0>, C4<0>, C4<0>;
v0x5645d57e96f0_0 .net/2s *"_ivl_70", 5 0, L_0x7f90c53e3690;  1 drivers
v0x5645d57e97d0_0 .net *"_ivl_73", 0 0, L_0x5645d580aa40;  1 drivers
v0x5645d57e98b0_0 .net *"_ivl_74", 31 0, L_0x5645d580aae0;  1 drivers
L_0x7f90c53e36d8 .functor BUFT 1, C4<0000000000000000000000000000000>, C4<0>, C4<0>, C4<0>;
v0x5645d57e9990_0 .net *"_ivl_77", 30 0, L_0x7f90c53e36d8;  1 drivers
L_0x7f90c53e3720 .functor BUFT 1, C4<00000000000000000000000000000001>, C4<0>, C4<0>, C4<0>;
v0x5645d57e9a70_0 .net/2u *"_ivl_78", 31 0, L_0x7f90c53e3720;  1 drivers
v0x5645d57e9b50_0 .net *"_ivl_8", 0 0, L_0x5645d5809310;  1 drivers
v0x5645d57e9c10_0 .net *"_ivl_80", 0 0, L_0x5645d580a9a0;  1 drivers
L_0x7f90c53e3768 .functor BUFT 1, C4<000110>, C4<0>, C4<0>, C4<0>;
v0x5645d57e9cd0_0 .net/2s *"_ivl_82", 5 0, L_0x7f90c53e3768;  1 drivers
v0x5645d57e9db0_0 .net *"_ivl_85", 0 0, L_0x5645d580add0;  1 drivers
v0x5645d57e9e90_0 .net *"_ivl_86", 31 0, L_0x5645d580af30;  1 drivers
L_0x7f90c53e37b0 .functor BUFT 1, C4<0000000000000000000000000000000>, C4<0>, C4<0>, C4<0>;
v0x5645d57e9f70_0 .net *"_ivl_89", 30 0, L_0x7f90c53e37b0;  1 drivers
L_0x7f90c53e37f8 .functor BUFT 1, C4<00000000000000000000000000000001>, C4<0>, C4<0>, C4<0>;
v0x5645d57ea050_0 .net/2u *"_ivl_90", 31 0, L_0x7f90c53e37f8;  1 drivers
v0x5645d57ea130_0 .net *"_ivl_92", 0 0, L_0x5645d580b0a0;  1 drivers
L_0x7f90c53e3840 .functor BUFT 1, C4<000111>, C4<0>, C4<0>, C4<0>;
v0x5645d57ea1f0_0 .net/2s *"_ivl_94", 5 0, L_0x7f90c53e3840;  1 drivers
v0x5645d57ea2d0_0 .net *"_ivl_97", 0 0, L_0x5645d580b2e0;  1 drivers
v0x5645d57ea3b0_0 .net *"_ivl_98", 31 0, L_0x5645d580b380;  1 drivers
v0x5645d57ea490_0 .net "data", 23 0, L_0x5645d57f88a0;  alias, 1 drivers
v0x5645d57ea570_0 .net "outdata", 23 0, L_0x5645d5815900;  alias, 1 drivers
v0x5645d57ea630_0 .net "shift", 4 0, L_0x5645d5815860;  alias, 1 drivers
L_0x5645d57f9120 .part L_0x5645d57f88a0, 23, 1;
L_0x5645d57f91c0 .concat [ 1 31 0 0], L_0x5645d57f9120, L_0x7f90c53e31c8;
L_0x5645d5809310 .cmp/eq 32, L_0x5645d57f91c0, L_0x7f90c53e3210;
L_0x5645d58094e0 .part L_0x5645d57f88a0, 22, 1;
L_0x5645d5809610 .concat [ 1 31 0 0], L_0x5645d58094e0, L_0x7f90c53e32a0;
L_0x5645d58096b0 .cmp/eq 32, L_0x5645d5809610, L_0x7f90c53e32e8;
L_0x5645d5809830 .part L_0x5645d57f88a0, 21, 1;
L_0x5645d58098d0 .concat [ 1 31 0 0], L_0x5645d5809830, L_0x7f90c53e3378;
L_0x5645d5809a60 .cmp/eq 32, L_0x5645d58098d0, L_0x7f90c53e33c0;
L_0x5645d5809ba0 .part L_0x5645d57f88a0, 20, 1;
L_0x5645d5809ca0 .concat [ 1 31 0 0], L_0x5645d5809ba0, L_0x7f90c53e3450;
L_0x5645d5809ea0 .cmp/eq 32, L_0x5645d5809ca0, L_0x7f90c53e3498;
L_0x5645d580a080 .part L_0x5645d57f88a0, 19, 1;
L_0x5645d580a120 .concat [ 1 31 0 0], L_0x5645d580a080, L_0x7f90c53e3528;
L_0x5645d580a310 .cmp/eq 32, L_0x5645d580a120, L_0x7f90c53e3570;
L_0x5645d580a480 .part L_0x5645d57f88a0, 18, 1;
L_0x5645d580a6c0 .concat [ 1 31 0 0], L_0x5645d580a480, L_0x7f90c53e3600;
L_0x5645d580a830 .cmp/eq 32, L_0x5645d580a6c0, L_0x7f90c53e3648;
L_0x5645d580aa40 .part L_0x5645d57f88a0, 17, 1;
L_0x5645d580aae0 .concat [ 1 31 0 0], L_0x5645d580aa40, L_0x7f90c53e36d8;
L_0x5645d580a9a0 .cmp/eq 32, L_0x5645d580aae0, L_0x7f90c53e3720;
L_0x5645d580add0 .part L_0x5645d57f88a0, 16, 1;
L_0x5645d580af30 .concat [ 1 31 0 0], L_0x5645d580add0, L_0x7f90c53e37b0;
L_0x5645d580b0a0 .cmp/eq 32, L_0x5645d580af30, L_0x7f90c53e37f8;
L_0x5645d580b2e0 .part L_0x5645d57f88a0, 15, 1;
L_0x5645d580b380 .concat [ 1 31 0 0], L_0x5645d580b2e0, L_0x7f90c53e3888;
L_0x5645d580b5d0 .cmp/eq 32, L_0x5645d580b380, L_0x7f90c53e38d0;
L_0x5645d580b740 .part L_0x5645d57f88a0, 14, 1;
L_0x5645d580b8d0 .concat [ 1 31 0 0], L_0x5645d580b740, L_0x7f90c53e3960;
L_0x5645d580ba40 .cmp/eq 32, L_0x5645d580b8d0, L_0x7f90c53e39a8;
L_0x5645d580bcb0 .part L_0x5645d57f88a0, 13, 1;
L_0x5645d580bd50 .concat [ 1 31 0 0], L_0x5645d580bcb0, L_0x7f90c53e3a38;
L_0x5645d580bfd0 .cmp/eq 32, L_0x5645d580bd50, L_0x7f90c53e3a80;
L_0x5645d580c140 .part L_0x5645d57f88a0, 12, 1;
L_0x5645d580c300 .concat [ 1 31 0 0], L_0x5645d580c140, L_0x7f90c53e3b10;
L_0x5645d580c470 .cmp/eq 32, L_0x5645d580c300, L_0x7f90c53e3b58;
L_0x5645d580c1e0 .part L_0x5645d57f88a0, 11, 1;
L_0x5645d580c710 .concat [ 1 31 0 0], L_0x5645d580c1e0, L_0x7f90c53e3be8;
L_0x5645d580c940 .cmp/eq 32, L_0x5645d580c710, L_0x7f90c53e3c30;
L_0x5645d580cab0 .part L_0x5645d57f88a0, 10, 1;
L_0x5645d580ceb0 .concat [ 1 31 0 0], L_0x5645d580cab0, L_0x7f90c53e3cc0;
L_0x5645d580d020 .cmp/eq 32, L_0x5645d580ceb0, L_0x7f90c53e3d08;
L_0x5645d580d2f0 .part L_0x5645d57f88a0, 9, 1;
L_0x5645d580d390 .concat [ 1 31 0 0], L_0x5645d580d2f0, L_0x7f90c53e3d98;
L_0x5645d580d670 .cmp/eq 32, L_0x5645d580d390, L_0x7f90c53e3de0;
L_0x5645d580d7e0 .part L_0x5645d57f88a0, 8, 1;
L_0x5645d580da00 .concat [ 1 31 0 0], L_0x5645d580d7e0, L_0x7f90c53e3e70;
L_0x5645d580db70 .cmp/eq 32, L_0x5645d580da00, L_0x7f90c53e3eb8;
L_0x5645d580de70 .part L_0x5645d57f88a0, 7, 1;
L_0x5645d580df10 .concat [ 1 31 0 0], L_0x5645d580de70, L_0x7f90c53e3f48;
L_0x5645d580e220 .cmp/eq 32, L_0x5645d580df10, L_0x7f90c53e3f90;
L_0x5645d580e390 .part L_0x5645d57f88a0, 6, 1;
L_0x5645d580e5e0 .concat [ 1 31 0 0], L_0x5645d580e390, L_0x7f90c53e4020;
L_0x5645d580e750 .cmp/eq 32, L_0x5645d580e5e0, L_0x7f90c53e4068;
L_0x5645d580ea80 .part L_0x5645d57f88a0, 5, 1;
L_0x5645d580eb20 .concat [ 1 31 0 0], L_0x5645d580ea80, L_0x7f90c53e40f8;
L_0x5645d580ee60 .cmp/eq 32, L_0x5645d580eb20, L_0x7f90c53e4140;
L_0x5645d580efd0 .part L_0x5645d57f88a0, 4, 1;
L_0x5645d580f250 .concat [ 1 31 0 0], L_0x5645d580efd0, L_0x7f90c53e41d0;
L_0x5645d580f3c0 .cmp/eq 32, L_0x5645d580f250, L_0x7f90c53e4218;
L_0x5645d580f720 .part L_0x5645d57f88a0, 3, 1;
L_0x5645d580f7c0 .concat [ 1 31 0 0], L_0x5645d580f720, L_0x7f90c53e42a8;
L_0x5645d580fb30 .cmp/eq 32, L_0x5645d580f7c0, L_0x7f90c53e42f0;
L_0x5645d580fca0 .part L_0x5645d57f88a0, 2, 1;
L_0x5645d580ff50 .concat [ 1 31 0 0], L_0x5645d580fca0, L_0x7f90c53e4380;
L_0x5645d58100c0 .cmp/eq 32, L_0x5645d580ff50, L_0x7f90c53e43c8;
L_0x5645d5810450 .part L_0x5645d57f88a0, 1, 1;
L_0x5645d58104f0 .concat [ 1 31 0 0], L_0x5645d5810450, L_0x7f90c53e4458;
L_0x5645d5810890 .cmp/eq 32, L_0x5645d58104f0, L_0x7f90c53e44a0;
L_0x5645d5810a00 .part L_0x5645d57f88a0, 0, 1;
L_0x5645d5810ce0 .concat [ 1 31 0 0], L_0x5645d5810a00, L_0x7f90c53e4530;
L_0x5645d5810e50 .cmp/eq 32, L_0x5645d5810ce0, L_0x7f90c53e4578;
L_0x5645d5811210 .functor MUXZ 6, L_0x7f90c53e4608, L_0x7f90c53e45c0, L_0x5645d5810e50, C4<>;
L_0x5645d58113d0 .functor MUXZ 6, L_0x5645d5811210, L_0x7f90c53e44e8, L_0x5645d5810890, C4<>;
L_0x5645d58117c0 .functor MUXZ 6, L_0x5645d58113d0, L_0x7f90c53e4410, L_0x5645d58100c0, C4<>;
L_0x5645d5811950 .functor MUXZ 6, L_0x5645d58117c0, L_0x7f90c53e4338, L_0x5645d580fb30, C4<>;
L_0x5645d5811d50 .functor MUXZ 6, L_0x5645d5811950, L_0x7f90c53e4260, L_0x5645d580f3c0, C4<>;
L_0x5645d5811ee0 .functor MUXZ 6, L_0x5645d5811d50, L_0x7f90c53e4188, L_0x5645d580ee60, C4<>;
L_0x5645d58122f0 .functor MUXZ 6, L_0x5645d5811ee0, L_0x7f90c53e40b0, L_0x5645d580e750, C4<>;
L_0x5645d5812480 .functor MUXZ 6, L_0x5645d58122f0, L_0x7f90c53e3fd8, L_0x5645d580e220, C4<>;
L_0x5645d58128a0 .functor MUXZ 6, L_0x5645d5812480, L_0x7f90c53e3f00, L_0x5645d580db70, C4<>;
L_0x5645d5812a30 .functor MUXZ 6, L_0x5645d58128a0, L_0x7f90c53e3e28, L_0x5645d580d670, C4<>;
L_0x5645d5812e60 .functor MUXZ 6, L_0x5645d5812a30, L_0x7f90c53e3d50, L_0x5645d580d020, C4<>;
L_0x5645d5812ff0 .functor MUXZ 6, L_0x5645d5812e60, L_0x7f90c53e3c78, L_0x5645d580c940, C4<>;
L_0x5645d5813430 .functor MUXZ 6, L_0x5645d5812ff0, L_0x7f90c53e3ba0, L_0x5645d580c470, C4<>;
L_0x5645d58135c0 .functor MUXZ 6, L_0x5645d5813430, L_0x7f90c53e3ac8, L_0x5645d580bfd0, C4<>;
L_0x5645d5813a10 .functor MUXZ 6, L_0x5645d58135c0, L_0x7f90c53e39f0, L_0x5645d580ba40, C4<>;
L_0x5645d5813ba0 .functor MUXZ 6, L_0x5645d5813a10, L_0x7f90c53e3918, L_0x5645d580b5d0, C4<>;
L_0x5645d5814000 .functor MUXZ 6, L_0x5645d5813ba0, L_0x7f90c53e3840, L_0x5645d580b0a0, C4<>;
L_0x5645d5814190 .functor MUXZ 6, L_0x5645d5814000, L_0x7f90c53e3768, L_0x5645d580a9a0, C4<>;
L_0x5645d5814600 .functor MUXZ 6, L_0x5645d5814190, L_0x7f90c53e3690, L_0x5645d580a830, C4<>;
L_0x5645d5814790 .functor MUXZ 6, L_0x5645d5814600, L_0x7f90c53e35b8, L_0x5645d580a310, C4<>;
L_0x5645d5814c10 .functor MUXZ 6, L_0x5645d5814790, L_0x7f90c53e34e0, L_0x5645d5809ea0, C4<>;
L_0x5645d5814da0 .functor MUXZ 6, L_0x5645d5814c10, L_0x7f90c53e3408, L_0x5645d5809a60, C4<>;
L_0x5645d5815230 .functor MUXZ 6, L_0x5645d5814da0, L_0x7f90c53e3330, L_0x5645d58096b0, C4<>;
L_0x5645d58153c0 .functor MUXZ 6, L_0x5645d5815230, L_0x7f90c53e3258, L_0x5645d5809310, C4<>;
L_0x5645d5815860 .part L_0x5645d58153c0, 0, 5;
L_0x5645d5815900 .shift/l 24, L_0x5645d57f88a0, L_0x5645d5815860;
S_0x5645d57ea790 .scope module, "mng2" "m_n_gen" 6 53, 6 60 0, S_0x5645d57e00d0;
 .timescale 0 0;
    .port_info 0 /INPUT 24 "data";
    .port_info 1 /OUTPUT 24 "outdata";
    .port_info 2 /OUTPUT 5 "shift";
v0x5645d57ea9c0_0 .net *"_ivl_1", 0 0, L_0x5645d5815cc0;  1 drivers
L_0x7f90c53e46e0 .functor BUFT 1, C4<000000>, C4<0>, C4<0>, C4<0>;
v0x5645d57eaac0_0 .net/2s *"_ivl_10", 5 0, L_0x7f90c53e46e0;  1 drivers
L_0x7f90c53e4d10 .functor BUFT 1, C4<0000000000000000000000000000000>, C4<0>, C4<0>, C4<0>;
v0x5645d57eaba0_0 .net *"_ivl_101", 30 0, L_0x7f90c53e4d10;  1 drivers
L_0x7f90c53e4d58 .functor BUFT 1, C4<00000000000000000000000000000001>, C4<0>, C4<0>, C4<0>;
v0x5645d57eac60_0 .net/2u *"_ivl_102", 31 0, L_0x7f90c53e4d58;  1 drivers
v0x5645d57ead40_0 .net *"_ivl_104", 0 0, L_0x5645d5817c90;  1 drivers
L_0x7f90c53e4da0 .functor BUFT 1, C4<001000>, C4<0>, C4<0>, C4<0>;
v0x5645d57eae50_0 .net/2s *"_ivl_106", 5 0, L_0x7f90c53e4da0;  1 drivers
v0x5645d57eaf30_0 .net *"_ivl_109", 0 0, L_0x5645d5817dd0;  1 drivers
v0x5645d57eb010_0 .net *"_ivl_110", 31 0, L_0x5645d5817f60;  1 drivers
L_0x7f90c53e4de8 .functor BUFT 1, C4<0000000000000000000000000000000>, C4<0>, C4<0>, C4<0>;
v0x5645d57eb0f0_0 .net *"_ivl_113", 30 0, L_0x7f90c53e4de8;  1 drivers
L_0x7f90c53e4e30 .functor BUFT 1, C4<00000000000000000000000000000001>, C4<0>, C4<0>, C4<0>;
v0x5645d57eb1d0_0 .net/2u *"_ivl_114", 31 0, L_0x7f90c53e4e30;  1 drivers
v0x5645d57eb2b0_0 .net *"_ivl_116", 0 0, L_0x5645d58180a0;  1 drivers
L_0x7f90c53e4e78 .functor BUFT 1, C4<001001>, C4<0>, C4<0>, C4<0>;
v0x5645d57eb370_0 .net/2s *"_ivl_118", 5 0, L_0x7f90c53e4e78;  1 drivers
v0x5645d57eb450_0 .net *"_ivl_121", 0 0, L_0x5645d58182e0;  1 drivers
v0x5645d57eb530_0 .net *"_ivl_122", 31 0, L_0x5645d5818380;  1 drivers
L_0x7f90c53e4ec0 .functor BUFT 1, C4<0000000000000000000000000000000>, C4<0>, C4<0>, C4<0>;
v0x5645d57eb610_0 .net *"_ivl_125", 30 0, L_0x7f90c53e4ec0;  1 drivers
L_0x7f90c53e4f08 .functor BUFT 1, C4<00000000000000000000000000000001>, C4<0>, C4<0>, C4<0>;
v0x5645d57eb6f0_0 .net/2u *"_ivl_126", 31 0, L_0x7f90c53e4f08;  1 drivers
v0x5645d57eb7d0_0 .net *"_ivl_128", 0 0, L_0x5645d58185d0;  1 drivers
v0x5645d57eb890_0 .net *"_ivl_13", 0 0, L_0x5645d5815fe0;  1 drivers
L_0x7f90c53e4f50 .functor BUFT 1, C4<001010>, C4<0>, C4<0>, C4<0>;
v0x5645d57eb970_0 .net/2s *"_ivl_130", 5 0, L_0x7f90c53e4f50;  1 drivers
v0x5645d57eba50_0 .net *"_ivl_133", 0 0, L_0x5645d5818710;  1 drivers
v0x5645d57ebb30_0 .net *"_ivl_134", 31 0, L_0x5645d58188d0;  1 drivers
L_0x7f90c53e4f98 .functor BUFT 1, C4<0000000000000000000000000000000>, C4<0>, C4<0>, C4<0>;
v0x5645d57ebc10_0 .net *"_ivl_137", 30 0, L_0x7f90c53e4f98;  1 drivers
L_0x7f90c53e4fe0 .functor BUFT 1, C4<00000000000000000000000000000001>, C4<0>, C4<0>, C4<0>;
v0x5645d57ebcf0_0 .net/2u *"_ivl_138", 31 0, L_0x7f90c53e4fe0;  1 drivers
v0x5645d57ebdd0_0 .net *"_ivl_14", 31 0, L_0x5645d5816080;  1 drivers
v0x5645d57ebeb0_0 .net *"_ivl_140", 0 0, L_0x5645d5818a10;  1 drivers
L_0x7f90c53e5028 .functor BUFT 1, C4<001011>, C4<0>, C4<0>, C4<0>;
v0x5645d57ebf70_0 .net/2s *"_ivl_142", 5 0, L_0x7f90c53e5028;  1 drivers
v0x5645d57ec050_0 .net *"_ivl_145", 0 0, L_0x5645d58187b0;  1 drivers
v0x5645d57ec130_0 .net *"_ivl_146", 31 0, L_0x5645d5818c80;  1 drivers
L_0x7f90c53e5070 .functor BUFT 1, C4<0000000000000000000000000000000>, C4<0>, C4<0>, C4<0>;
v0x5645d57ec210_0 .net *"_ivl_149", 30 0, L_0x7f90c53e5070;  1 drivers
L_0x7f90c53e50b8 .functor BUFT 1, C4<00000000000000000000000000000001>, C4<0>, C4<0>, C4<0>;
v0x5645d57ec2f0_0 .net/2u *"_ivl_150", 31 0, L_0x7f90c53e50b8;  1 drivers
v0x5645d57ec3d0_0 .net *"_ivl_152", 0 0, L_0x5645d5818eb0;  1 drivers
L_0x7f90c53e5100 .functor BUFT 1, C4<001100>, C4<0>, C4<0>, C4<0>;
v0x5645d57ec490_0 .net/2s *"_ivl_154", 5 0, L_0x7f90c53e5100;  1 drivers
v0x5645d57ec570_0 .net *"_ivl_157", 0 0, L_0x5645d5818ff0;  1 drivers
v0x5645d57ec650_0 .net *"_ivl_158", 31 0, L_0x5645d58191e0;  1 drivers
L_0x7f90c53e5148 .functor BUFT 1, C4<0000000000000000000000000000000>, C4<0>, C4<0>, C4<0>;
v0x5645d57ec730_0 .net *"_ivl_161", 30 0, L_0x7f90c53e5148;  1 drivers
L_0x7f90c53e5190 .functor BUFT 1, C4<00000000000000000000000000000001>, C4<0>, C4<0>, C4<0>;
v0x5645d57ec810_0 .net/2u *"_ivl_162", 31 0, L_0x7f90c53e5190;  1 drivers
v0x5645d57ec8f0_0 .net *"_ivl_164", 0 0, L_0x5645d5819320;  1 drivers
L_0x7f90c53e51d8 .functor BUFT 1, C4<001101>, C4<0>, C4<0>, C4<0>;
v0x5645d57ec9b0_0 .net/2s *"_ivl_166", 5 0, L_0x7f90c53e51d8;  1 drivers
v0x5645d57eca90_0 .net *"_ivl_169", 0 0, L_0x5645d58195c0;  1 drivers
L_0x7f90c53e4728 .functor BUFT 1, C4<0000000000000000000000000000000>, C4<0>, C4<0>, C4<0>;
v0x5645d57ecb70_0 .net *"_ivl_17", 30 0, L_0x7f90c53e4728;  1 drivers
v0x5645d57ecc50_0 .net *"_ivl_170", 31 0, L_0x5645d5819660;  1 drivers
L_0x7f90c53e5220 .functor BUFT 1, C4<0000000000000000000000000000000>, C4<0>, C4<0>, C4<0>;
v0x5645d57ecd30_0 .net *"_ivl_173", 30 0, L_0x7f90c53e5220;  1 drivers
L_0x7f90c53e5268 .functor BUFT 1, C4<00000000000000000000000000000001>, C4<0>, C4<0>, C4<0>;
v0x5645d57ece10_0 .net/2u *"_ivl_174", 31 0, L_0x7f90c53e5268;  1 drivers
v0x5645d57ecef0_0 .net *"_ivl_176", 0 0, L_0x5645d5819910;  1 drivers
L_0x7f90c53e52b0 .functor BUFT 1, C4<001110>, C4<0>, C4<0>, C4<0>;
v0x5645d57ecfb0_0 .net/2s *"_ivl_178", 5 0, L_0x7f90c53e52b0;  1 drivers
L_0x7f90c53e4770 .functor BUFT 1, C4<00000000000000000000000000000001>, C4<0>, C4<0>, C4<0>;
v0x5645d57ed090_0 .net/2u *"_ivl_18", 31 0, L_0x7f90c53e4770;  1 drivers
v0x5645d57ed170_0 .net *"_ivl_181", 0 0, L_0x5645d5819a50;  1 drivers
v0x5645d57ed250_0 .net *"_ivl_182", 31 0, L_0x5645d5819c70;  1 drivers
L_0x7f90c53e52f8 .functor BUFT 1, C4<0000000000000000000000000000000>, C4<0>, C4<0>, C4<0>;
v0x5645d57ed330_0 .net *"_ivl_185", 30 0, L_0x7f90c53e52f8;  1 drivers
L_0x7f90c53e5340 .functor BUFT 1, C4<00000000000000000000000000000001>, C4<0>, C4<0>, C4<0>;
v0x5645d57ed410_0 .net/2u *"_ivl_186", 31 0, L_0x7f90c53e5340;  1 drivers
v0x5645d57ed4f0_0 .net *"_ivl_188", 0 0, L_0x5645d5819db0;  1 drivers
L_0x7f90c53e5388 .functor BUFT 1, C4<001111>, C4<0>, C4<0>, C4<0>;
v0x5645d57ed5b0_0 .net/2s *"_ivl_190", 5 0, L_0x7f90c53e5388;  1 drivers
v0x5645d57ed690_0 .net *"_ivl_193", 0 0, L_0x5645d581a080;  1 drivers
v0x5645d57ed770_0 .net *"_ivl_194", 31 0, L_0x5645d581a120;  1 drivers
L_0x7f90c53e53d0 .functor BUFT 1, C4<0000000000000000000000000000000>, C4<0>, C4<0>, C4<0>;
v0x5645d57ed850_0 .net *"_ivl_197", 30 0, L_0x7f90c53e53d0;  1 drivers
L_0x7f90c53e5418 .functor BUFT 1, C4<00000000000000000000000000000001>, C4<0>, C4<0>, C4<0>;
v0x5645d57ed930_0 .net/2u *"_ivl_198", 31 0, L_0x7f90c53e5418;  1 drivers
v0x5645d57eda10_0 .net *"_ivl_2", 31 0, L_0x5645d5815d60;  1 drivers
v0x5645d57edaf0_0 .net *"_ivl_20", 0 0, L_0x5645d5816170;  1 drivers
v0x5645d57edbb0_0 .net *"_ivl_200", 0 0, L_0x5645d581ac10;  1 drivers
L_0x7f90c53e5460 .functor BUFT 1, C4<010000>, C4<0>, C4<0>, C4<0>;
v0x5645d57edc70_0 .net/2s *"_ivl_202", 5 0, L_0x7f90c53e5460;  1 drivers
v0x5645d57edd50_0 .net *"_ivl_205", 0 0, L_0x5645d581ad50;  1 drivers
v0x5645d57ede30_0 .net *"_ivl_206", 31 0, L_0x5645d581afa0;  1 drivers
L_0x7f90c53e54a8 .functor BUFT 1, C4<0000000000000000000000000000000>, C4<0>, C4<0>, C4<0>;
v0x5645d57edf10_0 .net *"_ivl_209", 30 0, L_0x7f90c53e54a8;  1 drivers
L_0x7f90c53e54f0 .functor BUFT 1, C4<00000000000000000000000000000001>, C4<0>, C4<0>, C4<0>;
v0x5645d57edff0_0 .net/2u *"_ivl_210", 31 0, L_0x7f90c53e54f0;  1 drivers
v0x5645d57ee0d0_0 .net *"_ivl_212", 0 0, L_0x5645d581b0e0;  1 drivers
L_0x7f90c53e5538 .functor BUFT 1, C4<010001>, C4<0>, C4<0>, C4<0>;
v0x5645d57ee190_0 .net/2s *"_ivl_214", 5 0, L_0x7f90c53e5538;  1 drivers
v0x5645d57ee270_0 .net *"_ivl_217", 0 0, L_0x5645d581b3e0;  1 drivers
v0x5645d57ee350_0 .net *"_ivl_218", 31 0, L_0x5645d581b480;  1 drivers
L_0x7f90c53e47b8 .functor BUFT 1, C4<000001>, C4<0>, C4<0>, C4<0>;
v0x5645d57ee430_0 .net/2s *"_ivl_22", 5 0, L_0x7f90c53e47b8;  1 drivers
L_0x7f90c53e5580 .functor BUFT 1, C4<0000000000000000000000000000000>, C4<0>, C4<0>, C4<0>;
v0x5645d57ee510_0 .net *"_ivl_221", 30 0, L_0x7f90c53e5580;  1 drivers
L_0x7f90c53e55c8 .functor BUFT 1, C4<00000000000000000000000000000001>, C4<0>, C4<0>, C4<0>;
v0x5645d57ee5f0_0 .net/2u *"_ivl_222", 31 0, L_0x7f90c53e55c8;  1 drivers
v0x5645d57ee6d0_0 .net *"_ivl_224", 0 0, L_0x5645d581b790;  1 drivers
L_0x7f90c53e5610 .functor BUFT 1, C4<010010>, C4<0>, C4<0>, C4<0>;
v0x5645d57ee790_0 .net/2s *"_ivl_226", 5 0, L_0x7f90c53e5610;  1 drivers
v0x5645d57ee870_0 .net *"_ivl_229", 0 0, L_0x5645d581b8d0;  1 drivers
v0x5645d57ee950_0 .net *"_ivl_230", 31 0, L_0x5645d581bb50;  1 drivers
L_0x7f90c53e5658 .functor BUFT 1, C4<0000000000000000000000000000000>, C4<0>, C4<0>, C4<0>;
v0x5645d57eea30_0 .net *"_ivl_233", 30 0, L_0x7f90c53e5658;  1 drivers
L_0x7f90c53e56a0 .functor BUFT 1, C4<00000000000000000000000000000001>, C4<0>, C4<0>, C4<0>;
v0x5645d57eeb10_0 .net/2u *"_ivl_234", 31 0, L_0x7f90c53e56a0;  1 drivers
v0x5645d57eebf0_0 .net *"_ivl_236", 0 0, L_0x5645d581bc90;  1 drivers
L_0x7f90c53e56e8 .functor BUFT 1, C4<010011>, C4<0>, C4<0>, C4<0>;
v0x5645d57eecb0_0 .net/2s *"_ivl_238", 5 0, L_0x7f90c53e56e8;  1 drivers
v0x5645d57eed90_0 .net *"_ivl_241", 0 0, L_0x5645d581bfc0;  1 drivers
v0x5645d57eee70_0 .net *"_ivl_242", 31 0, L_0x5645d581c060;  1 drivers
L_0x7f90c53e5730 .functor BUFT 1, C4<0000000000000000000000000000000>, C4<0>, C4<0>, C4<0>;
v0x5645d57eef50_0 .net *"_ivl_245", 30 0, L_0x7f90c53e5730;  1 drivers
L_0x7f90c53e5778 .functor BUFT 1, C4<00000000000000000000000000000001>, C4<0>, C4<0>, C4<0>;
v0x5645d57ef030_0 .net/2u *"_ivl_246", 31 0, L_0x7f90c53e5778;  1 drivers
v0x5645d57ef110_0 .net *"_ivl_248", 0 0, L_0x5645d581c3a0;  1 drivers
v0x5645d57ef1d0_0 .net *"_ivl_25", 0 0, L_0x5645d58162f0;  1 drivers
L_0x7f90c53e57c0 .functor BUFT 1, C4<010100>, C4<0>, C4<0>, C4<0>;
v0x5645d57ef2b0_0 .net/2s *"_ivl_250", 5 0, L_0x7f90c53e57c0;  1 drivers
v0x5645d57ef390_0 .net *"_ivl_253", 0 0, L_0x5645d581c4e0;  1 drivers
v0x5645d57ef470_0 .net *"_ivl_254", 31 0, L_0x5645d581c790;  1 drivers
L_0x7f90c53e5808 .functor BUFT 1, C4<0000000000000000000000000000000>, C4<0>, C4<0>, C4<0>;
v0x5645d57ef550_0 .net *"_ivl_257", 30 0, L_0x7f90c53e5808;  1 drivers
L_0x7f90c53e5850 .functor BUFT 1, C4<00000000000000000000000000000001>, C4<0>, C4<0>, C4<0>;
v0x5645d57ef630_0 .net/2u *"_ivl_258", 31 0, L_0x7f90c53e5850;  1 drivers
v0x5645d57ef710_0 .net *"_ivl_26", 31 0, L_0x5645d5816390;  1 drivers
v0x5645d57ef7f0_0 .net *"_ivl_260", 0 0, L_0x5645d581c8d0;  1 drivers
L_0x7f90c53e5898 .functor BUFT 1, C4<010101>, C4<0>, C4<0>, C4<0>;
v0x5645d57ef8b0_0 .net/2s *"_ivl_262", 5 0, L_0x7f90c53e5898;  1 drivers
v0x5645d57ef990_0 .net *"_ivl_265", 0 0, L_0x5645d581cc30;  1 drivers
v0x5645d57efa70_0 .net *"_ivl_266", 31 0, L_0x5645d581ccd0;  1 drivers
L_0x7f90c53e58e0 .functor BUFT 1, C4<0000000000000000000000000000000>, C4<0>, C4<0>, C4<0>;
v0x5645d57efb50_0 .net *"_ivl_269", 30 0, L_0x7f90c53e58e0;  1 drivers
L_0x7f90c53e5928 .functor BUFT 1, C4<00000000000000000000000000000001>, C4<0>, C4<0>, C4<0>;
v0x5645d57efc30_0 .net/2u *"_ivl_270", 31 0, L_0x7f90c53e5928;  1 drivers
v0x5645d57efd10_0 .net *"_ivl_272", 0 0, L_0x5645d581d040;  1 drivers
L_0x7f90c53e5970 .functor BUFT 1, C4<010110>, C4<0>, C4<0>, C4<0>;
v0x5645d57efdd0_0 .net/2s *"_ivl_274", 5 0, L_0x7f90c53e5970;  1 drivers
v0x5645d57efeb0_0 .net *"_ivl_277", 0 0, L_0x5645d581d180;  1 drivers
v0x5645d57eff90_0 .net *"_ivl_278", 31 0, L_0x5645d581d460;  1 drivers
L_0x7f90c53e59b8 .functor BUFT 1, C4<0000000000000000000000000000000>, C4<0>, C4<0>, C4<0>;
v0x5645d57f0070_0 .net *"_ivl_281", 30 0, L_0x7f90c53e59b8;  1 drivers
L_0x7f90c53e5a00 .functor BUFT 1, C4<00000000000000000000000000000001>, C4<0>, C4<0>, C4<0>;
v0x5645d57f0150_0 .net/2u *"_ivl_282", 31 0, L_0x7f90c53e5a00;  1 drivers
v0x5645d57f0230_0 .net *"_ivl_284", 0 0, L_0x5645d581d5a0;  1 drivers
L_0x7f90c53e5a48 .functor BUFT 1, C4<010111>, C4<0>, C4<0>, C4<0>;
v0x5645d57f02f0_0 .net/2s *"_ivl_286", 5 0, L_0x7f90c53e5a48;  1 drivers
L_0x7f90c53e5a90 .functor BUFT 1, C4<000000>, C4<0>, C4<0>, C4<0>;
v0x5645d57f03d0_0 .net/2s *"_ivl_288", 5 0, L_0x7f90c53e5a90;  1 drivers
L_0x7f90c53e4800 .functor BUFT 1, C4<0000000000000000000000000000000>, C4<0>, C4<0>, C4<0>;
v0x5645d57f04b0_0 .net *"_ivl_29", 30 0, L_0x7f90c53e4800;  1 drivers
v0x5645d57f0590_0 .net *"_ivl_290", 5 0, L_0x5645d581d930;  1 drivers
v0x5645d57f0670_0 .net *"_ivl_292", 5 0, L_0x5645d581dac0;  1 drivers
v0x5645d57f0750_0 .net *"_ivl_294", 5 0, L_0x5645d581deb0;  1 drivers
v0x5645d57f0830_0 .net *"_ivl_296", 5 0, L_0x5645d581e040;  1 drivers
v0x5645d57f0910_0 .net *"_ivl_298", 5 0, L_0x5645d581e440;  1 drivers
L_0x7f90c53e4848 .functor BUFT 1, C4<00000000000000000000000000000001>, C4<0>, C4<0>, C4<0>;
v0x5645d57f09f0_0 .net/2u *"_ivl_30", 31 0, L_0x7f90c53e4848;  1 drivers
v0x5645d57f0ad0_0 .net *"_ivl_300", 5 0, L_0x5645d581e5d0;  1 drivers
v0x5645d57f0bb0_0 .net *"_ivl_302", 5 0, L_0x5645d581e9e0;  1 drivers
v0x5645d57f0c90_0 .net *"_ivl_304", 5 0, L_0x5645d581eb70;  1 drivers
v0x5645d57f0d70_0 .net *"_ivl_306", 5 0, L_0x5645d581ef90;  1 drivers
v0x5645d57f0e50_0 .net *"_ivl_308", 5 0, L_0x5645d581f120;  1 drivers
v0x5645d57f0f30_0 .net *"_ivl_310", 5 0, L_0x5645d581f550;  1 drivers
v0x5645d57f1010_0 .net *"_ivl_312", 5 0, L_0x5645d581f6e0;  1 drivers
v0x5645d57f10f0_0 .net *"_ivl_314", 5 0, L_0x5645d581fb20;  1 drivers
v0x5645d57f11d0_0 .net *"_ivl_316", 5 0, L_0x5645d581fcb0;  1 drivers
v0x5645d57f12b0_0 .net *"_ivl_318", 5 0, L_0x5645d5820100;  1 drivers
v0x5645d57f1390_0 .net *"_ivl_32", 0 0, L_0x5645d5816520;  1 drivers
v0x5645d57f1450_0 .net *"_ivl_320", 5 0, L_0x5645d5820290;  1 drivers
v0x5645d57f1530_0 .net *"_ivl_322", 5 0, L_0x5645d58206f0;  1 drivers
v0x5645d57f1610_0 .net *"_ivl_324", 5 0, L_0x5645d5820880;  1 drivers
v0x5645d57f16f0_0 .net *"_ivl_326", 5 0, L_0x5645d5820cf0;  1 drivers
v0x5645d57f17d0_0 .net *"_ivl_328", 5 0, L_0x5645d5820e80;  1 drivers
v0x5645d57f20c0_0 .net *"_ivl_330", 5 0, L_0x5645d5821300;  1 drivers
v0x5645d57f21a0_0 .net *"_ivl_332", 5 0, L_0x5645d5821490;  1 drivers
v0x5645d57f2280_0 .net *"_ivl_334", 5 0, L_0x5645d5821920;  1 drivers
v0x5645d57f2360_0 .net *"_ivl_336", 5 0, L_0x5645d5821ab0;  1 drivers
L_0x7f90c53e4890 .functor BUFT 1, C4<000010>, C4<0>, C4<0>, C4<0>;
v0x5645d57f2440_0 .net/2s *"_ivl_34", 5 0, L_0x7f90c53e4890;  1 drivers
v0x5645d57f2520_0 .net *"_ivl_37", 0 0, L_0x5645d5816660;  1 drivers
v0x5645d57f2600_0 .net *"_ivl_38", 31 0, L_0x5645d5816760;  1 drivers
L_0x7f90c53e48d8 .functor BUFT 1, C4<0000000000000000000000000000000>, C4<0>, C4<0>, C4<0>;
v0x5645d57f26e0_0 .net *"_ivl_41", 30 0, L_0x7f90c53e48d8;  1 drivers
L_0x7f90c53e4920 .functor BUFT 1, C4<00000000000000000000000000000001>, C4<0>, C4<0>, C4<0>;
v0x5645d57f27c0_0 .net/2u *"_ivl_42", 31 0, L_0x7f90c53e4920;  1 drivers
v0x5645d57f28a0_0 .net *"_ivl_44", 0 0, L_0x5645d5816850;  1 drivers
L_0x7f90c53e4968 .functor BUFT 1, C4<000011>, C4<0>, C4<0>, C4<0>;
v0x5645d57f2960_0 .net/2s *"_ivl_46", 5 0, L_0x7f90c53e4968;  1 drivers
v0x5645d57f2a40_0 .net *"_ivl_49", 0 0, L_0x5645d5816a00;  1 drivers
L_0x7f90c53e4650 .functor BUFT 1, C4<0000000000000000000000000000000>, C4<0>, C4<0>, C4<0>;
v0x5645d57f2b20_0 .net *"_ivl_5", 30 0, L_0x7f90c53e4650;  1 drivers
v0x5645d57f2c00_0 .net *"_ivl_50", 31 0, L_0x5645d5816aa0;  1 drivers
L_0x7f90c53e49b0 .functor BUFT 1, C4<0000000000000000000000000000000>, C4<0>, C4<0>, C4<0>;
v0x5645d57f2ce0_0 .net *"_ivl_53", 30 0, L_0x7f90c53e49b0;  1 drivers
L_0x7f90c53e49f8 .functor BUFT 1, C4<00000000000000000000000000000001>, C4<0>, C4<0>, C4<0>;
v0x5645d57f2dc0_0 .net/2u *"_ivl_54", 31 0, L_0x7f90c53e49f8;  1 drivers
v0x5645d57f2ea0_0 .net *"_ivl_56", 0 0, L_0x5645d5816c60;  1 drivers
L_0x7f90c53e4a40 .functor BUFT 1, C4<000100>, C4<0>, C4<0>, C4<0>;
v0x5645d57f2f60_0 .net/2s *"_ivl_58", 5 0, L_0x7f90c53e4a40;  1 drivers
L_0x7f90c53e4698 .functor BUFT 1, C4<00000000000000000000000000000001>, C4<0>, C4<0>, C4<0>;
v0x5645d57f3040_0 .net/2u *"_ivl_6", 31 0, L_0x7f90c53e4698;  1 drivers
v0x5645d57f3120_0 .net *"_ivl_61", 0 0, L_0x5645d5816da0;  1 drivers
v0x5645d57f3200_0 .net *"_ivl_62", 31 0, L_0x5645d5816ed0;  1 drivers
L_0x7f90c53e4a88 .functor BUFT 1, C4<0000000000000000000000000000000>, C4<0>, C4<0>, C4<0>;
v0x5645d57f32e0_0 .net *"_ivl_65", 30 0, L_0x7f90c53e4a88;  1 drivers
L_0x7f90c53e4ad0 .functor BUFT 1, C4<00000000000000000000000000000001>, C4<0>, C4<0>, C4<0>;
v0x5645d57f33c0_0 .net/2u *"_ivl_66", 31 0, L_0x7f90c53e4ad0;  1 drivers
v0x5645d57f34a0_0 .net *"_ivl_68", 0 0, L_0x5645d5817010;  1 drivers
L_0x7f90c53e4b18 .functor BUFT 1, C4<000101>, C4<0>, C4<0>, C4<0>;
v0x5645d57f3560_0 .net/2s *"_ivl_70", 5 0, L_0x7f90c53e4b18;  1 drivers
v0x5645d57f3640_0 .net *"_ivl_73", 0 0, L_0x5645d58171f0;  1 drivers
v0x5645d57f3720_0 .net *"_ivl_74", 31 0, L_0x5645d5817290;  1 drivers
L_0x7f90c53e4b60 .functor BUFT 1, C4<0000000000000000000000000000000>, C4<0>, C4<0>, C4<0>;
v0x5645d57f3800_0 .net *"_ivl_77", 30 0, L_0x7f90c53e4b60;  1 drivers
L_0x7f90c53e4ba8 .functor BUFT 1, C4<00000000000000000000000000000001>, C4<0>, C4<0>, C4<0>;
v0x5645d57f38e0_0 .net/2u *"_ivl_78", 31 0, L_0x7f90c53e4ba8;  1 drivers
v0x5645d57f39c0_0 .net *"_ivl_8", 0 0, L_0x5645d5815ea0;  1 drivers
v0x5645d57f3a80_0 .net *"_ivl_80", 0 0, L_0x5645d5817150;  1 drivers
L_0x7f90c53e4bf0 .functor BUFT 1, C4<000110>, C4<0>, C4<0>, C4<0>;
v0x5645d57f3b40_0 .net/2s *"_ivl_82", 5 0, L_0x7f90c53e4bf0;  1 drivers
v0x5645d57f3c20_0 .net *"_ivl_85", 0 0, L_0x5645d5817520;  1 drivers
v0x5645d57f3d00_0 .net *"_ivl_86", 31 0, L_0x5645d5817680;  1 drivers
L_0x7f90c53e4c38 .functor BUFT 1, C4<0000000000000000000000000000000>, C4<0>, C4<0>, C4<0>;
v0x5645d57f3de0_0 .net *"_ivl_89", 30 0, L_0x7f90c53e4c38;  1 drivers
L_0x7f90c53e4c80 .functor BUFT 1, C4<00000000000000000000000000000001>, C4<0>, C4<0>, C4<0>;
v0x5645d57f3ec0_0 .net/2u *"_ivl_90", 31 0, L_0x7f90c53e4c80;  1 drivers
v0x5645d57f3fa0_0 .net *"_ivl_92", 0 0, L_0x5645d58177c0;  1 drivers
L_0x7f90c53e4cc8 .functor BUFT 1, C4<000111>, C4<0>, C4<0>, C4<0>;
v0x5645d57f4060_0 .net/2s *"_ivl_94", 5 0, L_0x7f90c53e4cc8;  1 drivers
v0x5645d57f4140_0 .net *"_ivl_97", 0 0, L_0x5645d58179d0;  1 drivers
v0x5645d57f4220_0 .net *"_ivl_98", 31 0, L_0x5645d5817a70;  1 drivers
v0x5645d57f4300_0 .net "data", 23 0, L_0x5645d57f8ec0;  alias, 1 drivers
v0x5645d57f43e0_0 .net "outdata", 23 0, L_0x5645d5821ff0;  alias, 1 drivers
v0x5645d57f44a0_0 .net "shift", 4 0, L_0x5645d5821f50;  alias, 1 drivers
L_0x5645d5815cc0 .part L_0x5645d57f8ec0, 23, 1;
L_0x5645d5815d60 .concat [ 1 31 0 0], L_0x5645d5815cc0, L_0x7f90c53e4650;
L_0x5645d5815ea0 .cmp/eq 32, L_0x5645d5815d60, L_0x7f90c53e4698;
L_0x5645d5815fe0 .part L_0x5645d57f8ec0, 22, 1;
L_0x5645d5816080 .concat [ 1 31 0 0], L_0x5645d5815fe0, L_0x7f90c53e4728;
L_0x5645d5816170 .cmp/eq 32, L_0x5645d5816080, L_0x7f90c53e4770;
L_0x5645d58162f0 .part L_0x5645d57f8ec0, 21, 1;
L_0x5645d5816390 .concat [ 1 31 0 0], L_0x5645d58162f0, L_0x7f90c53e4800;
L_0x5645d5816520 .cmp/eq 32, L_0x5645d5816390, L_0x7f90c53e4848;
L_0x5645d5816660 .part L_0x5645d57f8ec0, 20, 1;
L_0x5645d5816760 .concat [ 1 31 0 0], L_0x5645d5816660, L_0x7f90c53e48d8;
L_0x5645d5816850 .cmp/eq 32, L_0x5645d5816760, L_0x7f90c53e4920;
L_0x5645d5816a00 .part L_0x5645d57f8ec0, 19, 1;
L_0x5645d5816aa0 .concat [ 1 31 0 0], L_0x5645d5816a00, L_0x7f90c53e49b0;
L_0x5645d5816c60 .cmp/eq 32, L_0x5645d5816aa0, L_0x7f90c53e49f8;
L_0x5645d5816da0 .part L_0x5645d57f8ec0, 18, 1;
L_0x5645d5816ed0 .concat [ 1 31 0 0], L_0x5645d5816da0, L_0x7f90c53e4a88;
L_0x5645d5817010 .cmp/eq 32, L_0x5645d5816ed0, L_0x7f90c53e4ad0;
L_0x5645d58171f0 .part L_0x5645d57f8ec0, 17, 1;
L_0x5645d5817290 .concat [ 1 31 0 0], L_0x5645d58171f0, L_0x7f90c53e4b60;
L_0x5645d5817150 .cmp/eq 32, L_0x5645d5817290, L_0x7f90c53e4ba8;
L_0x5645d5817520 .part L_0x5645d57f8ec0, 16, 1;
L_0x5645d5817680 .concat [ 1 31 0 0], L_0x5645d5817520, L_0x7f90c53e4c38;
L_0x5645d58177c0 .cmp/eq 32, L_0x5645d5817680, L_0x7f90c53e4c80;
L_0x5645d58179d0 .part L_0x5645d57f8ec0, 15, 1;
L_0x5645d5817a70 .concat [ 1 31 0 0], L_0x5645d58179d0, L_0x7f90c53e4d10;
L_0x5645d5817c90 .cmp/eq 32, L_0x5645d5817a70, L_0x7f90c53e4d58;
L_0x5645d5817dd0 .part L_0x5645d57f8ec0, 14, 1;
L_0x5645d5817f60 .concat [ 1 31 0 0], L_0x5645d5817dd0, L_0x7f90c53e4de8;
L_0x5645d58180a0 .cmp/eq 32, L_0x5645d5817f60, L_0x7f90c53e4e30;
L_0x5645d58182e0 .part L_0x5645d57f8ec0, 13, 1;
L_0x5645d5818380 .concat [ 1 31 0 0], L_0x5645d58182e0, L_0x7f90c53e4ec0;
L_0x5645d58185d0 .cmp/eq 32, L_0x5645d5818380, L_0x7f90c53e4f08;
L_0x5645d5818710 .part L_0x5645d57f8ec0, 12, 1;
L_0x5645d58188d0 .concat [ 1 31 0 0], L_0x5645d5818710, L_0x7f90c53e4f98;
L_0x5645d5818a10 .cmp/eq 32, L_0x5645d58188d0, L_0x7f90c53e4fe0;
L_0x5645d58187b0 .part L_0x5645d57f8ec0, 11, 1;
L_0x5645d5818c80 .concat [ 1 31 0 0], L_0x5645d58187b0, L_0x7f90c53e5070;
L_0x5645d5818eb0 .cmp/eq 32, L_0x5645d5818c80, L_0x7f90c53e50b8;
L_0x5645d5818ff0 .part L_0x5645d57f8ec0, 10, 1;
L_0x5645d58191e0 .concat [ 1 31 0 0], L_0x5645d5818ff0, L_0x7f90c53e5148;
L_0x5645d5819320 .cmp/eq 32, L_0x5645d58191e0, L_0x7f90c53e5190;
L_0x5645d58195c0 .part L_0x5645d57f8ec0, 9, 1;
L_0x5645d5819660 .concat [ 1 31 0 0], L_0x5645d58195c0, L_0x7f90c53e5220;
L_0x5645d5819910 .cmp/eq 32, L_0x5645d5819660, L_0x7f90c53e5268;
L_0x5645d5819a50 .part L_0x5645d57f8ec0, 8, 1;
L_0x5645d5819c70 .concat [ 1 31 0 0], L_0x5645d5819a50, L_0x7f90c53e52f8;
L_0x5645d5819db0 .cmp/eq 32, L_0x5645d5819c70, L_0x7f90c53e5340;
L_0x5645d581a080 .part L_0x5645d57f8ec0, 7, 1;
L_0x5645d581a120 .concat [ 1 31 0 0], L_0x5645d581a080, L_0x7f90c53e53d0;
L_0x5645d581ac10 .cmp/eq 32, L_0x5645d581a120, L_0x7f90c53e5418;
L_0x5645d581ad50 .part L_0x5645d57f8ec0, 6, 1;
L_0x5645d581afa0 .concat [ 1 31 0 0], L_0x5645d581ad50, L_0x7f90c53e54a8;
L_0x5645d581b0e0 .cmp/eq 32, L_0x5645d581afa0, L_0x7f90c53e54f0;
L_0x5645d581b3e0 .part L_0x5645d57f8ec0, 5, 1;
L_0x5645d581b480 .concat [ 1 31 0 0], L_0x5645d581b3e0, L_0x7f90c53e5580;
L_0x5645d581b790 .cmp/eq 32, L_0x5645d581b480, L_0x7f90c53e55c8;
L_0x5645d581b8d0 .part L_0x5645d57f8ec0, 4, 1;
L_0x5645d581bb50 .concat [ 1 31 0 0], L_0x5645d581b8d0, L_0x7f90c53e5658;
L_0x5645d581bc90 .cmp/eq 32, L_0x5645d581bb50, L_0x7f90c53e56a0;
L_0x5645d581bfc0 .part L_0x5645d57f8ec0, 3, 1;
L_0x5645d581c060 .concat [ 1 31 0 0], L_0x5645d581bfc0, L_0x7f90c53e5730;
L_0x5645d581c3a0 .cmp/eq 32, L_0x5645d581c060, L_0x7f90c53e5778;
L_0x5645d581c4e0 .part L_0x5645d57f8ec0, 2, 1;
L_0x5645d581c790 .concat [ 1 31 0 0], L_0x5645d581c4e0, L_0x7f90c53e5808;
L_0x5645d581c8d0 .cmp/eq 32, L_0x5645d581c790, L_0x7f90c53e5850;
L_0x5645d581cc30 .part L_0x5645d57f8ec0, 1, 1;
L_0x5645d581ccd0 .concat [ 1 31 0 0], L_0x5645d581cc30, L_0x7f90c53e58e0;
L_0x5645d581d040 .cmp/eq 32, L_0x5645d581ccd0, L_0x7f90c53e5928;
L_0x5645d581d180 .part L_0x5645d57f8ec0, 0, 1;
L_0x5645d581d460 .concat [ 1 31 0 0], L_0x5645d581d180, L_0x7f90c53e59b8;
L_0x5645d581d5a0 .cmp/eq 32, L_0x5645d581d460, L_0x7f90c53e5a00;
L_0x5645d581d930 .functor MUXZ 6, L_0x7f90c53e5a90, L_0x7f90c53e5a48, L_0x5645d581d5a0, C4<>;
L_0x5645d581dac0 .functor MUXZ 6, L_0x5645d581d930, L_0x7f90c53e5970, L_0x5645d581d040, C4<>;
L_0x5645d581deb0 .functor MUXZ 6, L_0x5645d581dac0, L_0x7f90c53e5898, L_0x5645d581c8d0, C4<>;
L_0x5645d581e040 .functor MUXZ 6, L_0x5645d581deb0, L_0x7f90c53e57c0, L_0x5645d581c3a0, C4<>;
L_0x5645d581e440 .functor MUXZ 6, L_0x5645d581e040, L_0x7f90c53e56e8, L_0x5645d581bc90, C4<>;
L_0x5645d581e5d0 .functor MUXZ 6, L_0x5645d581e440, L_0x7f90c53e5610, L_0x5645d581b790, C4<>;
L_0x5645d581e9e0 .functor MUXZ 6, L_0x5645d581e5d0, L_0x7f90c53e5538, L_0x5645d581b0e0, C4<>;
L_0x5645d581eb70 .functor MUXZ 6, L_0x5645d581e9e0, L_0x7f90c53e5460, L_0x5645d581ac10, C4<>;
L_0x5645d581ef90 .functor MUXZ 6, L_0x5645d581eb70, L_0x7f90c53e5388, L_0x5645d5819db0, C4<>;
L_0x5645d581f120 .functor MUXZ 6, L_0x5645d581ef90, L_0x7f90c53e52b0, L_0x5645d5819910, C4<>;
L_0x5645d581f550 .functor MUXZ 6, L_0x5645d581f120, L_0x7f90c53e51d8, L_0x5645d5819320, C4<>;
L_0x5645d581f6e0 .functor MUXZ 6, L_0x5645d581f550, L_0x7f90c53e5100, L_0x5645d5818eb0, C4<>;
L_0x5645d581fb20 .functor MUXZ 6, L_0x5645d581f6e0, L_0x7f90c53e5028, L_0x5645d5818a10, C4<>;
L_0x5645d581fcb0 .functor MUXZ 6, L_0x5645d581fb20, L_0x7f90c53e4f50, L_0x5645d58185d0, C4<>;
L_0x5645d5820100 .functor MUXZ 6, L_0x5645d581fcb0, L_0x7f90c53e4e78, L_0x5645d58180a0, C4<>;
L_0x5645d5820290 .functor MUXZ 6, L_0x5645d5820100, L_0x7f90c53e4da0, L_0x5645d5817c90, C4<>;
L_0x5645d58206f0 .functor MUXZ 6, L_0x5645d5820290, L_0x7f90c53e4cc8, L_0x5645d58177c0, C4<>;
L_0x5645d5820880 .functor MUXZ 6, L_0x5645d58206f0, L_0x7f90c53e4bf0, L_0x5645d5817150, C4<>;
L_0x5645d5820cf0 .functor MUXZ 6, L_0x5645d5820880, L_0x7f90c53e4b18, L_0x5645d5817010, C4<>;
L_0x5645d5820e80 .functor MUXZ 6, L_0x5645d5820cf0, L_0x7f90c53e4a40, L_0x5645d5816c60, C4<>;
L_0x5645d5821300 .functor MUXZ 6, L_0x5645d5820e80, L_0x7f90c53e4968, L_0x5645d5816850, C4<>;
L_0x5645d5821490 .functor MUXZ 6, L_0x5645d5821300, L_0x7f90c53e4890, L_0x5645d5816520, C4<>;
L_0x5645d5821920 .functor MUXZ 6, L_0x5645d5821490, L_0x7f90c53e47b8, L_0x5645d5816170, C4<>;
L_0x5645d5821ab0 .functor MUXZ 6, L_0x5645d5821920, L_0x7f90c53e46e0, L_0x5645d5815ea0, C4<>;
L_0x5645d5821f50 .part L_0x5645d5821ab0, 0, 5;
L_0x5645d5821ff0 .shift/l 24, L_0x5645d57f8ec0, L_0x5645d5821f50;
    .scope S_0x5645d57c13b0;
T_0 ;
    %vpi_call/w 3 20 "$dumpfile", "dump.vcd" {0 0 0};
    %vpi_call/w 3 21 "$dumpvars", 32'sb00000000000000000000000000000000, S_0x5645d57c0780 {0 0 0};
    %end;
    .thread T_0;
    .scope S_0x5645d57c13b0;
T_1 ;
    %delay 10, 0;
    %pushi/vec4 1082130432, 0, 32;
    %store/vec4 v0x5645d57f7d50_0, 0, 32;
    %pushi/vec4 1073741824, 0, 32;
    %store/vec4 v0x5645d57f7e10_0, 0, 32;
    %delay 10, 0;
    %pushi/vec4 1107335354, 0, 32;
    %store/vec4 v0x5645d57f7d50_0, 0, 32;
    %pushi/vec4 1207978684, 0, 32;
    %store/vec4 v0x5645d57f7e10_0, 0, 32;
    %delay 10, 0;
    %pushi/vec4 1119525050, 0, 32;
    %store/vec4 v0x5645d57f7d50_0, 0, 32;
    %pushi/vec4 1207978684, 0, 32;
    %store/vec4 v0x5645d57f7e10_0, 0, 32;
    %delay 2000, 0;
    %vpi_call/w 3 34 "$finish" {0 0 0};
    %end;
    .thread T_1;
# The file index is used to find the file name in the following table.
:file_names 8;
    "N/A";
    "<interactive>";
    "-";
    "./tb_FP32_mul_prototype.sv";
    "./FP32_mul.sv";
    "./man_solving.sv";
    "./normalization.sv";
    "./prepare_exponet.sv";
