#! /usr/bin/vvp
:ivl_version "11.0 (stable)";
:ivl_delay_selection "TYPICAL";
:vpi_time_precision + 0;
:vpi_module "/usr/lib/x86_64-linux-gnu/ivl/system.vpi";
:vpi_module "/usr/lib/x86_64-linux-gnu/ivl/vhdl_sys.vpi";
:vpi_module "/usr/lib/x86_64-linux-gnu/ivl/vhdl_textio.vpi";
:vpi_module "/usr/lib/x86_64-linux-gnu/ivl/v2005_math.vpi";
:vpi_module "/usr/lib/x86_64-linux-gnu/ivl/va_math.vpi";
S_0x55a37f12acf0 .scope module, "ACA_br_version" "ACA_br_version" 2 1;
 .timescale 0 0;
    .port_info 0 /INPUT 16 "a";
    .port_info 1 /INPUT 16 "b";
    .port_info 2 /INPUT 1 "cin";
    .port_info 3 /OUTPUT 16 "sum";
    .port_info 4 /OUTPUT 1 "cout";
L_0x55a37f21d650 .functor AND 1, L_0x55a37f21def0, L_0x55a37f21d5b0, C4<1>, C4<1>;
L_0x55a37f21d850 .functor AND 1, L_0x55a37f21d710, L_0x55a37f21d7b0, C4<1>, C4<1>;
o0x7f799e4cd558 .functor BUFZ 1, C4<z>; HiZ drive
L_0x55a37f21da00 .functor XOR 1, L_0x55a37f21d960, o0x7f799e4cd558, C4<0>, C4<0>;
L_0x55a37f21dac0 .functor XOR 1, L_0x55a37f21e550, L_0x55a37f21e5f0, C4<0>, C4<0>;
L_0x55a37f21e210 .functor AND 1, L_0x55a37f21e0d0, L_0x55a37f21e170, C4<1>, C4<1>;
L_0x55a37f21e320 .functor OR 1, L_0x55a37f21e030, L_0x55a37f21e210, C4<0>, C4<0>;
L_0x55a37f21e4d0 .functor XOR 1, L_0x55a37f21e430, L_0x55a37f21e320, C4<0>, C4<0>;
L_0x55a37f21e690 .functor XOR 1, L_0x55a37f21ed20, L_0x55a37f21edc0, C4<0>, C4<0>;
L_0x55a37f21e9d0 .functor AND 1, L_0x55a37f21e890, L_0x55a37f21e930, C4<1>, C4<1>;
L_0x55a37f21eae0 .functor OR 1, L_0x55a37f21e7f0, L_0x55a37f21e9d0, C4<0>, C4<0>;
L_0x55a37f21ee60 .functor XOR 1, L_0x55a37f21f470, L_0x55a37f21eae0, C4<0>, C4<0>;
L_0x55a37f21f3d0 .functor AND 1, L_0x55a37f21d850, L_0x55a37f21ef20, C4<1>, C4<1>;
L_0x55a37f21f510 .functor OR 1, L_0x55a37f21f3d0, L_0x55a37f21fbd0, C4<0>, C4<0>;
L_0x55a37f21f620 .functor AND 1, L_0x55a37f21d650, L_0x55a37f21e320, C4<1>, C4<1>;
L_0x55a37f21f780 .functor OR 1, L_0x55a37f21f620, L_0x55a37f21f6e0, C4<0>, C4<0>;
L_0x55a37f21f930 .functor XOR 1, L_0x55a37f21f890, L_0x55a37f21f780, C4<0>, C4<0>;
L_0x55a37f21fc70 .functor XOR 9, L_0x55a37f21fa40, L_0x55a37f2202b0, C4<000000000>, C4<000000000>;
v0x55a37f2018f0_0 .net *"_ivl_310", 0 0, L_0x55a37f21def0;  1 drivers
v0x55a37f2019f0_0 .net *"_ivl_312", 0 0, L_0x55a37f21d5b0;  1 drivers
v0x55a37f201ad0_0 .net *"_ivl_316", 0 0, L_0x55a37f21d710;  1 drivers
v0x55a37f201b90_0 .net *"_ivl_318", 0 0, L_0x55a37f21d7b0;  1 drivers
v0x55a37f201c70_0 .net *"_ivl_324", 0 0, L_0x55a37f21d960;  1 drivers
v0x55a37f201d50_0 .net *"_ivl_325", 0 0, L_0x55a37f21da00;  1 drivers
v0x55a37f201e30_0 .net *"_ivl_330", 0 0, L_0x55a37f21e550;  1 drivers
v0x55a37f201f10_0 .net *"_ivl_332", 0 0, L_0x55a37f21e5f0;  1 drivers
v0x55a37f201ff0_0 .net *"_ivl_333", 0 0, L_0x55a37f21dac0;  1 drivers
v0x55a37f202160_0 .net *"_ivl_336", 0 0, L_0x55a37f21e030;  1 drivers
v0x55a37f202240_0 .net *"_ivl_338", 0 0, L_0x55a37f21e0d0;  1 drivers
v0x55a37f202320_0 .net *"_ivl_340", 0 0, L_0x55a37f21e170;  1 drivers
v0x55a37f202400_0 .net *"_ivl_341", 0 0, L_0x55a37f21e210;  1 drivers
v0x55a37f2024e0_0 .net *"_ivl_348", 0 0, L_0x55a37f21e430;  1 drivers
v0x55a37f2025c0_0 .net *"_ivl_349", 0 0, L_0x55a37f21e4d0;  1 drivers
v0x55a37f2026a0_0 .net *"_ivl_354", 0 0, L_0x55a37f21ed20;  1 drivers
v0x55a37f202780_0 .net *"_ivl_356", 0 0, L_0x55a37f21edc0;  1 drivers
v0x55a37f202860_0 .net *"_ivl_357", 0 0, L_0x55a37f21e690;  1 drivers
v0x55a37f202940_0 .net *"_ivl_360", 0 0, L_0x55a37f21e7f0;  1 drivers
v0x55a37f202a20_0 .net *"_ivl_362", 0 0, L_0x55a37f21e890;  1 drivers
v0x55a37f202b00_0 .net *"_ivl_364", 0 0, L_0x55a37f21e930;  1 drivers
v0x55a37f202be0_0 .net *"_ivl_365", 0 0, L_0x55a37f21e9d0;  1 drivers
v0x55a37f202cc0_0 .net *"_ivl_372", 0 0, L_0x55a37f21f470;  1 drivers
v0x55a37f202da0_0 .net *"_ivl_373", 0 0, L_0x55a37f21ee60;  1 drivers
v0x55a37f202e80_0 .net *"_ivl_376", 0 0, L_0x55a37f21ef20;  1 drivers
v0x55a37f202f60_0 .net *"_ivl_377", 0 0, L_0x55a37f21f3d0;  1 drivers
v0x55a37f203040_0 .net *"_ivl_380", 0 0, L_0x55a37f21fbd0;  1 drivers
v0x55a37f203120_0 .net *"_ivl_383", 0 0, L_0x55a37f21f620;  1 drivers
v0x55a37f203200_0 .net *"_ivl_386", 0 0, L_0x55a37f21f6e0;  1 drivers
v0x55a37f2032e0_0 .net *"_ivl_392", 0 0, L_0x55a37f21f890;  1 drivers
v0x55a37f2033c0_0 .net *"_ivl_393", 0 0, L_0x55a37f21f930;  1 drivers
v0x55a37f2034a0_0 .net *"_ivl_398", 8 0, L_0x55a37f21fa40;  1 drivers
v0x55a37f203580_0 .net *"_ivl_400", 8 0, L_0x55a37f2202b0;  1 drivers
v0x55a37f203870_0 .net *"_ivl_401", 8 0, L_0x55a37f21fc70;  1 drivers
o0x7f799e4cdd38 .functor BUFZ 1, C4<z>; HiZ drive
; Elide local net with no drivers, v0x55a37f203950_0 name=_ivl_407
o0x7f799e4cd4f8 .functor BUFZ 16, C4<zzzzzzzzzzzzzzzz>; HiZ drive
v0x55a37f203a30_0 .net "a", 16 1, o0x7f799e4cd4f8;  0 drivers
o0x7f799e4cd528 .functor BUFZ 16, C4<zzzzzzzzzzzzzzzz>; HiZ drive
v0x55a37f203af0_0 .net "b", 16 1, o0x7f799e4cd528;  0 drivers
v0x55a37f203bc0_0 .net "cin", 0 0, o0x7f799e4cd558;  0 drivers
v0x55a37f203c90_0 .net "complex_gnpg", 9 0, L_0x55a37f21d240;  1 drivers
v0x55a37f203d30_0 .net "cout", 0 0, L_0x55a37f21fd80;  1 drivers
v0x55a37f203df0_0 .net "for_5423", 0 0, L_0x55a37f21d850;  1 drivers
v0x55a37f203eb0_0 .net "for_6543", 0 0, L_0x55a37f21d650;  1 drivers
v0x55a37f203f70_0 .net "g", 16 0, L_0x55a37f21db40;  1 drivers
v0x55a37f204060_0 .net "gnpg_level1", 15 0, L_0x55a37f20ef70;  1 drivers
v0x55a37f204120_0 .net "gnpg_level2", 13 0, L_0x55a37f2174a0;  1 drivers
v0x55a37f204200_0 .net "p", 16 0, L_0x55a37f21dd40;  1 drivers
v0x55a37f2042f0_0 .net "pp", 15 0, L_0x55a37f20e290;  1 drivers
v0x55a37f2043b0_0 .net "pppp", 9 0, L_0x55a37f21a740;  1 drivers
v0x55a37f204490_0 .net "sum", 16 1, L_0x55a37f21fe20;  1 drivers
v0x55a37f204570_0 .net "tmp1", 0 0, L_0x55a37f21e320;  1 drivers
v0x55a37f204630_0 .net "tmp2", 0 0, L_0x55a37f21eae0;  1 drivers
v0x55a37f2046f0_0 .net "tmp3", 0 0, L_0x55a37f21f780;  1 drivers
v0x55a37f2047b0_0 .net "tmp4", 0 0, L_0x55a37f21f510;  1 drivers
L_0x55a37f204940 .part L_0x55a37f21dd40, 1, 1;
L_0x55a37f2049e0 .part L_0x55a37f21dd40, 0, 1;
L_0x55a37f204bc0 .part L_0x55a37f21db40, 1, 1;
L_0x55a37f204cb0 .part L_0x55a37f21dd40, 1, 1;
L_0x55a37f204d80 .part L_0x55a37f21db40, 0, 1;
L_0x55a37f205020 .part L_0x55a37f21dd40, 2, 1;
L_0x55a37f205100 .part L_0x55a37f21dd40, 1, 1;
L_0x55a37f2052b0 .part L_0x55a37f21db40, 2, 1;
L_0x55a37f205430 .part L_0x55a37f21dd40, 2, 1;
L_0x55a37f2054d0 .part L_0x55a37f21db40, 1, 1;
L_0x55a37f205780 .part L_0x55a37f21dd40, 3, 1;
L_0x55a37f205820 .part L_0x55a37f21dd40, 2, 1;
L_0x55a37f205a40 .part L_0x55a37f21db40, 3, 1;
L_0x55a37f205ae0 .part L_0x55a37f21dd40, 3, 1;
L_0x55a37f205c00 .part L_0x55a37f21db40, 2, 1;
L_0x55a37f205eb0 .part L_0x55a37f21dd40, 4, 1;
L_0x55a37f205fe0 .part L_0x55a37f21dd40, 3, 1;
L_0x55a37f206190 .part L_0x55a37f21db40, 4, 1;
L_0x55a37f2063e0 .part L_0x55a37f21dd40, 4, 1;
L_0x55a37f206480 .part L_0x55a37f21db40, 3, 1;
L_0x55a37f206340 .part L_0x55a37f21dd40, 5, 1;
L_0x55a37f206850 .part L_0x55a37f21dd40, 4, 1;
L_0x55a37f206ac0 .part L_0x55a37f21db40, 5, 1;
L_0x55a37f206b60 .part L_0x55a37f21dd40, 5, 1;
L_0x55a37f206ee0 .part L_0x55a37f21db40, 4, 1;
L_0x55a37f207200 .part L_0x55a37f21dd40, 6, 1;
L_0x55a37f207380 .part L_0x55a37f21dd40, 5, 1;
L_0x55a37f207530 .part L_0x55a37f21db40, 6, 1;
L_0x55a37f2076c0 .part L_0x55a37f21dd40, 6, 1;
L_0x55a37f207760 .part L_0x55a37f21db40, 5, 1;
L_0x55a37f207b80 .part L_0x55a37f21dd40, 7, 1;
L_0x55a37f207c20 .part L_0x55a37f21dd40, 6, 1;
L_0x55a37f207ee0 .part L_0x55a37f21db40, 7, 1;
L_0x55a37f207f80 .part L_0x55a37f21dd40, 7, 1;
L_0x55a37f208140 .part L_0x55a37f21db40, 6, 1;
L_0x55a37f208460 .part L_0x55a37f21dd40, 8, 1;
L_0x55a37f208020 .part L_0x55a37f21dd40, 7, 1;
L_0x55a37f2086d0 .part L_0x55a37f21db40, 8, 1;
L_0x55a37f208ac0 .part L_0x55a37f21dd40, 8, 1;
L_0x55a37f208b60 .part L_0x55a37f21db40, 7, 1;
L_0x55a37f208fd0 .part L_0x55a37f21dd40, 9, 1;
L_0x55a37f209070 .part L_0x55a37f21dd40, 8, 1;
L_0x55a37f209380 .part L_0x55a37f21db40, 9, 1;
L_0x55a37f209420 .part L_0x55a37f21dd40, 9, 1;
L_0x55a37f209630 .part L_0x55a37f21db40, 8, 1;
L_0x55a37f209950 .part L_0x55a37f21dd40, 10, 1;
L_0x55a37f209b70 .part L_0x55a37f21dd40, 9, 1;
L_0x55a37f209d20 .part L_0x55a37f21db40, 10, 1;
L_0x55a37f209f50 .part L_0x55a37f21dd40, 10, 1;
L_0x55a37f209ff0 .part L_0x55a37f21db40, 9, 1;
L_0x55a37f20a4b0 .part L_0x55a37f21dd40, 11, 1;
L_0x55a37f20a960 .part L_0x55a37f21dd40, 10, 1;
L_0x55a37f20acc0 .part L_0x55a37f21db40, 11, 1;
L_0x55a37f20ad60 .part L_0x55a37f21dd40, 11, 1;
L_0x55a37f20afc0 .part L_0x55a37f21db40, 10, 1;
L_0x55a37f20b2e0 .part L_0x55a37f21dd40, 12, 1;
L_0x55a37f20b550 .part L_0x55a37f21dd40, 11, 1;
L_0x55a37f20b700 .part L_0x55a37f21db40, 12, 1;
L_0x55a37f20b980 .part L_0x55a37f21dd40, 12, 1;
L_0x55a37f20ba20 .part L_0x55a37f21db40, 11, 1;
L_0x55a37f20bf30 .part L_0x55a37f21dd40, 13, 1;
L_0x55a37f20bfd0 .part L_0x55a37f21dd40, 12, 1;
L_0x55a37f20c380 .part L_0x55a37f21db40, 13, 1;
L_0x55a37f20c420 .part L_0x55a37f21dd40, 13, 1;
L_0x55a37f20c6d0 .part L_0x55a37f21db40, 12, 1;
L_0x55a37f20c9f0 .part L_0x55a37f21dd40, 14, 1;
L_0x55a37f20ccb0 .part L_0x55a37f21dd40, 13, 1;
L_0x55a37f20ce60 .part L_0x55a37f21db40, 14, 1;
L_0x55a37f20d130 .part L_0x55a37f21dd40, 14, 1;
L_0x55a37f20d1d0 .part L_0x55a37f21db40, 13, 1;
L_0x55a37f20d730 .part L_0x55a37f21dd40, 15, 1;
L_0x55a37f20d7d0 .part L_0x55a37f21dd40, 14, 1;
L_0x55a37f20dbd0 .part L_0x55a37f21db40, 15, 1;
L_0x55a37f20dc70 .part L_0x55a37f21dd40, 15, 1;
L_0x55a37f20df70 .part L_0x55a37f21db40, 14, 1;
LS_0x55a37f20e290_0_0 .concat8 [ 1 1 1 1], L_0x55a37f204a80, L_0x55a37f2051a0, L_0x55a37f205930, L_0x55a37f206080;
LS_0x55a37f20e290_0_4 .concat8 [ 1 1 1 1], L_0x55a37f2069b0, L_0x55a37f207420, L_0x55a37f207dd0, L_0x55a37f2080c0;
LS_0x55a37f20e290_0_8 .concat8 [ 1 1 1 1], L_0x55a37f209270, L_0x55a37f209c10, L_0x55a37f20abb0, L_0x55a37f20b5f0;
LS_0x55a37f20e290_0_12 .concat8 [ 1 1 1 1], L_0x55a37f20c270, L_0x55a37f20cd50, L_0x55a37f20dac0, L_0x55a37f20ee10;
L_0x55a37f20e290 .concat8 [ 4 4 4 4], LS_0x55a37f20e290_0_0, LS_0x55a37f20e290_0_4, LS_0x55a37f20e290_0_8, LS_0x55a37f20e290_0_12;
L_0x55a37f20ea50 .part L_0x55a37f21dd40, 16, 1;
L_0x55a37f20eaf0 .part L_0x55a37f21dd40, 15, 1;
LS_0x55a37f20ef70_0_0 .concat8 [ 1 1 1 1], L_0x55a37f204f10, L_0x55a37f205670, L_0x55a37f205da0, L_0x55a37f206740;
LS_0x55a37f20ef70_0_4 .concat8 [ 1 1 1 1], L_0x55a37f2070f0, L_0x55a37f207a70, L_0x55a37f208350, L_0x55a37f208ec0;
LS_0x55a37f20ef70_0_8 .concat8 [ 1 1 1 1], L_0x55a37f209840, L_0x55a37f20a3a0, L_0x55a37f20b1d0, L_0x55a37f20be20;
LS_0x55a37f20ef70_0_12 .concat8 [ 1 1 1 1], L_0x55a37f20c8e0, L_0x55a37f20d620, L_0x55a37f20e180, L_0x55a37f2100f0;
L_0x55a37f20ef70 .concat8 [ 4 4 4 4], LS_0x55a37f20ef70_0_0, LS_0x55a37f20ef70_0_4, LS_0x55a37f20ef70_0_8, LS_0x55a37f20ef70_0_12;
L_0x55a37f20f4c0 .part L_0x55a37f21db40, 16, 1;
L_0x55a37f20fc00 .part L_0x55a37f21dd40, 16, 1;
L_0x55a37f20fca0 .part L_0x55a37f21db40, 15, 1;
L_0x55a37f210250 .part L_0x55a37f20ef70, 2, 1;
L_0x55a37f210340 .part L_0x55a37f20e290, 2, 1;
L_0x55a37f2106e0 .part L_0x55a37f20ef70, 0, 1;
L_0x55a37f2109a0 .part L_0x55a37f20ef70, 3, 1;
L_0x55a37f210d00 .part L_0x55a37f20e290, 3, 1;
L_0x55a37f210da0 .part L_0x55a37f20ef70, 1, 1;
L_0x55a37f2112e0 .part L_0x55a37f20ef70, 4, 1;
L_0x55a37f211380 .part L_0x55a37f20e290, 4, 1;
L_0x55a37f211790 .part L_0x55a37f20ef70, 2, 1;
L_0x55a37f211a00 .part L_0x55a37f20ef70, 5, 1;
L_0x55a37f211d90 .part L_0x55a37f20e290, 5, 1;
L_0x55a37f211e30 .part L_0x55a37f20ef70, 3, 1;
L_0x55a37f2123f0 .part L_0x55a37f20ef70, 6, 1;
L_0x55a37f212490 .part L_0x55a37f20e290, 6, 1;
L_0x55a37f212840 .part L_0x55a37f20ef70, 4, 1;
L_0x55a37f212b00 .part L_0x55a37f20ef70, 7, 1;
L_0x55a37f212ec0 .part L_0x55a37f20e290, 7, 1;
L_0x55a37f212f60 .part L_0x55a37f20ef70, 5, 1;
L_0x55a37f213550 .part L_0x55a37f20ef70, 8, 1;
L_0x55a37f2135f0 .part L_0x55a37f20e290, 8, 1;
L_0x55a37f2139d0 .part L_0x55a37f20ef70, 6, 1;
L_0x55a37f213c90 .part L_0x55a37f20ef70, 9, 1;
L_0x55a37f214080 .part L_0x55a37f20e290, 9, 1;
L_0x55a37f214120 .part L_0x55a37f20ef70, 7, 1;
L_0x55a37f214740 .part L_0x55a37f20ef70, 10, 1;
L_0x55a37f2147e0 .part L_0x55a37f20e290, 10, 1;
L_0x55a37f214bf0 .part L_0x55a37f20ef70, 8, 1;
L_0x55a37f214eb0 .part L_0x55a37f20ef70, 11, 1;
L_0x55a37f2152d0 .part L_0x55a37f20e290, 11, 1;
L_0x55a37f215370 .part L_0x55a37f20ef70, 9, 1;
L_0x55a37f2159c0 .part L_0x55a37f20ef70, 12, 1;
L_0x55a37f215a60 .part L_0x55a37f20e290, 12, 1;
L_0x55a37f215ea0 .part L_0x55a37f20ef70, 10, 1;
L_0x55a37f216160 .part L_0x55a37f20ef70, 13, 1;
L_0x55a37f2165b0 .part L_0x55a37f20e290, 13, 1;
L_0x55a37f216650 .part L_0x55a37f20ef70, 11, 1;
L_0x55a37f216cd0 .part L_0x55a37f20ef70, 14, 1;
L_0x55a37f216d70 .part L_0x55a37f20e290, 14, 1;
L_0x55a37f2171e0 .part L_0x55a37f20ef70, 12, 1;
LS_0x55a37f2174a0_0_0 .concat8 [ 1 1 1 1], L_0x55a37f210890, L_0x55a37f2111d0, L_0x55a37f2118f0, L_0x55a37f2122e0;
LS_0x55a37f2174a0_0_4 .concat8 [ 1 1 1 1], L_0x55a37f2129f0, L_0x55a37f213440, L_0x55a37f213b80, L_0x55a37f214630;
LS_0x55a37f2174a0_0_8 .concat8 [ 1 1 1 1], L_0x55a37f214da0, L_0x55a37f2158b0, L_0x55a37f216050, L_0x55a37f216bc0;
LS_0x55a37f2174a0_0_12 .concat8 [ 1 1 0 0], L_0x55a37f217390, L_0x55a37f218410;
L_0x55a37f2174a0 .concat8 [ 4 4 4 2], LS_0x55a37f2174a0_0_0, LS_0x55a37f2174a0_0_4, LS_0x55a37f2174a0_0_8, LS_0x55a37f2174a0_0_12;
L_0x55a37f217d30 .part L_0x55a37f20ef70, 15, 1;
L_0x55a37f217dd0 .part L_0x55a37f20e290, 15, 1;
L_0x55a37f218260 .part L_0x55a37f20ef70, 13, 1;
L_0x55a37f218570 .part L_0x55a37f20e290, 6, 1;
L_0x55a37f218a10 .part L_0x55a37f20e290, 4, 1;
L_0x55a37f218b70 .part L_0x55a37f20e290, 7, 1;
L_0x55a37f219020 .part L_0x55a37f20e290, 5, 1;
L_0x55a37f2191d0 .part L_0x55a37f20e290, 8, 1;
L_0x55a37f219690 .part L_0x55a37f20e290, 6, 1;
L_0x55a37f219840 .part L_0x55a37f20e290, 9, 1;
L_0x55a37f219270 .part L_0x55a37f20e290, 7, 1;
L_0x55a37f219420 .part L_0x55a37f20e290, 10, 1;
L_0x55a37f2194c0 .part L_0x55a37f20e290, 8, 1;
L_0x55a37f219d20 .part L_0x55a37f20e290, 11, 1;
L_0x55a37f2198e0 .part L_0x55a37f20e290, 9, 1;
L_0x55a37f219a90 .part L_0x55a37f20e290, 12, 1;
L_0x55a37f219b30 .part L_0x55a37f20e290, 10, 1;
L_0x55a37f21a220 .part L_0x55a37f20e290, 13, 1;
L_0x55a37f219dc0 .part L_0x55a37f20e290, 11, 1;
L_0x55a37f219f70 .part L_0x55a37f20e290, 14, 1;
L_0x55a37f21a010 .part L_0x55a37f20e290, 12, 1;
LS_0x55a37f21a740_0_0 .concat8 [ 1 1 1 1], L_0x55a37f218ab0, L_0x55a37f2190c0, L_0x55a37f219730, L_0x55a37f219310;
LS_0x55a37f21a740_0_4 .concat8 [ 1 1 1 1], L_0x55a37f219560, L_0x55a37f219980, L_0x55a37f219bd0, L_0x55a37f219e60;
LS_0x55a37f21a740_0_8 .concat8 [ 1 1 0 0], L_0x55a37f21a0b0, L_0x55a37f21a400;
L_0x55a37f21a740 .concat8 [ 4 4 2 0], LS_0x55a37f21a740_0_0, LS_0x55a37f21a740_0_4, LS_0x55a37f21a740_0_8;
L_0x55a37f21a2c0 .part L_0x55a37f20e290, 15, 1;
L_0x55a37f21a360 .part L_0x55a37f20e290, 13, 1;
L_0x55a37f21a560 .part L_0x55a37f2174a0, 4, 1;
L_0x55a37f21a650 .part L_0x55a37f2174a0, 0, 1;
L_0x55a37f21af10 .part L_0x55a37f21a740, 0, 1;
L_0x55a37f21b1d0 .part L_0x55a37f2174a0, 5, 1;
L_0x55a37f21aa60 .part L_0x55a37f2174a0, 1, 1;
L_0x55a37f21ab00 .part L_0x55a37f21a740, 1, 1;
L_0x55a37f21ad70 .part L_0x55a37f2174a0, 6, 1;
L_0x55a37f21ae10 .part L_0x55a37f2174a0, 2, 1;
L_0x55a37f21b750 .part L_0x55a37f21a740, 2, 1;
L_0x55a37f21b970 .part L_0x55a37f2174a0, 7, 1;
L_0x55a37f21b270 .part L_0x55a37f2174a0, 3, 1;
L_0x55a37f21b310 .part L_0x55a37f21a740, 3, 1;
L_0x55a37f21b5d0 .part L_0x55a37f2174a0, 8, 1;
L_0x55a37f21b670 .part L_0x55a37f2174a0, 4, 1;
L_0x55a37f21bf20 .part L_0x55a37f21a740, 4, 1;
L_0x55a37f21c1e0 .part L_0x55a37f2174a0, 9, 1;
L_0x55a37f21ba10 .part L_0x55a37f2174a0, 5, 1;
L_0x55a37f21bab0 .part L_0x55a37f21a740, 5, 1;
L_0x55a37f21bd70 .part L_0x55a37f2174a0, 10, 1;
L_0x55a37f21be10 .part L_0x55a37f2174a0, 6, 1;
L_0x55a37f21c7c0 .part L_0x55a37f21a740, 6, 1;
L_0x55a37f21ca10 .part L_0x55a37f2174a0, 11, 1;
L_0x55a37f21c280 .part L_0x55a37f2174a0, 7, 1;
L_0x55a37f21c320 .part L_0x55a37f21a740, 7, 1;
L_0x55a37f21c5e0 .part L_0x55a37f2174a0, 12, 1;
L_0x55a37f21c680 .part L_0x55a37f2174a0, 8, 1;
L_0x55a37f21c720 .part L_0x55a37f21a740, 8, 1;
LS_0x55a37f21d240_0_0 .concat8 [ 1 1 1 1], L_0x55a37f21b0c0, L_0x55a37f21ac60, L_0x55a37f21b860, L_0x55a37f21b4c0;
LS_0x55a37f21d240_0_4 .concat8 [ 1 1 1 1], L_0x55a37f21c0d0, L_0x55a37f21bc60, L_0x55a37f21c900, L_0x55a37f21c4d0;
LS_0x55a37f21d240_0_8 .concat8 [ 1 1 0 0], L_0x55a37f21d130, L_0x55a37f21cda0;
L_0x55a37f21d240 .concat8 [ 4 4 2 0], LS_0x55a37f21d240_0_0, LS_0x55a37f21d240_0_4, LS_0x55a37f21d240_0_8;
L_0x55a37f21cab0 .part L_0x55a37f2174a0, 13, 1;
L_0x55a37f21cb50 .part L_0x55a37f2174a0, 9, 1;
L_0x55a37f21cbf0 .part L_0x55a37f21a740, 9, 1;
L_0x55a37f21def0 .part L_0x55a37f20e290, 5, 1;
L_0x55a37f21d5b0 .part L_0x55a37f20e290, 3, 1;
L_0x55a37f21d710 .part L_0x55a37f20e290, 4, 1;
L_0x55a37f21d7b0 .part L_0x55a37f20e290, 2, 1;
L_0x55a37f21d960 .part L_0x55a37f21dd40, 1, 1;
L_0x55a37f21e550 .part L_0x55a37f21dd40, 2, 1;
L_0x55a37f21e5f0 .part L_0x55a37f20ef70, 0, 1;
L_0x55a37f21e030 .part L_0x55a37f21db40, 2, 1;
L_0x55a37f21e0d0 .part L_0x55a37f21dd40, 2, 1;
L_0x55a37f21e170 .part L_0x55a37f20ef70, 0, 1;
L_0x55a37f21e430 .part L_0x55a37f21dd40, 3, 1;
L_0x55a37f21ed20 .part L_0x55a37f21dd40, 4, 1;
L_0x55a37f21edc0 .part L_0x55a37f2174a0, 0, 1;
L_0x55a37f21e7f0 .part L_0x55a37f21db40, 4, 1;
L_0x55a37f21e890 .part L_0x55a37f21dd40, 4, 1;
L_0x55a37f21e930 .part L_0x55a37f2174a0, 0, 1;
L_0x55a37f21f470 .part L_0x55a37f21dd40, 5, 1;
L_0x55a37f21ef20 .part L_0x55a37f20ef70, 0, 1;
L_0x55a37f21fbd0 .part L_0x55a37f2174a0, 2, 1;
L_0x55a37f21f6e0 .part L_0x55a37f2174a0, 3, 1;
L_0x55a37f21f890 .part L_0x55a37f21dd40, 7, 1;
L_0x55a37f21fa40 .part L_0x55a37f21dd40, 8, 9;
L_0x55a37f2202b0 .part L_0x55a37f21d240, 0, 9;
L_0x55a37f21fd80 .part L_0x55a37f21d240, 9, 1;
LS_0x55a37f21fe20_0_0 .concat [ 1 1 1 1], L_0x55a37f21da00, L_0x55a37f21dac0, L_0x55a37f21e4d0, L_0x55a37f21e690;
LS_0x55a37f21fe20_0_4 .concat [ 1 1 1 9], L_0x55a37f21ee60, o0x7f799e4cdd38, L_0x55a37f21f930, L_0x55a37f21fc70;
L_0x55a37f21fe20 .concat [ 4 12 0 0], LS_0x55a37f21fe20_0_0, LS_0x55a37f21fe20_0_4;
S_0x55a37f12ae80 .scope generate, "genblk1[0]" "genblk1[0]" 2 18, 2 18 0, S_0x55a37f12acf0;
 .timescale 0 0;
P_0x55a37f1c7700 .param/l "i" 0 2 18, +C4<00>;
L_0x55a37f204a80 .functor AND 1, L_0x55a37f204940, L_0x55a37f2049e0, C4<1>, C4<1>;
L_0x55a37f204e20 .functor AND 1, L_0x55a37f204cb0, L_0x55a37f204d80, C4<1>, C4<1>;
L_0x55a37f204f10 .functor OR 1, L_0x55a37f204bc0, L_0x55a37f204e20, C4<0>, C4<0>;
v0x55a37f1c8130_0 .net *"_ivl_0", 0 0, L_0x55a37f204940;  1 drivers
v0x55a37f1c7660_0 .net *"_ivl_1", 0 0, L_0x55a37f2049e0;  1 drivers
v0x55a37f1c4d80_0 .net *"_ivl_2", 0 0, L_0x55a37f204a80;  1 drivers
v0x55a37f1c2810_0 .net *"_ivl_4", 0 0, L_0x55a37f204bc0;  1 drivers
v0x55a37f1c1dd0_0 .net *"_ivl_5", 0 0, L_0x55a37f204cb0;  1 drivers
v0x55a37f1bf860_0 .net *"_ivl_6", 0 0, L_0x55a37f204d80;  1 drivers
v0x55a37f1bedf0_0 .net *"_ivl_7", 0 0, L_0x55a37f204e20;  1 drivers
v0x55a37f1e8b10_0 .net *"_ivl_9", 0 0, L_0x55a37f204f10;  1 drivers
S_0x55a37f1e8bf0 .scope generate, "genblk1[1]" "genblk1[1]" 2 18, 2 18 0, S_0x55a37f12acf0;
 .timescale 0 0;
P_0x55a37f1c1e70 .param/l "i" 0 2 18, +C4<01>;
L_0x55a37f2051a0 .functor AND 1, L_0x55a37f205020, L_0x55a37f205100, C4<1>, C4<1>;
L_0x55a37f2055d0 .functor AND 1, L_0x55a37f205430, L_0x55a37f2054d0, C4<1>, C4<1>;
L_0x55a37f205670 .functor OR 1, L_0x55a37f2052b0, L_0x55a37f2055d0, C4<0>, C4<0>;
v0x55a37f1e8e30_0 .net *"_ivl_0", 0 0, L_0x55a37f205020;  1 drivers
v0x55a37f1e8f10_0 .net *"_ivl_1", 0 0, L_0x55a37f205100;  1 drivers
v0x55a37f1e8ff0_0 .net *"_ivl_2", 0 0, L_0x55a37f2051a0;  1 drivers
v0x55a37f1e90b0_0 .net *"_ivl_4", 0 0, L_0x55a37f2052b0;  1 drivers
v0x55a37f1e9190_0 .net *"_ivl_5", 0 0, L_0x55a37f205430;  1 drivers
v0x55a37f1e9270_0 .net *"_ivl_6", 0 0, L_0x55a37f2054d0;  1 drivers
v0x55a37f1e9350_0 .net *"_ivl_7", 0 0, L_0x55a37f2055d0;  1 drivers
v0x55a37f1e9430_0 .net *"_ivl_9", 0 0, L_0x55a37f205670;  1 drivers
S_0x55a37f1e9510 .scope generate, "genblk1[2]" "genblk1[2]" 2 18, 2 18 0, S_0x55a37f12acf0;
 .timescale 0 0;
P_0x55a37f1e96c0 .param/l "i" 0 2 18, +C4<010>;
L_0x55a37f205930 .functor AND 1, L_0x55a37f205780, L_0x55a37f205820, C4<1>, C4<1>;
L_0x55a37f2058c0 .functor AND 1, L_0x55a37f205ae0, L_0x55a37f205c00, C4<1>, C4<1>;
L_0x55a37f205da0 .functor OR 1, L_0x55a37f205a40, L_0x55a37f2058c0, C4<0>, C4<0>;
v0x55a37f1e9780_0 .net *"_ivl_0", 0 0, L_0x55a37f205780;  1 drivers
v0x55a37f1e9860_0 .net *"_ivl_1", 0 0, L_0x55a37f205820;  1 drivers
v0x55a37f1e9940_0 .net *"_ivl_2", 0 0, L_0x55a37f205930;  1 drivers
v0x55a37f1e9a00_0 .net *"_ivl_4", 0 0, L_0x55a37f205a40;  1 drivers
v0x55a37f1e9ae0_0 .net *"_ivl_5", 0 0, L_0x55a37f205ae0;  1 drivers
v0x55a37f1e9c10_0 .net *"_ivl_6", 0 0, L_0x55a37f205c00;  1 drivers
v0x55a37f1e9cf0_0 .net *"_ivl_7", 0 0, L_0x55a37f2058c0;  1 drivers
v0x55a37f1e9dd0_0 .net *"_ivl_9", 0 0, L_0x55a37f205da0;  1 drivers
S_0x55a37f1e9eb0 .scope generate, "genblk1[3]" "genblk1[3]" 2 18, 2 18 0, S_0x55a37f12acf0;
 .timescale 0 0;
P_0x55a37f1ea0b0 .param/l "i" 0 2 18, +C4<011>;
L_0x55a37f206080 .functor AND 1, L_0x55a37f205eb0, L_0x55a37f205fe0, C4<1>, C4<1>;
L_0x55a37f206600 .functor AND 1, L_0x55a37f2063e0, L_0x55a37f206480, C4<1>, C4<1>;
L_0x55a37f206740 .functor OR 1, L_0x55a37f206190, L_0x55a37f206600, C4<0>, C4<0>;
v0x55a37f1ea190_0 .net *"_ivl_0", 0 0, L_0x55a37f205eb0;  1 drivers
v0x55a37f1ea270_0 .net *"_ivl_1", 0 0, L_0x55a37f205fe0;  1 drivers
v0x55a37f1ea350_0 .net *"_ivl_2", 0 0, L_0x55a37f206080;  1 drivers
v0x55a37f1ea410_0 .net *"_ivl_4", 0 0, L_0x55a37f206190;  1 drivers
v0x55a37f1ea4f0_0 .net *"_ivl_5", 0 0, L_0x55a37f2063e0;  1 drivers
v0x55a37f1ea620_0 .net *"_ivl_6", 0 0, L_0x55a37f206480;  1 drivers
v0x55a37f1ea700_0 .net *"_ivl_7", 0 0, L_0x55a37f206600;  1 drivers
v0x55a37f1ea7e0_0 .net *"_ivl_9", 0 0, L_0x55a37f206740;  1 drivers
S_0x55a37f1ea8c0 .scope generate, "genblk1[4]" "genblk1[4]" 2 18, 2 18 0, S_0x55a37f12acf0;
 .timescale 0 0;
P_0x55a37f1eab10 .param/l "i" 0 2 18, +C4<0100>;
L_0x55a37f2069b0 .functor AND 1, L_0x55a37f206340, L_0x55a37f206850, C4<1>, C4<1>;
L_0x55a37f206fb0 .functor AND 1, L_0x55a37f206b60, L_0x55a37f206ee0, C4<1>, C4<1>;
L_0x55a37f2070f0 .functor OR 1, L_0x55a37f206ac0, L_0x55a37f206fb0, C4<0>, C4<0>;
v0x55a37f1eabf0_0 .net *"_ivl_0", 0 0, L_0x55a37f206340;  1 drivers
v0x55a37f1eacd0_0 .net *"_ivl_1", 0 0, L_0x55a37f206850;  1 drivers
v0x55a37f1eadb0_0 .net *"_ivl_2", 0 0, L_0x55a37f2069b0;  1 drivers
v0x55a37f1eae70_0 .net *"_ivl_4", 0 0, L_0x55a37f206ac0;  1 drivers
v0x55a37f1eaf50_0 .net *"_ivl_5", 0 0, L_0x55a37f206b60;  1 drivers
v0x55a37f1eb080_0 .net *"_ivl_6", 0 0, L_0x55a37f206ee0;  1 drivers
v0x55a37f1eb160_0 .net *"_ivl_7", 0 0, L_0x55a37f206fb0;  1 drivers
v0x55a37f1eb240_0 .net *"_ivl_9", 0 0, L_0x55a37f2070f0;  1 drivers
S_0x55a37f1eb320 .scope generate, "genblk1[5]" "genblk1[5]" 2 18, 2 18 0, S_0x55a37f12acf0;
 .timescale 0 0;
P_0x55a37f1eb520 .param/l "i" 0 2 18, +C4<0101>;
L_0x55a37f207420 .functor AND 1, L_0x55a37f207200, L_0x55a37f207380, C4<1>, C4<1>;
L_0x55a37f207930 .functor AND 1, L_0x55a37f2076c0, L_0x55a37f207760, C4<1>, C4<1>;
L_0x55a37f207a70 .functor OR 1, L_0x55a37f207530, L_0x55a37f207930, C4<0>, C4<0>;
v0x55a37f1eb600_0 .net *"_ivl_0", 0 0, L_0x55a37f207200;  1 drivers
v0x55a37f1eb6e0_0 .net *"_ivl_1", 0 0, L_0x55a37f207380;  1 drivers
v0x55a37f1eb7c0_0 .net *"_ivl_2", 0 0, L_0x55a37f207420;  1 drivers
v0x55a37f1eb880_0 .net *"_ivl_4", 0 0, L_0x55a37f207530;  1 drivers
v0x55a37f1eb960_0 .net *"_ivl_5", 0 0, L_0x55a37f2076c0;  1 drivers
v0x55a37f1eba90_0 .net *"_ivl_6", 0 0, L_0x55a37f207760;  1 drivers
v0x55a37f1ebb70_0 .net *"_ivl_7", 0 0, L_0x55a37f207930;  1 drivers
v0x55a37f1ebc50_0 .net *"_ivl_9", 0 0, L_0x55a37f207a70;  1 drivers
S_0x55a37f1ebd30 .scope generate, "genblk1[6]" "genblk1[6]" 2 18, 2 18 0, S_0x55a37f12acf0;
 .timescale 0 0;
P_0x55a37f1ebf30 .param/l "i" 0 2 18, +C4<0110>;
L_0x55a37f207dd0 .functor AND 1, L_0x55a37f207b80, L_0x55a37f207c20, C4<1>, C4<1>;
L_0x55a37f208210 .functor AND 1, L_0x55a37f207f80, L_0x55a37f208140, C4<1>, C4<1>;
L_0x55a37f208350 .functor OR 1, L_0x55a37f207ee0, L_0x55a37f208210, C4<0>, C4<0>;
v0x55a37f1ec010_0 .net *"_ivl_0", 0 0, L_0x55a37f207b80;  1 drivers
v0x55a37f1ec0f0_0 .net *"_ivl_1", 0 0, L_0x55a37f207c20;  1 drivers
v0x55a37f1ec1d0_0 .net *"_ivl_2", 0 0, L_0x55a37f207dd0;  1 drivers
v0x55a37f1ec290_0 .net *"_ivl_4", 0 0, L_0x55a37f207ee0;  1 drivers
v0x55a37f1ec370_0 .net *"_ivl_5", 0 0, L_0x55a37f207f80;  1 drivers
v0x55a37f1ec4a0_0 .net *"_ivl_6", 0 0, L_0x55a37f208140;  1 drivers
v0x55a37f1ec580_0 .net *"_ivl_7", 0 0, L_0x55a37f208210;  1 drivers
v0x55a37f1ec660_0 .net *"_ivl_9", 0 0, L_0x55a37f208350;  1 drivers
S_0x55a37f1ec740 .scope generate, "genblk1[7]" "genblk1[7]" 2 18, 2 18 0, S_0x55a37f12acf0;
 .timescale 0 0;
P_0x55a37f1ec940 .param/l "i" 0 2 18, +C4<0111>;
L_0x55a37f2080c0 .functor AND 1, L_0x55a37f208460, L_0x55a37f208020, C4<1>, C4<1>;
L_0x55a37f208d80 .functor AND 1, L_0x55a37f208ac0, L_0x55a37f208b60, C4<1>, C4<1>;
L_0x55a37f208ec0 .functor OR 1, L_0x55a37f2086d0, L_0x55a37f208d80, C4<0>, C4<0>;
v0x55a37f1eca20_0 .net *"_ivl_0", 0 0, L_0x55a37f208460;  1 drivers
v0x55a37f1ecb00_0 .net *"_ivl_1", 0 0, L_0x55a37f208020;  1 drivers
v0x55a37f1ecbe0_0 .net *"_ivl_2", 0 0, L_0x55a37f2080c0;  1 drivers
v0x55a37f1ecca0_0 .net *"_ivl_4", 0 0, L_0x55a37f2086d0;  1 drivers
v0x55a37f1ecd80_0 .net *"_ivl_5", 0 0, L_0x55a37f208ac0;  1 drivers
v0x55a37f1eceb0_0 .net *"_ivl_6", 0 0, L_0x55a37f208b60;  1 drivers
v0x55a37f1ecf90_0 .net *"_ivl_7", 0 0, L_0x55a37f208d80;  1 drivers
v0x55a37f1ed070_0 .net *"_ivl_9", 0 0, L_0x55a37f208ec0;  1 drivers
S_0x55a37f1ed150 .scope generate, "genblk1[8]" "genblk1[8]" 2 18, 2 18 0, S_0x55a37f12acf0;
 .timescale 0 0;
P_0x55a37f1eaac0 .param/l "i" 0 2 18, +C4<01000>;
L_0x55a37f209270 .functor AND 1, L_0x55a37f208fd0, L_0x55a37f209070, C4<1>, C4<1>;
L_0x55a37f209700 .functor AND 1, L_0x55a37f209420, L_0x55a37f209630, C4<1>, C4<1>;
L_0x55a37f209840 .functor OR 1, L_0x55a37f209380, L_0x55a37f209700, C4<0>, C4<0>;
v0x55a37f1ed3e0_0 .net *"_ivl_0", 0 0, L_0x55a37f208fd0;  1 drivers
v0x55a37f1ed4c0_0 .net *"_ivl_1", 0 0, L_0x55a37f209070;  1 drivers
v0x55a37f1ed5a0_0 .net *"_ivl_2", 0 0, L_0x55a37f209270;  1 drivers
v0x55a37f1ed660_0 .net *"_ivl_4", 0 0, L_0x55a37f209380;  1 drivers
v0x55a37f1ed740_0 .net *"_ivl_5", 0 0, L_0x55a37f209420;  1 drivers
v0x55a37f1ed870_0 .net *"_ivl_6", 0 0, L_0x55a37f209630;  1 drivers
v0x55a37f1ed950_0 .net *"_ivl_7", 0 0, L_0x55a37f209700;  1 drivers
v0x55a37f1eda30_0 .net *"_ivl_9", 0 0, L_0x55a37f209840;  1 drivers
S_0x55a37f1edb10 .scope generate, "genblk1[9]" "genblk1[9]" 2 18, 2 18 0, S_0x55a37f12acf0;
 .timescale 0 0;
P_0x55a37f1edd10 .param/l "i" 0 2 18, +C4<01001>;
L_0x55a37f209c10 .functor AND 1, L_0x55a37f209950, L_0x55a37f209b70, C4<1>, C4<1>;
L_0x55a37f20a260 .functor AND 1, L_0x55a37f209f50, L_0x55a37f209ff0, C4<1>, C4<1>;
L_0x55a37f20a3a0 .functor OR 1, L_0x55a37f209d20, L_0x55a37f20a260, C4<0>, C4<0>;
v0x55a37f1eddf0_0 .net *"_ivl_0", 0 0, L_0x55a37f209950;  1 drivers
v0x55a37f1eded0_0 .net *"_ivl_1", 0 0, L_0x55a37f209b70;  1 drivers
v0x55a37f1edfb0_0 .net *"_ivl_2", 0 0, L_0x55a37f209c10;  1 drivers
v0x55a37f1ee070_0 .net *"_ivl_4", 0 0, L_0x55a37f209d20;  1 drivers
v0x55a37f1ee150_0 .net *"_ivl_5", 0 0, L_0x55a37f209f50;  1 drivers
v0x55a37f1ee280_0 .net *"_ivl_6", 0 0, L_0x55a37f209ff0;  1 drivers
v0x55a37f1ee360_0 .net *"_ivl_7", 0 0, L_0x55a37f20a260;  1 drivers
v0x55a37f1ee440_0 .net *"_ivl_9", 0 0, L_0x55a37f20a3a0;  1 drivers
S_0x55a37f1ee520 .scope generate, "genblk1[10]" "genblk1[10]" 2 18, 2 18 0, S_0x55a37f12acf0;
 .timescale 0 0;
P_0x55a37f1ee720 .param/l "i" 0 2 18, +C4<01010>;
L_0x55a37f20abb0 .functor AND 1, L_0x55a37f20a4b0, L_0x55a37f20a960, C4<1>, C4<1>;
L_0x55a37f20b090 .functor AND 1, L_0x55a37f20ad60, L_0x55a37f20afc0, C4<1>, C4<1>;
L_0x55a37f20b1d0 .functor OR 1, L_0x55a37f20acc0, L_0x55a37f20b090, C4<0>, C4<0>;
v0x55a37f1ee800_0 .net *"_ivl_0", 0 0, L_0x55a37f20a4b0;  1 drivers
v0x55a37f1ee8e0_0 .net *"_ivl_1", 0 0, L_0x55a37f20a960;  1 drivers
v0x55a37f1ee9c0_0 .net *"_ivl_2", 0 0, L_0x55a37f20abb0;  1 drivers
v0x55a37f1eea80_0 .net *"_ivl_4", 0 0, L_0x55a37f20acc0;  1 drivers
v0x55a37f1eeb60_0 .net *"_ivl_5", 0 0, L_0x55a37f20ad60;  1 drivers
v0x55a37f1eec90_0 .net *"_ivl_6", 0 0, L_0x55a37f20afc0;  1 drivers
v0x55a37f1eed70_0 .net *"_ivl_7", 0 0, L_0x55a37f20b090;  1 drivers
v0x55a37f1eee50_0 .net *"_ivl_9", 0 0, L_0x55a37f20b1d0;  1 drivers
S_0x55a37f1eef30 .scope generate, "genblk1[11]" "genblk1[11]" 2 18, 2 18 0, S_0x55a37f12acf0;
 .timescale 0 0;
P_0x55a37f1ef130 .param/l "i" 0 2 18, +C4<01011>;
L_0x55a37f20b5f0 .functor AND 1, L_0x55a37f20b2e0, L_0x55a37f20b550, C4<1>, C4<1>;
L_0x55a37f20bce0 .functor AND 1, L_0x55a37f20b980, L_0x55a37f20ba20, C4<1>, C4<1>;
L_0x55a37f20be20 .functor OR 1, L_0x55a37f20b700, L_0x55a37f20bce0, C4<0>, C4<0>;
v0x55a37f1ef210_0 .net *"_ivl_0", 0 0, L_0x55a37f20b2e0;  1 drivers
v0x55a37f1ef2f0_0 .net *"_ivl_1", 0 0, L_0x55a37f20b550;  1 drivers
v0x55a37f1ef3d0_0 .net *"_ivl_2", 0 0, L_0x55a37f20b5f0;  1 drivers
v0x55a37f1ef490_0 .net *"_ivl_4", 0 0, L_0x55a37f20b700;  1 drivers
v0x55a37f1ef570_0 .net *"_ivl_5", 0 0, L_0x55a37f20b980;  1 drivers
v0x55a37f1ef6a0_0 .net *"_ivl_6", 0 0, L_0x55a37f20ba20;  1 drivers
v0x55a37f1ef780_0 .net *"_ivl_7", 0 0, L_0x55a37f20bce0;  1 drivers
v0x55a37f1ef860_0 .net *"_ivl_9", 0 0, L_0x55a37f20be20;  1 drivers
S_0x55a37f1ef940 .scope generate, "genblk1[12]" "genblk1[12]" 2 18, 2 18 0, S_0x55a37f12acf0;
 .timescale 0 0;
P_0x55a37f1efb40 .param/l "i" 0 2 18, +C4<01100>;
L_0x55a37f20c270 .functor AND 1, L_0x55a37f20bf30, L_0x55a37f20bfd0, C4<1>, C4<1>;
L_0x55a37f20c7a0 .functor AND 1, L_0x55a37f20c420, L_0x55a37f20c6d0, C4<1>, C4<1>;
L_0x55a37f20c8e0 .functor OR 1, L_0x55a37f20c380, L_0x55a37f20c7a0, C4<0>, C4<0>;
v0x55a37f1efc20_0 .net *"_ivl_0", 0 0, L_0x55a37f20bf30;  1 drivers
v0x55a37f1efd00_0 .net *"_ivl_1", 0 0, L_0x55a37f20bfd0;  1 drivers
v0x55a37f1efde0_0 .net *"_ivl_2", 0 0, L_0x55a37f20c270;  1 drivers
v0x55a37f1efea0_0 .net *"_ivl_4", 0 0, L_0x55a37f20c380;  1 drivers
v0x55a37f1eff80_0 .net *"_ivl_5", 0 0, L_0x55a37f20c420;  1 drivers
v0x55a37f1f00b0_0 .net *"_ivl_6", 0 0, L_0x55a37f20c6d0;  1 drivers
v0x55a37f1f0190_0 .net *"_ivl_7", 0 0, L_0x55a37f20c7a0;  1 drivers
v0x55a37f1f0270_0 .net *"_ivl_9", 0 0, L_0x55a37f20c8e0;  1 drivers
S_0x55a37f1f0350 .scope generate, "genblk1[13]" "genblk1[13]" 2 18, 2 18 0, S_0x55a37f12acf0;
 .timescale 0 0;
P_0x55a37f1f0550 .param/l "i" 0 2 18, +C4<01101>;
L_0x55a37f20cd50 .functor AND 1, L_0x55a37f20c9f0, L_0x55a37f20ccb0, C4<1>, C4<1>;
L_0x55a37f20d4e0 .functor AND 1, L_0x55a37f20d130, L_0x55a37f20d1d0, C4<1>, C4<1>;
L_0x55a37f20d620 .functor OR 1, L_0x55a37f20ce60, L_0x55a37f20d4e0, C4<0>, C4<0>;
v0x55a37f1f0630_0 .net *"_ivl_0", 0 0, L_0x55a37f20c9f0;  1 drivers
v0x55a37f1f0710_0 .net *"_ivl_1", 0 0, L_0x55a37f20ccb0;  1 drivers
v0x55a37f1f07f0_0 .net *"_ivl_2", 0 0, L_0x55a37f20cd50;  1 drivers
v0x55a37f1f08b0_0 .net *"_ivl_4", 0 0, L_0x55a37f20ce60;  1 drivers
v0x55a37f1f0990_0 .net *"_ivl_5", 0 0, L_0x55a37f20d130;  1 drivers
v0x55a37f1f0ac0_0 .net *"_ivl_6", 0 0, L_0x55a37f20d1d0;  1 drivers
v0x55a37f1f0ba0_0 .net *"_ivl_7", 0 0, L_0x55a37f20d4e0;  1 drivers
v0x55a37f1f0c80_0 .net *"_ivl_9", 0 0, L_0x55a37f20d620;  1 drivers
S_0x55a37f1f0d60 .scope generate, "genblk1[14]" "genblk1[14]" 2 18, 2 18 0, S_0x55a37f12acf0;
 .timescale 0 0;
P_0x55a37f1f0f60 .param/l "i" 0 2 18, +C4<01110>;
L_0x55a37f20dac0 .functor AND 1, L_0x55a37f20d730, L_0x55a37f20d7d0, C4<1>, C4<1>;
L_0x55a37f20e040 .functor AND 1, L_0x55a37f20dc70, L_0x55a37f20df70, C4<1>, C4<1>;
L_0x55a37f20e180 .functor OR 1, L_0x55a37f20dbd0, L_0x55a37f20e040, C4<0>, C4<0>;
v0x55a37f1f1040_0 .net *"_ivl_0", 0 0, L_0x55a37f20d730;  1 drivers
v0x55a37f1f1120_0 .net *"_ivl_1", 0 0, L_0x55a37f20d7d0;  1 drivers
v0x55a37f1f1200_0 .net *"_ivl_2", 0 0, L_0x55a37f20dac0;  1 drivers
v0x55a37f1f12c0_0 .net *"_ivl_4", 0 0, L_0x55a37f20dbd0;  1 drivers
v0x55a37f1f13a0_0 .net *"_ivl_5", 0 0, L_0x55a37f20dc70;  1 drivers
v0x55a37f1f14d0_0 .net *"_ivl_6", 0 0, L_0x55a37f20df70;  1 drivers
v0x55a37f1f15b0_0 .net *"_ivl_7", 0 0, L_0x55a37f20e040;  1 drivers
v0x55a37f1f1690_0 .net *"_ivl_9", 0 0, L_0x55a37f20e180;  1 drivers
S_0x55a37f1f1770 .scope generate, "genblk1[15]" "genblk1[15]" 2 18, 2 18 0, S_0x55a37f12acf0;
 .timescale 0 0;
P_0x55a37f1f1970 .param/l "i" 0 2 18, +C4<01111>;
L_0x55a37f20ee10 .functor AND 1, L_0x55a37f20ea50, L_0x55a37f20eaf0, C4<1>, C4<1>;
L_0x55a37f20ffe0 .functor AND 1, L_0x55a37f20fc00, L_0x55a37f20fca0, C4<1>, C4<1>;
L_0x55a37f2100f0 .functor OR 1, L_0x55a37f20f4c0, L_0x55a37f20ffe0, C4<0>, C4<0>;
v0x55a37f1f1a50_0 .net *"_ivl_0", 0 0, L_0x55a37f20ea50;  1 drivers
v0x55a37f1f1b30_0 .net *"_ivl_1", 0 0, L_0x55a37f20eaf0;  1 drivers
v0x55a37f1f1c10_0 .net *"_ivl_2", 0 0, L_0x55a37f20ee10;  1 drivers
v0x55a37f1f1cd0_0 .net *"_ivl_4", 0 0, L_0x55a37f20f4c0;  1 drivers
v0x55a37f1f1db0_0 .net *"_ivl_5", 0 0, L_0x55a37f20fc00;  1 drivers
v0x55a37f1f1ee0_0 .net *"_ivl_6", 0 0, L_0x55a37f20fca0;  1 drivers
v0x55a37f1f1fc0_0 .net *"_ivl_7", 0 0, L_0x55a37f20ffe0;  1 drivers
v0x55a37f1f20a0_0 .net *"_ivl_9", 0 0, L_0x55a37f2100f0;  1 drivers
S_0x55a37f1f2180 .scope generate, "genblk2[0]" "genblk2[0]" 2 29, 2 29 0, S_0x55a37f12acf0;
 .timescale 0 0;
P_0x55a37f1f2490 .param/l "i" 0 2 29, +C4<00>;
L_0x55a37f210780 .functor AND 1, L_0x55a37f210340, L_0x55a37f2106e0, C4<1>, C4<1>;
L_0x55a37f210890 .functor OR 1, L_0x55a37f210250, L_0x55a37f210780, C4<0>, C4<0>;
v0x55a37f1f2570_0 .net *"_ivl_0", 0 0, L_0x55a37f210250;  1 drivers
v0x55a37f1f2650_0 .net *"_ivl_1", 0 0, L_0x55a37f210340;  1 drivers
v0x55a37f1f2730_0 .net *"_ivl_2", 0 0, L_0x55a37f2106e0;  1 drivers
v0x55a37f1f27f0_0 .net *"_ivl_3", 0 0, L_0x55a37f210780;  1 drivers
v0x55a37f1f28d0_0 .net *"_ivl_5", 0 0, L_0x55a37f210890;  1 drivers
S_0x55a37f1f2a00 .scope generate, "genblk2[1]" "genblk2[1]" 2 29, 2 29 0, S_0x55a37f12acf0;
 .timescale 0 0;
P_0x55a37f1f2c00 .param/l "i" 0 2 29, +C4<01>;
L_0x55a37f211110 .functor AND 1, L_0x55a37f210d00, L_0x55a37f210da0, C4<1>, C4<1>;
L_0x55a37f2111d0 .functor OR 1, L_0x55a37f2109a0, L_0x55a37f211110, C4<0>, C4<0>;
v0x55a37f1f2ce0_0 .net *"_ivl_0", 0 0, L_0x55a37f2109a0;  1 drivers
v0x55a37f1f2dc0_0 .net *"_ivl_1", 0 0, L_0x55a37f210d00;  1 drivers
v0x55a37f1f2ea0_0 .net *"_ivl_2", 0 0, L_0x55a37f210da0;  1 drivers
v0x55a37f1f2f60_0 .net *"_ivl_3", 0 0, L_0x55a37f211110;  1 drivers
v0x55a37f1f3040_0 .net *"_ivl_5", 0 0, L_0x55a37f2111d0;  1 drivers
S_0x55a37f1f3170 .scope generate, "genblk2[2]" "genblk2[2]" 2 29, 2 29 0, S_0x55a37f12acf0;
 .timescale 0 0;
P_0x55a37f1f3370 .param/l "i" 0 2 29, +C4<010>;
L_0x55a37f211830 .functor AND 1, L_0x55a37f211380, L_0x55a37f211790, C4<1>, C4<1>;
L_0x55a37f2118f0 .functor OR 1, L_0x55a37f2112e0, L_0x55a37f211830, C4<0>, C4<0>;
v0x55a37f1f3450_0 .net *"_ivl_0", 0 0, L_0x55a37f2112e0;  1 drivers
v0x55a37f1f3530_0 .net *"_ivl_1", 0 0, L_0x55a37f211380;  1 drivers
v0x55a37f1f3610_0 .net *"_ivl_2", 0 0, L_0x55a37f211790;  1 drivers
v0x55a37f1f36d0_0 .net *"_ivl_3", 0 0, L_0x55a37f211830;  1 drivers
v0x55a37f1f37b0_0 .net *"_ivl_5", 0 0, L_0x55a37f2118f0;  1 drivers
S_0x55a37f1f38e0 .scope generate, "genblk2[3]" "genblk2[3]" 2 29, 2 29 0, S_0x55a37f12acf0;
 .timescale 0 0;
P_0x55a37f1f3ae0 .param/l "i" 0 2 29, +C4<011>;
L_0x55a37f2121d0 .functor AND 1, L_0x55a37f211d90, L_0x55a37f211e30, C4<1>, C4<1>;
L_0x55a37f2122e0 .functor OR 1, L_0x55a37f211a00, L_0x55a37f2121d0, C4<0>, C4<0>;
v0x55a37f1f3bc0_0 .net *"_ivl_0", 0 0, L_0x55a37f211a00;  1 drivers
v0x55a37f1f3ca0_0 .net *"_ivl_1", 0 0, L_0x55a37f211d90;  1 drivers
v0x55a37f1f3d80_0 .net *"_ivl_2", 0 0, L_0x55a37f211e30;  1 drivers
v0x55a37f1f3e40_0 .net *"_ivl_3", 0 0, L_0x55a37f2121d0;  1 drivers
v0x55a37f1f3f20_0 .net *"_ivl_5", 0 0, L_0x55a37f2122e0;  1 drivers
S_0x55a37f1f4050 .scope generate, "genblk2[4]" "genblk2[4]" 2 29, 2 29 0, S_0x55a37f12acf0;
 .timescale 0 0;
P_0x55a37f1f4250 .param/l "i" 0 2 29, +C4<0100>;
L_0x55a37f2128e0 .functor AND 1, L_0x55a37f212490, L_0x55a37f212840, C4<1>, C4<1>;
L_0x55a37f2129f0 .functor OR 1, L_0x55a37f2123f0, L_0x55a37f2128e0, C4<0>, C4<0>;
v0x55a37f1f4330_0 .net *"_ivl_0", 0 0, L_0x55a37f2123f0;  1 drivers
v0x55a37f1f4410_0 .net *"_ivl_1", 0 0, L_0x55a37f212490;  1 drivers
v0x55a37f1f44f0_0 .net *"_ivl_2", 0 0, L_0x55a37f212840;  1 drivers
v0x55a37f1f45b0_0 .net *"_ivl_3", 0 0, L_0x55a37f2128e0;  1 drivers
v0x55a37f1f4690_0 .net *"_ivl_5", 0 0, L_0x55a37f2129f0;  1 drivers
S_0x55a37f1f47c0 .scope generate, "genblk2[5]" "genblk2[5]" 2 29, 2 29 0, S_0x55a37f12acf0;
 .timescale 0 0;
P_0x55a37f1f49c0 .param/l "i" 0 2 29, +C4<0101>;
L_0x55a37f213330 .functor AND 1, L_0x55a37f212ec0, L_0x55a37f212f60, C4<1>, C4<1>;
L_0x55a37f213440 .functor OR 1, L_0x55a37f212b00, L_0x55a37f213330, C4<0>, C4<0>;
v0x55a37f1f4aa0_0 .net *"_ivl_0", 0 0, L_0x55a37f212b00;  1 drivers
v0x55a37f1f4b80_0 .net *"_ivl_1", 0 0, L_0x55a37f212ec0;  1 drivers
v0x55a37f1f4c60_0 .net *"_ivl_2", 0 0, L_0x55a37f212f60;  1 drivers
v0x55a37f1f4d20_0 .net *"_ivl_3", 0 0, L_0x55a37f213330;  1 drivers
v0x55a37f1f4e00_0 .net *"_ivl_5", 0 0, L_0x55a37f213440;  1 drivers
S_0x55a37f1f4f30 .scope generate, "genblk2[6]" "genblk2[6]" 2 29, 2 29 0, S_0x55a37f12acf0;
 .timescale 0 0;
P_0x55a37f1f5130 .param/l "i" 0 2 29, +C4<0110>;
L_0x55a37f213a70 .functor AND 1, L_0x55a37f2135f0, L_0x55a37f2139d0, C4<1>, C4<1>;
L_0x55a37f213b80 .functor OR 1, L_0x55a37f213550, L_0x55a37f213a70, C4<0>, C4<0>;
v0x55a37f1f5210_0 .net *"_ivl_0", 0 0, L_0x55a37f213550;  1 drivers
v0x55a37f1f52f0_0 .net *"_ivl_1", 0 0, L_0x55a37f2135f0;  1 drivers
v0x55a37f1f53d0_0 .net *"_ivl_2", 0 0, L_0x55a37f2139d0;  1 drivers
v0x55a37f1f5490_0 .net *"_ivl_3", 0 0, L_0x55a37f213a70;  1 drivers
v0x55a37f1f5570_0 .net *"_ivl_5", 0 0, L_0x55a37f213b80;  1 drivers
S_0x55a37f1f56a0 .scope generate, "genblk2[7]" "genblk2[7]" 2 29, 2 29 0, S_0x55a37f12acf0;
 .timescale 0 0;
P_0x55a37f1f58a0 .param/l "i" 0 2 29, +C4<0111>;
L_0x55a37f214520 .functor AND 1, L_0x55a37f214080, L_0x55a37f214120, C4<1>, C4<1>;
L_0x55a37f214630 .functor OR 1, L_0x55a37f213c90, L_0x55a37f214520, C4<0>, C4<0>;
v0x55a37f1f5980_0 .net *"_ivl_0", 0 0, L_0x55a37f213c90;  1 drivers
v0x55a37f1f5a60_0 .net *"_ivl_1", 0 0, L_0x55a37f214080;  1 drivers
v0x55a37f1f5b40_0 .net *"_ivl_2", 0 0, L_0x55a37f214120;  1 drivers
v0x55a37f1f5c00_0 .net *"_ivl_3", 0 0, L_0x55a37f214520;  1 drivers
v0x55a37f1f5ce0_0 .net *"_ivl_5", 0 0, L_0x55a37f214630;  1 drivers
S_0x55a37f1f5e10 .scope generate, "genblk2[8]" "genblk2[8]" 2 29, 2 29 0, S_0x55a37f12acf0;
 .timescale 0 0;
P_0x55a37f1f6010 .param/l "i" 0 2 29, +C4<01000>;
L_0x55a37f214c90 .functor AND 1, L_0x55a37f2147e0, L_0x55a37f214bf0, C4<1>, C4<1>;
L_0x55a37f214da0 .functor OR 1, L_0x55a37f214740, L_0x55a37f214c90, C4<0>, C4<0>;
v0x55a37f1f60f0_0 .net *"_ivl_0", 0 0, L_0x55a37f214740;  1 drivers
v0x55a37f1f61d0_0 .net *"_ivl_1", 0 0, L_0x55a37f2147e0;  1 drivers
v0x55a37f1f62b0_0 .net *"_ivl_2", 0 0, L_0x55a37f214bf0;  1 drivers
v0x55a37f1f6370_0 .net *"_ivl_3", 0 0, L_0x55a37f214c90;  1 drivers
v0x55a37f1f6450_0 .net *"_ivl_5", 0 0, L_0x55a37f214da0;  1 drivers
S_0x55a37f1f6580 .scope generate, "genblk2[9]" "genblk2[9]" 2 29, 2 29 0, S_0x55a37f12acf0;
 .timescale 0 0;
P_0x55a37f1f6780 .param/l "i" 0 2 29, +C4<01001>;
L_0x55a37f2157a0 .functor AND 1, L_0x55a37f2152d0, L_0x55a37f215370, C4<1>, C4<1>;
L_0x55a37f2158b0 .functor OR 1, L_0x55a37f214eb0, L_0x55a37f2157a0, C4<0>, C4<0>;
v0x55a37f1f6860_0 .net *"_ivl_0", 0 0, L_0x55a37f214eb0;  1 drivers
v0x55a37f1f6940_0 .net *"_ivl_1", 0 0, L_0x55a37f2152d0;  1 drivers
v0x55a37f1f6a20_0 .net *"_ivl_2", 0 0, L_0x55a37f215370;  1 drivers
v0x55a37f1f6ae0_0 .net *"_ivl_3", 0 0, L_0x55a37f2157a0;  1 drivers
v0x55a37f1f6bc0_0 .net *"_ivl_5", 0 0, L_0x55a37f2158b0;  1 drivers
S_0x55a37f1f6cf0 .scope generate, "genblk2[10]" "genblk2[10]" 2 29, 2 29 0, S_0x55a37f12acf0;
 .timescale 0 0;
P_0x55a37f1f6ef0 .param/l "i" 0 2 29, +C4<01010>;
L_0x55a37f215f40 .functor AND 1, L_0x55a37f215a60, L_0x55a37f215ea0, C4<1>, C4<1>;
L_0x55a37f216050 .functor OR 1, L_0x55a37f2159c0, L_0x55a37f215f40, C4<0>, C4<0>;
v0x55a37f1f6fd0_0 .net *"_ivl_0", 0 0, L_0x55a37f2159c0;  1 drivers
v0x55a37f1f70b0_0 .net *"_ivl_1", 0 0, L_0x55a37f215a60;  1 drivers
v0x55a37f1f7190_0 .net *"_ivl_2", 0 0, L_0x55a37f215ea0;  1 drivers
v0x55a37f1f7250_0 .net *"_ivl_3", 0 0, L_0x55a37f215f40;  1 drivers
v0x55a37f1f7330_0 .net *"_ivl_5", 0 0, L_0x55a37f216050;  1 drivers
S_0x55a37f1f7460 .scope generate, "genblk2[11]" "genblk2[11]" 2 29, 2 29 0, S_0x55a37f12acf0;
 .timescale 0 0;
P_0x55a37f1f7660 .param/l "i" 0 2 29, +C4<01011>;
L_0x55a37f216ab0 .functor AND 1, L_0x55a37f2165b0, L_0x55a37f216650, C4<1>, C4<1>;
L_0x55a37f216bc0 .functor OR 1, L_0x55a37f216160, L_0x55a37f216ab0, C4<0>, C4<0>;
v0x55a37f1f7740_0 .net *"_ivl_0", 0 0, L_0x55a37f216160;  1 drivers
v0x55a37f1f7820_0 .net *"_ivl_1", 0 0, L_0x55a37f2165b0;  1 drivers
v0x55a37f1f7900_0 .net *"_ivl_2", 0 0, L_0x55a37f216650;  1 drivers
v0x55a37f1f79c0_0 .net *"_ivl_3", 0 0, L_0x55a37f216ab0;  1 drivers
v0x55a37f1f7aa0_0 .net *"_ivl_5", 0 0, L_0x55a37f216bc0;  1 drivers
S_0x55a37f1f7bd0 .scope generate, "genblk2[12]" "genblk2[12]" 2 29, 2 29 0, S_0x55a37f12acf0;
 .timescale 0 0;
P_0x55a37f1f7dd0 .param/l "i" 0 2 29, +C4<01100>;
L_0x55a37f217280 .functor AND 1, L_0x55a37f216d70, L_0x55a37f2171e0, C4<1>, C4<1>;
L_0x55a37f217390 .functor OR 1, L_0x55a37f216cd0, L_0x55a37f217280, C4<0>, C4<0>;
v0x55a37f1f7eb0_0 .net *"_ivl_0", 0 0, L_0x55a37f216cd0;  1 drivers
v0x55a37f1f7f90_0 .net *"_ivl_1", 0 0, L_0x55a37f216d70;  1 drivers
v0x55a37f1f8070_0 .net *"_ivl_2", 0 0, L_0x55a37f2171e0;  1 drivers
v0x55a37f1f8130_0 .net *"_ivl_3", 0 0, L_0x55a37f217280;  1 drivers
v0x55a37f1f8210_0 .net *"_ivl_5", 0 0, L_0x55a37f217390;  1 drivers
S_0x55a37f1f8340 .scope generate, "genblk2[13]" "genblk2[13]" 2 29, 2 29 0, S_0x55a37f12acf0;
 .timescale 0 0;
P_0x55a37f1f8540 .param/l "i" 0 2 29, +C4<01101>;
L_0x55a37f218300 .functor AND 1, L_0x55a37f217dd0, L_0x55a37f218260, C4<1>, C4<1>;
L_0x55a37f218410 .functor OR 1, L_0x55a37f217d30, L_0x55a37f218300, C4<0>, C4<0>;
v0x55a37f1f8620_0 .net *"_ivl_0", 0 0, L_0x55a37f217d30;  1 drivers
v0x55a37f1f8700_0 .net *"_ivl_1", 0 0, L_0x55a37f217dd0;  1 drivers
v0x55a37f1f87e0_0 .net *"_ivl_2", 0 0, L_0x55a37f218260;  1 drivers
v0x55a37f1f88a0_0 .net *"_ivl_3", 0 0, L_0x55a37f218300;  1 drivers
v0x55a37f1f8980_0 .net *"_ivl_5", 0 0, L_0x55a37f218410;  1 drivers
S_0x55a37f1f8ab0 .scope generate, "genblk3[0]" "genblk3[0]" 2 34, 2 34 0, S_0x55a37f12acf0;
 .timescale 0 0;
P_0x55a37f1f8cb0 .param/l "i" 0 2 34, +C4<00>;
L_0x55a37f218ab0 .functor AND 1, L_0x55a37f218570, L_0x55a37f218a10, C4<1>, C4<1>;
v0x55a37f1f8d90_0 .net *"_ivl_0", 0 0, L_0x55a37f218570;  1 drivers
v0x55a37f1f8e70_0 .net *"_ivl_1", 0 0, L_0x55a37f218a10;  1 drivers
v0x55a37f1f8f50_0 .net *"_ivl_2", 0 0, L_0x55a37f218ab0;  1 drivers
S_0x55a37f1f9010 .scope generate, "genblk3[1]" "genblk3[1]" 2 34, 2 34 0, S_0x55a37f12acf0;
 .timescale 0 0;
P_0x55a37f1f9210 .param/l "i" 0 2 34, +C4<01>;
L_0x55a37f2190c0 .functor AND 1, L_0x55a37f218b70, L_0x55a37f219020, C4<1>, C4<1>;
v0x55a37f1f92f0_0 .net *"_ivl_0", 0 0, L_0x55a37f218b70;  1 drivers
v0x55a37f1f93d0_0 .net *"_ivl_1", 0 0, L_0x55a37f219020;  1 drivers
v0x55a37f1f94b0_0 .net *"_ivl_2", 0 0, L_0x55a37f2190c0;  1 drivers
S_0x55a37f1f9570 .scope generate, "genblk3[2]" "genblk3[2]" 2 34, 2 34 0, S_0x55a37f12acf0;
 .timescale 0 0;
P_0x55a37f1f9980 .param/l "i" 0 2 34, +C4<010>;
L_0x55a37f219730 .functor AND 1, L_0x55a37f2191d0, L_0x55a37f219690, C4<1>, C4<1>;
v0x55a37f1f9a60_0 .net *"_ivl_0", 0 0, L_0x55a37f2191d0;  1 drivers
v0x55a37f1f9b40_0 .net *"_ivl_1", 0 0, L_0x55a37f219690;  1 drivers
v0x55a37f1f9c20_0 .net *"_ivl_2", 0 0, L_0x55a37f219730;  1 drivers
S_0x55a37f1f9ce0 .scope generate, "genblk3[3]" "genblk3[3]" 2 34, 2 34 0, S_0x55a37f12acf0;
 .timescale 0 0;
P_0x55a37f1f9ee0 .param/l "i" 0 2 34, +C4<011>;
L_0x55a37f219310 .functor AND 1, L_0x55a37f219840, L_0x55a37f219270, C4<1>, C4<1>;
v0x55a37f1f9fc0_0 .net *"_ivl_0", 0 0, L_0x55a37f219840;  1 drivers
v0x55a37f1fa0a0_0 .net *"_ivl_1", 0 0, L_0x55a37f219270;  1 drivers
v0x55a37f1fa180_0 .net *"_ivl_2", 0 0, L_0x55a37f219310;  1 drivers
S_0x55a37f1fa240 .scope generate, "genblk3[4]" "genblk3[4]" 2 34, 2 34 0, S_0x55a37f12acf0;
 .timescale 0 0;
P_0x55a37f1fa440 .param/l "i" 0 2 34, +C4<0100>;
L_0x55a37f219560 .functor AND 1, L_0x55a37f219420, L_0x55a37f2194c0, C4<1>, C4<1>;
v0x55a37f1fa520_0 .net *"_ivl_0", 0 0, L_0x55a37f219420;  1 drivers
v0x55a37f1fa600_0 .net *"_ivl_1", 0 0, L_0x55a37f2194c0;  1 drivers
v0x55a37f1fa6e0_0 .net *"_ivl_2", 0 0, L_0x55a37f219560;  1 drivers
S_0x55a37f1fa7d0 .scope generate, "genblk3[5]" "genblk3[5]" 2 34, 2 34 0, S_0x55a37f12acf0;
 .timescale 0 0;
P_0x55a37f1fa9d0 .param/l "i" 0 2 34, +C4<0101>;
L_0x55a37f219980 .functor AND 1, L_0x55a37f219d20, L_0x55a37f2198e0, C4<1>, C4<1>;
v0x55a37f1faab0_0 .net *"_ivl_0", 0 0, L_0x55a37f219d20;  1 drivers
v0x55a37f1fab90_0 .net *"_ivl_1", 0 0, L_0x55a37f2198e0;  1 drivers
v0x55a37f1fac70_0 .net *"_ivl_2", 0 0, L_0x55a37f219980;  1 drivers
S_0x55a37f1fad60 .scope generate, "genblk3[6]" "genblk3[6]" 2 34, 2 34 0, S_0x55a37f12acf0;
 .timescale 0 0;
P_0x55a37f1faf60 .param/l "i" 0 2 34, +C4<0110>;
L_0x55a37f219bd0 .functor AND 1, L_0x55a37f219a90, L_0x55a37f219b30, C4<1>, C4<1>;
v0x55a37f1fb040_0 .net *"_ivl_0", 0 0, L_0x55a37f219a90;  1 drivers
v0x55a37f1fb120_0 .net *"_ivl_1", 0 0, L_0x55a37f219b30;  1 drivers
v0x55a37f1fb200_0 .net *"_ivl_2", 0 0, L_0x55a37f219bd0;  1 drivers
S_0x55a37f1fb2f0 .scope generate, "genblk3[7]" "genblk3[7]" 2 34, 2 34 0, S_0x55a37f12acf0;
 .timescale 0 0;
P_0x55a37f1fb4f0 .param/l "i" 0 2 34, +C4<0111>;
L_0x55a37f219e60 .functor AND 1, L_0x55a37f21a220, L_0x55a37f219dc0, C4<1>, C4<1>;
v0x55a37f1fb5d0_0 .net *"_ivl_0", 0 0, L_0x55a37f21a220;  1 drivers
v0x55a37f1fb6b0_0 .net *"_ivl_1", 0 0, L_0x55a37f219dc0;  1 drivers
v0x55a37f1fb790_0 .net *"_ivl_2", 0 0, L_0x55a37f219e60;  1 drivers
S_0x55a37f1fb880 .scope generate, "genblk3[8]" "genblk3[8]" 2 34, 2 34 0, S_0x55a37f12acf0;
 .timescale 0 0;
P_0x55a37f1fba80 .param/l "i" 0 2 34, +C4<01000>;
L_0x55a37f21a0b0 .functor AND 1, L_0x55a37f219f70, L_0x55a37f21a010, C4<1>, C4<1>;
v0x55a37f1fbb60_0 .net *"_ivl_0", 0 0, L_0x55a37f219f70;  1 drivers
v0x55a37f1fbc40_0 .net *"_ivl_1", 0 0, L_0x55a37f21a010;  1 drivers
v0x55a37f1fbd20_0 .net *"_ivl_2", 0 0, L_0x55a37f21a0b0;  1 drivers
S_0x55a37f1fbe10 .scope generate, "genblk3[9]" "genblk3[9]" 2 34, 2 34 0, S_0x55a37f12acf0;
 .timescale 0 0;
P_0x55a37f1fc010 .param/l "i" 0 2 34, +C4<01001>;
L_0x55a37f21a400 .functor AND 1, L_0x55a37f21a2c0, L_0x55a37f21a360, C4<1>, C4<1>;
v0x55a37f1fc0f0_0 .net *"_ivl_0", 0 0, L_0x55a37f21a2c0;  1 drivers
v0x55a37f1fc1d0_0 .net *"_ivl_1", 0 0, L_0x55a37f21a360;  1 drivers
v0x55a37f1fc2b0_0 .net *"_ivl_2", 0 0, L_0x55a37f21a400;  1 drivers
S_0x55a37f1fc3a0 .scope generate, "genblk4[0]" "genblk4[0]" 2 44, 2 44 0, S_0x55a37f12acf0;
 .timescale 0 0;
P_0x55a37f1fc5a0 .param/l "i" 0 2 44, +C4<00>;
L_0x55a37f21afb0 .functor AND 1, L_0x55a37f21a650, L_0x55a37f21af10, C4<1>, C4<1>;
L_0x55a37f21b0c0 .functor OR 1, L_0x55a37f21a560, L_0x55a37f21afb0, C4<0>, C4<0>;
v0x55a37f1fc680_0 .net *"_ivl_0", 0 0, L_0x55a37f21a560;  1 drivers
v0x55a37f1fc760_0 .net *"_ivl_1", 0 0, L_0x55a37f21a650;  1 drivers
v0x55a37f1fc840_0 .net *"_ivl_2", 0 0, L_0x55a37f21af10;  1 drivers
v0x55a37f1fc930_0 .net *"_ivl_3", 0 0, L_0x55a37f21afb0;  1 drivers
v0x55a37f1fca10_0 .net *"_ivl_5", 0 0, L_0x55a37f21b0c0;  1 drivers
S_0x55a37f1fcb40 .scope generate, "genblk4[1]" "genblk4[1]" 2 44, 2 44 0, S_0x55a37f12acf0;
 .timescale 0 0;
P_0x55a37f1fcd40 .param/l "i" 0 2 44, +C4<01>;
L_0x55a37f21aba0 .functor AND 1, L_0x55a37f21aa60, L_0x55a37f21ab00, C4<1>, C4<1>;
L_0x55a37f21ac60 .functor OR 1, L_0x55a37f21b1d0, L_0x55a37f21aba0, C4<0>, C4<0>;
v0x55a37f1fce20_0 .net *"_ivl_0", 0 0, L_0x55a37f21b1d0;  1 drivers
v0x55a37f1fcf00_0 .net *"_ivl_1", 0 0, L_0x55a37f21aa60;  1 drivers
v0x55a37f1fcfe0_0 .net *"_ivl_2", 0 0, L_0x55a37f21ab00;  1 drivers
v0x55a37f1fd0a0_0 .net *"_ivl_3", 0 0, L_0x55a37f21aba0;  1 drivers
v0x55a37f1fd180_0 .net *"_ivl_5", 0 0, L_0x55a37f21ac60;  1 drivers
S_0x55a37f1fd2b0 .scope generate, "genblk4[2]" "genblk4[2]" 2 44, 2 44 0, S_0x55a37f12acf0;
 .timescale 0 0;
P_0x55a37f1fd4b0 .param/l "i" 0 2 44, +C4<010>;
L_0x55a37f21b7f0 .functor AND 1, L_0x55a37f21ae10, L_0x55a37f21b750, C4<1>, C4<1>;
L_0x55a37f21b860 .functor OR 1, L_0x55a37f21ad70, L_0x55a37f21b7f0, C4<0>, C4<0>;
v0x55a37f1fd590_0 .net *"_ivl_0", 0 0, L_0x55a37f21ad70;  1 drivers
v0x55a37f1fd670_0 .net *"_ivl_1", 0 0, L_0x55a37f21ae10;  1 drivers
v0x55a37f1fd750_0 .net *"_ivl_2", 0 0, L_0x55a37f21b750;  1 drivers
v0x55a37f1fd810_0 .net *"_ivl_3", 0 0, L_0x55a37f21b7f0;  1 drivers
v0x55a37f1fd8f0_0 .net *"_ivl_5", 0 0, L_0x55a37f21b860;  1 drivers
S_0x55a37f1fda20 .scope generate, "genblk4[3]" "genblk4[3]" 2 44, 2 44 0, S_0x55a37f12acf0;
 .timescale 0 0;
P_0x55a37f1fdc20 .param/l "i" 0 2 44, +C4<011>;
L_0x55a37f21b3b0 .functor AND 1, L_0x55a37f21b270, L_0x55a37f21b310, C4<1>, C4<1>;
L_0x55a37f21b4c0 .functor OR 1, L_0x55a37f21b970, L_0x55a37f21b3b0, C4<0>, C4<0>;
v0x55a37f1fdd00_0 .net *"_ivl_0", 0 0, L_0x55a37f21b970;  1 drivers
v0x55a37f1fdde0_0 .net *"_ivl_1", 0 0, L_0x55a37f21b270;  1 drivers
v0x55a37f1fdec0_0 .net *"_ivl_2", 0 0, L_0x55a37f21b310;  1 drivers
v0x55a37f1fdf80_0 .net *"_ivl_3", 0 0, L_0x55a37f21b3b0;  1 drivers
v0x55a37f1fe060_0 .net *"_ivl_5", 0 0, L_0x55a37f21b4c0;  1 drivers
S_0x55a37f1fe190 .scope generate, "genblk4[4]" "genblk4[4]" 2 44, 2 44 0, S_0x55a37f12acf0;
 .timescale 0 0;
P_0x55a37f1fe390 .param/l "i" 0 2 44, +C4<0100>;
L_0x55a37f21bfc0 .functor AND 1, L_0x55a37f21b670, L_0x55a37f21bf20, C4<1>, C4<1>;
L_0x55a37f21c0d0 .functor OR 1, L_0x55a37f21b5d0, L_0x55a37f21bfc0, C4<0>, C4<0>;
v0x55a37f1fe470_0 .net *"_ivl_0", 0 0, L_0x55a37f21b5d0;  1 drivers
v0x55a37f1fe550_0 .net *"_ivl_1", 0 0, L_0x55a37f21b670;  1 drivers
v0x55a37f1fe630_0 .net *"_ivl_2", 0 0, L_0x55a37f21bf20;  1 drivers
v0x55a37f1fe6f0_0 .net *"_ivl_3", 0 0, L_0x55a37f21bfc0;  1 drivers
v0x55a37f1fe7d0_0 .net *"_ivl_5", 0 0, L_0x55a37f21c0d0;  1 drivers
S_0x55a37f1fe900 .scope generate, "genblk4[5]" "genblk4[5]" 2 44, 2 44 0, S_0x55a37f12acf0;
 .timescale 0 0;
P_0x55a37f1feb00 .param/l "i" 0 2 44, +C4<0101>;
L_0x55a37f21bb50 .functor AND 1, L_0x55a37f21ba10, L_0x55a37f21bab0, C4<1>, C4<1>;
L_0x55a37f21bc60 .functor OR 1, L_0x55a37f21c1e0, L_0x55a37f21bb50, C4<0>, C4<0>;
v0x55a37f1febe0_0 .net *"_ivl_0", 0 0, L_0x55a37f21c1e0;  1 drivers
v0x55a37f1fecc0_0 .net *"_ivl_1", 0 0, L_0x55a37f21ba10;  1 drivers
v0x55a37f1feda0_0 .net *"_ivl_2", 0 0, L_0x55a37f21bab0;  1 drivers
v0x55a37f1fee60_0 .net *"_ivl_3", 0 0, L_0x55a37f21bb50;  1 drivers
v0x55a37f1fef40_0 .net *"_ivl_5", 0 0, L_0x55a37f21bc60;  1 drivers
S_0x55a37f1ff070 .scope generate, "genblk4[6]" "genblk4[6]" 2 44, 2 44 0, S_0x55a37f12acf0;
 .timescale 0 0;
P_0x55a37f1ff270 .param/l "i" 0 2 44, +C4<0110>;
L_0x55a37f21beb0 .functor AND 1, L_0x55a37f21be10, L_0x55a37f21c7c0, C4<1>, C4<1>;
L_0x55a37f21c900 .functor OR 1, L_0x55a37f21bd70, L_0x55a37f21beb0, C4<0>, C4<0>;
v0x55a37f1ff350_0 .net *"_ivl_0", 0 0, L_0x55a37f21bd70;  1 drivers
v0x55a37f1ff430_0 .net *"_ivl_1", 0 0, L_0x55a37f21be10;  1 drivers
v0x55a37f1ff510_0 .net *"_ivl_2", 0 0, L_0x55a37f21c7c0;  1 drivers
v0x55a37f1ff5d0_0 .net *"_ivl_3", 0 0, L_0x55a37f21beb0;  1 drivers
v0x55a37f1ff6b0_0 .net *"_ivl_5", 0 0, L_0x55a37f21c900;  1 drivers
S_0x55a37f1ff7e0 .scope generate, "genblk4[7]" "genblk4[7]" 2 44, 2 44 0, S_0x55a37f12acf0;
 .timescale 0 0;
P_0x55a37f1ff9e0 .param/l "i" 0 2 44, +C4<0111>;
L_0x55a37f21c3c0 .functor AND 1, L_0x55a37f21c280, L_0x55a37f21c320, C4<1>, C4<1>;
L_0x55a37f21c4d0 .functor OR 1, L_0x55a37f21ca10, L_0x55a37f21c3c0, C4<0>, C4<0>;
v0x55a37f1ffac0_0 .net *"_ivl_0", 0 0, L_0x55a37f21ca10;  1 drivers
v0x55a37f1ffba0_0 .net *"_ivl_1", 0 0, L_0x55a37f21c280;  1 drivers
v0x55a37f1ffc80_0 .net *"_ivl_2", 0 0, L_0x55a37f21c320;  1 drivers
v0x55a37f1ffd40_0 .net *"_ivl_3", 0 0, L_0x55a37f21c3c0;  1 drivers
v0x55a37f1ffe20_0 .net *"_ivl_5", 0 0, L_0x55a37f21c4d0;  1 drivers
S_0x55a37f1fff50 .scope generate, "genblk4[8]" "genblk4[8]" 2 44, 2 44 0, S_0x55a37f12acf0;
 .timescale 0 0;
P_0x55a37f200150 .param/l "i" 0 2 44, +C4<01000>;
L_0x55a37f21d020 .functor AND 1, L_0x55a37f21c680, L_0x55a37f21c720, C4<1>, C4<1>;
L_0x55a37f21d130 .functor OR 1, L_0x55a37f21c5e0, L_0x55a37f21d020, C4<0>, C4<0>;
v0x55a37f200230_0 .net *"_ivl_0", 0 0, L_0x55a37f21c5e0;  1 drivers
v0x55a37f200310_0 .net *"_ivl_1", 0 0, L_0x55a37f21c680;  1 drivers
v0x55a37f2003f0_0 .net *"_ivl_2", 0 0, L_0x55a37f21c720;  1 drivers
v0x55a37f2004b0_0 .net *"_ivl_3", 0 0, L_0x55a37f21d020;  1 drivers
v0x55a37f200590_0 .net *"_ivl_5", 0 0, L_0x55a37f21d130;  1 drivers
S_0x55a37f2006c0 .scope generate, "genblk4[9]" "genblk4[9]" 2 44, 2 44 0, S_0x55a37f12acf0;
 .timescale 0 0;
P_0x55a37f2008c0 .param/l "i" 0 2 44, +C4<01001>;
L_0x55a37f21cc90 .functor AND 1, L_0x55a37f21cb50, L_0x55a37f21cbf0, C4<1>, C4<1>;
L_0x55a37f21cda0 .functor OR 1, L_0x55a37f21cab0, L_0x55a37f21cc90, C4<0>, C4<0>;
v0x55a37f2009a0_0 .net *"_ivl_0", 0 0, L_0x55a37f21cab0;  1 drivers
v0x55a37f200a80_0 .net *"_ivl_1", 0 0, L_0x55a37f21cb50;  1 drivers
v0x55a37f200b60_0 .net *"_ivl_2", 0 0, L_0x55a37f21cbf0;  1 drivers
v0x55a37f200c20_0 .net *"_ivl_3", 0 0, L_0x55a37f21cc90;  1 drivers
v0x55a37f200d00_0 .net *"_ivl_5", 0 0, L_0x55a37f21cda0;  1 drivers
S_0x55a37f200e30 .scope module, "u1" "p_g_gen" 2 10, 2 75 0, S_0x55a37f12acf0;
 .timescale 0 0;
    .port_info 0 /INPUT 16 "a";
    .port_info 1 /INPUT 16 "b";
    .port_info 2 /INPUT 1 "cin";
    .port_info 3 /OUTPUT 17 "p";
    .port_info 4 /OUTPUT 17 "g";
L_0x55a37f21cf00 .functor BUFZ 1, o0x7f799e4cd558, C4<0>, C4<0>, C4<0>;
L_0x55a37f21dbe0 .functor AND 16, o0x7f799e4cd4f8, o0x7f799e4cd528, C4<1111111111111111>, C4<1111111111111111>;
L_0x55a37f21de30 .functor XOR 16, o0x7f799e4cd4f8, o0x7f799e4cd528, C4<0000000000000000>, C4<0000000000000000>;
v0x55a37f201010_0 .net *"_ivl_11", 15 0, L_0x55a37f21dbe0;  1 drivers
v0x55a37f201110_0 .net *"_ivl_16", 15 0, L_0x55a37f21de30;  1 drivers
L_0x7f799e481018 .functor BUFT 1, C4<0>, C4<0>, C4<0>, C4<0>;
v0x55a37f2011f0_0 .net/2s *"_ivl_2", 0 0, L_0x7f799e481018;  1 drivers
v0x55a37f2012e0_0 .net *"_ivl_7", 0 0, L_0x55a37f21cf00;  1 drivers
v0x55a37f2013c0_0 .net "a", 16 1, o0x7f799e4cd4f8;  alias, 0 drivers
v0x55a37f2014f0_0 .net "b", 16 1, o0x7f799e4cd528;  alias, 0 drivers
v0x55a37f2015d0_0 .net "cin", 0 0, o0x7f799e4cd558;  alias, 0 drivers
v0x55a37f201690_0 .net "g", 16 0, L_0x55a37f21db40;  alias, 1 drivers
v0x55a37f201770_0 .net "p", 16 0, L_0x55a37f21dd40;  alias, 1 drivers
L_0x55a37f21db40 .concat8 [ 1 16 0 0], L_0x55a37f21cf00, L_0x55a37f21dbe0;
L_0x55a37f21dd40 .concat8 [ 1 16 0 0], L_0x7f799e481018, L_0x55a37f21de30;
# The file index is used to find the file name in the following table.
:file_names 3;
    "N/A";
    "<interactive>";
    "./ACA_br_version.v";
