#! /usr/bin/vvp
:ivl_version "11.0 (stable)";
:ivl_delay_selection "TYPICAL";
:vpi_time_precision + 0;
:vpi_module "/usr/lib/x86_64-linux-gnu/ivl/system.vpi";
:vpi_module "/usr/lib/x86_64-linux-gnu/ivl/vhdl_sys.vpi";
:vpi_module "/usr/lib/x86_64-linux-gnu/ivl/vhdl_textio.vpi";
:vpi_module "/usr/lib/x86_64-linux-gnu/ivl/v2005_math.vpi";
:vpi_module "/usr/lib/x86_64-linux-gnu/ivl/va_math.vpi";
S_0x55ba0fa41d90 .scope module, "pipeline_8_bit_multiplier" "pipeline_8_bit_multiplier" 2 1;
 .timescale 0 0;
    .port_info 0 /INPUT 1 "clk";
    .port_info 1 /INPUT 1 "rstn";
    .port_info 2 /INPUT 8 "a";
    .port_info 3 /INPUT 8 "b";
    .port_info 4 /OUTPUT 16 "out";
o0x7fbb1c426018 .functor BUFZ 8, C4<zzzzzzzz>; HiZ drive
v0x55ba0fa41f40_0 .net "a", 7 0, o0x7fbb1c426018;  0 drivers
v0x55ba0fa95f30_0 .var "add_result_0_1", 15 0;
v0x55ba0fa96010_0 .var "add_result_0_1_2_3", 15 0;
v0x55ba0fa96100_0 .var "add_result_2_3", 15 0;
v0x55ba0fa961e0_0 .var "add_result_4_5", 15 0;
v0x55ba0fa96310_0 .var "add_result_4_5_6_7", 15 0;
v0x55ba0fa963f0_0 .var "add_result_6_7", 15 0;
o0x7fbb1c426168 .functor BUFZ 8, C4<zzzzzzzz>; HiZ drive
v0x55ba0fa964d0_0 .net "b", 7 0, o0x7fbb1c426168;  0 drivers
o0x7fbb1c426198 .functor BUFZ 1, C4<z>; HiZ drive
v0x55ba0fa965b0_0 .net "clk", 0 0, o0x7fbb1c426198;  0 drivers
v0x55ba0fa96670_0 .var "mul_result_0", 15 0;
v0x55ba0fa96750_0 .var "mul_result_1", 15 0;
v0x55ba0fa96830_0 .var "mul_result_2", 15 0;
v0x55ba0fa96910_0 .var "mul_result_3", 15 0;
v0x55ba0fa969f0_0 .var "mul_result_4", 15 0;
v0x55ba0fa96ad0_0 .var "mul_result_5", 15 0;
v0x55ba0fa96bb0_0 .var "mul_result_6", 15 0;
v0x55ba0fa96c90_0 .var "mul_result_7", 15 0;
v0x55ba0fa96e80_0 .net "out", 15 0, L_0x55ba0fa970c0;  1 drivers
o0x7fbb1c426378 .functor BUFZ 1, C4<z>; HiZ drive
v0x55ba0fa96f60_0 .net "rstn", 0 0, o0x7fbb1c426378;  0 drivers
E_0x55ba0fa7b040/0 .event negedge, v0x55ba0fa96f60_0;
E_0x55ba0fa7b040/1 .event posedge, v0x55ba0fa965b0_0;
E_0x55ba0fa7b040 .event/or E_0x55ba0fa7b040/0, E_0x55ba0fa7b040/1;
L_0x55ba0fa970c0 .arith/sum 16, v0x55ba0fa96010_0, v0x55ba0fa96310_0;
    .scope S_0x55ba0fa41d90;
T_0 ;
    %wait E_0x55ba0fa7b040;
    %load/vec4 v0x55ba0fa96f60_0;
    %inv;
    %flag_set/vec4 8;
    %jmp/0xz  T_0.0, 8;
    %pushi/vec4 0, 0, 16;
    %assign/vec4 v0x55ba0fa96670_0, 0;
    %pushi/vec4 0, 0, 16;
    %assign/vec4 v0x55ba0fa96750_0, 0;
    %pushi/vec4 0, 0, 16;
    %assign/vec4 v0x55ba0fa96830_0, 0;
    %pushi/vec4 0, 0, 16;
    %assign/vec4 v0x55ba0fa96910_0, 0;
    %pushi/vec4 0, 0, 16;
    %assign/vec4 v0x55ba0fa969f0_0, 0;
    %pushi/vec4 0, 0, 16;
    %assign/vec4 v0x55ba0fa96ad0_0, 0;
    %pushi/vec4 0, 0, 16;
    %assign/vec4 v0x55ba0fa96bb0_0, 0;
    %pushi/vec4 0, 0, 16;
    %assign/vec4 v0x55ba0fa96c90_0, 0;
    %pushi/vec4 0, 0, 16;
    %assign/vec4 v0x55ba0fa95f30_0, 0;
    %pushi/vec4 0, 0, 16;
    %assign/vec4 v0x55ba0fa96100_0, 0;
    %pushi/vec4 0, 0, 16;
    %assign/vec4 v0x55ba0fa961e0_0, 0;
    %pushi/vec4 0, 0, 16;
    %assign/vec4 v0x55ba0fa963f0_0, 0;
    %pushi/vec4 0, 0, 16;
    %assign/vec4 v0x55ba0fa96010_0, 0;
    %pushi/vec4 0, 0, 16;
    %assign/vec4 v0x55ba0fa96310_0, 0;
    %jmp T_0.1;
T_0.0 ;
    %load/vec4 v0x55ba0fa41f40_0;
    %parti/s 1, 0, 2;
    %pad/u 16;
    %load/vec4 v0x55ba0fa964d0_0;
    %pad/u 16;
    %and;
    %assign/vec4 v0x55ba0fa96670_0, 0;
    %load/vec4 v0x55ba0fa41f40_0;
    %parti/s 1, 1, 2;
    %pad/u 16;
    %load/vec4 v0x55ba0fa964d0_0;
    %pad/u 16;
    %and;
    %assign/vec4 v0x55ba0fa96750_0, 0;
    %load/vec4 v0x55ba0fa41f40_0;
    %parti/s 1, 2, 3;
    %pad/u 16;
    %load/vec4 v0x55ba0fa964d0_0;
    %pad/u 16;
    %and;
    %assign/vec4 v0x55ba0fa96830_0, 0;
    %load/vec4 v0x55ba0fa41f40_0;
    %parti/s 1, 3, 3;
    %pad/u 16;
    %load/vec4 v0x55ba0fa964d0_0;
    %pad/u 16;
    %and;
    %assign/vec4 v0x55ba0fa96910_0, 0;
    %load/vec4 v0x55ba0fa41f40_0;
    %parti/s 1, 4, 4;
    %pad/u 16;
    %load/vec4 v0x55ba0fa964d0_0;
    %pad/u 16;
    %and;
    %assign/vec4 v0x55ba0fa969f0_0, 0;
    %load/vec4 v0x55ba0fa41f40_0;
    %parti/s 1, 5, 4;
    %pad/u 16;
    %load/vec4 v0x55ba0fa964d0_0;
    %pad/u 16;
    %and;
    %assign/vec4 v0x55ba0fa96ad0_0, 0;
    %load/vec4 v0x55ba0fa41f40_0;
    %parti/s 1, 6, 4;
    %pad/u 16;
    %load/vec4 v0x55ba0fa964d0_0;
    %pad/u 16;
    %and;
    %assign/vec4 v0x55ba0fa96bb0_0, 0;
    %load/vec4 v0x55ba0fa41f40_0;
    %parti/s 1, 7, 4;
    %pad/u 16;
    %load/vec4 v0x55ba0fa964d0_0;
    %pad/u 16;
    %and;
    %assign/vec4 v0x55ba0fa96c90_0, 0;
    %load/vec4 v0x55ba0fa96670_0;
    %load/vec4 v0x55ba0fa96750_0;
    %add;
    %assign/vec4 v0x55ba0fa95f30_0, 0;
    %load/vec4 v0x55ba0fa96830_0;
    %load/vec4 v0x55ba0fa96910_0;
    %add;
    %assign/vec4 v0x55ba0fa96100_0, 0;
    %load/vec4 v0x55ba0fa969f0_0;
    %load/vec4 v0x55ba0fa96ad0_0;
    %add;
    %assign/vec4 v0x55ba0fa961e0_0, 0;
    %load/vec4 v0x55ba0fa96bb0_0;
    %load/vec4 v0x55ba0fa96c90_0;
    %add;
    %assign/vec4 v0x55ba0fa963f0_0, 0;
    %load/vec4 v0x55ba0fa95f30_0;
    %load/vec4 v0x55ba0fa96100_0;
    %add;
    %assign/vec4 v0x55ba0fa96010_0, 0;
    %load/vec4 v0x55ba0fa961e0_0;
    %load/vec4 v0x55ba0fa963f0_0;
    %add;
    %assign/vec4 v0x55ba0fa96310_0, 0;
T_0.1 ;
    %jmp T_0;
    .thread T_0;
# The file index is used to find the file name in the following table.
:file_names 3;
    "N/A";
    "<interactive>";
    "./pipeline_8_bit_multiplier.v";
