#! /usr/bin/vvp
:ivl_version "11.0 (stable)";
:ivl_delay_selection "TYPICAL";
:vpi_time_precision + 0;
:vpi_module "/usr/lib/x86_64-linux-gnu/ivl/system.vpi";
:vpi_module "/usr/lib/x86_64-linux-gnu/ivl/vhdl_sys.vpi";
:vpi_module "/usr/lib/x86_64-linux-gnu/ivl/vhdl_textio.vpi";
:vpi_module "/usr/lib/x86_64-linux-gnu/ivl/v2005_math.vpi";
:vpi_module "/usr/lib/x86_64-linux-gnu/ivl/va_math.vpi";
:vpi_module "/usr/lib/x86_64-linux-gnu/ivl/v2009.vpi";
S_0x560a7b9d2010 .scope package, "$unit" "$unit" 2 1;
 .timescale 0 0;
S_0x560a7b99fcf0 .scope module, "qds" "qds" 3 1;
 .timescale 0 0;
    .port_info 0 /INPUT 5 "r_idx";
    .port_info 1 /INPUT 5 "d_idx";
    .port_info 2 /OUTPUT 3 "quotient";
o0x7f8e2c0f4ac8 .functor BUFZ 5, C4<zzzzz>; HiZ drive
L_0x560a7ba07af0 .functor NOT 5, o0x7f8e2c0f4ac8, C4<00000>, C4<00000>, C4<00000>;
o0x7f8e2c0f4738 .functor BUFZ 5, C4<zzzzz>; HiZ drive
L_0x560a7ba07c00 .functor BUFZ 5, o0x7f8e2c0f4738, C4<00000>, C4<00000>, C4<00000>;
L_0x560a7ba08730 .functor NOT 1, v0x560a7ba06cd0_0, C4<0>, C4<0>, C4<0>;
L_0x560a7ba09e40 .functor AND 1, L_0x560a7ba08730, L_0x560a7ba079b0, C4<1>, C4<1>;
L_0x560a7ba0a0c0 .functor NOT 3, L_0x560a7ba09f80, C4<000>, C4<000>, C4<000>;
L_0x7f8e2c0ab498 .functor BUFT 1, C4<001>, C4<0>, C4<0>, C4<0>;
v0x560a7b99fe80_0 .net/2u *"_ivl_100", 2 0, L_0x7f8e2c0ab498;  1 drivers
v0x560a7ba04710_0 .net *"_ivl_102", 2 0, L_0x560a7ba0a290;  1 drivers
v0x560a7ba047f0_0 .net *"_ivl_104", 2 0, L_0x560a7ba0a540;  1 drivers
L_0x7f8e2c0ab4e0 .functor BUFT 1, C4<0>, C4<0>, C4<0>, C4<0>;
v0x560a7ba048b0_0 .net *"_ivl_107", 0 0, L_0x7f8e2c0ab4e0;  1 drivers
v0x560a7ba04990_0 .net *"_ivl_15", 3 0, L_0x560a7ba07e30;  1 drivers
L_0x7f8e2c0ab060 .functor BUFT 1, C4<0010>, C4<0>, C4<0>, C4<0>;
v0x560a7ba04ac0_0 .net/2u *"_ivl_16", 3 0, L_0x7f8e2c0ab060;  1 drivers
v0x560a7ba04ba0_0 .net *"_ivl_21", 3 0, L_0x560a7ba080d0;  1 drivers
L_0x7f8e2c0ab0a8 .functor BUFT 1, C4<0011>, C4<0>, C4<0>, C4<0>;
v0x560a7ba04c80_0 .net/2u *"_ivl_22", 3 0, L_0x7f8e2c0ab0a8;  1 drivers
v0x560a7ba04d60_0 .net *"_ivl_27", 3 0, L_0x560a7ba08330;  1 drivers
L_0x7f8e2c0ab0f0 .functor BUFT 1, C4<0100>, C4<0>, C4<0>, C4<0>;
v0x560a7ba04e40_0 .net/2u *"_ivl_28", 3 0, L_0x7f8e2c0ab0f0;  1 drivers
v0x560a7ba04f20_0 .net *"_ivl_3", 0 0, L_0x560a7ba07a50;  1 drivers
v0x560a7ba05000_0 .net *"_ivl_33", 3 0, L_0x560a7ba08550;  1 drivers
L_0x7f8e2c0ab138 .functor BUFT 1, C4<0101>, C4<0>, C4<0>, C4<0>;
v0x560a7ba050e0_0 .net/2u *"_ivl_34", 3 0, L_0x7f8e2c0ab138;  1 drivers
v0x560a7ba051c0_0 .net *"_ivl_39", 3 0, L_0x560a7ba087a0;  1 drivers
v0x560a7ba052a0_0 .net *"_ivl_4", 4 0, L_0x560a7ba07af0;  1 drivers
L_0x7f8e2c0ab180 .functor BUFT 1, C4<0110>, C4<0>, C4<0>, C4<0>;
v0x560a7ba05380_0 .net/2u *"_ivl_40", 3 0, L_0x7f8e2c0ab180;  1 drivers
v0x560a7ba05460_0 .net *"_ivl_45", 3 0, L_0x560a7ba08a30;  1 drivers
L_0x7f8e2c0ab1c8 .functor BUFT 1, C4<0111>, C4<0>, C4<0>, C4<0>;
v0x560a7ba05650_0 .net/2u *"_ivl_46", 3 0, L_0x7f8e2c0ab1c8;  1 drivers
v0x560a7ba05730_0 .net *"_ivl_51", 3 0, L_0x560a7ba08cd0;  1 drivers
L_0x7f8e2c0ab210 .functor BUFT 1, C4<1000>, C4<0>, C4<0>, C4<0>;
v0x560a7ba05810_0 .net/2u *"_ivl_52", 3 0, L_0x7f8e2c0ab210;  1 drivers
v0x560a7ba058f0_0 .net *"_ivl_57", 3 0, L_0x560a7ba08f80;  1 drivers
L_0x7f8e2c0ab258 .functor BUFT 1, C4<1001>, C4<0>, C4<0>, C4<0>;
v0x560a7ba059d0_0 .net/2u *"_ivl_58", 3 0, L_0x7f8e2c0ab258;  1 drivers
L_0x7f8e2c0ab018 .functor BUFT 1, C4<00001>, C4<0>, C4<0>, C4<0>;
v0x560a7ba05ab0_0 .net/2u *"_ivl_6", 4 0, L_0x7f8e2c0ab018;  1 drivers
v0x560a7ba05b90_0 .net *"_ivl_63", 3 0, L_0x560a7ba08ee0;  1 drivers
L_0x7f8e2c0ab2a0 .functor BUFT 1, C4<1010>, C4<0>, C4<0>, C4<0>;
v0x560a7ba05c70_0 .net/2u *"_ivl_64", 3 0, L_0x7f8e2c0ab2a0;  1 drivers
v0x560a7ba05d50_0 .net *"_ivl_69", 3 0, L_0x560a7ba09420;  1 drivers
L_0x7f8e2c0ab2e8 .functor BUFT 1, C4<1011>, C4<0>, C4<0>, C4<0>;
v0x560a7ba05e30_0 .net/2u *"_ivl_70", 3 0, L_0x7f8e2c0ab2e8;  1 drivers
v0x560a7ba05f10_0 .net *"_ivl_75", 3 0, L_0x560a7ba09700;  1 drivers
L_0x7f8e2c0ab330 .functor BUFT 1, C4<1100>, C4<0>, C4<0>, C4<0>;
v0x560a7ba05ff0_0 .net/2u *"_ivl_76", 3 0, L_0x7f8e2c0ab330;  1 drivers
v0x560a7ba060d0_0 .net *"_ivl_8", 4 0, L_0x560a7ba07b60;  1 drivers
L_0x7f8e2c0ab378 .functor BUFT 1, C4<00>, C4<0>, C4<0>, C4<0>;
v0x560a7ba061b0_0 .net/2u *"_ivl_80", 1 0, L_0x7f8e2c0ab378;  1 drivers
L_0x7f8e2c0ab3c0 .functor BUFT 1, C4<10>, C4<0>, C4<0>, C4<0>;
v0x560a7ba06290_0 .net/2u *"_ivl_82", 1 0, L_0x7f8e2c0ab3c0;  1 drivers
L_0x7f8e2c0ab408 .functor BUFT 1, C4<01>, C4<0>, C4<0>, C4<0>;
v0x560a7ba06370_0 .net/2u *"_ivl_84", 1 0, L_0x7f8e2c0ab408;  1 drivers
v0x560a7ba06450_0 .net *"_ivl_86", 1 0, L_0x560a7ba09a20;  1 drivers
v0x560a7ba06530_0 .net *"_ivl_90", 0 0, L_0x560a7ba08730;  1 drivers
v0x560a7ba06610_0 .net *"_ivl_94", 2 0, L_0x560a7ba09f80;  1 drivers
L_0x7f8e2c0ab450 .functor BUFT 1, C4<0>, C4<0>, C4<0>, C4<0>;
v0x560a7ba066f0_0 .net *"_ivl_97", 0 0, L_0x7f8e2c0ab450;  1 drivers
v0x560a7ba067d0_0 .net *"_ivl_98", 2 0, L_0x560a7ba0a0c0;  1 drivers
v0x560a7ba068b0_0 .net "d_idx", 4 0, o0x7f8e2c0f4738;  0 drivers
v0x560a7ba06990_0 .net "d_ori", 4 0, L_0x560a7ba07c00;  1 drivers
v0x560a7ba06a70_0 .net "neg", 0 0, L_0x560a7ba09e40;  1 drivers
v0x560a7ba06b30_0 .net "ops_sign", 0 0, L_0x560a7ba079b0;  1 drivers
v0x560a7ba06bf0_0 .net "q", 1 0, L_0x560a7ba09bc0;  1 drivers
v0x560a7ba06cd0_0 .var "q0", 0 0;
v0x560a7ba06d90_0 .var "q2", 0 0;
v0x560a7ba06e50_0 .net "quotient", 2 0, L_0x560a7ba0a630;  1 drivers
v0x560a7ba06f30_0 .net "r_ge_0010", 0 0, L_0x560a7ba07f20;  1 drivers
v0x560a7ba06ff0_0 .net "r_ge_0011", 0 0, L_0x560a7ba08170;  1 drivers
v0x560a7ba070b0_0 .net "r_ge_0100", 0 0, L_0x560a7ba083d0;  1 drivers
v0x560a7ba07170_0 .net "r_ge_0101", 0 0, L_0x560a7ba085f0;  1 drivers
v0x560a7ba07230_0 .net "r_ge_0110", 0 0, L_0x560a7ba08840;  1 drivers
v0x560a7ba072f0_0 .net "r_ge_0111", 0 0, L_0x560a7ba08ad0;  1 drivers
v0x560a7ba073b0_0 .net "r_ge_1000", 0 0, L_0x560a7ba08d70;  1 drivers
v0x560a7ba07470_0 .net "r_ge_1001", 0 0, L_0x560a7ba09020;  1 drivers
v0x560a7ba07530_0 .net "r_ge_1010", 0 0, L_0x560a7ba091f0;  1 drivers
v0x560a7ba075f0_0 .net "r_ge_1011", 0 0, L_0x560a7ba094c0;  1 drivers
v0x560a7ba076b0_0 .net "r_ge_1100", 0 0, L_0x560a7ba097a0;  1 drivers
v0x560a7ba07770_0 .net "r_idx", 4 0, o0x7f8e2c0f4ac8;  0 drivers
v0x560a7ba07850_0 .net "r_ori", 4 0, L_0x560a7ba07d10;  1 drivers
E_0x560a7b9dad60/0 .event edge, v0x560a7ba06990_0, v0x560a7ba06b30_0, v0x560a7ba06ff0_0, v0x560a7ba06f30_0;
E_0x560a7b9dad60/1 .event edge, v0x560a7ba072f0_0, v0x560a7ba07230_0, v0x560a7ba073b0_0, v0x560a7ba070b0_0;
E_0x560a7b9dad60/2 .event edge, v0x560a7ba07470_0, v0x560a7ba07170_0, v0x560a7ba07530_0, v0x560a7ba075f0_0;
E_0x560a7b9dad60/3 .event edge, v0x560a7ba076b0_0;
E_0x560a7b9dad60 .event/or E_0x560a7b9dad60/0, E_0x560a7b9dad60/1, E_0x560a7b9dad60/2, E_0x560a7b9dad60/3;
L_0x560a7ba079b0 .part o0x7f8e2c0f4ac8, 4, 1;
L_0x560a7ba07a50 .part o0x7f8e2c0f4ac8, 4, 1;
L_0x560a7ba07b60 .arith/sum 5, L_0x560a7ba07af0, L_0x7f8e2c0ab018;
L_0x560a7ba07d10 .functor MUXZ 5, o0x7f8e2c0f4ac8, L_0x560a7ba07b60, L_0x560a7ba07a50, C4<>;
L_0x560a7ba07e30 .part L_0x560a7ba07d10, 0, 4;
L_0x560a7ba07f20 .cmp/ge 4, L_0x560a7ba07e30, L_0x7f8e2c0ab060;
L_0x560a7ba080d0 .part L_0x560a7ba07d10, 0, 4;
L_0x560a7ba08170 .cmp/ge 4, L_0x560a7ba080d0, L_0x7f8e2c0ab0a8;
L_0x560a7ba08330 .part L_0x560a7ba07d10, 0, 4;
L_0x560a7ba083d0 .cmp/ge 4, L_0x560a7ba08330, L_0x7f8e2c0ab0f0;
L_0x560a7ba08550 .part L_0x560a7ba07d10, 0, 4;
L_0x560a7ba085f0 .cmp/ge 4, L_0x560a7ba08550, L_0x7f8e2c0ab138;
L_0x560a7ba087a0 .part L_0x560a7ba07d10, 0, 4;
L_0x560a7ba08840 .cmp/ge 4, L_0x560a7ba087a0, L_0x7f8e2c0ab180;
L_0x560a7ba08a30 .part L_0x560a7ba07d10, 0, 4;
L_0x560a7ba08ad0 .cmp/ge 4, L_0x560a7ba08a30, L_0x7f8e2c0ab1c8;
L_0x560a7ba08cd0 .part L_0x560a7ba07d10, 0, 4;
L_0x560a7ba08d70 .cmp/ge 4, L_0x560a7ba08cd0, L_0x7f8e2c0ab210;
L_0x560a7ba08f80 .part L_0x560a7ba07d10, 0, 4;
L_0x560a7ba09020 .cmp/ge 4, L_0x560a7ba08f80, L_0x7f8e2c0ab258;
L_0x560a7ba08ee0 .part L_0x560a7ba07d10, 0, 4;
L_0x560a7ba091f0 .cmp/ge 4, L_0x560a7ba08ee0, L_0x7f8e2c0ab2a0;
L_0x560a7ba09420 .part L_0x560a7ba07d10, 0, 4;
L_0x560a7ba094c0 .cmp/ge 4, L_0x560a7ba09420, L_0x7f8e2c0ab2e8;
L_0x560a7ba09700 .part L_0x560a7ba07d10, 0, 4;
L_0x560a7ba097a0 .cmp/ge 4, L_0x560a7ba09700, L_0x7f8e2c0ab330;
L_0x560a7ba09a20 .functor MUXZ 2, L_0x7f8e2c0ab408, L_0x7f8e2c0ab3c0, v0x560a7ba06d90_0, C4<>;
L_0x560a7ba09bc0 .functor MUXZ 2, L_0x560a7ba09a20, L_0x7f8e2c0ab378, v0x560a7ba06cd0_0, C4<>;
L_0x560a7ba09f80 .concat [ 2 1 0 0], L_0x560a7ba09bc0, L_0x7f8e2c0ab450;
L_0x560a7ba0a290 .arith/sum 3, L_0x560a7ba0a0c0, L_0x7f8e2c0ab498;
L_0x560a7ba0a540 .concat [ 2 1 0 0], L_0x560a7ba09bc0, L_0x7f8e2c0ab4e0;
L_0x560a7ba0a630 .functor MUXZ 3, L_0x560a7ba0a540, L_0x560a7ba0a290, L_0x560a7ba09e40, C4<>;
    .scope S_0x560a7b99fcf0;
T_0 ;
Ewait_0 .event/or E_0x560a7b9dad60, E_0x0;
    %wait Ewait_0;
    %load/vec4 v0x560a7ba06990_0;
    %parti/s 4, 0, 2;
    %dup/vec4;
    %pushi/vec4 8, 0, 4;
    %cmp/u;
    %jmp/1 T_0.0, 6;
    %dup/vec4;
    %pushi/vec4 9, 0, 4;
    %cmp/u;
    %jmp/1 T_0.1, 6;
    %dup/vec4;
    %pushi/vec4 10, 0, 4;
    %cmp/u;
    %jmp/1 T_0.2, 6;
    %dup/vec4;
    %pushi/vec4 11, 0, 4;
    %cmp/u;
    %jmp/1 T_0.3, 6;
    %dup/vec4;
    %pushi/vec4 12, 0, 4;
    %cmp/u;
    %jmp/1 T_0.4, 6;
    %dup/vec4;
    %pushi/vec4 13, 0, 4;
    %cmp/u;
    %jmp/1 T_0.5, 6;
    %dup/vec4;
    %pushi/vec4 14, 0, 4;
    %cmp/u;
    %jmp/1 T_0.6, 6;
    %dup/vec4;
    %pushi/vec4 15, 0, 4;
    %cmp/u;
    %jmp/1 T_0.7, 6;
    %pushi/vec4 1, 0, 1;
    %store/vec4 v0x560a7ba06cd0_0, 0, 1;
    %pushi/vec4 0, 0, 1;
    %store/vec4 v0x560a7ba06d90_0, 0, 1;
    %jmp T_0.9;
T_0.0 ;
    %load/vec4 v0x560a7ba06b30_0;
    %flag_set/vec4 8;
    %jmp/0 T_0.10, 8;
    %load/vec4 v0x560a7ba06ff0_0;
    %inv;
    %jmp/1 T_0.11, 8;
T_0.10 ; End of true expr.
    %load/vec4 v0x560a7ba06f30_0;
    %inv;
    %jmp/0 T_0.11, 8;
 ; End of false expr.
    %blend;
T_0.11;
    %store/vec4 v0x560a7ba06cd0_0, 0, 1;
    %load/vec4 v0x560a7ba06b30_0;
    %flag_set/vec4 8;
    %jmp/0 T_0.12, 8;
    %load/vec4 v0x560a7ba072f0_0;
    %jmp/1 T_0.13, 8;
T_0.12 ; End of true expr.
    %load/vec4 v0x560a7ba07230_0;
    %jmp/0 T_0.13, 8;
 ; End of false expr.
    %blend;
T_0.13;
    %store/vec4 v0x560a7ba06d90_0, 0, 1;
    %jmp T_0.9;
T_0.1 ;
    %load/vec4 v0x560a7ba06b30_0;
    %flag_set/vec4 8;
    %jmp/0 T_0.14, 8;
    %load/vec4 v0x560a7ba06ff0_0;
    %inv;
    %jmp/1 T_0.15, 8;
T_0.14 ; End of true expr.
    %load/vec4 v0x560a7ba06f30_0;
    %inv;
    %jmp/0 T_0.15, 8;
 ; End of false expr.
    %blend;
T_0.15;
    %store/vec4 v0x560a7ba06cd0_0, 0, 1;
    %load/vec4 v0x560a7ba06b30_0;
    %flag_set/vec4 8;
    %jmp/0 T_0.16, 8;
    %load/vec4 v0x560a7ba073b0_0;
    %jmp/1 T_0.17, 8;
T_0.16 ; End of true expr.
    %load/vec4 v0x560a7ba072f0_0;
    %jmp/0 T_0.17, 8;
 ; End of false expr.
    %blend;
T_0.17;
    %store/vec4 v0x560a7ba06d90_0, 0, 1;
    %jmp T_0.9;
T_0.2 ;
    %load/vec4 v0x560a7ba06b30_0;
    %flag_set/vec4 8;
    %jmp/0 T_0.18, 8;
    %load/vec4 v0x560a7ba070b0_0;
    %inv;
    %jmp/1 T_0.19, 8;
T_0.18 ; End of true expr.
    %load/vec4 v0x560a7ba06ff0_0;
    %inv;
    %jmp/0 T_0.19, 8;
 ; End of false expr.
    %blend;
T_0.19;
    %store/vec4 v0x560a7ba06cd0_0, 0, 1;
    %load/vec4 v0x560a7ba06b30_0;
    %flag_set/vec4 8;
    %jmp/0 T_0.20, 8;
    %load/vec4 v0x560a7ba07470_0;
    %jmp/1 T_0.21, 8;
T_0.20 ; End of true expr.
    %load/vec4 v0x560a7ba073b0_0;
    %jmp/0 T_0.21, 8;
 ; End of false expr.
    %blend;
T_0.21;
    %store/vec4 v0x560a7ba06d90_0, 0, 1;
    %jmp T_0.9;
T_0.3 ;
    %load/vec4 v0x560a7ba06b30_0;
    %flag_set/vec4 8;
    %jmp/0 T_0.22, 8;
    %load/vec4 v0x560a7ba070b0_0;
    %inv;
    %jmp/1 T_0.23, 8;
T_0.22 ; End of true expr.
    %load/vec4 v0x560a7ba06ff0_0;
    %inv;
    %jmp/0 T_0.23, 8;
 ; End of false expr.
    %blend;
T_0.23;
    %store/vec4 v0x560a7ba06cd0_0, 0, 1;
    %load/vec4 v0x560a7ba06b30_0;
    %flag_set/vec4 8;
    %jmp/0 T_0.24, 8;
    %load/vec4 v0x560a7ba07470_0;
    %jmp/1 T_0.25, 8;
T_0.24 ; End of true expr.
    %load/vec4 v0x560a7ba07470_0;
    %jmp/0 T_0.25, 8;
 ; End of false expr.
    %blend;
T_0.25;
    %store/vec4 v0x560a7ba06d90_0, 0, 1;
    %jmp T_0.9;
T_0.4 ;
    %load/vec4 v0x560a7ba06b30_0;
    %flag_set/vec4 8;
    %jmp/0 T_0.26, 8;
    %load/vec4 v0x560a7ba07170_0;
    %inv;
    %jmp/1 T_0.27, 8;
T_0.26 ; End of true expr.
    %load/vec4 v0x560a7ba070b0_0;
    %inv;
    %jmp/0 T_0.27, 8;
 ; End of false expr.
    %blend;
T_0.27;
    %store/vec4 v0x560a7ba06cd0_0, 0, 1;
    %load/vec4 v0x560a7ba06b30_0;
    %flag_set/vec4 8;
    %jmp/0 T_0.28, 8;
    %load/vec4 v0x560a7ba07530_0;
    %jmp/1 T_0.29, 8;
T_0.28 ; End of true expr.
    %load/vec4 v0x560a7ba07530_0;
    %jmp/0 T_0.29, 8;
 ; End of false expr.
    %blend;
T_0.29;
    %store/vec4 v0x560a7ba06d90_0, 0, 1;
    %jmp T_0.9;
T_0.5 ;
    %load/vec4 v0x560a7ba06b30_0;
    %flag_set/vec4 8;
    %jmp/0 T_0.30, 8;
    %load/vec4 v0x560a7ba07170_0;
    %inv;
    %jmp/1 T_0.31, 8;
T_0.30 ; End of true expr.
    %load/vec4 v0x560a7ba070b0_0;
    %inv;
    %jmp/0 T_0.31, 8;
 ; End of false expr.
    %blend;
T_0.31;
    %store/vec4 v0x560a7ba06cd0_0, 0, 1;
    %load/vec4 v0x560a7ba06b30_0;
    %flag_set/vec4 8;
    %jmp/0 T_0.32, 8;
    %load/vec4 v0x560a7ba075f0_0;
    %jmp/1 T_0.33, 8;
T_0.32 ; End of true expr.
    %load/vec4 v0x560a7ba07530_0;
    %jmp/0 T_0.33, 8;
 ; End of false expr.
    %blend;
T_0.33;
    %store/vec4 v0x560a7ba06d90_0, 0, 1;
    %jmp T_0.9;
T_0.6 ;
    %load/vec4 v0x560a7ba06b30_0;
    %flag_set/vec4 8;
    %jmp/0 T_0.34, 8;
    %load/vec4 v0x560a7ba07170_0;
    %inv;
    %jmp/1 T_0.35, 8;
T_0.34 ; End of true expr.
    %load/vec4 v0x560a7ba070b0_0;
    %inv;
    %jmp/0 T_0.35, 8;
 ; End of false expr.
    %blend;
T_0.35;
    %store/vec4 v0x560a7ba06cd0_0, 0, 1;
    %load/vec4 v0x560a7ba06b30_0;
    %flag_set/vec4 8;
    %jmp/0 T_0.36, 8;
    %load/vec4 v0x560a7ba075f0_0;
    %jmp/1 T_0.37, 8;
T_0.36 ; End of true expr.
    %load/vec4 v0x560a7ba075f0_0;
    %jmp/0 T_0.37, 8;
 ; End of false expr.
    %blend;
T_0.37;
    %store/vec4 v0x560a7ba06d90_0, 0, 1;
    %jmp T_0.9;
T_0.7 ;
    %load/vec4 v0x560a7ba06b30_0;
    %flag_set/vec4 8;
    %jmp/0 T_0.38, 8;
    %load/vec4 v0x560a7ba07170_0;
    %inv;
    %jmp/1 T_0.39, 8;
T_0.38 ; End of true expr.
    %load/vec4 v0x560a7ba070b0_0;
    %inv;
    %jmp/0 T_0.39, 8;
 ; End of false expr.
    %blend;
T_0.39;
    %store/vec4 v0x560a7ba06cd0_0, 0, 1;
    %load/vec4 v0x560a7ba06b30_0;
    %flag_set/vec4 8;
    %jmp/0 T_0.40, 8;
    %load/vec4 v0x560a7ba076b0_0;
    %jmp/1 T_0.41, 8;
T_0.40 ; End of true expr.
    %load/vec4 v0x560a7ba076b0_0;
    %jmp/0 T_0.41, 8;
 ; End of false expr.
    %blend;
T_0.41;
    %store/vec4 v0x560a7ba06d90_0, 0, 1;
    %jmp T_0.9;
T_0.9 ;
    %pop/vec4 1;
    %jmp T_0;
    .thread T_0, $push;
# The file index is used to find the file name in the following table.
:file_names 4;
    "N/A";
    "<interactive>";
    "-";
    "./quo_sel_tab.sv";
