#! /usr/bin/vvp
:ivl_version "11.0 (stable)";
:ivl_delay_selection "TYPICAL";
:vpi_time_precision + 0;
:vpi_module "/usr/lib/x86_64-linux-gnu/ivl/system.vpi";
:vpi_module "/usr/lib/x86_64-linux-gnu/ivl/vhdl_sys.vpi";
:vpi_module "/usr/lib/x86_64-linux-gnu/ivl/vhdl_textio.vpi";
:vpi_module "/usr/lib/x86_64-linux-gnu/ivl/v2005_math.vpi";
:vpi_module "/usr/lib/x86_64-linux-gnu/ivl/va_math.vpi";
:vpi_module "/usr/lib/x86_64-linux-gnu/ivl/v2009.vpi";
S_0x556fcb916360 .scope package, "$unit" "$unit" 2 1;
 .timescale 0 0;
S_0x556fcb89ab70 .scope module, "tb_add_sub" "tb_add_sub" 3 2;
 .timescale 0 0;
v0x556fcb947f00_0 .var "add1", 31 0;
v0x556fcb947fe0_0 .var "add2", 31 0;
v0x556fcb948130_0 .var "command", 0 0;
v0x556fcb9481d0_0 .net "result", 31 0, L_0x556fcb96db20;  1 drivers
S_0x556fcb914800 .scope module, "fp32" "FP_32_add_or_sub" 3 9, 4 3 0, S_0x556fcb89ab70;
 .timescale 0 0;
    .port_info 0 /INPUT 32 "add1";
    .port_info 1 /INPUT 32 "add2";
    .port_info 2 /INPUT 1 "command";
    .port_info 3 /OUTPUT 32 "result";
L_0x556fcb9482a0 .functor BUFZ 1, v0x556fcb948130_0, C4<0>, C4<0>, C4<0>;
L_0x556fcb9483a0 .functor NOT 1, v0x556fcb948130_0, C4<0>, C4<0>, C4<0>;
L_0x556fcb94b340 .functor NOT 8, L_0x556fcb94b6b0, C4<00000000>, C4<00000000>, C4<00000000>;
L_0x556fcb94d220 .functor AND 1, L_0x556fcb94d470, L_0x556fcb94d560, C4<1>, C4<1>;
L_0x556fcb94d900 .functor AND 1, L_0x556fcb94d720, L_0x556fcb94d810, C4<1>, C4<1>;
L_0x556fcb94e080 .functor AND 1, L_0x556fcb94dd80, L_0x556fcb94dfe0, C4<1>, C4<1>;
L_0x556fcb94e3e0 .functor AND 1, L_0x556fcb94e190, L_0x556fcb94e2f0, C4<1>, C4<1>;
L_0x556fcb94e280 .functor AND 1, L_0x556fcb94e840, L_0x556fcb94e9c0, C4<1>, C4<1>;
L_0x556fcb95f3b0 .functor NOT 24, L_0x556fcb94ce40, C4<000000000000000000000000>, C4<000000000000000000000000>, C4<000000000000000000000000>;
L_0x556fcb95f4c0 .functor BUFZ 24, L_0x556fcb94cca0, C4<000000000000000000000000>, C4<000000000000000000000000>, C4<000000000000000000000000>;
L_0x7feb395c7cc0 .functor BUFT 1, C4<00000000000000000000000>, C4<0>, C4<0>, C4<0>;
v0x556fcb943540_0 .net/2u *"_ivl_104", 22 0, L_0x7feb395c7cc0;  1 drivers
v0x556fcb943640_0 .net *"_ivl_106", 46 0, L_0x556fcb95f310;  1 drivers
L_0x7feb395c7d08 .functor BUFT 1, C4<00000000000000000000001>, C4<0>, C4<0>, C4<0>;
v0x556fcb943720_0 .net/2u *"_ivl_108", 22 0, L_0x7feb395c7d08;  1 drivers
v0x556fcb9437e0_0 .net *"_ivl_110", 23 0, L_0x556fcb95f3b0;  1 drivers
L_0x7feb395c7d50 .functor BUFT 1, C4<000000000000000000000001>, C4<0>, C4<0>, C4<0>;
v0x556fcb9438c0_0 .net/2u *"_ivl_112", 23 0, L_0x7feb395c7d50;  1 drivers
v0x556fcb9439f0_0 .net *"_ivl_114", 23 0, L_0x556fcb95f420;  1 drivers
v0x556fcb943ad0_0 .net *"_ivl_116", 46 0, L_0x556fcb95f650;  1 drivers
L_0x7feb395c76d8 .functor BUFT 1, C4<11111111>, C4<0>, C4<0>, C4<0>;
v0x556fcb943bb0_0 .net/2u *"_ivl_12", 7 0, L_0x7feb395c76d8;  1 drivers
v0x556fcb943c90_0 .net *"_ivl_121", 0 0, L_0x556fcb96cc20;  1 drivers
v0x556fcb943d70_0 .net *"_ivl_122", 7 0, L_0x556fcb96ccc0;  1 drivers
v0x556fcb943e50_0 .net *"_ivl_131", 22 0, L_0x556fcb96d230;  1 drivers
v0x556fcb943f30_0 .net *"_ivl_135", 22 0, L_0x556fcb96d480;  1 drivers
v0x556fcb944010_0 .net *"_ivl_139", 22 0, L_0x556fcb96d730;  1 drivers
v0x556fcb9440f0_0 .net *"_ivl_142", 31 0, L_0x556fcb96d610;  1 drivers
L_0x7feb395c7720 .functor BUFT 1, C4<00000000>, C4<0>, C4<0>, C4<0>;
v0x556fcb9441d0_0 .net/2u *"_ivl_16", 7 0, L_0x7feb395c7720;  1 drivers
v0x556fcb9442b0_0 .net *"_ivl_18", 0 0, L_0x556fcb94d470;  1 drivers
L_0x7feb395c7768 .functor BUFT 1, C4<00000000>, C4<0>, C4<0>, C4<0>;
v0x556fcb944370_0 .net/2u *"_ivl_20", 7 0, L_0x7feb395c7768;  1 drivers
v0x556fcb944450_0 .net *"_ivl_22", 0 0, L_0x556fcb94d560;  1 drivers
v0x556fcb944510_0 .net *"_ivl_25", 0 0, L_0x556fcb94d220;  1 drivers
L_0x7feb395c77b0 .functor BUFT 1, C4<00000000>, C4<0>, C4<0>, C4<0>;
v0x556fcb9445d0_0 .net/2u *"_ivl_26", 7 0, L_0x7feb395c77b0;  1 drivers
v0x556fcb9446b0_0 .net *"_ivl_28", 0 0, L_0x556fcb94d720;  1 drivers
L_0x7feb395c77f8 .functor BUFT 1, C4<00000000>, C4<0>, C4<0>, C4<0>;
v0x556fcb944770_0 .net/2u *"_ivl_30", 7 0, L_0x7feb395c77f8;  1 drivers
v0x556fcb944850_0 .net *"_ivl_32", 0 0, L_0x556fcb94d810;  1 drivers
v0x556fcb944910_0 .net *"_ivl_35", 0 0, L_0x556fcb94d900;  1 drivers
L_0x7feb395c7840 .functor BUFT 1, C4<00000000>, C4<0>, C4<0>, C4<0>;
v0x556fcb9449d0_0 .net/2u *"_ivl_36", 7 0, L_0x7feb395c7840;  1 drivers
v0x556fcb944ab0_0 .net *"_ivl_38", 7 0, L_0x556fcb94da10;  1 drivers
v0x556fcb944b90_0 .net *"_ivl_4", 7 0, L_0x556fcb94b340;  1 drivers
L_0x7feb395c7888 .functor BUFT 1, C4<00000000>, C4<0>, C4<0>, C4<0>;
v0x556fcb944c70_0 .net/2u *"_ivl_42", 7 0, L_0x7feb395c7888;  1 drivers
v0x556fcb944d50_0 .net *"_ivl_44", 0 0, L_0x556fcb94dd80;  1 drivers
L_0x7feb395c78d0 .functor BUFT 1, C4<00000000>, C4<0>, C4<0>, C4<0>;
v0x556fcb944e10_0 .net/2u *"_ivl_46", 7 0, L_0x7feb395c78d0;  1 drivers
v0x556fcb944ef0_0 .net *"_ivl_48", 0 0, L_0x556fcb94dfe0;  1 drivers
v0x556fcb944fb0_0 .net *"_ivl_51", 0 0, L_0x556fcb94e080;  1 drivers
L_0x7feb395c7918 .functor BUFT 1, C4<00000000>, C4<0>, C4<0>, C4<0>;
v0x556fcb945070_0 .net/2u *"_ivl_52", 7 0, L_0x7feb395c7918;  1 drivers
v0x556fcb945360_0 .net *"_ivl_54", 0 0, L_0x556fcb94e190;  1 drivers
L_0x7feb395c7960 .functor BUFT 1, C4<00000000>, C4<0>, C4<0>, C4<0>;
v0x556fcb945420_0 .net/2u *"_ivl_56", 7 0, L_0x7feb395c7960;  1 drivers
v0x556fcb945500_0 .net *"_ivl_58", 0 0, L_0x556fcb94e2f0;  1 drivers
v0x556fcb9455c0_0 .net *"_ivl_6", 7 0, L_0x556fcb94d180;  1 drivers
v0x556fcb9456a0_0 .net *"_ivl_61", 0 0, L_0x556fcb94e3e0;  1 drivers
L_0x7feb395c79a8 .functor BUFT 1, C4<00000001>, C4<0>, C4<0>, C4<0>;
v0x556fcb945760_0 .net/2u *"_ivl_62", 7 0, L_0x7feb395c79a8;  1 drivers
L_0x7feb395c79f0 .functor BUFT 1, C4<00000000>, C4<0>, C4<0>, C4<0>;
v0x556fcb945840_0 .net/2u *"_ivl_64", 7 0, L_0x7feb395c79f0;  1 drivers
v0x556fcb945920_0 .net *"_ivl_66", 7 0, L_0x556fcb94e4f0;  1 drivers
L_0x7feb395c7a38 .functor BUFT 1, C4<00000000>, C4<0>, C4<0>, C4<0>;
v0x556fcb945a00_0 .net/2u *"_ivl_70", 7 0, L_0x7feb395c7a38;  1 drivers
v0x556fcb945ae0_0 .net *"_ivl_72", 0 0, L_0x556fcb94e840;  1 drivers
L_0x7feb395c7a80 .functor BUFT 1, C4<00000000>, C4<0>, C4<0>, C4<0>;
v0x556fcb945ba0_0 .net/2u *"_ivl_74", 7 0, L_0x7feb395c7a80;  1 drivers
v0x556fcb945c80_0 .net *"_ivl_76", 0 0, L_0x556fcb94e9c0;  1 drivers
v0x556fcb945d40_0 .net *"_ivl_79", 0 0, L_0x556fcb94e280;  1 drivers
L_0x7feb395c7690 .functor BUFT 1, C4<00000001>, C4<0>, C4<0>, C4<0>;
v0x556fcb945e00_0 .net/2u *"_ivl_8", 7 0, L_0x7feb395c7690;  1 drivers
L_0x7feb395c7ac8 .functor BUFT 1, C4<0>, C4<0>, C4<0>, C4<0>;
v0x556fcb945ee0_0 .net/2u *"_ivl_80", 0 0, L_0x7feb395c7ac8;  1 drivers
L_0x7feb395c7b10 .functor BUFT 1, C4<1>, C4<0>, C4<0>, C4<0>;
v0x556fcb945fc0_0 .net/2u *"_ivl_82", 0 0, L_0x7feb395c7b10;  1 drivers
L_0x7feb395c7ba0 .functor BUFT 1, C4<00010111>, C4<0>, C4<0>, C4<0>;
v0x556fcb9460a0_0 .net/2u *"_ivl_88", 7 0, L_0x7feb395c7ba0;  1 drivers
v0x556fcb946180_0 .net *"_ivl_90", 0 0, L_0x556fcb94edd0;  1 drivers
L_0x7feb395c7be8 .functor BUFT 1, C4<0>, C4<0>, C4<0>, C4<0>;
v0x556fcb946240_0 .net/2u *"_ivl_92", 0 0, L_0x7feb395c7be8;  1 drivers
L_0x7feb395c7c30 .functor BUFT 1, C4<1>, C4<0>, C4<0>, C4<0>;
v0x556fcb946320_0 .net/2u *"_ivl_94", 0 0, L_0x7feb395c7c30;  1 drivers
L_0x7feb395c7c78 .functor BUFT 1, C4<00000000000000000000000>, C4<0>, C4<0>, C4<0>;
v0x556fcb946400_0 .net/2u *"_ivl_98", 22 0, L_0x7feb395c7c78;  1 drivers
v0x556fcb9464e0_0 .net "add1", 31 0, v0x556fcb947f00_0;  1 drivers
v0x556fcb9465a0_0 .net "add2", 31 0, v0x556fcb947fe0_0;  1 drivers
L_0x7feb395c7b58 .functor BUFT 1, C4<00000001>, C4<0>, C4<0>, C4<0>;
v0x556fcb946660_0 .net "add_one_in_exponent", 7 0, L_0x7feb395c7b58;  1 drivers
v0x556fcb946740_0 .net "add_or_not", 0 0, L_0x556fcb94eec0;  1 drivers
v0x556fcb946800_0 .net "add_or_sub", 0 0, L_0x556fcb94a940;  1 drivers
v0x556fcb9468a0_0 .net "command", 0 0, v0x556fcb948130_0;  1 drivers
v0x556fcb946940_0 .net "current_add", 0 0, L_0x556fcb9482a0;  1 drivers
v0x556fcb9469e0_0 .net "current_exponent_tmp", 7 0, L_0x556fcb94e700;  1 drivers
v0x556fcb946ac0_0 .net "current_sub", 0 0, L_0x556fcb9483a0;  1 drivers
v0x556fcb946b60_0 .net "e1_e2", 7 0, L_0x556fcb94d290;  1 drivers
v0x556fcb946c40_0 .net "e1_e2_0", 7 0, L_0x556fcb94d380;  1 drivers
v0x556fcb946d20_0 .net "exponent_a", 7 0, L_0x556fcb94b540;  1 drivers
v0x556fcb946de0_0 .net "exponent_b", 7 0, L_0x556fcb94b6b0;  1 drivers
v0x556fcb946e80_0 .net "extent_a", 46 0, L_0x556fcb94ec40;  1 drivers
v0x556fcb946f40_0 .net "extent_a_shift", 46 0, L_0x556fcb95f110;  1 drivers
v0x556fcb947030_0 .net "extent_b", 46 0, L_0x556fcb95f790;  1 drivers
v0x556fcb947100_0 .net "fianl_f_shift", 47 0, L_0x556fcb96c400;  1 drivers
v0x556fcb9471d0_0 .net "final_exponent", 7 0, L_0x556fcb96d030;  1 drivers
v0x556fcb947290_0 .net "final_exponent_e1e2eqzero", 7 0, L_0x556fcb96cef0;  1 drivers
v0x556fcb947370_0 .net "final_f_add", 47 0, L_0x556fcb95fbe0;  1 drivers
v0x556fcb947430_0 .net "final_f_concat", 23 0, L_0x556fcb95f4c0;  1 drivers
v0x556fcb947510_0 .net "final_man_e1_eq_e2_eq_zero", 23 0, L_0x556fcb96cb30;  1 drivers
v0x556fcb9475d0_0 .net "final_result_add_or_sub", 31 0, L_0x556fcb96d520;  1 drivers
v0x556fcb947690_0 .net "final_result_concat", 31 0, L_0x556fcb96d2d0;  1 drivers
v0x556fcb947770_0 .net "final_result_e1e2eqzero", 31 0, L_0x556fcb96d860;  1 drivers
v0x556fcb947850_0 .net "man_a", 23 0, L_0x556fcb94cca0;  1 drivers
v0x556fcb947960_0 .net "man_b", 23 0, L_0x556fcb94ce40;  1 drivers
v0x556fcb947a70_0 .net "result", 31 0, L_0x556fcb96db20;  alias, 1 drivers
v0x556fcb947b50_0 .net "result_shift_or_not", 0 0, L_0x556fcb94eba0;  1 drivers
v0x556fcb947c10_0 .net "result_sign", 0 0, L_0x556fcb94a3b0;  1 drivers
v0x556fcb947d00_0 .net "shift_before_add", 7 0, L_0x556fcb94dbf0;  1 drivers
v0x556fcb947de0_0 .net "shift_nums", 7 0, L_0x556fcb96c9a0;  1 drivers
L_0x556fcb94d180 .arith/sum 8, L_0x556fcb94b540, L_0x556fcb94b340;
L_0x556fcb94d290 .arith/sum 8, L_0x556fcb94d180, L_0x7feb395c7690;
L_0x556fcb94d380 .arith/sum 8, L_0x556fcb94b540, L_0x7feb395c76d8;
L_0x556fcb94d470 .cmp/gt 8, L_0x556fcb94b540, L_0x7feb395c7720;
L_0x556fcb94d560 .cmp/gt 8, L_0x556fcb94b6b0, L_0x7feb395c7768;
L_0x556fcb94d720 .cmp/gt 8, L_0x556fcb94b540, L_0x7feb395c77b0;
L_0x556fcb94d810 .cmp/eq 8, L_0x556fcb94b6b0, L_0x7feb395c77f8;
L_0x556fcb94da10 .functor MUXZ 8, L_0x7feb395c7840, L_0x556fcb94d380, L_0x556fcb94d900, C4<>;
L_0x556fcb94dbf0 .functor MUXZ 8, L_0x556fcb94da10, L_0x556fcb94d290, L_0x556fcb94d220, C4<>;
L_0x556fcb94dd80 .cmp/gt 8, L_0x556fcb94b540, L_0x7feb395c7888;
L_0x556fcb94dfe0 .cmp/gt 8, L_0x556fcb94b6b0, L_0x7feb395c78d0;
L_0x556fcb94e190 .cmp/gt 8, L_0x556fcb94b540, L_0x7feb395c7918;
L_0x556fcb94e2f0 .cmp/eq 8, L_0x556fcb94b6b0, L_0x7feb395c7960;
L_0x556fcb94e4f0 .functor MUXZ 8, L_0x7feb395c79f0, L_0x7feb395c79a8, L_0x556fcb94e3e0, C4<>;
L_0x556fcb94e700 .functor MUXZ 8, L_0x556fcb94e4f0, L_0x556fcb94b6b0, L_0x556fcb94e080, C4<>;
L_0x556fcb94e840 .cmp/eq 8, L_0x556fcb94b540, L_0x7feb395c7a38;
L_0x556fcb94e9c0 .cmp/eq 8, L_0x556fcb94b6b0, L_0x7feb395c7a80;
L_0x556fcb94eba0 .functor MUXZ 1, L_0x7feb395c7b10, L_0x7feb395c7ac8, L_0x556fcb94e280, C4<>;
L_0x556fcb94edd0 .cmp/gt 8, L_0x556fcb94d290, L_0x7feb395c7ba0;
L_0x556fcb94eec0 .functor MUXZ 1, L_0x7feb395c7c30, L_0x7feb395c7be8, L_0x556fcb94edd0, C4<>;
L_0x556fcb94ec40 .concat [ 24 23 0 0], L_0x556fcb94cca0, L_0x7feb395c7c78;
L_0x556fcb95f110 .shift/l 47, L_0x556fcb94ec40, L_0x556fcb94d290;
L_0x556fcb95f310 .concat [ 24 23 0 0], L_0x556fcb94ce40, L_0x7feb395c7cc0;
L_0x556fcb95f420 .arith/sum 24, L_0x556fcb95f3b0, L_0x7feb395c7d50;
L_0x556fcb95f650 .concat [ 24 23 0 0], L_0x556fcb95f420, L_0x7feb395c7d08;
L_0x556fcb95f790 .functor MUXZ 47, L_0x556fcb95f650, L_0x556fcb95f310, L_0x556fcb94a940, C4<>;
L_0x556fcb96cc20 .part L_0x556fcb96cb30, 23, 1;
L_0x556fcb96ccc0 .arith/sum 8, L_0x556fcb94e700, L_0x7feb395c7b58;
L_0x556fcb96cef0 .functor MUXZ 8, L_0x556fcb94e700, L_0x556fcb96ccc0, L_0x556fcb96cc20, C4<>;
L_0x556fcb96d030 .arith/sum 8, L_0x556fcb94e700, L_0x556fcb96c9a0;
L_0x556fcb96d230 .part L_0x556fcb95f4c0, 0, 23;
L_0x556fcb96d2d0 .concat [ 23 8 1 0], L_0x556fcb96d230, L_0x556fcb94b540, L_0x556fcb94a3b0;
L_0x556fcb96d480 .part L_0x556fcb96c400, 24, 23;
L_0x556fcb96d520 .concat [ 23 8 1 0], L_0x556fcb96d480, L_0x556fcb96d030, L_0x556fcb94a3b0;
L_0x556fcb96d730 .part L_0x556fcb96cb30, 0, 23;
L_0x556fcb96d860 .concat [ 23 8 1 0], L_0x556fcb96d730, L_0x556fcb96cef0, L_0x556fcb94a3b0;
L_0x556fcb96d610 .functor MUXZ 32, L_0x556fcb96d860, L_0x556fcb96d520, L_0x556fcb94eba0, C4<>;
L_0x556fcb96db20 .functor MUXZ 32, L_0x556fcb96d610, L_0x556fcb96d2d0, L_0x556fcb94eec0, C4<>;
S_0x556fcb915140 .scope module, "adder" "adder_46" 4 61, 4 86 0, S_0x556fcb914800;
 .timescale 0 0;
    .port_info 0 /INPUT 47 "a";
    .port_info 1 /INPUT 47 "b";
    .port_info 2 /OUTPUT 48 "sum";
v0x556fcb8e0b00_0 .net *"_ivl_0", 47 0, L_0x556fcb95fa00;  1 drivers
L_0x7feb395c7d98 .functor BUFT 1, C4<0>, C4<0>, C4<0>, C4<0>;
v0x556fcb9321f0_0 .net *"_ivl_3", 0 0, L_0x7feb395c7d98;  1 drivers
v0x556fcb9322d0_0 .net *"_ivl_4", 47 0, L_0x556fcb95faf0;  1 drivers
L_0x7feb395c7de0 .functor BUFT 1, C4<0>, C4<0>, C4<0>, C4<0>;
v0x556fcb932390_0 .net *"_ivl_7", 0 0, L_0x7feb395c7de0;  1 drivers
v0x556fcb932470_0 .net "a", 46 0, L_0x556fcb95f110;  alias, 1 drivers
v0x556fcb9325a0_0 .net "b", 46 0, L_0x556fcb95f790;  alias, 1 drivers
v0x556fcb932680_0 .net "sum", 47 0, L_0x556fcb95fbe0;  alias, 1 drivers
L_0x556fcb95fa00 .concat [ 47 1 0 0], L_0x556fcb95f110, L_0x7feb395c7d98;
L_0x556fcb95faf0 .concat [ 47 1 0 0], L_0x556fcb95f790, L_0x7feb395c7de0;
L_0x556fcb95fbe0 .arith/sum 48, L_0x556fcb95fa00, L_0x556fcb95faf0;
S_0x556fcb915a50 .scope module, "adder_24" "adder_24" 4 64, 4 132 0, S_0x556fcb914800;
 .timescale 0 0;
    .port_info 0 /INPUT 24 "a";
    .port_info 1 /INPUT 24 "b";
    .port_info 2 /OUTPUT 24 "sum";
v0x556fcb932880_0 .net "a", 23 0, L_0x556fcb94cca0;  alias, 1 drivers
v0x556fcb932980_0 .net "b", 23 0, L_0x556fcb94ce40;  alias, 1 drivers
v0x556fcb932a60_0 .net "sum", 23 0, L_0x556fcb96cb30;  alias, 1 drivers
L_0x556fcb96cb30 .arith/sum 24, L_0x556fcb94cca0, L_0x556fcb94ce40;
S_0x556fcb932ba0 .scope module, "m_n" "m_n_gen" 4 62, 4 97 0, S_0x556fcb914800;
 .timescale 0 0;
    .port_info 0 /INPUT 48 "data";
    .port_info 1 /OUTPUT 48 "outdata";
    .port_info 2 /OUTPUT 8 "shift";
L_0x556fcb9609b0 .functor NOT 8, L_0x556fcb96bf60, C4<00000000>, C4<00000000>, C4<00000000>;
v0x556fcb932dd0_0 .net *"_ivl_1", 0 0, L_0x556fcb95fd20;  1 drivers
L_0x7feb395c7eb8 .functor BUFT 1, C4<00000000>, C4<0>, C4<0>, C4<0>;
v0x556fcb932eb0_0 .net/2s *"_ivl_10", 7 0, L_0x7feb395c7eb8;  1 drivers
L_0x7feb395c84e8 .functor BUFT 1, C4<0000000000000000000000000000000>, C4<0>, C4<0>, C4<0>;
v0x556fcb932f90_0 .net *"_ivl_101", 30 0, L_0x7feb395c84e8;  1 drivers
L_0x7feb395c8530 .functor BUFT 1, C4<00000000000000000000000000000001>, C4<0>, C4<0>, C4<0>;
v0x556fcb933050_0 .net/2u *"_ivl_102", 31 0, L_0x7feb395c8530;  1 drivers
v0x556fcb933130_0 .net *"_ivl_104", 0 0, L_0x556fcb962380;  1 drivers
L_0x7feb395c8578 .functor BUFT 1, C4<00001000>, C4<0>, C4<0>, C4<0>;
v0x556fcb933240_0 .net/2s *"_ivl_106", 7 0, L_0x7feb395c8578;  1 drivers
v0x556fcb933320_0 .net *"_ivl_109", 0 0, L_0x556fcb9624f0;  1 drivers
v0x556fcb933400_0 .net *"_ivl_110", 31 0, L_0x556fcb962680;  1 drivers
L_0x7feb395c85c0 .functor BUFT 1, C4<0000000000000000000000000000000>, C4<0>, C4<0>, C4<0>;
v0x556fcb9334e0_0 .net *"_ivl_113", 30 0, L_0x7feb395c85c0;  1 drivers
L_0x7feb395c8608 .functor BUFT 1, C4<00000000000000000000000000000001>, C4<0>, C4<0>, C4<0>;
v0x556fcb9335c0_0 .net/2u *"_ivl_114", 31 0, L_0x7feb395c8608;  1 drivers
v0x556fcb9336a0_0 .net *"_ivl_116", 0 0, L_0x556fcb9627f0;  1 drivers
L_0x7feb395c8650 .functor BUFT 1, C4<00001001>, C4<0>, C4<0>, C4<0>;
v0x556fcb933760_0 .net/2s *"_ivl_118", 7 0, L_0x7feb395c8650;  1 drivers
v0x556fcb933840_0 .net *"_ivl_121", 0 0, L_0x556fcb962a60;  1 drivers
v0x556fcb933920_0 .net *"_ivl_122", 31 0, L_0x556fcb962b00;  1 drivers
L_0x7feb395c8698 .functor BUFT 1, C4<0000000000000000000000000000000>, C4<0>, C4<0>, C4<0>;
v0x556fcb933a00_0 .net *"_ivl_125", 30 0, L_0x7feb395c8698;  1 drivers
L_0x7feb395c86e0 .functor BUFT 1, C4<00000000000000000000000000000001>, C4<0>, C4<0>, C4<0>;
v0x556fcb933ae0_0 .net/2u *"_ivl_126", 31 0, L_0x7feb395c86e0;  1 drivers
v0x556fcb933bc0_0 .net *"_ivl_128", 0 0, L_0x556fcb962d80;  1 drivers
v0x556fcb933c80_0 .net *"_ivl_13", 0 0, L_0x556fcb95fff0;  1 drivers
L_0x7feb395c8728 .functor BUFT 1, C4<00001010>, C4<0>, C4<0>, C4<0>;
v0x556fcb933d60_0 .net/2s *"_ivl_130", 7 0, L_0x7feb395c8728;  1 drivers
v0x556fcb933e40_0 .net *"_ivl_133", 0 0, L_0x556fcb962ef0;  1 drivers
v0x556fcb933f20_0 .net *"_ivl_134", 31 0, L_0x556fcb9630b0;  1 drivers
L_0x7feb395c8770 .functor BUFT 1, C4<0000000000000000000000000000000>, C4<0>, C4<0>, C4<0>;
v0x556fcb934000_0 .net *"_ivl_137", 30 0, L_0x7feb395c8770;  1 drivers
L_0x7feb395c87b8 .functor BUFT 1, C4<00000000000000000000000000000001>, C4<0>, C4<0>, C4<0>;
v0x556fcb9340e0_0 .net/2u *"_ivl_138", 31 0, L_0x7feb395c87b8;  1 drivers
v0x556fcb9341c0_0 .net *"_ivl_14", 31 0, L_0x556fcb960090;  1 drivers
v0x556fcb9342a0_0 .net *"_ivl_140", 0 0, L_0x556fcb963220;  1 drivers
L_0x7feb395c8800 .functor BUFT 1, C4<00001011>, C4<0>, C4<0>, C4<0>;
v0x556fcb934360_0 .net/2s *"_ivl_142", 7 0, L_0x7feb395c8800;  1 drivers
v0x556fcb934440_0 .net *"_ivl_145", 0 0, L_0x556fcb962f90;  1 drivers
v0x556fcb934520_0 .net *"_ivl_146", 31 0, L_0x556fcb9634c0;  1 drivers
L_0x7feb395c8848 .functor BUFT 1, C4<0000000000000000000000000000000>, C4<0>, C4<0>, C4<0>;
v0x556fcb934600_0 .net *"_ivl_149", 30 0, L_0x7feb395c8848;  1 drivers
L_0x7feb395c8890 .functor BUFT 1, C4<00000000000000000000000000000001>, C4<0>, C4<0>, C4<0>;
v0x556fcb9346e0_0 .net/2u *"_ivl_150", 31 0, L_0x7feb395c8890;  1 drivers
v0x556fcb9347c0_0 .net *"_ivl_152", 0 0, L_0x556fcb9636f0;  1 drivers
L_0x7feb395c88d8 .functor BUFT 1, C4<00001100>, C4<0>, C4<0>, C4<0>;
v0x556fcb934880_0 .net/2s *"_ivl_154", 7 0, L_0x7feb395c88d8;  1 drivers
v0x556fcb934960_0 .net *"_ivl_157", 0 0, L_0x556fcb963860;  1 drivers
v0x556fcb934c50_0 .net *"_ivl_158", 31 0, L_0x556fcb963a50;  1 drivers
L_0x7feb395c8920 .functor BUFT 1, C4<0000000000000000000000000000000>, C4<0>, C4<0>, C4<0>;
v0x556fcb934d30_0 .net *"_ivl_161", 30 0, L_0x7feb395c8920;  1 drivers
L_0x7feb395c8968 .functor BUFT 1, C4<00000000000000000000000000000001>, C4<0>, C4<0>, C4<0>;
v0x556fcb934e10_0 .net/2u *"_ivl_162", 31 0, L_0x7feb395c8968;  1 drivers
v0x556fcb934ef0_0 .net *"_ivl_164", 0 0, L_0x556fcb963bc0;  1 drivers
L_0x7feb395c89b0 .functor BUFT 1, C4<00001101>, C4<0>, C4<0>, C4<0>;
v0x556fcb934fb0_0 .net/2s *"_ivl_166", 7 0, L_0x7feb395c89b0;  1 drivers
v0x556fcb935090_0 .net *"_ivl_169", 0 0, L_0x556fcb963e90;  1 drivers
L_0x7feb395c7f00 .functor BUFT 1, C4<0000000000000000000000000000000>, C4<0>, C4<0>, C4<0>;
v0x556fcb935170_0 .net *"_ivl_17", 30 0, L_0x7feb395c7f00;  1 drivers
v0x556fcb935250_0 .net *"_ivl_170", 31 0, L_0x556fcb963f30;  1 drivers
L_0x7feb395c89f8 .functor BUFT 1, C4<0000000000000000000000000000000>, C4<0>, C4<0>, C4<0>;
v0x556fcb935330_0 .net *"_ivl_173", 30 0, L_0x7feb395c89f8;  1 drivers
L_0x7feb395c8a40 .functor BUFT 1, C4<00000000000000000000000000000001>, C4<0>, C4<0>, C4<0>;
v0x556fcb935410_0 .net/2u *"_ivl_174", 31 0, L_0x7feb395c8a40;  1 drivers
v0x556fcb9354f0_0 .net *"_ivl_176", 0 0, L_0x556fcb964210;  1 drivers
L_0x7feb395c8a88 .functor BUFT 1, C4<00001110>, C4<0>, C4<0>, C4<0>;
v0x556fcb9355b0_0 .net/2s *"_ivl_178", 7 0, L_0x7feb395c8a88;  1 drivers
L_0x7feb395c7f48 .functor BUFT 1, C4<00000000000000000000000000000001>, C4<0>, C4<0>, C4<0>;
v0x556fcb935690_0 .net/2u *"_ivl_18", 31 0, L_0x7feb395c7f48;  1 drivers
v0x556fcb935770_0 .net *"_ivl_181", 0 0, L_0x556fcb964380;  1 drivers
v0x556fcb935850_0 .net *"_ivl_182", 31 0, L_0x556fcb9645a0;  1 drivers
L_0x7feb395c8ad0 .functor BUFT 1, C4<0000000000000000000000000000000>, C4<0>, C4<0>, C4<0>;
v0x556fcb935930_0 .net *"_ivl_185", 30 0, L_0x7feb395c8ad0;  1 drivers
L_0x7feb395c8b18 .functor BUFT 1, C4<00000000000000000000000000000001>, C4<0>, C4<0>, C4<0>;
v0x556fcb935a10_0 .net/2u *"_ivl_186", 31 0, L_0x7feb395c8b18;  1 drivers
v0x556fcb935af0_0 .net *"_ivl_188", 0 0, L_0x556fcb964710;  1 drivers
L_0x7feb395c8b60 .functor BUFT 1, C4<00001111>, C4<0>, C4<0>, C4<0>;
v0x556fcb935bb0_0 .net/2s *"_ivl_190", 7 0, L_0x7feb395c8b60;  1 drivers
v0x556fcb935c90_0 .net *"_ivl_193", 0 0, L_0x556fcb964a10;  1 drivers
v0x556fcb935d70_0 .net *"_ivl_194", 31 0, L_0x556fcb964ab0;  1 drivers
L_0x7feb395c8ba8 .functor BUFT 1, C4<0000000000000000000000000000000>, C4<0>, C4<0>, C4<0>;
v0x556fcb935e50_0 .net *"_ivl_197", 30 0, L_0x7feb395c8ba8;  1 drivers
L_0x7feb395c8bf0 .functor BUFT 1, C4<00000000000000000000000000000001>, C4<0>, C4<0>, C4<0>;
v0x556fcb935f30_0 .net/2u *"_ivl_198", 31 0, L_0x7feb395c8bf0;  1 drivers
v0x556fcb936010_0 .net *"_ivl_2", 31 0, L_0x556fcb95fdc0;  1 drivers
v0x556fcb9360f0_0 .net *"_ivl_20", 0 0, L_0x556fcb9601d0;  1 drivers
v0x556fcb9361b0_0 .net *"_ivl_200", 0 0, L_0x556fcb964dc0;  1 drivers
L_0x7feb395c8c38 .functor BUFT 1, C4<00010000>, C4<0>, C4<0>, C4<0>;
v0x556fcb936270_0 .net/2s *"_ivl_202", 7 0, L_0x7feb395c8c38;  1 drivers
v0x556fcb936350_0 .net *"_ivl_205", 0 0, L_0x556fcb964f30;  1 drivers
v0x556fcb936430_0 .net *"_ivl_206", 31 0, L_0x556fcb965180;  1 drivers
L_0x7feb395c8c80 .functor BUFT 1, C4<0000000000000000000000000000000>, C4<0>, C4<0>, C4<0>;
v0x556fcb936510_0 .net *"_ivl_209", 30 0, L_0x7feb395c8c80;  1 drivers
L_0x7feb395c8cc8 .functor BUFT 1, C4<00000000000000000000000000000001>, C4<0>, C4<0>, C4<0>;
v0x556fcb9365f0_0 .net/2u *"_ivl_210", 31 0, L_0x7feb395c8cc8;  1 drivers
v0x556fcb9366d0_0 .net *"_ivl_212", 0 0, L_0x556fcb9652f0;  1 drivers
L_0x7feb395c8d10 .functor BUFT 1, C4<00010001>, C4<0>, C4<0>, C4<0>;
v0x556fcb936ba0_0 .net/2s *"_ivl_214", 7 0, L_0x7feb395c8d10;  1 drivers
v0x556fcb936c80_0 .net *"_ivl_217", 0 0, L_0x556fcb965620;  1 drivers
v0x556fcb936d60_0 .net *"_ivl_218", 31 0, L_0x556fcb9656c0;  1 drivers
L_0x7feb395c7f90 .functor BUFT 1, C4<00000001>, C4<0>, C4<0>, C4<0>;
v0x556fcb936e40_0 .net/2s *"_ivl_22", 7 0, L_0x7feb395c7f90;  1 drivers
L_0x7feb395c8d58 .functor BUFT 1, C4<0000000000000000000000000000000>, C4<0>, C4<0>, C4<0>;
v0x556fcb936f20_0 .net *"_ivl_221", 30 0, L_0x7feb395c8d58;  1 drivers
L_0x7feb395c8da0 .functor BUFT 1, C4<00000000000000000000000000000001>, C4<0>, C4<0>, C4<0>;
v0x556fcb937000_0 .net/2u *"_ivl_222", 31 0, L_0x7feb395c8da0;  1 drivers
v0x556fcb9370e0_0 .net *"_ivl_224", 0 0, L_0x556fcb965a00;  1 drivers
L_0x7feb395c8de8 .functor BUFT 1, C4<00010010>, C4<0>, C4<0>, C4<0>;
v0x556fcb9371a0_0 .net/2s *"_ivl_226", 7 0, L_0x7feb395c8de8;  1 drivers
v0x556fcb937280_0 .net *"_ivl_229", 0 0, L_0x556fcb965b70;  1 drivers
v0x556fcb937360_0 .net *"_ivl_230", 31 0, L_0x556fcb965df0;  1 drivers
L_0x7feb395c8e30 .functor BUFT 1, C4<0000000000000000000000000000000>, C4<0>, C4<0>, C4<0>;
v0x556fcb937440_0 .net *"_ivl_233", 30 0, L_0x7feb395c8e30;  1 drivers
L_0x7feb395c8e78 .functor BUFT 1, C4<00000000000000000000000000000001>, C4<0>, C4<0>, C4<0>;
v0x556fcb937520_0 .net/2u *"_ivl_234", 31 0, L_0x7feb395c8e78;  1 drivers
v0x556fcb937600_0 .net *"_ivl_236", 0 0, L_0x556fcb965f60;  1 drivers
L_0x7feb395c8ec0 .functor BUFT 1, C4<00010011>, C4<0>, C4<0>, C4<0>;
v0x556fcb9376c0_0 .net/2s *"_ivl_238", 7 0, L_0x7feb395c8ec0;  1 drivers
v0x556fcb9377a0_0 .net *"_ivl_241", 0 0, L_0x556fcb9662c0;  1 drivers
v0x556fcb937880_0 .net *"_ivl_242", 31 0, L_0x556fcb966360;  1 drivers
L_0x7feb395c8f08 .functor BUFT 1, C4<0000000000000000000000000000000>, C4<0>, C4<0>, C4<0>;
v0x556fcb937960_0 .net *"_ivl_245", 30 0, L_0x7feb395c8f08;  1 drivers
L_0x7feb395c8f50 .functor BUFT 1, C4<00000000000000000000000000000001>, C4<0>, C4<0>, C4<0>;
v0x556fcb937a40_0 .net/2u *"_ivl_246", 31 0, L_0x7feb395c8f50;  1 drivers
v0x556fcb937b20_0 .net *"_ivl_248", 0 0, L_0x556fcb9666d0;  1 drivers
v0x556fcb937be0_0 .net *"_ivl_25", 0 0, L_0x556fcb960310;  1 drivers
L_0x7feb395c8f98 .functor BUFT 1, C4<00010100>, C4<0>, C4<0>, C4<0>;
v0x556fcb937cc0_0 .net/2s *"_ivl_250", 7 0, L_0x7feb395c8f98;  1 drivers
v0x556fcb937da0_0 .net *"_ivl_253", 0 0, L_0x556fcb966840;  1 drivers
v0x556fcb937e80_0 .net *"_ivl_254", 31 0, L_0x556fcb966af0;  1 drivers
L_0x7feb395c8fe0 .functor BUFT 1, C4<0000000000000000000000000000000>, C4<0>, C4<0>, C4<0>;
v0x556fcb937f60_0 .net *"_ivl_257", 30 0, L_0x7feb395c8fe0;  1 drivers
L_0x7feb395c9028 .functor BUFT 1, C4<00000000000000000000000000000001>, C4<0>, C4<0>, C4<0>;
v0x556fcb938040_0 .net/2u *"_ivl_258", 31 0, L_0x7feb395c9028;  1 drivers
v0x556fcb938120_0 .net *"_ivl_26", 31 0, L_0x556fcb9603b0;  1 drivers
v0x556fcb938200_0 .net *"_ivl_260", 0 0, L_0x556fcb966c60;  1 drivers
L_0x7feb395c9070 .functor BUFT 1, C4<00010101>, C4<0>, C4<0>, C4<0>;
v0x556fcb9382c0_0 .net/2s *"_ivl_262", 7 0, L_0x7feb395c9070;  1 drivers
v0x556fcb9383a0_0 .net *"_ivl_265", 0 0, L_0x556fcb966ff0;  1 drivers
v0x556fcb938480_0 .net *"_ivl_266", 31 0, L_0x556fcb967090;  1 drivers
L_0x7feb395c90b8 .functor BUFT 1, C4<0000000000000000000000000000000>, C4<0>, C4<0>, C4<0>;
v0x556fcb938560_0 .net *"_ivl_269", 30 0, L_0x7feb395c90b8;  1 drivers
L_0x7feb395c9100 .functor BUFT 1, C4<00000000000000000000000000000001>, C4<0>, C4<0>, C4<0>;
v0x556fcb938640_0 .net/2u *"_ivl_270", 31 0, L_0x7feb395c9100;  1 drivers
v0x556fcb938720_0 .net *"_ivl_272", 0 0, L_0x556fcb967430;  1 drivers
L_0x7feb395c9148 .functor BUFT 1, C4<00010110>, C4<0>, C4<0>, C4<0>;
v0x556fcb9387e0_0 .net/2s *"_ivl_274", 7 0, L_0x7feb395c9148;  1 drivers
v0x556fcb9388c0_0 .net *"_ivl_277", 0 0, L_0x556fcb9675a0;  1 drivers
v0x556fcb9389a0_0 .net *"_ivl_278", 31 0, L_0x556fcb967880;  1 drivers
L_0x7feb395c9190 .functor BUFT 1, C4<0000000000000000000000000000000>, C4<0>, C4<0>, C4<0>;
v0x556fcb938a80_0 .net *"_ivl_281", 30 0, L_0x7feb395c9190;  1 drivers
L_0x7feb395c91d8 .functor BUFT 1, C4<00000000000000000000000000000001>, C4<0>, C4<0>, C4<0>;
v0x556fcb938b60_0 .net/2u *"_ivl_282", 31 0, L_0x7feb395c91d8;  1 drivers
v0x556fcb938c40_0 .net *"_ivl_284", 0 0, L_0x556fcb9679f0;  1 drivers
L_0x7feb395c9220 .functor BUFT 1, C4<00010111>, C4<0>, C4<0>, C4<0>;
v0x556fcb938d00_0 .net/2s *"_ivl_286", 7 0, L_0x7feb395c9220;  1 drivers
L_0x7feb395c9268 .functor BUFT 1, C4<00000000>, C4<0>, C4<0>, C4<0>;
v0x556fcb938de0_0 .net/2s *"_ivl_288", 7 0, L_0x7feb395c9268;  1 drivers
L_0x7feb395c7fd8 .functor BUFT 1, C4<0000000000000000000000000000000>, C4<0>, C4<0>, C4<0>;
v0x556fcb938ec0_0 .net *"_ivl_29", 30 0, L_0x7feb395c7fd8;  1 drivers
v0x556fcb938fa0_0 .net *"_ivl_290", 7 0, L_0x556fcb967db0;  1 drivers
v0x556fcb939080_0 .net *"_ivl_292", 7 0, L_0x556fcb967f70;  1 drivers
v0x556fcb939160_0 .net *"_ivl_294", 7 0, L_0x556fcb968360;  1 drivers
v0x556fcb939240_0 .net *"_ivl_296", 7 0, L_0x556fcb9684f0;  1 drivers
v0x556fcb939320_0 .net *"_ivl_298", 7 0, L_0x556fcb9688f0;  1 drivers
L_0x7feb395c8020 .functor BUFT 1, C4<00000000000000000000000000000001>, C4<0>, C4<0>, C4<0>;
v0x556fcb939400_0 .net/2u *"_ivl_30", 31 0, L_0x7feb395c8020;  1 drivers
v0x556fcb9394e0_0 .net *"_ivl_300", 7 0, L_0x556fcb968a80;  1 drivers
v0x556fcb9395c0_0 .net *"_ivl_302", 7 0, L_0x556fcb968e90;  1 drivers
v0x556fcb9396a0_0 .net *"_ivl_304", 7 0, L_0x556fcb969020;  1 drivers
v0x556fcb939780_0 .net *"_ivl_306", 7 0, L_0x556fcb969440;  1 drivers
v0x556fcb939860_0 .net *"_ivl_308", 7 0, L_0x556fcb9695d0;  1 drivers
v0x556fcb939940_0 .net *"_ivl_310", 7 0, L_0x556fcb969a00;  1 drivers
v0x556fcb939a20_0 .net *"_ivl_312", 7 0, L_0x556fcb969b90;  1 drivers
v0x556fcb939b00_0 .net *"_ivl_314", 7 0, L_0x556fcb969fd0;  1 drivers
v0x556fcb939be0_0 .net *"_ivl_316", 7 0, L_0x556fcb96a160;  1 drivers
v0x556fcb939cc0_0 .net *"_ivl_318", 7 0, L_0x556fcb96a5b0;  1 drivers
v0x556fcb939da0_0 .net *"_ivl_32", 0 0, L_0x556fcb960540;  1 drivers
v0x556fcb939e60_0 .net *"_ivl_320", 7 0, L_0x556fcb96a740;  1 drivers
v0x556fcb939f40_0 .net *"_ivl_322", 7 0, L_0x556fcb96aba0;  1 drivers
v0x556fcb93a020_0 .net *"_ivl_324", 7 0, L_0x556fcb96ad30;  1 drivers
v0x556fcb93a100_0 .net *"_ivl_326", 7 0, L_0x556fcb96b1a0;  1 drivers
v0x556fcb93a1e0_0 .net *"_ivl_328", 7 0, L_0x556fcb96b330;  1 drivers
v0x556fcb93aad0_0 .net *"_ivl_330", 7 0, L_0x556fcb96b7b0;  1 drivers
v0x556fcb93abb0_0 .net *"_ivl_332", 7 0, L_0x556fcb96b940;  1 drivers
v0x556fcb93ac90_0 .net *"_ivl_334", 7 0, L_0x556fcb96bdd0;  1 drivers
L_0x7feb395c8068 .functor BUFT 1, C4<00000010>, C4<0>, C4<0>, C4<0>;
v0x556fcb93ad70_0 .net/2s *"_ivl_34", 7 0, L_0x7feb395c8068;  1 drivers
L_0x7feb395c92b0 .functor BUFT 1, C4<00011000>, C4<0>, C4<0>, C4<0>;
v0x556fcb93ae50_0 .net/2u *"_ivl_340", 7 0, L_0x7feb395c92b0;  1 drivers
v0x556fcb93af30_0 .net *"_ivl_342", 7 0, L_0x556fcb9609b0;  1 drivers
v0x556fcb93b010_0 .net *"_ivl_344", 7 0, L_0x556fcb96c540;  1 drivers
L_0x7feb395c92f8 .functor BUFT 1, C4<00000001>, C4<0>, C4<0>, C4<0>;
v0x556fcb93b0f0_0 .net/2u *"_ivl_346", 7 0, L_0x7feb395c92f8;  1 drivers
v0x556fcb93b1d0_0 .net *"_ivl_37", 0 0, L_0x556fcb960680;  1 drivers
v0x556fcb93b2b0_0 .net *"_ivl_38", 31 0, L_0x556fcb960780;  1 drivers
L_0x7feb395c80b0 .functor BUFT 1, C4<0000000000000000000000000000000>, C4<0>, C4<0>, C4<0>;
v0x556fcb93b390_0 .net *"_ivl_41", 30 0, L_0x7feb395c80b0;  1 drivers
L_0x7feb395c80f8 .functor BUFT 1, C4<00000000000000000000000000000001>, C4<0>, C4<0>, C4<0>;
v0x556fcb93b470_0 .net/2u *"_ivl_42", 31 0, L_0x7feb395c80f8;  1 drivers
v0x556fcb93b550_0 .net *"_ivl_44", 0 0, L_0x556fcb960870;  1 drivers
L_0x7feb395c8140 .functor BUFT 1, C4<00000011>, C4<0>, C4<0>, C4<0>;
v0x556fcb93b610_0 .net/2s *"_ivl_46", 7 0, L_0x7feb395c8140;  1 drivers
v0x556fcb93b6f0_0 .net *"_ivl_49", 0 0, L_0x556fcb960a20;  1 drivers
L_0x7feb395c7e28 .functor BUFT 1, C4<0000000000000000000000000000000>, C4<0>, C4<0>, C4<0>;
v0x556fcb93b7d0_0 .net *"_ivl_5", 30 0, L_0x7feb395c7e28;  1 drivers
v0x556fcb93b8b0_0 .net *"_ivl_50", 31 0, L_0x556fcb960bd0;  1 drivers
L_0x7feb395c8188 .functor BUFT 1, C4<0000000000000000000000000000000>, C4<0>, C4<0>, C4<0>;
v0x556fcb93b990_0 .net *"_ivl_53", 30 0, L_0x7feb395c8188;  1 drivers
L_0x7feb395c81d0 .functor BUFT 1, C4<00000000000000000000000000000001>, C4<0>, C4<0>, C4<0>;
v0x556fcb93ba70_0 .net/2u *"_ivl_54", 31 0, L_0x7feb395c81d0;  1 drivers
v0x556fcb93bb50_0 .net *"_ivl_56", 0 0, L_0x556fcb960dc0;  1 drivers
L_0x7feb395c8218 .functor BUFT 1, C4<00000100>, C4<0>, C4<0>, C4<0>;
v0x556fcb93bc10_0 .net/2s *"_ivl_58", 7 0, L_0x7feb395c8218;  1 drivers
L_0x7feb395c7e70 .functor BUFT 1, C4<00000000000000000000000000000001>, C4<0>, C4<0>, C4<0>;
v0x556fcb93bcf0_0 .net/2u *"_ivl_6", 31 0, L_0x7feb395c7e70;  1 drivers
v0x556fcb93bdd0_0 .net *"_ivl_61", 0 0, L_0x556fcb961340;  1 drivers
v0x556fcb93beb0_0 .net *"_ivl_62", 31 0, L_0x556fcb961470;  1 drivers
L_0x7feb395c8260 .functor BUFT 1, C4<0000000000000000000000000000000>, C4<0>, C4<0>, C4<0>;
v0x556fcb93bf90_0 .net *"_ivl_65", 30 0, L_0x7feb395c8260;  1 drivers
L_0x7feb395c82a8 .functor BUFT 1, C4<00000000000000000000000000000001>, C4<0>, C4<0>, C4<0>;
v0x556fcb93c070_0 .net/2u *"_ivl_66", 31 0, L_0x7feb395c82a8;  1 drivers
v0x556fcb93c150_0 .net *"_ivl_68", 0 0, L_0x556fcb9615b0;  1 drivers
L_0x7feb395c82f0 .functor BUFT 1, C4<00000101>, C4<0>, C4<0>, C4<0>;
v0x556fcb93c210_0 .net/2s *"_ivl_70", 7 0, L_0x7feb395c82f0;  1 drivers
v0x556fcb93c2f0_0 .net *"_ivl_73", 0 0, L_0x556fcb9617c0;  1 drivers
v0x556fcb93c3d0_0 .net *"_ivl_74", 31 0, L_0x556fcb961890;  1 drivers
L_0x7feb395c8338 .functor BUFT 1, C4<0000000000000000000000000000000>, C4<0>, C4<0>, C4<0>;
v0x556fcb93c4b0_0 .net *"_ivl_77", 30 0, L_0x7feb395c8338;  1 drivers
L_0x7feb395c8380 .functor BUFT 1, C4<00000000000000000000000000000001>, C4<0>, C4<0>, C4<0>;
v0x556fcb93c590_0 .net/2u *"_ivl_78", 31 0, L_0x7feb395c8380;  1 drivers
v0x556fcb93c670_0 .net *"_ivl_8", 0 0, L_0x556fcb95feb0;  1 drivers
v0x556fcb93c730_0 .net *"_ivl_80", 0 0, L_0x556fcb961720;  1 drivers
L_0x7feb395c83c8 .functor BUFT 1, C4<00000110>, C4<0>, C4<0>, C4<0>;
v0x556fcb93c7f0_0 .net/2s *"_ivl_82", 7 0, L_0x7feb395c83c8;  1 drivers
v0x556fcb93c8d0_0 .net *"_ivl_85", 0 0, L_0x556fcb961b80;  1 drivers
v0x556fcb93c9b0_0 .net *"_ivl_86", 31 0, L_0x556fcb961ce0;  1 drivers
L_0x7feb395c8410 .functor BUFT 1, C4<0000000000000000000000000000000>, C4<0>, C4<0>, C4<0>;
v0x556fcb93ca90_0 .net *"_ivl_89", 30 0, L_0x7feb395c8410;  1 drivers
L_0x7feb395c8458 .functor BUFT 1, C4<00000000000000000000000000000001>, C4<0>, C4<0>, C4<0>;
v0x556fcb93cb70_0 .net/2u *"_ivl_90", 31 0, L_0x7feb395c8458;  1 drivers
v0x556fcb93cc50_0 .net *"_ivl_92", 0 0, L_0x556fcb961e50;  1 drivers
L_0x7feb395c84a0 .functor BUFT 1, C4<00000111>, C4<0>, C4<0>, C4<0>;
v0x556fcb93cd10_0 .net/2s *"_ivl_94", 7 0, L_0x7feb395c84a0;  1 drivers
v0x556fcb93cdf0_0 .net *"_ivl_97", 0 0, L_0x556fcb962090;  1 drivers
v0x556fcb93ced0_0 .net *"_ivl_98", 31 0, L_0x556fcb962130;  1 drivers
v0x556fcb93cfb0_0 .net "data", 47 0, L_0x556fcb95fbe0;  alias, 1 drivers
v0x556fcb93d070_0 .net "outdata", 47 0, L_0x556fcb96c400;  alias, 1 drivers
v0x556fcb93d130_0 .net "shift", 7 0, L_0x556fcb96c9a0;  alias, 1 drivers
v0x556fcb93d210_0 .net "shift_tmp", 7 0, L_0x556fcb96bf60;  1 drivers
L_0x556fcb95fd20 .part L_0x556fcb95fbe0, 47, 1;
L_0x556fcb95fdc0 .concat [ 1 31 0 0], L_0x556fcb95fd20, L_0x7feb395c7e28;
L_0x556fcb95feb0 .cmp/eq 32, L_0x556fcb95fdc0, L_0x7feb395c7e70;
L_0x556fcb95fff0 .part L_0x556fcb95fbe0, 46, 1;
L_0x556fcb960090 .concat [ 1 31 0 0], L_0x556fcb95fff0, L_0x7feb395c7f00;
L_0x556fcb9601d0 .cmp/eq 32, L_0x556fcb960090, L_0x7feb395c7f48;
L_0x556fcb960310 .part L_0x556fcb95fbe0, 45, 1;
L_0x556fcb9603b0 .concat [ 1 31 0 0], L_0x556fcb960310, L_0x7feb395c7fd8;
L_0x556fcb960540 .cmp/eq 32, L_0x556fcb9603b0, L_0x7feb395c8020;
L_0x556fcb960680 .part L_0x556fcb95fbe0, 44, 1;
L_0x556fcb960780 .concat [ 1 31 0 0], L_0x556fcb960680, L_0x7feb395c80b0;
L_0x556fcb960870 .cmp/eq 32, L_0x556fcb960780, L_0x7feb395c80f8;
L_0x556fcb960a20 .part L_0x556fcb95fbe0, 43, 1;
L_0x556fcb960bd0 .concat [ 1 31 0 0], L_0x556fcb960a20, L_0x7feb395c8188;
L_0x556fcb960dc0 .cmp/eq 32, L_0x556fcb960bd0, L_0x7feb395c81d0;
L_0x556fcb961340 .part L_0x556fcb95fbe0, 42, 1;
L_0x556fcb961470 .concat [ 1 31 0 0], L_0x556fcb961340, L_0x7feb395c8260;
L_0x556fcb9615b0 .cmp/eq 32, L_0x556fcb961470, L_0x7feb395c82a8;
L_0x556fcb9617c0 .part L_0x556fcb95fbe0, 41, 1;
L_0x556fcb961890 .concat [ 1 31 0 0], L_0x556fcb9617c0, L_0x7feb395c8338;
L_0x556fcb961720 .cmp/eq 32, L_0x556fcb961890, L_0x7feb395c8380;
L_0x556fcb961b80 .part L_0x556fcb95fbe0, 40, 1;
L_0x556fcb961ce0 .concat [ 1 31 0 0], L_0x556fcb961b80, L_0x7feb395c8410;
L_0x556fcb961e50 .cmp/eq 32, L_0x556fcb961ce0, L_0x7feb395c8458;
L_0x556fcb962090 .part L_0x556fcb95fbe0, 39, 1;
L_0x556fcb962130 .concat [ 1 31 0 0], L_0x556fcb962090, L_0x7feb395c84e8;
L_0x556fcb962380 .cmp/eq 32, L_0x556fcb962130, L_0x7feb395c8530;
L_0x556fcb9624f0 .part L_0x556fcb95fbe0, 38, 1;
L_0x556fcb962680 .concat [ 1 31 0 0], L_0x556fcb9624f0, L_0x7feb395c85c0;
L_0x556fcb9627f0 .cmp/eq 32, L_0x556fcb962680, L_0x7feb395c8608;
L_0x556fcb962a60 .part L_0x556fcb95fbe0, 37, 1;
L_0x556fcb962b00 .concat [ 1 31 0 0], L_0x556fcb962a60, L_0x7feb395c8698;
L_0x556fcb962d80 .cmp/eq 32, L_0x556fcb962b00, L_0x7feb395c86e0;
L_0x556fcb962ef0 .part L_0x556fcb95fbe0, 36, 1;
L_0x556fcb9630b0 .concat [ 1 31 0 0], L_0x556fcb962ef0, L_0x7feb395c8770;
L_0x556fcb963220 .cmp/eq 32, L_0x556fcb9630b0, L_0x7feb395c87b8;
L_0x556fcb962f90 .part L_0x556fcb95fbe0, 35, 1;
L_0x556fcb9634c0 .concat [ 1 31 0 0], L_0x556fcb962f90, L_0x7feb395c8848;
L_0x556fcb9636f0 .cmp/eq 32, L_0x556fcb9634c0, L_0x7feb395c8890;
L_0x556fcb963860 .part L_0x556fcb95fbe0, 34, 1;
L_0x556fcb963a50 .concat [ 1 31 0 0], L_0x556fcb963860, L_0x7feb395c8920;
L_0x556fcb963bc0 .cmp/eq 32, L_0x556fcb963a50, L_0x7feb395c8968;
L_0x556fcb963e90 .part L_0x556fcb95fbe0, 33, 1;
L_0x556fcb963f30 .concat [ 1 31 0 0], L_0x556fcb963e90, L_0x7feb395c89f8;
L_0x556fcb964210 .cmp/eq 32, L_0x556fcb963f30, L_0x7feb395c8a40;
L_0x556fcb964380 .part L_0x556fcb95fbe0, 32, 1;
L_0x556fcb9645a0 .concat [ 1 31 0 0], L_0x556fcb964380, L_0x7feb395c8ad0;
L_0x556fcb964710 .cmp/eq 32, L_0x556fcb9645a0, L_0x7feb395c8b18;
L_0x556fcb964a10 .part L_0x556fcb95fbe0, 31, 1;
L_0x556fcb964ab0 .concat [ 1 31 0 0], L_0x556fcb964a10, L_0x7feb395c8ba8;
L_0x556fcb964dc0 .cmp/eq 32, L_0x556fcb964ab0, L_0x7feb395c8bf0;
L_0x556fcb964f30 .part L_0x556fcb95fbe0, 20, 1;
L_0x556fcb965180 .concat [ 1 31 0 0], L_0x556fcb964f30, L_0x7feb395c8c80;
L_0x556fcb9652f0 .cmp/eq 32, L_0x556fcb965180, L_0x7feb395c8cc8;
L_0x556fcb965620 .part L_0x556fcb95fbe0, 29, 1;
L_0x556fcb9656c0 .concat [ 1 31 0 0], L_0x556fcb965620, L_0x7feb395c8d58;
L_0x556fcb965a00 .cmp/eq 32, L_0x556fcb9656c0, L_0x7feb395c8da0;
L_0x556fcb965b70 .part L_0x556fcb95fbe0, 28, 1;
L_0x556fcb965df0 .concat [ 1 31 0 0], L_0x556fcb965b70, L_0x7feb395c8e30;
L_0x556fcb965f60 .cmp/eq 32, L_0x556fcb965df0, L_0x7feb395c8e78;
L_0x556fcb9662c0 .part L_0x556fcb95fbe0, 27, 1;
L_0x556fcb966360 .concat [ 1 31 0 0], L_0x556fcb9662c0, L_0x7feb395c8f08;
L_0x556fcb9666d0 .cmp/eq 32, L_0x556fcb966360, L_0x7feb395c8f50;
L_0x556fcb966840 .part L_0x556fcb95fbe0, 26, 1;
L_0x556fcb966af0 .concat [ 1 31 0 0], L_0x556fcb966840, L_0x7feb395c8fe0;
L_0x556fcb966c60 .cmp/eq 32, L_0x556fcb966af0, L_0x7feb395c9028;
L_0x556fcb966ff0 .part L_0x556fcb95fbe0, 25, 1;
L_0x556fcb967090 .concat [ 1 31 0 0], L_0x556fcb966ff0, L_0x7feb395c90b8;
L_0x556fcb967430 .cmp/eq 32, L_0x556fcb967090, L_0x7feb395c9100;
L_0x556fcb9675a0 .part L_0x556fcb95fbe0, 24, 1;
L_0x556fcb967880 .concat [ 1 31 0 0], L_0x556fcb9675a0, L_0x7feb395c9190;
L_0x556fcb9679f0 .cmp/eq 32, L_0x556fcb967880, L_0x7feb395c91d8;
L_0x556fcb967db0 .functor MUXZ 8, L_0x7feb395c9268, L_0x7feb395c9220, L_0x556fcb9679f0, C4<>;
L_0x556fcb967f70 .functor MUXZ 8, L_0x556fcb967db0, L_0x7feb395c9148, L_0x556fcb967430, C4<>;
L_0x556fcb968360 .functor MUXZ 8, L_0x556fcb967f70, L_0x7feb395c9070, L_0x556fcb966c60, C4<>;
L_0x556fcb9684f0 .functor MUXZ 8, L_0x556fcb968360, L_0x7feb395c8f98, L_0x556fcb9666d0, C4<>;
L_0x556fcb9688f0 .functor MUXZ 8, L_0x556fcb9684f0, L_0x7feb395c8ec0, L_0x556fcb965f60, C4<>;
L_0x556fcb968a80 .functor MUXZ 8, L_0x556fcb9688f0, L_0x7feb395c8de8, L_0x556fcb965a00, C4<>;
L_0x556fcb968e90 .functor MUXZ 8, L_0x556fcb968a80, L_0x7feb395c8d10, L_0x556fcb9652f0, C4<>;
L_0x556fcb969020 .functor MUXZ 8, L_0x556fcb968e90, L_0x7feb395c8c38, L_0x556fcb964dc0, C4<>;
L_0x556fcb969440 .functor MUXZ 8, L_0x556fcb969020, L_0x7feb395c8b60, L_0x556fcb964710, C4<>;
L_0x556fcb9695d0 .functor MUXZ 8, L_0x556fcb969440, L_0x7feb395c8a88, L_0x556fcb964210, C4<>;
L_0x556fcb969a00 .functor MUXZ 8, L_0x556fcb9695d0, L_0x7feb395c89b0, L_0x556fcb963bc0, C4<>;
L_0x556fcb969b90 .functor MUXZ 8, L_0x556fcb969a00, L_0x7feb395c88d8, L_0x556fcb9636f0, C4<>;
L_0x556fcb969fd0 .functor MUXZ 8, L_0x556fcb969b90, L_0x7feb395c8800, L_0x556fcb963220, C4<>;
L_0x556fcb96a160 .functor MUXZ 8, L_0x556fcb969fd0, L_0x7feb395c8728, L_0x556fcb962d80, C4<>;
L_0x556fcb96a5b0 .functor MUXZ 8, L_0x556fcb96a160, L_0x7feb395c8650, L_0x556fcb9627f0, C4<>;
L_0x556fcb96a740 .functor MUXZ 8, L_0x556fcb96a5b0, L_0x7feb395c8578, L_0x556fcb962380, C4<>;
L_0x556fcb96aba0 .functor MUXZ 8, L_0x556fcb96a740, L_0x7feb395c84a0, L_0x556fcb961e50, C4<>;
L_0x556fcb96ad30 .functor MUXZ 8, L_0x556fcb96aba0, L_0x7feb395c83c8, L_0x556fcb961720, C4<>;
L_0x556fcb96b1a0 .functor MUXZ 8, L_0x556fcb96ad30, L_0x7feb395c82f0, L_0x556fcb9615b0, C4<>;
L_0x556fcb96b330 .functor MUXZ 8, L_0x556fcb96b1a0, L_0x7feb395c8218, L_0x556fcb960dc0, C4<>;
L_0x556fcb96b7b0 .functor MUXZ 8, L_0x556fcb96b330, L_0x7feb395c8140, L_0x556fcb960870, C4<>;
L_0x556fcb96b940 .functor MUXZ 8, L_0x556fcb96b7b0, L_0x7feb395c8068, L_0x556fcb960540, C4<>;
L_0x556fcb96bdd0 .functor MUXZ 8, L_0x556fcb96b940, L_0x7feb395c7f90, L_0x556fcb9601d0, C4<>;
L_0x556fcb96bf60 .functor MUXZ 8, L_0x556fcb96bdd0, L_0x7feb395c7eb8, L_0x556fcb95feb0, C4<>;
L_0x556fcb96c400 .shift/l 48, L_0x556fcb95fbe0, L_0x556fcb96bf60;
L_0x556fcb96c540 .arith/sum 8, L_0x7feb395c92b0, L_0x556fcb9609b0;
L_0x556fcb96c9a0 .arith/sum 8, L_0x556fcb96c540, L_0x7feb395c92f8;
S_0x556fcb93d370 .scope module, "norm" "normalization" 4 20, 5 3 0, S_0x556fcb914800;
 .timescale 0 0;
    .port_info 0 /INPUT 32 "add1";
    .port_info 1 /INPUT 32 "add2";
    .port_info 2 /INPUT 1 "add";
    .port_info 3 /INPUT 1 "sub";
    .port_info 4 /OUTPUT 24 "man_a";
    .port_info 5 /OUTPUT 24 "man_b";
    .port_info 6 /OUTPUT 8 "exponent_a";
    .port_info 7 /OUTPUT 8 "exponent_b";
    .port_info 8 /OUTPUT 1 "result_sign";
    .port_info 9 /OUTPUT 1 "add_or_sub";
L_0x556fcb94a830 .functor OR 1, L_0x556fcb94a540, L_0x556fcb94a630, C4<0>, C4<0>;
L_0x7feb395c7330 .functor BUFT 1, C4<00>, C4<0>, C4<0>, C4<0>;
v0x556fcb940640_0 .net/2u *"_ivl_0", 1 0, L_0x7feb395c7330;  1 drivers
L_0x7feb395c73c0 .functor BUFT 1, C4<1>, C4<0>, C4<0>, C4<0>;
v0x556fcb940740_0 .net/2u *"_ivl_10", 0 0, L_0x7feb395c73c0;  1 drivers
L_0x7feb395c7408 .functor BUFT 1, C4<0>, C4<0>, C4<0>, C4<0>;
v0x556fcb940820_0 .net/2u *"_ivl_12", 0 0, L_0x7feb395c7408;  1 drivers
v0x556fcb940910_0 .net *"_ivl_16", 22 0, L_0x556fcb94ab20;  1 drivers
v0x556fcb9409f0_0 .net *"_ivl_18", 22 0, L_0x556fcb94abc0;  1 drivers
v0x556fcb940ad0_0 .net *"_ivl_2", 0 0, L_0x556fcb94a540;  1 drivers
L_0x7feb395c7450 .functor BUFT 1, C4<10>, C4<0>, C4<0>, C4<0>;
v0x556fcb940b90_0 .net/2u *"_ivl_23", 1 0, L_0x7feb395c7450;  1 drivers
v0x556fcb940c70_0 .net *"_ivl_25", 0 0, L_0x556fcb94acb0;  1 drivers
v0x556fcb940d30_0 .net *"_ivl_28", 22 0, L_0x556fcb94ade0;  1 drivers
v0x556fcb940e10_0 .net *"_ivl_30", 22 0, L_0x556fcb94ae80;  1 drivers
v0x556fcb940ef0_0 .net *"_ivl_31", 45 0, L_0x556fcb94af70;  1 drivers
v0x556fcb940fd0_0 .net *"_ivl_34", 22 0, L_0x556fcb94b0b0;  1 drivers
v0x556fcb9410b0_0 .net *"_ivl_36", 22 0, L_0x556fcb94b1b0;  1 drivers
v0x556fcb941190_0 .net *"_ivl_37", 45 0, L_0x556fcb94b250;  1 drivers
v0x556fcb941270_0 .net *"_ivl_39", 45 0, L_0x556fcb94b3b0;  1 drivers
L_0x7feb395c7378 .functor BUFT 1, C4<11>, C4<0>, C4<0>, C4<0>;
v0x556fcb941350_0 .net/2u *"_ivl_4", 1 0, L_0x7feb395c7378;  1 drivers
L_0x7feb395c7498 .functor BUFT 1, C4<10>, C4<0>, C4<0>, C4<0>;
v0x556fcb941430_0 .net/2u *"_ivl_44", 1 0, L_0x7feb395c7498;  1 drivers
v0x556fcb941510_0 .net *"_ivl_46", 0 0, L_0x556fcb94b900;  1 drivers
v0x556fcb9415d0_0 .net *"_ivl_49", 7 0, L_0x556fcb94ba80;  1 drivers
v0x556fcb9416b0_0 .net *"_ivl_51", 7 0, L_0x556fcb94bb20;  1 drivers
v0x556fcb941790_0 .net *"_ivl_52", 15 0, L_0x556fcb94bc60;  1 drivers
v0x556fcb941870_0 .net *"_ivl_55", 7 0, L_0x556fcb94bda0;  1 drivers
v0x556fcb941950_0 .net *"_ivl_57", 7 0, L_0x556fcb94bbc0;  1 drivers
v0x556fcb941a30_0 .net *"_ivl_58", 15 0, L_0x556fcb94bef0;  1 drivers
v0x556fcb941b10_0 .net *"_ivl_6", 0 0, L_0x556fcb94a630;  1 drivers
v0x556fcb941bd0_0 .net *"_ivl_60", 15 0, L_0x556fcb94c0f0;  1 drivers
L_0x7feb395c74e0 .functor BUFT 1, C4<00000000>, C4<0>, C4<0>, C4<0>;
v0x556fcb941cb0_0 .net/2u *"_ivl_65", 7 0, L_0x7feb395c74e0;  1 drivers
v0x556fcb941d90_0 .net *"_ivl_67", 0 0, L_0x556fcb94c440;  1 drivers
L_0x7feb395c7528 .functor BUFT 1, C4<0>, C4<0>, C4<0>, C4<0>;
v0x556fcb941e50_0 .net/2u *"_ivl_69", 0 0, L_0x7feb395c7528;  1 drivers
L_0x7feb395c7570 .functor BUFT 1, C4<1>, C4<0>, C4<0>, C4<0>;
v0x556fcb941f30_0 .net/2u *"_ivl_71", 0 0, L_0x7feb395c7570;  1 drivers
v0x556fcb942010_0 .net *"_ivl_73", 0 0, L_0x556fcb94c530;  1 drivers
L_0x7feb395c75b8 .functor BUFT 1, C4<00000000>, C4<0>, C4<0>, C4<0>;
v0x556fcb9420f0_0 .net/2u *"_ivl_78", 7 0, L_0x7feb395c75b8;  1 drivers
v0x556fcb9421d0_0 .net *"_ivl_80", 0 0, L_0x556fcb94c8e0;  1 drivers
L_0x7feb395c7600 .functor BUFT 1, C4<0>, C4<0>, C4<0>, C4<0>;
v0x556fcb9424a0_0 .net/2u *"_ivl_82", 0 0, L_0x7feb395c7600;  1 drivers
L_0x7feb395c7648 .functor BUFT 1, C4<1>, C4<0>, C4<0>, C4<0>;
v0x556fcb942580_0 .net/2u *"_ivl_84", 0 0, L_0x7feb395c7648;  1 drivers
v0x556fcb942660_0 .net *"_ivl_86", 0 0, L_0x556fcb94cac0;  1 drivers
v0x556fcb942740_0 .net *"_ivl_9", 0 0, L_0x556fcb94a830;  1 drivers
v0x556fcb942800_0 .net *"_ivl_91", 47 0, L_0x556fcb94cf30;  1 drivers
v0x556fcb9428e0_0 .net "add", 0 0, L_0x556fcb9482a0;  alias, 1 drivers
v0x556fcb942980_0 .net "add1", 31 0, v0x556fcb947f00_0;  alias, 1 drivers
v0x556fcb942a90_0 .net "add2", 31 0, v0x556fcb947fe0_0;  alias, 1 drivers
v0x556fcb942ba0_0 .net "add_or_sub", 0 0, L_0x556fcb94a940;  alias, 1 drivers
v0x556fcb942c60_0 .net "exponent_a", 7 0, L_0x556fcb94b540;  alias, 1 drivers
v0x556fcb942d40_0 .net "exponent_b", 7 0, L_0x556fcb94b6b0;  alias, 1 drivers
v0x556fcb942e20_0 .net "man_a", 23 0, L_0x556fcb94cca0;  alias, 1 drivers
v0x556fcb942ee0_0 .net "man_a_tmp", 23 0, L_0x556fcb94c280;  1 drivers
v0x556fcb942fa0_0 .net "man_b", 23 0, L_0x556fcb94ce40;  alias, 1 drivers
v0x556fcb943060_0 .net "man_b_tmp", 23 0, L_0x556fcb94c7f0;  1 drivers
v0x556fcb943120_0 .net "mode", 1 0, L_0x556fcb948bd0;  1 drivers
v0x556fcb943230_0 .net "result_sign", 0 0, L_0x556fcb94a3b0;  alias, 1 drivers
v0x556fcb9432d0_0 .net "sub", 0 0, L_0x556fcb9483a0;  alias, 1 drivers
L_0x556fcb94a540 .cmp/eq 2, L_0x556fcb948bd0, L_0x7feb395c7330;
L_0x556fcb94a630 .cmp/eq 2, L_0x556fcb948bd0, L_0x7feb395c7378;
L_0x556fcb94a940 .functor MUXZ 1, L_0x7feb395c7408, L_0x7feb395c73c0, L_0x556fcb94a830, C4<>;
L_0x556fcb94ab20 .part L_0x556fcb94b3b0, 23, 23;
L_0x556fcb94abc0 .part L_0x556fcb94b3b0, 0, 23;
L_0x556fcb94acb0 .cmp/eq 2, L_0x556fcb948bd0, L_0x7feb395c7450;
L_0x556fcb94ade0 .part v0x556fcb947fe0_0, 0, 23;
L_0x556fcb94ae80 .part v0x556fcb947f00_0, 0, 23;
L_0x556fcb94af70 .concat [ 23 23 0 0], L_0x556fcb94ae80, L_0x556fcb94ade0;
L_0x556fcb94b0b0 .part v0x556fcb947f00_0, 0, 23;
L_0x556fcb94b1b0 .part v0x556fcb947fe0_0, 0, 23;
L_0x556fcb94b250 .concat [ 23 23 0 0], L_0x556fcb94b1b0, L_0x556fcb94b0b0;
L_0x556fcb94b3b0 .functor MUXZ 46, L_0x556fcb94b250, L_0x556fcb94af70, L_0x556fcb94acb0, C4<>;
L_0x556fcb94b540 .part L_0x556fcb94c0f0, 8, 8;
L_0x556fcb94b6b0 .part L_0x556fcb94c0f0, 0, 8;
L_0x556fcb94b900 .cmp/eq 2, L_0x556fcb948bd0, L_0x7feb395c7498;
L_0x556fcb94ba80 .part v0x556fcb947fe0_0, 23, 8;
L_0x556fcb94bb20 .part v0x556fcb947f00_0, 23, 8;
L_0x556fcb94bc60 .concat [ 8 8 0 0], L_0x556fcb94bb20, L_0x556fcb94ba80;
L_0x556fcb94bda0 .part v0x556fcb947f00_0, 23, 8;
L_0x556fcb94bbc0 .part v0x556fcb947fe0_0, 23, 8;
L_0x556fcb94bef0 .concat [ 8 8 0 0], L_0x556fcb94bbc0, L_0x556fcb94bda0;
L_0x556fcb94c0f0 .functor MUXZ 16, L_0x556fcb94bef0, L_0x556fcb94bc60, L_0x556fcb94b900, C4<>;
L_0x556fcb94c280 .concat8 [ 23 1 0 0], L_0x556fcb94ab20, L_0x556fcb94c530;
L_0x556fcb94c440 .cmp/eq 8, L_0x556fcb94b540, L_0x7feb395c74e0;
L_0x556fcb94c530 .functor MUXZ 1, L_0x7feb395c7570, L_0x7feb395c7528, L_0x556fcb94c440, C4<>;
L_0x556fcb94c7f0 .concat8 [ 23 1 0 0], L_0x556fcb94abc0, L_0x556fcb94cac0;
L_0x556fcb94c8e0 .cmp/eq 8, L_0x556fcb94b6b0, L_0x7feb395c75b8;
L_0x556fcb94cac0 .functor MUXZ 1, L_0x7feb395c7648, L_0x7feb395c7600, L_0x556fcb94c8e0, C4<>;
L_0x556fcb94cca0 .part L_0x556fcb94cf30, 24, 24;
L_0x556fcb94ce40 .part L_0x556fcb94cf30, 0, 24;
L_0x556fcb94cf30 .concat [ 24 24 0 0], L_0x556fcb94c7f0, L_0x556fcb94c280;
S_0x556fcb93d600 .scope module, "pre_processing" "preprocessing" 5 17, 6 17 0, S_0x556fcb93d370;
 .timescale 0 0;
    .port_info 0 /INPUT 32 "a";
    .port_info 1 /INPUT 32 "b";
    .port_info 2 /INPUT 1 "add";
    .port_info 3 /INPUT 1 "sub";
    .port_info 4 /OUTPUT 1 "result_sign";
    .port_info 5 /OUTPUT 2 "mode";
L_0x556fcb9495a0 .functor AND 1, L_0x556fcb949150, L_0x556fcb949460, C4<1>, C4<1>;
L_0x556fcb949c60 .functor AND 1, L_0x556fcb949b70, L_0x556fcb949880, C4<1>, C4<1>;
L_0x556fcb949b00 .functor NOT 1, L_0x556fcb949880, C4<0>, C4<0>, C4<0>;
L_0x556fcb949e90 .functor AND 1, L_0x556fcb949d70, L_0x556fcb949b00, C4<1>, C4<1>;
v0x556fcb93e820_0 .net *"_ivl_1", 7 0, L_0x556fcb948d60;  1 drivers
v0x556fcb93e920_0 .net *"_ivl_11", 7 0, L_0x556fcb9490b0;  1 drivers
v0x556fcb93ea00_0 .net *"_ivl_12", 0 0, L_0x556fcb949150;  1 drivers
v0x556fcb93eaa0_0 .net *"_ivl_15", 22 0, L_0x556fcb9492d0;  1 drivers
v0x556fcb93eb80_0 .net *"_ivl_17", 22 0, L_0x556fcb949370;  1 drivers
v0x556fcb93ec60_0 .net *"_ivl_18", 0 0, L_0x556fcb949460;  1 drivers
v0x556fcb93ed20_0 .net *"_ivl_21", 0 0, L_0x556fcb9495a0;  1 drivers
L_0x7feb395c70a8 .functor BUFT 1, C4<1>, C4<0>, C4<0>, C4<0>;
v0x556fcb93ede0_0 .net/2u *"_ivl_22", 0 0, L_0x7feb395c70a8;  1 drivers
L_0x7feb395c70f0 .functor BUFT 1, C4<0>, C4<0>, C4<0>, C4<0>;
v0x556fcb93eec0_0 .net/2u *"_ivl_24", 0 0, L_0x7feb395c70f0;  1 drivers
v0x556fcb93efa0_0 .net *"_ivl_26", 0 0, L_0x556fcb9496b0;  1 drivers
v0x556fcb93f080_0 .net *"_ivl_3", 7 0, L_0x556fcb948e00;  1 drivers
L_0x7feb395c7138 .functor BUFT 1, C4<00>, C4<0>, C4<0>, C4<0>;
v0x556fcb93f160_0 .net/2u *"_ivl_30", 1 0, L_0x7feb395c7138;  1 drivers
v0x556fcb93f240_0 .net *"_ivl_32", 0 0, L_0x556fcb949a60;  1 drivers
L_0x7feb395c7180 .functor BUFT 1, C4<0>, C4<0>, C4<0>, C4<0>;
v0x556fcb93f300_0 .net/2u *"_ivl_34", 0 0, L_0x7feb395c7180;  1 drivers
L_0x7feb395c71c8 .functor BUFT 1, C4<01>, C4<0>, C4<0>, C4<0>;
v0x556fcb93f3e0_0 .net/2u *"_ivl_36", 1 0, L_0x7feb395c71c8;  1 drivers
v0x556fcb93f4c0_0 .net *"_ivl_38", 0 0, L_0x556fcb949b70;  1 drivers
v0x556fcb93f580_0 .net *"_ivl_4", 0 0, L_0x556fcb948ea0;  1 drivers
v0x556fcb93f640_0 .net *"_ivl_41", 0 0, L_0x556fcb949c60;  1 drivers
L_0x7feb395c7210 .functor BUFT 1, C4<0>, C4<0>, C4<0>, C4<0>;
v0x556fcb93f700_0 .net/2u *"_ivl_42", 0 0, L_0x7feb395c7210;  1 drivers
L_0x7feb395c7258 .functor BUFT 1, C4<10>, C4<0>, C4<0>, C4<0>;
v0x556fcb93f7e0_0 .net/2u *"_ivl_44", 1 0, L_0x7feb395c7258;  1 drivers
v0x556fcb93f8c0_0 .net *"_ivl_46", 0 0, L_0x556fcb949d70;  1 drivers
v0x556fcb93f980_0 .net *"_ivl_48", 0 0, L_0x556fcb949b00;  1 drivers
v0x556fcb93fa60_0 .net *"_ivl_51", 0 0, L_0x556fcb949e90;  1 drivers
L_0x7feb395c72a0 .functor BUFT 1, C4<0>, C4<0>, C4<0>, C4<0>;
v0x556fcb93fb20_0 .net/2u *"_ivl_52", 0 0, L_0x7feb395c72a0;  1 drivers
L_0x7feb395c72e8 .functor BUFT 1, C4<1>, C4<0>, C4<0>, C4<0>;
v0x556fcb93fc00_0 .net/2u *"_ivl_54", 0 0, L_0x7feb395c72e8;  1 drivers
v0x556fcb93fce0_0 .net *"_ivl_56", 0 0, L_0x556fcb949fd0;  1 drivers
v0x556fcb93fdc0_0 .net *"_ivl_58", 0 0, L_0x556fcb94a190;  1 drivers
L_0x7feb395c7060 .functor BUFT 1, C4<1>, C4<0>, C4<0>, C4<0>;
v0x556fcb93fea0_0 .net/2u *"_ivl_6", 0 0, L_0x7feb395c7060;  1 drivers
v0x556fcb93ff80_0 .net *"_ivl_9", 7 0, L_0x556fcb948fe0;  1 drivers
v0x556fcb940060_0 .net "a", 31 0, v0x556fcb947f00_0;  alias, 1 drivers
v0x556fcb940120_0 .net "abs_a_ht_b", 0 0, L_0x556fcb949880;  1 drivers
v0x556fcb9401c0_0 .net "add", 0 0, L_0x556fcb9482a0;  alias, 1 drivers
v0x556fcb940290_0 .net "b", 31 0, v0x556fcb947fe0_0;  alias, 1 drivers
v0x556fcb940360_0 .net "mode", 1 0, L_0x556fcb948bd0;  alias, 1 drivers
v0x556fcb940430_0 .net "result_sign", 0 0, L_0x556fcb94a3b0;  alias, 1 drivers
v0x556fcb9404d0_0 .net "sub", 0 0, L_0x556fcb9483a0;  alias, 1 drivers
L_0x556fcb948d60 .part v0x556fcb947f00_0, 23, 8;
L_0x556fcb948e00 .part v0x556fcb947fe0_0, 23, 8;
L_0x556fcb948ea0 .cmp/gt 8, L_0x556fcb948d60, L_0x556fcb948e00;
L_0x556fcb948fe0 .part v0x556fcb947f00_0, 23, 8;
L_0x556fcb9490b0 .part v0x556fcb947fe0_0, 23, 8;
L_0x556fcb949150 .cmp/eq 8, L_0x556fcb948fe0, L_0x556fcb9490b0;
L_0x556fcb9492d0 .part v0x556fcb947f00_0, 0, 23;
L_0x556fcb949370 .part v0x556fcb947fe0_0, 0, 23;
L_0x556fcb949460 .cmp/ge 23, L_0x556fcb9492d0, L_0x556fcb949370;
L_0x556fcb9496b0 .functor MUXZ 1, L_0x7feb395c70f0, L_0x7feb395c70a8, L_0x556fcb9495a0, C4<>;
L_0x556fcb949880 .functor MUXZ 1, L_0x556fcb9496b0, L_0x7feb395c7060, L_0x556fcb948ea0, C4<>;
L_0x556fcb949a60 .cmp/eq 2, L_0x556fcb948bd0, L_0x7feb395c7138;
L_0x556fcb949b70 .cmp/eq 2, L_0x556fcb948bd0, L_0x7feb395c71c8;
L_0x556fcb949d70 .cmp/eq 2, L_0x556fcb948bd0, L_0x7feb395c7258;
L_0x556fcb949fd0 .functor MUXZ 1, L_0x7feb395c72e8, L_0x7feb395c72a0, L_0x556fcb949e90, C4<>;
L_0x556fcb94a190 .functor MUXZ 1, L_0x556fcb949fd0, L_0x7feb395c7210, L_0x556fcb949c60, C4<>;
L_0x556fcb94a3b0 .functor MUXZ 1, L_0x556fcb94a190, L_0x7feb395c7180, L_0x556fcb949a60, C4<>;
S_0x556fcb93d880 .scope module, "mode_judge" "mode_judge" 6 24, 6 6 0, S_0x556fcb93d600;
 .timescale 0 0;
    .port_info 0 /INPUT 32 "a";
    .port_info 1 /INPUT 32 "b";
    .port_info 2 /INPUT 1 "add";
    .port_info 3 /INPUT 1 "sub";
    .port_info 4 /OUTPUT 2 "mode";
L_0x556fcb948870 .functor NOT 1, L_0x556fcb9487d0, C4<0>, C4<0>, C4<0>;
v0x556fcb93db00_0 .net *"_ivl_1", 0 0, L_0x556fcb9484c0;  1 drivers
v0x556fcb93dc00_0 .net *"_ivl_10", 0 0, L_0x556fcb948870;  1 drivers
v0x556fcb93dce0_0 .net *"_ivl_12", 1 0, L_0x556fcb948910;  1 drivers
L_0x7feb395c7018 .functor BUFT 1, C4<00>, C4<0>, C4<0>, C4<0>;
v0x556fcb93ddd0_0 .net/2u *"_ivl_14", 1 0, L_0x7feb395c7018;  1 drivers
v0x556fcb93deb0_0 .net *"_ivl_16", 1 0, L_0x556fcb948a90;  1 drivers
v0x556fcb93dfe0_0 .net *"_ivl_3", 0 0, L_0x556fcb948560;  1 drivers
v0x556fcb93e0c0_0 .net *"_ivl_4", 1 0, L_0x556fcb948630;  1 drivers
v0x556fcb93e1a0_0 .net *"_ivl_7", 0 0, L_0x556fcb948700;  1 drivers
v0x556fcb93e280_0 .net *"_ivl_9", 0 0, L_0x556fcb9487d0;  1 drivers
v0x556fcb93e360_0 .net "a", 31 0, v0x556fcb947f00_0;  alias, 1 drivers
v0x556fcb93e440_0 .net "add", 0 0, L_0x556fcb9482a0;  alias, 1 drivers
v0x556fcb93e500_0 .net "b", 31 0, v0x556fcb947fe0_0;  alias, 1 drivers
v0x556fcb93e5e0_0 .net "mode", 1 0, L_0x556fcb948bd0;  alias, 1 drivers
v0x556fcb93e6c0_0 .net "sub", 0 0, L_0x556fcb9483a0;  alias, 1 drivers
L_0x556fcb9484c0 .part v0x556fcb947f00_0, 31, 1;
L_0x556fcb948560 .part v0x556fcb947fe0_0, 31, 1;
L_0x556fcb948630 .concat [ 1 1 0 0], L_0x556fcb948560, L_0x556fcb9484c0;
L_0x556fcb948700 .part v0x556fcb947f00_0, 31, 1;
L_0x556fcb9487d0 .part v0x556fcb947fe0_0, 31, 1;
L_0x556fcb948910 .concat [ 1 1 0 0], L_0x556fcb948870, L_0x556fcb948700;
L_0x556fcb948a90 .functor MUXZ 2, L_0x7feb395c7018, L_0x556fcb948910, L_0x556fcb9483a0, C4<>;
L_0x556fcb948bd0 .functor MUXZ 2, L_0x556fcb948a90, L_0x556fcb948630, L_0x556fcb9482a0, C4<>;
    .scope S_0x556fcb89ab70;
T_0 ;
    %vpi_call/w 3 13 "$dumpfile", "dump.vcd" {0 0 0};
    %vpi_call/w 3 14 "$dumpvars", 32'sb00000000000000000000000000000000, S_0x556fcb914800 {0 0 0};
    %end;
    .thread T_0;
    .scope S_0x556fcb89ab70;
T_1 ;
    %delay 10, 0;
    %pushi/vec4 1082130432, 0, 32;
    %store/vec4 v0x556fcb947f00_0, 0, 32;
    %pushi/vec4 1073741824, 0, 32;
    %store/vec4 v0x556fcb947fe0_0, 0, 32;
    %pushi/vec4 0, 0, 1;
    %store/vec4 v0x556fcb948130_0, 0, 1;
    %delay 10, 0;
    %pushi/vec4 1, 0, 1;
    %store/vec4 v0x556fcb948130_0, 0, 1;
    %delay 10, 0;
    %pushi/vec4 1107335354, 0, 32;
    %store/vec4 v0x556fcb947f00_0, 0, 32;
    %pushi/vec4 1207978684, 0, 32;
    %store/vec4 v0x556fcb947fe0_0, 0, 32;
    %delay 10, 0;
    %pushi/vec4 1119525050, 0, 32;
    %store/vec4 v0x556fcb947f00_0, 0, 32;
    %pushi/vec4 1207978684, 0, 32;
    %store/vec4 v0x556fcb947fe0_0, 0, 32;
    %delay 10, 0;
    %pushi/vec4 3267008698, 0, 32;
    %store/vec4 v0x556fcb947fe0_0, 0, 32;
    %pushi/vec4 1207978684, 0, 32;
    %store/vec4 v0x556fcb947f00_0, 0, 32;
    %pushi/vec4 0, 0, 1;
    %store/vec4 v0x556fcb948130_0, 0, 1;
    %delay 2000, 0;
    %vpi_call/w 3 34 "$finish" {0 0 0};
    %end;
    .thread T_1;
# The file index is used to find the file name in the following table.
:file_names 7;
    "N/A";
    "<interactive>";
    "-";
    "./tb_FP_add_sub.sv";
    "./FP_32_add_or_sub.sv";
    "./normalization.sv";
    "./preprocessing.sv";
