#! /usr/bin/vvp
:ivl_version "11.0 (stable)";
:ivl_delay_selection "TYPICAL";
:vpi_time_precision + 0;
:vpi_module "/usr/lib/x86_64-linux-gnu/ivl/system.vpi";
:vpi_module "/usr/lib/x86_64-linux-gnu/ivl/vhdl_sys.vpi";
:vpi_module "/usr/lib/x86_64-linux-gnu/ivl/vhdl_textio.vpi";
:vpi_module "/usr/lib/x86_64-linux-gnu/ivl/v2005_math.vpi";
:vpi_module "/usr/lib/x86_64-linux-gnu/ivl/va_math.vpi";
S_0x55fbb0d0e9d0 .scope module, "decoder" "decoder" 2 1;
 .timescale 0 0;
    .port_info 0 /INPUT 6 "op";
    .port_info 1 /INPUT 4 "func";
    .port_info 2 /OUTPUT 3 "alu_func";
    .port_info 3 /OUTPUT 1 "ram_load";
    .port_info 4 /OUTPUT 1 "ram_write";
    .port_info 5 /OUTPUT 1 "jump";
L_0x55fbb0d3ee10 .functor NOT 1, L_0x55fbb0d3ed70, C4<0>, C4<0>, C4<0>;
L_0x55fbb0d3ef70 .functor NOT 1, L_0x55fbb0d3ee80, C4<0>, C4<0>, C4<0>;
L_0x55fbb0d3f030 .functor AND 1, L_0x55fbb0d3ee10, L_0x55fbb0d3ef70, C4<1>, C4<1>;
L_0x55fbb0d3f1e0 .functor NOT 1, L_0x55fbb0d3f140, C4<0>, C4<0>, C4<0>;
L_0x55fbb0d3f2d0 .functor AND 1, L_0x55fbb0d3f030, L_0x55fbb0d3f1e0, C4<1>, C4<1>;
L_0x55fbb0d3f4b0 .functor NOT 1, L_0x55fbb0d3f3e0, C4<0>, C4<0>, C4<0>;
L_0x55fbb0d3f560 .functor AND 1, L_0x55fbb0d3f2d0, L_0x55fbb0d3f4b0, C4<1>, C4<1>;
L_0x55fbb0d3f710 .functor NOT 1, L_0x55fbb0d3f670, C4<0>, C4<0>, C4<0>;
L_0x55fbb0d3f900 .functor NOT 1, L_0x55fbb0d3f820, C4<0>, C4<0>, C4<0>;
L_0x55fbb0d3f9c0 .functor AND 1, L_0x55fbb0d3f710, L_0x55fbb0d3f900, C4<1>, C4<1>;
L_0x55fbb0d3fbd0 .functor AND 1, L_0x55fbb0d3f9c0, L_0x55fbb0d3fb30, C4<1>, C4<1>;
L_0x55fbb0d3fd80 .functor NOT 1, L_0x55fbb0d3fc90, C4<0>, C4<0>, C4<0>;
L_0x55fbb0d3feb0 .functor AND 1, L_0x55fbb0d3fbd0, L_0x55fbb0d3fd80, C4<1>, C4<1>;
L_0x55fbb0d40060 .functor NOT 1, L_0x55fbb0d3ffc0, C4<0>, C4<0>, C4<0>;
L_0x55fbb0d3fe40 .functor AND 1, L_0x55fbb0d40060, L_0x55fbb0d401a0, C4<1>, C4<1>;
L_0x55fbb0d40390 .functor NOT 1, L_0x55fbb0d402f0, C4<0>, C4<0>, C4<0>;
L_0x55fbb0d404e0 .functor AND 1, L_0x55fbb0d3fe40, L_0x55fbb0d40390, C4<1>, C4<1>;
L_0x55fbb0d40700 .functor NOT 1, L_0x55fbb0d405f0, C4<0>, C4<0>, C4<0>;
L_0x55fbb0d40860 .functor AND 1, L_0x55fbb0d404e0, L_0x55fbb0d40700, C4<1>, C4<1>;
L_0x55fbb0d40a10 .functor NOT 1, L_0x55fbb0d40970, C4<0>, C4<0>, C4<0>;
L_0x55fbb0d40690 .functor AND 1, L_0x55fbb0d40a10, L_0x55fbb0d407c0, C4<1>, C4<1>;
L_0x55fbb0d40d40 .functor NOT 1, L_0x55fbb0d40ca0, C4<0>, C4<0>, C4<0>;
L_0x55fbb0d40ec0 .functor AND 1, L_0x55fbb0d40690, L_0x55fbb0d40d40, C4<1>, C4<1>;
L_0x55fbb0d41100 .functor AND 1, L_0x55fbb0d40ec0, L_0x55fbb0d40fd0, C4<1>, C4<1>;
L_0x55fbb0d414c0 .functor NOT 1, L_0x55fbb0d41380, C4<0>, C4<0>, C4<0>;
L_0x55fbb0d41580 .functor AND 1, L_0x55fbb0d412e0, L_0x55fbb0d414c0, C4<1>, C4<1>;
L_0x55fbb0d41810 .functor AND 1, L_0x55fbb0d41580, L_0x55fbb0d41770, C4<1>, C4<1>;
L_0x55fbb0d41a70 .functor NOT 1, L_0x55fbb0d41920, C4<0>, C4<0>, C4<0>;
L_0x55fbb0d41c20 .functor AND 1, L_0x55fbb0d41810, L_0x55fbb0d41a70, C4<1>, C4<1>;
L_0x55fbb0d41d30 .functor NOT 1, L_0x55fbb0d41420, C4<0>, C4<0>, C4<0>;
L_0x55fbb0d420d0 .functor NOT 1, L_0x55fbb0d41f20, C4<0>, C4<0>, C4<0>;
L_0x55fbb0d42190 .functor AND 1, L_0x55fbb0d41d30, L_0x55fbb0d420d0, C4<1>, C4<1>;
L_0x55fbb0d42450 .functor NOT 1, L_0x55fbb0d423b0, C4<0>, C4<0>, C4<0>;
L_0x55fbb0d42510 .functor AND 1, L_0x55fbb0d42190, L_0x55fbb0d42450, C4<1>, C4<1>;
L_0x55fbb0d428b0 .functor NOT 1, L_0x55fbb0d42740, C4<0>, C4<0>, C4<0>;
L_0x55fbb0d42920 .functor AND 1, L_0x55fbb0d42510, L_0x55fbb0d428b0, C4<1>, C4<1>;
L_0x55fbb0d426c0 .functor NOT 1, L_0x55fbb0d42620, C4<0>, C4<0>, C4<0>;
L_0x55fbb0d42bb0 .functor AND 1, L_0x55fbb0d42920, L_0x55fbb0d426c0, C4<1>, C4<1>;
L_0x55fbb0d42f80 .functor NOT 1, L_0x55fbb0d42e00, C4<0>, C4<0>, C4<0>;
L_0x55fbb0d43040 .functor AND 1, L_0x55fbb0d42bb0, L_0x55fbb0d42f80, C4<1>, C4<1>;
L_0x55fbb0d43340 .functor NOT 1, L_0x55fbb0d432a0, C4<0>, C4<0>, C4<0>;
L_0x55fbb0d43590 .functor NOT 1, L_0x55fbb0d43400, C4<0>, C4<0>, C4<0>;
L_0x55fbb0d437e0 .functor AND 1, L_0x55fbb0d43340, L_0x55fbb0d43590, C4<1>, C4<1>;
L_0x55fbb0d43990 .functor AND 1, L_0x55fbb0d437e0, L_0x55fbb0d438f0, C4<1>, C4<1>;
L_0x55fbb0d43db0 .functor NOT 1, L_0x55fbb0d43c10, C4<0>, C4<0>, C4<0>;
L_0x55fbb0d43e70 .functor AND 1, L_0x55fbb0d43990, L_0x55fbb0d43db0, C4<1>, C4<1>;
L_0x55fbb0d441a0 .functor NOT 1, L_0x55fbb0d44100, C4<0>, C4<0>, C4<0>;
L_0x55fbb0d44260 .functor AND 1, L_0x55fbb0d43e70, L_0x55fbb0d441a0, C4<1>, C4<1>;
L_0x55fbb0d446b0 .functor NOT 1, L_0x55fbb0d44500, C4<0>, C4<0>, C4<0>;
L_0x55fbb0d44770 .functor AND 1, L_0x55fbb0d44260, L_0x55fbb0d446b0, C4<1>, C4<1>;
L_0x55fbb0d44ac0 .functor NOT 1, L_0x55fbb0d44a20, C4<0>, C4<0>, C4<0>;
L_0x55fbb0d44d40 .functor NOT 1, L_0x55fbb0d44b80, C4<0>, C4<0>, C4<0>;
L_0x55fbb0d44fe0 .functor AND 1, L_0x55fbb0d44ac0, L_0x55fbb0d44d40, C4<1>, C4<1>;
L_0x55fbb0d45190 .functor AND 1, L_0x55fbb0d44fe0, L_0x55fbb0d450f0, C4<1>, C4<1>;
L_0x55fbb0d44c20 .functor AND 1, L_0x55fbb0d45190, L_0x55fbb0d45460, C4<1>, C4<1>;
L_0x55fbb0d458e0 .functor NOT 1, L_0x55fbb0d45840, C4<0>, C4<0>, C4<0>;
L_0x55fbb0d45b70 .functor AND 1, L_0x55fbb0d44c20, L_0x55fbb0d458e0, C4<1>, C4<1>;
L_0x55fbb0d45e60 .functor NOT 1, L_0x55fbb0d45c80, C4<0>, C4<0>, C4<0>;
L_0x55fbb0d46100 .functor AND 1, L_0x55fbb0d45b70, L_0x55fbb0d45e60, C4<1>, C4<1>;
L_0x55fbb0d462b0 .functor NOT 1, L_0x55fbb0d46210, C4<0>, C4<0>, C4<0>;
L_0x55fbb0d46750 .functor NOT 1, L_0x55fbb0d46560, C4<0>, C4<0>, C4<0>;
L_0x55fbb0d46840 .functor AND 1, L_0x55fbb0d462b0, L_0x55fbb0d46750, C4<1>, C4<1>;
L_0x55fbb0d46bf0 .functor AND 1, L_0x55fbb0d46840, L_0x55fbb0d46b50, C4<1>, C4<1>;
L_0x55fbb0d46f00 .functor AND 1, L_0x55fbb0d46bf0, L_0x55fbb0d46d00, C4<1>, C4<1>;
L_0x55fbb0d472c0 .functor NOT 1, L_0x55fbb0d47220, C4<0>, C4<0>, C4<0>;
L_0x55fbb0d47380 .functor AND 1, L_0x55fbb0d46f00, L_0x55fbb0d472c0, C4<1>, C4<1>;
L_0x55fbb0d478c0 .functor AND 1, L_0x55fbb0d47380, L_0x55fbb0d476b0, C4<1>, C4<1>;
L_0x55fbb0d47a70 .functor NOT 1, L_0x55fbb0d479d0, C4<0>, C4<0>, C4<0>;
L_0x55fbb0d47f80 .functor NOT 1, L_0x55fbb0d47d60, C4<0>, C4<0>, C4<0>;
L_0x55fbb0d48070 .functor AND 1, L_0x55fbb0d47a70, L_0x55fbb0d47f80, C4<1>, C4<1>;
L_0x55fbb0d48460 .functor AND 1, L_0x55fbb0d48070, L_0x55fbb0d483c0, C4<1>, C4<1>;
L_0x55fbb0d487a0 .functor NOT 1, L_0x55fbb0d48570, C4<0>, C4<0>, C4<0>;
L_0x55fbb0d48ab0 .functor AND 1, L_0x55fbb0d48460, L_0x55fbb0d487a0, C4<1>, C4<1>;
L_0x55fbb0d48c60 .functor AND 1, L_0x55fbb0d48ab0, L_0x55fbb0d48bc0, C4<1>, C4<1>;
L_0x55fbb0d49210 .functor NOT 1, L_0x55fbb0d48fd0, C4<0>, C4<0>, C4<0>;
L_0x55fbb0d492d0 .functor AND 1, L_0x55fbb0d48c60, L_0x55fbb0d49210, C4<1>, C4<1>;
L_0x55fbb0d49940 .functor NOT 1, L_0x55fbb0d496f0, C4<0>, C4<0>, C4<0>;
L_0x55fbb0d49a30 .functor AND 1, L_0x55fbb0d49650, L_0x55fbb0d49940, C4<1>, C4<1>;
L_0x55fbb0d49e60 .functor AND 1, L_0x55fbb0d49a30, L_0x55fbb0d49dc0, C4<1>, C4<1>;
L_0x55fbb0d4a1d0 .functor NOT 1, L_0x55fbb0d49f70, C4<0>, C4<0>, C4<0>;
L_0x55fbb0d4a520 .functor AND 1, L_0x55fbb0d49e60, L_0x55fbb0d4a1d0, C4<1>, C4<1>;
L_0x55fbb0d4a6d0 .functor AND 1, L_0x55fbb0d4a520, L_0x55fbb0d4a630, C4<1>, C4<1>;
L_0x55fbb0d4acf0 .functor AND 1, L_0x55fbb0d4a6d0, L_0x55fbb0d4aa80, C4<1>, C4<1>;
L_0x55fbb0d4b120 .functor NOT 1, L_0x55fbb0d4aea0, C4<0>, C4<0>, C4<0>;
L_0x55fbb0d4b4c0 .functor AND 1, L_0x55fbb0d4ae00, L_0x55fbb0d4b120, C4<1>, C4<1>;
L_0x55fbb0d4b670 .functor NOT 1, L_0x55fbb0d4b5d0, C4<0>, C4<0>, C4<0>;
L_0x55fbb0d4b9f0 .functor AND 1, L_0x55fbb0d4b4c0, L_0x55fbb0d4b670, C4<1>, C4<1>;
L_0x55fbb0d4bd90 .functor NOT 1, L_0x55fbb0d4bb00, C4<0>, C4<0>, C4<0>;
L_0x55fbb0d4c120 .functor AND 1, L_0x55fbb0d4b9f0, L_0x55fbb0d4bd90, C4<1>, C4<1>;
L_0x55fbb0d4c2d0 .functor AND 1, L_0x55fbb0d4c120, L_0x55fbb0d4c230, C4<1>, C4<1>;
L_0x55fbb0d4c960 .functor AND 1, L_0x55fbb0d4c2d0, L_0x55fbb0d4c6c0, C4<1>, C4<1>;
L_0x55fbb0d4cb10 .functor NOT 1, L_0x55fbb0d4ca70, C4<0>, C4<0>, C4<0>;
L_0x55fbb0d4d170 .functor NOT 1, L_0x55fbb0d4cec0, C4<0>, C4<0>, C4<0>;
L_0x55fbb0d4d260 .functor AND 1, L_0x55fbb0d4cb10, L_0x55fbb0d4d170, C4<1>, C4<1>;
L_0x55fbb0d4d710 .functor NOT 1, L_0x55fbb0d4d670, C4<0>, C4<0>, C4<0>;
L_0x55fbb0d4d7d0 .functor AND 1, L_0x55fbb0d4d260, L_0x55fbb0d4d710, C4<1>, C4<1>;
L_0x55fbb0d4deb0 .functor NOT 1, L_0x55fbb0d4dbf0, C4<0>, C4<0>, C4<0>;
L_0x55fbb0d4df70 .functor AND 1, L_0x55fbb0d4d7d0, L_0x55fbb0d4deb0, C4<1>, C4<1>;
L_0x55fbb0d4e440 .functor AND 1, L_0x55fbb0d4df70, L_0x55fbb0d4e3a0, C4<1>, C4<1>;
L_0x55fbb0d4e820 .functor NOT 1, L_0x55fbb0d4e550, C4<0>, C4<0>, C4<0>;
L_0x55fbb0d4ec10 .functor AND 1, L_0x55fbb0d4e440, L_0x55fbb0d4e820, C4<1>, C4<1>;
v0x55fbb0cde6a0_0 .net *"_ivl_1", 0 0, L_0x55fbb0d3ed70;  1 drivers
v0x55fbb0d33640_0 .net *"_ivl_100", 0 0, L_0x55fbb0d41d30;  1 drivers
v0x55fbb0d33720_0 .net *"_ivl_103", 0 0, L_0x55fbb0d41f20;  1 drivers
v0x55fbb0d337e0_0 .net *"_ivl_104", 0 0, L_0x55fbb0d420d0;  1 drivers
v0x55fbb0d338c0_0 .net *"_ivl_106", 0 0, L_0x55fbb0d42190;  1 drivers
v0x55fbb0d339f0_0 .net *"_ivl_109", 0 0, L_0x55fbb0d423b0;  1 drivers
v0x55fbb0d33ad0_0 .net *"_ivl_11", 0 0, L_0x55fbb0d3f140;  1 drivers
v0x55fbb0d33bb0_0 .net *"_ivl_110", 0 0, L_0x55fbb0d42450;  1 drivers
v0x55fbb0d33c90_0 .net *"_ivl_112", 0 0, L_0x55fbb0d42510;  1 drivers
v0x55fbb0d33d70_0 .net *"_ivl_115", 0 0, L_0x55fbb0d42740;  1 drivers
v0x55fbb0d33e50_0 .net *"_ivl_116", 0 0, L_0x55fbb0d428b0;  1 drivers
v0x55fbb0d33f30_0 .net *"_ivl_118", 0 0, L_0x55fbb0d42920;  1 drivers
v0x55fbb0d34010_0 .net *"_ivl_12", 0 0, L_0x55fbb0d3f1e0;  1 drivers
v0x55fbb0d340f0_0 .net *"_ivl_121", 0 0, L_0x55fbb0d42620;  1 drivers
v0x55fbb0d341d0_0 .net *"_ivl_122", 0 0, L_0x55fbb0d426c0;  1 drivers
v0x55fbb0d342b0_0 .net *"_ivl_124", 0 0, L_0x55fbb0d42bb0;  1 drivers
v0x55fbb0d34390_0 .net *"_ivl_127", 0 0, L_0x55fbb0d42e00;  1 drivers
v0x55fbb0d34580_0 .net *"_ivl_128", 0 0, L_0x55fbb0d42f80;  1 drivers
v0x55fbb0d34660_0 .net *"_ivl_133", 0 0, L_0x55fbb0d432a0;  1 drivers
v0x55fbb0d34740_0 .net *"_ivl_134", 0 0, L_0x55fbb0d43340;  1 drivers
v0x55fbb0d34820_0 .net *"_ivl_137", 0 0, L_0x55fbb0d43400;  1 drivers
v0x55fbb0d34900_0 .net *"_ivl_138", 0 0, L_0x55fbb0d43590;  1 drivers
v0x55fbb0d349e0_0 .net *"_ivl_14", 0 0, L_0x55fbb0d3f2d0;  1 drivers
v0x55fbb0d34ac0_0 .net *"_ivl_140", 0 0, L_0x55fbb0d437e0;  1 drivers
v0x55fbb0d34ba0_0 .net *"_ivl_143", 0 0, L_0x55fbb0d438f0;  1 drivers
v0x55fbb0d34c80_0 .net *"_ivl_144", 0 0, L_0x55fbb0d43990;  1 drivers
v0x55fbb0d34d60_0 .net *"_ivl_147", 0 0, L_0x55fbb0d43c10;  1 drivers
v0x55fbb0d34e40_0 .net *"_ivl_148", 0 0, L_0x55fbb0d43db0;  1 drivers
v0x55fbb0d34f20_0 .net *"_ivl_150", 0 0, L_0x55fbb0d43e70;  1 drivers
v0x55fbb0d35000_0 .net *"_ivl_153", 0 0, L_0x55fbb0d44100;  1 drivers
v0x55fbb0d350e0_0 .net *"_ivl_154", 0 0, L_0x55fbb0d441a0;  1 drivers
v0x55fbb0d351c0_0 .net *"_ivl_156", 0 0, L_0x55fbb0d44260;  1 drivers
v0x55fbb0d352a0_0 .net *"_ivl_159", 0 0, L_0x55fbb0d44500;  1 drivers
v0x55fbb0d35590_0 .net *"_ivl_160", 0 0, L_0x55fbb0d446b0;  1 drivers
v0x55fbb0d35670_0 .net *"_ivl_165", 0 0, L_0x55fbb0d44a20;  1 drivers
v0x55fbb0d35750_0 .net *"_ivl_166", 0 0, L_0x55fbb0d44ac0;  1 drivers
v0x55fbb0d35830_0 .net *"_ivl_169", 0 0, L_0x55fbb0d44b80;  1 drivers
v0x55fbb0d35910_0 .net *"_ivl_17", 0 0, L_0x55fbb0d3f3e0;  1 drivers
v0x55fbb0d359f0_0 .net *"_ivl_170", 0 0, L_0x55fbb0d44d40;  1 drivers
v0x55fbb0d35ad0_0 .net *"_ivl_172", 0 0, L_0x55fbb0d44fe0;  1 drivers
v0x55fbb0d35bb0_0 .net *"_ivl_175", 0 0, L_0x55fbb0d450f0;  1 drivers
v0x55fbb0d35c90_0 .net *"_ivl_176", 0 0, L_0x55fbb0d45190;  1 drivers
v0x55fbb0d35d70_0 .net *"_ivl_179", 0 0, L_0x55fbb0d45460;  1 drivers
v0x55fbb0d35e50_0 .net *"_ivl_18", 0 0, L_0x55fbb0d3f4b0;  1 drivers
v0x55fbb0d35f30_0 .net *"_ivl_180", 0 0, L_0x55fbb0d44c20;  1 drivers
v0x55fbb0d36010_0 .net *"_ivl_183", 0 0, L_0x55fbb0d45840;  1 drivers
v0x55fbb0d360f0_0 .net *"_ivl_184", 0 0, L_0x55fbb0d458e0;  1 drivers
v0x55fbb0d361d0_0 .net *"_ivl_186", 0 0, L_0x55fbb0d45b70;  1 drivers
v0x55fbb0d362b0_0 .net *"_ivl_189", 0 0, L_0x55fbb0d45c80;  1 drivers
v0x55fbb0d36390_0 .net *"_ivl_190", 0 0, L_0x55fbb0d45e60;  1 drivers
v0x55fbb0d36470_0 .net *"_ivl_195", 0 0, L_0x55fbb0d46210;  1 drivers
v0x55fbb0d36550_0 .net *"_ivl_196", 0 0, L_0x55fbb0d462b0;  1 drivers
v0x55fbb0d36630_0 .net *"_ivl_199", 0 0, L_0x55fbb0d46560;  1 drivers
v0x55fbb0d36710_0 .net *"_ivl_2", 0 0, L_0x55fbb0d3ee10;  1 drivers
v0x55fbb0d367f0_0 .net *"_ivl_200", 0 0, L_0x55fbb0d46750;  1 drivers
v0x55fbb0d368d0_0 .net *"_ivl_202", 0 0, L_0x55fbb0d46840;  1 drivers
v0x55fbb0d369b0_0 .net *"_ivl_205", 0 0, L_0x55fbb0d46b50;  1 drivers
v0x55fbb0d36a90_0 .net *"_ivl_206", 0 0, L_0x55fbb0d46bf0;  1 drivers
v0x55fbb0d36b70_0 .net *"_ivl_209", 0 0, L_0x55fbb0d46d00;  1 drivers
v0x55fbb0d36c50_0 .net *"_ivl_210", 0 0, L_0x55fbb0d46f00;  1 drivers
v0x55fbb0d36d30_0 .net *"_ivl_213", 0 0, L_0x55fbb0d47220;  1 drivers
v0x55fbb0d36e10_0 .net *"_ivl_214", 0 0, L_0x55fbb0d472c0;  1 drivers
v0x55fbb0d36ef0_0 .net *"_ivl_216", 0 0, L_0x55fbb0d47380;  1 drivers
v0x55fbb0d36fd0_0 .net *"_ivl_219", 0 0, L_0x55fbb0d476b0;  1 drivers
v0x55fbb0d370b0_0 .net *"_ivl_223", 0 0, L_0x55fbb0d479d0;  1 drivers
v0x55fbb0d375a0_0 .net *"_ivl_224", 0 0, L_0x55fbb0d47a70;  1 drivers
v0x55fbb0d37680_0 .net *"_ivl_227", 0 0, L_0x55fbb0d47d60;  1 drivers
v0x55fbb0d37760_0 .net *"_ivl_228", 0 0, L_0x55fbb0d47f80;  1 drivers
v0x55fbb0d37840_0 .net *"_ivl_23", 0 0, L_0x55fbb0d3f670;  1 drivers
v0x55fbb0d37920_0 .net *"_ivl_230", 0 0, L_0x55fbb0d48070;  1 drivers
v0x55fbb0d37a00_0 .net *"_ivl_233", 0 0, L_0x55fbb0d483c0;  1 drivers
v0x55fbb0d37ae0_0 .net *"_ivl_234", 0 0, L_0x55fbb0d48460;  1 drivers
v0x55fbb0d37bc0_0 .net *"_ivl_237", 0 0, L_0x55fbb0d48570;  1 drivers
v0x55fbb0d37ca0_0 .net *"_ivl_238", 0 0, L_0x55fbb0d487a0;  1 drivers
v0x55fbb0d37d80_0 .net *"_ivl_24", 0 0, L_0x55fbb0d3f710;  1 drivers
v0x55fbb0d37e60_0 .net *"_ivl_240", 0 0, L_0x55fbb0d48ab0;  1 drivers
v0x55fbb0d37f40_0 .net *"_ivl_243", 0 0, L_0x55fbb0d48bc0;  1 drivers
v0x55fbb0d38020_0 .net *"_ivl_244", 0 0, L_0x55fbb0d48c60;  1 drivers
v0x55fbb0d38100_0 .net *"_ivl_247", 0 0, L_0x55fbb0d48fd0;  1 drivers
v0x55fbb0d381e0_0 .net *"_ivl_248", 0 0, L_0x55fbb0d49210;  1 drivers
v0x55fbb0d382c0_0 .net *"_ivl_253", 0 0, L_0x55fbb0d49650;  1 drivers
v0x55fbb0d383a0_0 .net *"_ivl_255", 0 0, L_0x55fbb0d496f0;  1 drivers
v0x55fbb0d38480_0 .net *"_ivl_256", 0 0, L_0x55fbb0d49940;  1 drivers
v0x55fbb0d38560_0 .net *"_ivl_258", 0 0, L_0x55fbb0d49a30;  1 drivers
v0x55fbb0d38640_0 .net *"_ivl_261", 0 0, L_0x55fbb0d49dc0;  1 drivers
v0x55fbb0d38720_0 .net *"_ivl_262", 0 0, L_0x55fbb0d49e60;  1 drivers
v0x55fbb0d38800_0 .net *"_ivl_265", 0 0, L_0x55fbb0d49f70;  1 drivers
v0x55fbb0d388e0_0 .net *"_ivl_266", 0 0, L_0x55fbb0d4a1d0;  1 drivers
v0x55fbb0d389c0_0 .net *"_ivl_268", 0 0, L_0x55fbb0d4a520;  1 drivers
v0x55fbb0d38aa0_0 .net *"_ivl_27", 0 0, L_0x55fbb0d3f820;  1 drivers
v0x55fbb0d38b80_0 .net *"_ivl_271", 0 0, L_0x55fbb0d4a630;  1 drivers
v0x55fbb0d38c60_0 .net *"_ivl_272", 0 0, L_0x55fbb0d4a6d0;  1 drivers
v0x55fbb0d38d40_0 .net *"_ivl_275", 0 0, L_0x55fbb0d4aa80;  1 drivers
v0x55fbb0d38e20_0 .net *"_ivl_279", 0 0, L_0x55fbb0d4ae00;  1 drivers
v0x55fbb0d38f00_0 .net *"_ivl_28", 0 0, L_0x55fbb0d3f900;  1 drivers
v0x55fbb0d38fe0_0 .net *"_ivl_281", 0 0, L_0x55fbb0d4aea0;  1 drivers
v0x55fbb0d390c0_0 .net *"_ivl_282", 0 0, L_0x55fbb0d4b120;  1 drivers
v0x55fbb0d391a0_0 .net *"_ivl_284", 0 0, L_0x55fbb0d4b4c0;  1 drivers
v0x55fbb0d39280_0 .net *"_ivl_287", 0 0, L_0x55fbb0d4b5d0;  1 drivers
v0x55fbb0d39360_0 .net *"_ivl_288", 0 0, L_0x55fbb0d4b670;  1 drivers
v0x55fbb0d39440_0 .net *"_ivl_290", 0 0, L_0x55fbb0d4b9f0;  1 drivers
v0x55fbb0d39520_0 .net *"_ivl_293", 0 0, L_0x55fbb0d4bb00;  1 drivers
v0x55fbb0d39600_0 .net *"_ivl_294", 0 0, L_0x55fbb0d4bd90;  1 drivers
v0x55fbb0d396e0_0 .net *"_ivl_296", 0 0, L_0x55fbb0d4c120;  1 drivers
v0x55fbb0d397c0_0 .net *"_ivl_299", 0 0, L_0x55fbb0d4c230;  1 drivers
v0x55fbb0d398a0_0 .net *"_ivl_30", 0 0, L_0x55fbb0d3f9c0;  1 drivers
v0x55fbb0d39980_0 .net *"_ivl_300", 0 0, L_0x55fbb0d4c2d0;  1 drivers
v0x55fbb0d39a60_0 .net *"_ivl_303", 0 0, L_0x55fbb0d4c6c0;  1 drivers
v0x55fbb0d39b40_0 .net *"_ivl_307", 0 0, L_0x55fbb0d4ca70;  1 drivers
v0x55fbb0d39c20_0 .net *"_ivl_308", 0 0, L_0x55fbb0d4cb10;  1 drivers
v0x55fbb0d39d00_0 .net *"_ivl_311", 0 0, L_0x55fbb0d4cec0;  1 drivers
v0x55fbb0d39de0_0 .net *"_ivl_312", 0 0, L_0x55fbb0d4d170;  1 drivers
v0x55fbb0d39ec0_0 .net *"_ivl_314", 0 0, L_0x55fbb0d4d260;  1 drivers
v0x55fbb0d39fa0_0 .net *"_ivl_317", 0 0, L_0x55fbb0d4d670;  1 drivers
v0x55fbb0d3a080_0 .net *"_ivl_318", 0 0, L_0x55fbb0d4d710;  1 drivers
v0x55fbb0d3a160_0 .net *"_ivl_320", 0 0, L_0x55fbb0d4d7d0;  1 drivers
v0x55fbb0d3a240_0 .net *"_ivl_323", 0 0, L_0x55fbb0d4dbf0;  1 drivers
v0x55fbb0d3a320_0 .net *"_ivl_324", 0 0, L_0x55fbb0d4deb0;  1 drivers
v0x55fbb0d3a400_0 .net *"_ivl_326", 0 0, L_0x55fbb0d4df70;  1 drivers
v0x55fbb0d3a4e0_0 .net *"_ivl_329", 0 0, L_0x55fbb0d4e3a0;  1 drivers
v0x55fbb0d3a5c0_0 .net *"_ivl_33", 0 0, L_0x55fbb0d3fb30;  1 drivers
v0x55fbb0d3a6a0_0 .net *"_ivl_330", 0 0, L_0x55fbb0d4e440;  1 drivers
v0x55fbb0d3a780_0 .net *"_ivl_333", 0 0, L_0x55fbb0d4e550;  1 drivers
v0x55fbb0d3a860_0 .net *"_ivl_334", 0 0, L_0x55fbb0d4e820;  1 drivers
v0x55fbb0d3a940_0 .net *"_ivl_34", 0 0, L_0x55fbb0d3fbd0;  1 drivers
v0x55fbb0d3aa20_0 .net *"_ivl_342", 31 0, L_0x55fbb0d4f4b0;  1 drivers
L_0x7f7405d8e018 .functor BUFT 1, C4<0000000000000000000000000000000>, C4<0>, C4<0>, C4<0>;
v0x55fbb0d3ab00_0 .net *"_ivl_345", 30 0, L_0x7f7405d8e018;  1 drivers
L_0x7f7405d8e060 .functor BUFT 1, C4<00000000000000000000000000000001>, C4<0>, C4<0>, C4<0>;
v0x55fbb0d3abe0_0 .net/2u *"_ivl_346", 31 0, L_0x7f7405d8e060;  1 drivers
v0x55fbb0d3acc0_0 .net *"_ivl_348", 0 0, L_0x55fbb0d5f5b0;  1 drivers
L_0x7f7405d8e0a8 .functor BUFT 1, C4<0>, C4<0>, C4<0>, C4<0>;
v0x55fbb0d3b590_0 .net/2u *"_ivl_350", 0 0, L_0x7f7405d8e0a8;  1 drivers
v0x55fbb0d3b670_0 .net *"_ivl_354", 31 0, L_0x55fbb0d5fad0;  1 drivers
L_0x7f7405d8e0f0 .functor BUFT 1, C4<0000000000000000000000000000000>, C4<0>, C4<0>, C4<0>;
v0x55fbb0d3b750_0 .net *"_ivl_357", 30 0, L_0x7f7405d8e0f0;  1 drivers
L_0x7f7405d8e138 .functor BUFT 1, C4<00000000000000000000000000000001>, C4<0>, C4<0>, C4<0>;
v0x55fbb0d3b830_0 .net/2u *"_ivl_358", 31 0, L_0x7f7405d8e138;  1 drivers
v0x55fbb0d3b910_0 .net *"_ivl_360", 0 0, L_0x55fbb0d5fe70;  1 drivers
L_0x7f7405d8e180 .functor BUFT 1, C4<0>, C4<0>, C4<0>, C4<0>;
v0x55fbb0d3b9d0_0 .net/2u *"_ivl_362", 0 0, L_0x7f7405d8e180;  1 drivers
v0x55fbb0d3bab0_0 .net *"_ivl_366", 31 0, L_0x55fbb0d603b0;  1 drivers
L_0x7f7405d8e1c8 .functor BUFT 1, C4<0000000000000000000000000000000>, C4<0>, C4<0>, C4<0>;
v0x55fbb0d3bb90_0 .net *"_ivl_369", 30 0, L_0x7f7405d8e1c8;  1 drivers
v0x55fbb0d3bc70_0 .net *"_ivl_37", 0 0, L_0x55fbb0d3fc90;  1 drivers
L_0x7f7405d8e210 .functor BUFT 1, C4<00000000000000000000000000000001>, C4<0>, C4<0>, C4<0>;
v0x55fbb0d3bd50_0 .net/2u *"_ivl_370", 31 0, L_0x7f7405d8e210;  1 drivers
v0x55fbb0d3be30_0 .net *"_ivl_372", 0 0, L_0x55fbb0d604a0;  1 drivers
L_0x7f7405d8e258 .functor BUFT 1, C4<0>, C4<0>, C4<0>, C4<0>;
v0x55fbb0d3bef0_0 .net/2u *"_ivl_374", 0 0, L_0x7f7405d8e258;  1 drivers
v0x55fbb0d3bfd0_0 .net *"_ivl_38", 0 0, L_0x55fbb0d3fd80;  1 drivers
v0x55fbb0d3c0b0_0 .net *"_ivl_43", 0 0, L_0x55fbb0d3ffc0;  1 drivers
v0x55fbb0d3c190_0 .net *"_ivl_44", 0 0, L_0x55fbb0d40060;  1 drivers
v0x55fbb0d3c270_0 .net *"_ivl_47", 0 0, L_0x55fbb0d401a0;  1 drivers
v0x55fbb0d3c350_0 .net *"_ivl_48", 0 0, L_0x55fbb0d3fe40;  1 drivers
v0x55fbb0d3c430_0 .net *"_ivl_5", 0 0, L_0x55fbb0d3ee80;  1 drivers
v0x55fbb0d3c510_0 .net *"_ivl_51", 0 0, L_0x55fbb0d402f0;  1 drivers
v0x55fbb0d3c5f0_0 .net *"_ivl_52", 0 0, L_0x55fbb0d40390;  1 drivers
v0x55fbb0d3c6d0_0 .net *"_ivl_54", 0 0, L_0x55fbb0d404e0;  1 drivers
v0x55fbb0d3c7b0_0 .net *"_ivl_57", 0 0, L_0x55fbb0d405f0;  1 drivers
v0x55fbb0d3c890_0 .net *"_ivl_58", 0 0, L_0x55fbb0d40700;  1 drivers
v0x55fbb0d3c970_0 .net *"_ivl_6", 0 0, L_0x55fbb0d3ef70;  1 drivers
v0x55fbb0d3ca50_0 .net *"_ivl_63", 0 0, L_0x55fbb0d40970;  1 drivers
v0x55fbb0d3cb30_0 .net *"_ivl_64", 0 0, L_0x55fbb0d40a10;  1 drivers
v0x55fbb0d3cc10_0 .net *"_ivl_67", 0 0, L_0x55fbb0d407c0;  1 drivers
v0x55fbb0d3ccf0_0 .net *"_ivl_68", 0 0, L_0x55fbb0d40690;  1 drivers
v0x55fbb0d3cdd0_0 .net *"_ivl_71", 0 0, L_0x55fbb0d40ca0;  1 drivers
v0x55fbb0d3ceb0_0 .net *"_ivl_72", 0 0, L_0x55fbb0d40d40;  1 drivers
v0x55fbb0d3cf90_0 .net *"_ivl_74", 0 0, L_0x55fbb0d40ec0;  1 drivers
v0x55fbb0d3d070_0 .net *"_ivl_77", 0 0, L_0x55fbb0d40fd0;  1 drivers
v0x55fbb0d3d150_0 .net *"_ivl_8", 0 0, L_0x55fbb0d3f030;  1 drivers
v0x55fbb0d3d230_0 .net *"_ivl_81", 0 0, L_0x55fbb0d412e0;  1 drivers
v0x55fbb0d3d310_0 .net *"_ivl_83", 0 0, L_0x55fbb0d41380;  1 drivers
v0x55fbb0d3d3f0_0 .net *"_ivl_84", 0 0, L_0x55fbb0d414c0;  1 drivers
v0x55fbb0d3d4d0_0 .net *"_ivl_86", 0 0, L_0x55fbb0d41580;  1 drivers
v0x55fbb0d3d5b0_0 .net *"_ivl_89", 0 0, L_0x55fbb0d41770;  1 drivers
v0x55fbb0d3d690_0 .net *"_ivl_90", 0 0, L_0x55fbb0d41810;  1 drivers
v0x55fbb0d3d770_0 .net *"_ivl_93", 0 0, L_0x55fbb0d41920;  1 drivers
v0x55fbb0d3d850_0 .net *"_ivl_94", 0 0, L_0x55fbb0d41a70;  1 drivers
v0x55fbb0d3d930_0 .net *"_ivl_99", 0 0, L_0x55fbb0d41420;  1 drivers
v0x55fbb0d3da10_0 .net "add", 0 0, L_0x55fbb0d3f560;  1 drivers
v0x55fbb0d3dad0_0 .net "addi", 0 0, L_0x55fbb0d44770;  1 drivers
v0x55fbb0d3db90_0 .var "alu_func", 2 0;
v0x55fbb0d3dc70_0 .net "alu_op_value", 0 0, L_0x55fbb0d43040;  1 drivers
v0x55fbb0d3dd30_0 .net "and_op", 0 0, L_0x55fbb0d40860;  1 drivers
v0x55fbb0d3ddf0_0 .net "andi", 0 0, L_0x55fbb0d46100;  1 drivers
v0x55fbb0d3deb0_0 .net "case_test", 6 0, L_0x55fbb0d4ef50;  1 drivers
o0x7f7405dd9178 .functor BUFZ 4, C4<zzzz>; HiZ drive
v0x55fbb0d3df90_0 .net "func", 3 0, o0x7f7405dd9178;  0 drivers
v0x55fbb0d3e070_0 .net "jump", 0 0, L_0x55fbb0d60860;  1 drivers
v0x55fbb0d3e130_0 .net "jump_op", 0 0, L_0x55fbb0d4ec10;  1 drivers
v0x55fbb0d3e1f0_0 .var "jump_true", 0 0;
v0x55fbb0d3e2b0_0 .net "lw", 0 0, L_0x55fbb0d4c960;  1 drivers
o0x7f7405dd9268 .functor BUFZ 6, C4<zzzzzz>; HiZ drive
v0x55fbb0d3e370_0 .net "op", 5 0, o0x7f7405dd9268;  0 drivers
v0x55fbb0d3e450_0 .net "or_op", 0 0, L_0x55fbb0d41100;  1 drivers
v0x55fbb0d3e510_0 .net "ori", 0 0, L_0x55fbb0d478c0;  1 drivers
v0x55fbb0d3e5d0_0 .net "r_case_test", 4 0, L_0x55fbb0d4ed20;  1 drivers
v0x55fbb0d3e6b0_0 .net "ram_load", 0 0, L_0x55fbb0d5f940;  1 drivers
v0x55fbb0d3e770_0 .var "ram_load_true", 0 0;
v0x55fbb0d3e830_0 .net "ram_write", 0 0, L_0x55fbb0d5ffb0;  1 drivers
v0x55fbb0d3e8f0_0 .var "ram_write_true", 0 0;
v0x55fbb0d3e9b0_0 .net "slt", 0 0, L_0x55fbb0d41c20;  1 drivers
v0x55fbb0d3ea70_0 .net "slti", 0 0, L_0x55fbb0d492d0;  1 drivers
v0x55fbb0d3eb30_0 .net "sub", 0 0, L_0x55fbb0d3feb0;  1 drivers
v0x55fbb0d3ebf0_0 .net "sw", 0 0, L_0x55fbb0d4acf0;  1 drivers
E_0x55fbb0ce5910 .event edge, v0x55fbb0d3dc70_0, v0x55fbb0d3e5d0_0, v0x55fbb0d3deb0_0;
L_0x55fbb0d3ed70 .part o0x7f7405dd9178, 3, 1;
L_0x55fbb0d3ee80 .part o0x7f7405dd9178, 2, 1;
L_0x55fbb0d3f140 .part o0x7f7405dd9178, 1, 1;
L_0x55fbb0d3f3e0 .part o0x7f7405dd9178, 0, 1;
L_0x55fbb0d3f670 .part o0x7f7405dd9178, 3, 1;
L_0x55fbb0d3f820 .part o0x7f7405dd9178, 2, 1;
L_0x55fbb0d3fb30 .part o0x7f7405dd9178, 1, 1;
L_0x55fbb0d3fc90 .part o0x7f7405dd9178, 0, 1;
L_0x55fbb0d3ffc0 .part o0x7f7405dd9178, 3, 1;
L_0x55fbb0d401a0 .part o0x7f7405dd9178, 2, 1;
L_0x55fbb0d402f0 .part o0x7f7405dd9178, 1, 1;
L_0x55fbb0d405f0 .part o0x7f7405dd9178, 0, 1;
L_0x55fbb0d40970 .part o0x7f7405dd9178, 3, 1;
L_0x55fbb0d407c0 .part o0x7f7405dd9178, 2, 1;
L_0x55fbb0d40ca0 .part o0x7f7405dd9178, 1, 1;
L_0x55fbb0d40fd0 .part o0x7f7405dd9178, 0, 1;
L_0x55fbb0d412e0 .part o0x7f7405dd9178, 3, 1;
L_0x55fbb0d41380 .part o0x7f7405dd9178, 2, 1;
L_0x55fbb0d41770 .part o0x7f7405dd9178, 1, 1;
L_0x55fbb0d41920 .part o0x7f7405dd9178, 0, 1;
L_0x55fbb0d41420 .part o0x7f7405dd9268, 5, 1;
L_0x55fbb0d41f20 .part o0x7f7405dd9268, 4, 1;
L_0x55fbb0d423b0 .part o0x7f7405dd9268, 3, 1;
L_0x55fbb0d42740 .part o0x7f7405dd9268, 2, 1;
L_0x55fbb0d42620 .part o0x7f7405dd9268, 1, 1;
L_0x55fbb0d42e00 .part o0x7f7405dd9268, 0, 1;
L_0x55fbb0d432a0 .part o0x7f7405dd9268, 5, 1;
L_0x55fbb0d43400 .part o0x7f7405dd9268, 4, 1;
L_0x55fbb0d438f0 .part o0x7f7405dd9268, 3, 1;
L_0x55fbb0d43c10 .part o0x7f7405dd9268, 2, 1;
L_0x55fbb0d44100 .part o0x7f7405dd9268, 1, 1;
L_0x55fbb0d44500 .part o0x7f7405dd9268, 0, 1;
L_0x55fbb0d44a20 .part o0x7f7405dd9268, 5, 1;
L_0x55fbb0d44b80 .part o0x7f7405dd9268, 4, 1;
L_0x55fbb0d450f0 .part o0x7f7405dd9268, 3, 1;
L_0x55fbb0d45460 .part o0x7f7405dd9268, 2, 1;
L_0x55fbb0d45840 .part o0x7f7405dd9268, 1, 1;
L_0x55fbb0d45c80 .part o0x7f7405dd9268, 0, 1;
L_0x55fbb0d46210 .part o0x7f7405dd9268, 5, 1;
L_0x55fbb0d46560 .part o0x7f7405dd9268, 4, 1;
L_0x55fbb0d46b50 .part o0x7f7405dd9268, 3, 1;
L_0x55fbb0d46d00 .part o0x7f7405dd9268, 2, 1;
L_0x55fbb0d47220 .part o0x7f7405dd9268, 1, 1;
L_0x55fbb0d476b0 .part o0x7f7405dd9268, 0, 1;
L_0x55fbb0d479d0 .part o0x7f7405dd9268, 5, 1;
L_0x55fbb0d47d60 .part o0x7f7405dd9268, 4, 1;
L_0x55fbb0d483c0 .part o0x7f7405dd9268, 3, 1;
L_0x55fbb0d48570 .part o0x7f7405dd9268, 2, 1;
L_0x55fbb0d48bc0 .part o0x7f7405dd9268, 1, 1;
L_0x55fbb0d48fd0 .part o0x7f7405dd9268, 0, 1;
L_0x55fbb0d49650 .part o0x7f7405dd9268, 5, 1;
L_0x55fbb0d496f0 .part o0x7f7405dd9268, 4, 1;
L_0x55fbb0d49dc0 .part o0x7f7405dd9268, 3, 1;
L_0x55fbb0d49f70 .part o0x7f7405dd9268, 2, 1;
L_0x55fbb0d4a630 .part o0x7f7405dd9268, 1, 1;
L_0x55fbb0d4aa80 .part o0x7f7405dd9268, 0, 1;
L_0x55fbb0d4ae00 .part o0x7f7405dd9268, 5, 1;
L_0x55fbb0d4aea0 .part o0x7f7405dd9268, 4, 1;
L_0x55fbb0d4b5d0 .part o0x7f7405dd9268, 3, 1;
L_0x55fbb0d4bb00 .part o0x7f7405dd9268, 2, 1;
L_0x55fbb0d4c230 .part o0x7f7405dd9268, 1, 1;
L_0x55fbb0d4c6c0 .part o0x7f7405dd9268, 0, 1;
L_0x55fbb0d4ca70 .part o0x7f7405dd9268, 5, 1;
L_0x55fbb0d4cec0 .part o0x7f7405dd9268, 4, 1;
L_0x55fbb0d4d670 .part o0x7f7405dd9268, 3, 1;
L_0x55fbb0d4dbf0 .part o0x7f7405dd9268, 2, 1;
L_0x55fbb0d4e3a0 .part o0x7f7405dd9268, 1, 1;
L_0x55fbb0d4e550 .part o0x7f7405dd9268, 0, 1;
LS_0x55fbb0d4ed20_0_0 .concat [ 1 1 1 1], L_0x55fbb0d41c20, L_0x55fbb0d41100, L_0x55fbb0d40860, L_0x55fbb0d3feb0;
LS_0x55fbb0d4ed20_0_4 .concat [ 1 0 0 0], L_0x55fbb0d3f560;
L_0x55fbb0d4ed20 .concat [ 4 1 0 0], LS_0x55fbb0d4ed20_0_0, LS_0x55fbb0d4ed20_0_4;
LS_0x55fbb0d4ef50_0_0 .concat [ 1 1 1 1], L_0x55fbb0d4ec10, L_0x55fbb0d4c960, L_0x55fbb0d4acf0, L_0x55fbb0d492d0;
LS_0x55fbb0d4ef50_0_4 .concat [ 1 1 1 0], L_0x55fbb0d478c0, L_0x55fbb0d46100, L_0x55fbb0d44770;
L_0x55fbb0d4ef50 .concat [ 4 3 0 0], LS_0x55fbb0d4ef50_0_0, LS_0x55fbb0d4ef50_0_4;
L_0x55fbb0d4f4b0 .concat [ 1 31 0 0], v0x55fbb0d3e770_0, L_0x7f7405d8e018;
L_0x55fbb0d5f5b0 .cmp/eq 32, L_0x55fbb0d4f4b0, L_0x7f7405d8e060;
L_0x55fbb0d5f940 .functor MUXZ 1, L_0x7f7405d8e0a8, v0x55fbb0d3e770_0, L_0x55fbb0d5f5b0, C4<>;
L_0x55fbb0d5fad0 .concat [ 1 31 0 0], v0x55fbb0d3e8f0_0, L_0x7f7405d8e0f0;
L_0x55fbb0d5fe70 .cmp/eq 32, L_0x55fbb0d5fad0, L_0x7f7405d8e138;
L_0x55fbb0d5ffb0 .functor MUXZ 1, L_0x7f7405d8e180, v0x55fbb0d3e8f0_0, L_0x55fbb0d5fe70, C4<>;
L_0x55fbb0d603b0 .concat [ 1 31 0 0], v0x55fbb0d3e1f0_0, L_0x7f7405d8e1c8;
L_0x55fbb0d604a0 .cmp/eq 32, L_0x55fbb0d603b0, L_0x7f7405d8e210;
L_0x55fbb0d60860 .functor MUXZ 1, L_0x7f7405d8e258, v0x55fbb0d3e1f0_0, L_0x55fbb0d604a0, C4<>;
    .scope S_0x55fbb0d0e9d0;
T_0 ;
    %wait E_0x55fbb0ce5910;
    %load/vec4 v0x55fbb0d3dc70_0;
    %flag_set/vec4 8;
    %jmp/0xz  T_0.0, 8;
    %load/vec4 v0x55fbb0d3e5d0_0;
    %dup/vec4;
    %pushi/vec4 16, 0, 5;
    %cmp/u;
    %jmp/1 T_0.2, 6;
    %dup/vec4;
    %pushi/vec4 8, 0, 5;
    %cmp/u;
    %jmp/1 T_0.3, 6;
    %dup/vec4;
    %pushi/vec4 4, 0, 5;
    %cmp/u;
    %jmp/1 T_0.4, 6;
    %dup/vec4;
    %pushi/vec4 2, 0, 5;
    %cmp/u;
    %jmp/1 T_0.5, 6;
    %dup/vec4;
    %pushi/vec4 1, 0, 5;
    %cmp/u;
    %jmp/1 T_0.6, 6;
    %pushi/vec4 0, 0, 3;
    %assign/vec4 v0x55fbb0d3db90_0, 0;
    %jmp T_0.8;
T_0.2 ;
    %pushi/vec4 1, 0, 3;
    %assign/vec4 v0x55fbb0d3db90_0, 0;
    %jmp T_0.8;
T_0.3 ;
    %pushi/vec4 2, 0, 3;
    %assign/vec4 v0x55fbb0d3db90_0, 0;
    %jmp T_0.8;
T_0.4 ;
    %pushi/vec4 3, 0, 3;
    %assign/vec4 v0x55fbb0d3db90_0, 0;
    %jmp T_0.8;
T_0.5 ;
    %pushi/vec4 4, 0, 3;
    %assign/vec4 v0x55fbb0d3db90_0, 0;
    %jmp T_0.8;
T_0.6 ;
    %pushi/vec4 5, 0, 3;
    %assign/vec4 v0x55fbb0d3db90_0, 0;
    %jmp T_0.8;
T_0.8 ;
    %pop/vec4 1;
    %jmp T_0.1;
T_0.0 ;
    %load/vec4 v0x55fbb0d3deb0_0;
    %dup/vec4;
    %pushi/vec4 64, 0, 7;
    %cmp/u;
    %jmp/1 T_0.9, 6;
    %dup/vec4;
    %pushi/vec4 32, 0, 7;
    %cmp/u;
    %jmp/1 T_0.10, 6;
    %dup/vec4;
    %pushi/vec4 16, 0, 7;
    %cmp/u;
    %jmp/1 T_0.11, 6;
    %dup/vec4;
    %pushi/vec4 8, 0, 7;
    %cmp/u;
    %jmp/1 T_0.12, 6;
    %dup/vec4;
    %pushi/vec4 4, 0, 7;
    %cmp/u;
    %jmp/1 T_0.13, 6;
    %dup/vec4;
    %pushi/vec4 2, 0, 7;
    %cmp/u;
    %jmp/1 T_0.14, 6;
    %dup/vec4;
    %pushi/vec4 1, 0, 7;
    %cmp/u;
    %jmp/1 T_0.15, 6;
    %jmp T_0.16;
T_0.9 ;
    %pushi/vec4 1, 0, 3;
    %assign/vec4 v0x55fbb0d3db90_0, 0;
    %jmp T_0.16;
T_0.10 ;
    %pushi/vec4 3, 0, 3;
    %assign/vec4 v0x55fbb0d3db90_0, 0;
    %jmp T_0.16;
T_0.11 ;
    %pushi/vec4 4, 0, 3;
    %assign/vec4 v0x55fbb0d3db90_0, 0;
    %jmp T_0.16;
T_0.12 ;
    %pushi/vec4 5, 0, 3;
    %assign/vec4 v0x55fbb0d3db90_0, 0;
    %jmp T_0.16;
T_0.13 ;
    %pushi/vec4 1, 0, 1;
    %store/vec4 v0x55fbb0d3e8f0_0, 0, 1;
    %jmp T_0.16;
T_0.14 ;
    %pushi/vec4 1, 0, 1;
    %store/vec4 v0x55fbb0d3e770_0, 0, 1;
    %jmp T_0.16;
T_0.15 ;
    %pushi/vec4 1, 0, 1;
    %store/vec4 v0x55fbb0d3e1f0_0, 0, 1;
    %jmp T_0.16;
T_0.16 ;
    %pop/vec4 1;
T_0.1 ;
    %jmp T_0;
    .thread T_0, $push;
# The file index is used to find the file name in the following table.
:file_names 3;
    "N/A";
    "<interactive>";
    "./decoder.v";
