#! /usr/bin/vvp
:ivl_version "11.0 (stable)";
:ivl_delay_selection "TYPICAL";
:vpi_time_precision + 0;
:vpi_module "/usr/lib/x86_64-linux-gnu/ivl/system.vpi";
:vpi_module "/usr/lib/x86_64-linux-gnu/ivl/vhdl_sys.vpi";
:vpi_module "/usr/lib/x86_64-linux-gnu/ivl/vhdl_textio.vpi";
:vpi_module "/usr/lib/x86_64-linux-gnu/ivl/v2005_math.vpi";
:vpi_module "/usr/lib/x86_64-linux-gnu/ivl/va_math.vpi";
S_0x560281d41d90 .scope module, "drink_FSM" "drink_FSM" 2 3;
 .timescale 0 0;
    .port_info 0 /INPUT 2 "coin";
    .port_info 1 /OUTPUT 2 "change";
    .port_info 2 /OUTPUT 1 "drink";
    .port_info 3 /INPUT 1 "clk";
    .port_info 4 /INPUT 1 "rst";
P_0x560281d41f20 .param/l "GET_1" 0 2 15, C4<001>;
P_0x560281d41f60 .param/l "GET_2" 0 2 16, C4<010>;
P_0x560281d41fa0 .param/l "GET_3" 0 2 17, C4<011>;
P_0x560281d41fe0 .param/l "init" 0 2 14, C4<000>;
v0x560281d67540_0 .var "change", 1 0;
o0x7f8d08b0f048 .functor BUFZ 1, C4<z>; HiZ drive
v0x560281d67610_0 .net "clk", 0 0, o0x7f8d08b0f048;  0 drivers
o0x7f8d08b0f078 .functor BUFZ 2, C4<zz>; HiZ drive
v0x560281d93a90_0 .net "coin", 1 0, o0x7f8d08b0f078;  0 drivers
v0x560281d93b50_0 .var "current_state", 2 0;
v0x560281d93c30_0 .var "drink", 0 0;
v0x560281d93d40_0 .var "next_state", 2 0;
o0x7f8d08b0f138 .functor BUFZ 1, C4<z>; HiZ drive
v0x560281d93e20_0 .net "rst", 0 0, o0x7f8d08b0f138;  0 drivers
E_0x560281d7bcd0/0 .event negedge, v0x560281d93e20_0;
E_0x560281d7bcd0/1 .event posedge, v0x560281d67610_0;
E_0x560281d7bcd0 .event/or E_0x560281d7bcd0/0, E_0x560281d7bcd0/1;
E_0x560281d42820 .event edge, v0x560281d93b50_0, v0x560281d93a90_0;
    .scope S_0x560281d41d90;
T_0 ;
    %wait E_0x560281d7bcd0;
    %load/vec4 v0x560281d93e20_0;
    %inv;
    %flag_set/vec4 8;
    %jmp/0xz  T_0.0, 8;
    %pushi/vec4 0, 0, 3;
    %assign/vec4 v0x560281d93b50_0, 0;
    %jmp T_0.1;
T_0.0 ;
    %load/vec4 v0x560281d93d40_0;
    %assign/vec4 v0x560281d93b50_0, 0;
T_0.1 ;
    %jmp T_0;
    .thread T_0;
    .scope S_0x560281d41d90;
T_1 ;
    %wait E_0x560281d42820;
    %load/vec4 v0x560281d93b50_0;
    %dup/vec4;
    %pushi/vec4 0, 0, 3;
    %cmp/u;
    %jmp/1 T_1.0, 6;
    %dup/vec4;
    %pushi/vec4 1, 0, 3;
    %cmp/u;
    %jmp/1 T_1.1, 6;
    %dup/vec4;
    %pushi/vec4 2, 0, 3;
    %cmp/u;
    %jmp/1 T_1.2, 6;
    %dup/vec4;
    %pushi/vec4 3, 0, 3;
    %cmp/u;
    %jmp/1 T_1.3, 6;
    %pushi/vec4 0, 0, 3;
    %assign/vec4 v0x560281d93d40_0, 0;
    %jmp T_1.5;
T_1.0 ;
    %load/vec4 v0x560281d93a90_0;
    %dup/vec4;
    %pushi/vec4 1, 0, 2;
    %cmp/u;
    %jmp/1 T_1.6, 6;
    %dup/vec4;
    %pushi/vec4 2, 0, 2;
    %cmp/u;
    %jmp/1 T_1.7, 6;
    %load/vec4 v0x560281d93b50_0;
    %assign/vec4 v0x560281d93d40_0, 0;
    %jmp T_1.9;
T_1.6 ;
    %pushi/vec4 1, 0, 3;
    %assign/vec4 v0x560281d93d40_0, 0;
    %jmp T_1.9;
T_1.7 ;
    %pushi/vec4 2, 0, 3;
    %assign/vec4 v0x560281d93d40_0, 0;
    %jmp T_1.9;
T_1.9 ;
    %pop/vec4 1;
    %jmp T_1.5;
T_1.1 ;
    %load/vec4 v0x560281d93a90_0;
    %dup/vec4;
    %pushi/vec4 1, 0, 2;
    %cmp/u;
    %jmp/1 T_1.10, 6;
    %dup/vec4;
    %pushi/vec4 2, 0, 2;
    %cmp/u;
    %jmp/1 T_1.11, 6;
    %load/vec4 v0x560281d93b50_0;
    %assign/vec4 v0x560281d93d40_0, 0;
    %jmp T_1.13;
T_1.10 ;
    %pushi/vec4 2, 0, 3;
    %assign/vec4 v0x560281d93d40_0, 0;
    %jmp T_1.13;
T_1.11 ;
    %pushi/vec4 3, 0, 3;
    %assign/vec4 v0x560281d93d40_0, 0;
    %jmp T_1.13;
T_1.13 ;
    %pop/vec4 1;
    %jmp T_1.5;
T_1.2 ;
    %load/vec4 v0x560281d93a90_0;
    %dup/vec4;
    %pushi/vec4 1, 0, 2;
    %cmp/u;
    %jmp/1 T_1.14, 6;
    %dup/vec4;
    %pushi/vec4 2, 0, 2;
    %cmp/u;
    %jmp/1 T_1.15, 6;
    %load/vec4 v0x560281d93b50_0;
    %assign/vec4 v0x560281d93d40_0, 0;
    %jmp T_1.17;
T_1.14 ;
    %pushi/vec4 3, 0, 3;
    %assign/vec4 v0x560281d93d40_0, 0;
    %jmp T_1.17;
T_1.15 ;
    %pushi/vec4 0, 0, 3;
    %assign/vec4 v0x560281d93d40_0, 0;
    %jmp T_1.17;
T_1.17 ;
    %pop/vec4 1;
    %jmp T_1.5;
T_1.3 ;
    %load/vec4 v0x560281d93a90_0;
    %dup/vec4;
    %pushi/vec4 1, 0, 2;
    %cmp/u;
    %jmp/1 T_1.18, 6;
    %dup/vec4;
    %pushi/vec4 2, 0, 2;
    %cmp/u;
    %jmp/1 T_1.19, 6;
    %load/vec4 v0x560281d93b50_0;
    %assign/vec4 v0x560281d93d40_0, 0;
    %jmp T_1.21;
T_1.18 ;
    %pushi/vec4 0, 0, 3;
    %assign/vec4 v0x560281d93d40_0, 0;
    %jmp T_1.21;
T_1.19 ;
    %pushi/vec4 0, 0, 3;
    %assign/vec4 v0x560281d93d40_0, 0;
    %jmp T_1.21;
T_1.21 ;
    %pop/vec4 1;
    %jmp T_1.5;
T_1.5 ;
    %pop/vec4 1;
    %jmp T_1;
    .thread T_1, $push;
    .scope S_0x560281d41d90;
T_2 ;
    %wait E_0x560281d7bcd0;
    %pushi/vec4 0, 0, 2;
    %assign/vec4 v0x560281d67540_0, 0;
    %pushi/vec4 0, 0, 1;
    %assign/vec4 v0x560281d93c30_0, 0;
    %load/vec4 v0x560281d93e20_0;
    %inv;
    %flag_set/vec4 8;
    %jmp/0xz  T_2.0, 8;
    %pushi/vec4 0, 0, 2;
    %assign/vec4 v0x560281d67540_0, 0;
    %pushi/vec4 0, 0, 1;
    %assign/vec4 v0x560281d93c30_0, 0;
    %jmp T_2.1;
T_2.0 ;
    %pushi/vec4 1, 0, 1;
    %load/vec4 v0x560281d93a90_0;
    %pad/u 32;
    %pushi/vec4 1, 0, 32;
    %cmp/e;
    %flag_get/vec4 4;
    %and;
    %flag_set/vec4 8;
    %jmp/0xz  T_2.2, 8;
    %pushi/vec4 1, 0, 1;
    %assign/vec4 v0x560281d93c30_0, 0;
    %jmp T_2.3;
T_2.2 ;
    %pushi/vec4 1, 0, 1;
    %load/vec4 v0x560281d93a90_0;
    %pad/u 32;
    %pushi/vec4 2, 0, 32;
    %cmp/e;
    %flag_get/vec4 4;
    %and;
    %flag_set/vec4 8;
    %jmp/0xz  T_2.4, 8;
    %pushi/vec4 1, 0, 1;
    %assign/vec4 v0x560281d93c30_0, 0;
    %pushi/vec4 1, 0, 2;
    %assign/vec4 v0x560281d67540_0, 0;
    %jmp T_2.5;
T_2.4 ;
    %pushi/vec4 1, 0, 1;
    %load/vec4 v0x560281d93a90_0;
    %pad/u 32;
    %pushi/vec4 2, 0, 32;
    %cmp/e;
    %flag_get/vec4 4;
    %and;
    %flag_set/vec4 8;
    %jmp/0xz  T_2.6, 8;
    %pushi/vec4 1, 0, 1;
    %assign/vec4 v0x560281d93c30_0, 0;
T_2.6 ;
T_2.5 ;
T_2.3 ;
T_2.1 ;
    %jmp T_2;
    .thread T_2;
# The file index is used to find the file name in the following table.
:file_names 3;
    "N/A";
    "<interactive>";
    "./drink.v";
