#! /usr/bin/vvp
:ivl_version "11.0 (stable)";
:ivl_delay_selection "TYPICAL";
:vpi_time_precision + 0;
:vpi_module "/usr/lib/x86_64-linux-gnu/ivl/system.vpi";
:vpi_module "/usr/lib/x86_64-linux-gnu/ivl/vhdl_sys.vpi";
:vpi_module "/usr/lib/x86_64-linux-gnu/ivl/vhdl_textio.vpi";
:vpi_module "/usr/lib/x86_64-linux-gnu/ivl/v2005_math.vpi";
:vpi_module "/usr/lib/x86_64-linux-gnu/ivl/va_math.vpi";
:vpi_module "/usr/lib/x86_64-linux-gnu/ivl/v2009.vpi";
S_0x55862e8f68c0 .scope package, "$unit" "$unit" 2 1;
 .timescale 0 0;
S_0x55862e8f2000 .scope module, "HC_64_BK1_KS5" "HC_64_BK1_KS5" 3 1;
 .timescale 0 0;
    .port_info 0 /INPUT 64 "a";
    .port_info 1 /INPUT 64 "b";
    .port_info 2 /INPUT 1 "cin";
    .port_info 3 /OUTPUT 64 "gnpg_level1";
o0x7f6db670ccd8 .functor BUFZ 64, C4<zzzzzzzzzzzzzzzzzzzzzzzzzzzzzzzzzzzzzzzzzzzzzzzzzzzzzzzzzzzzzzzz>; HiZ drive
v0x55862e92bf00_0 .net "a", 64 1, o0x7f6db670ccd8;  0 drivers
o0x7f6db670cd08 .functor BUFZ 64, C4<zzzzzzzzzzzzzzzzzzzzzzzzzzzzzzzzzzzzzzzzzzzzzzzzzzzzzzzzzzzzzzzz>; HiZ drive
v0x55862e92bfe0_0 .net "b", 64 1, o0x7f6db670cd08;  0 drivers
o0x7f6db670cd38 .functor BUFZ 1, C4<z>; HiZ drive
v0x55862e92c0b0_0 .net "cin", 0 0, o0x7f6db670cd38;  0 drivers
v0x55862e92c1b0_0 .net "g", 64 0, L_0x55862e941340;  1 drivers
v0x55862e92c280_0 .net "gnpg_level1", 63 0, L_0x55862e93f6b0;  1 drivers
v0x55862e92c320_0 .net "p", 64 0, L_0x55862e9410f0;  1 drivers
L_0x55862e92c630 .part L_0x55862e9410f0, 1, 1;
L_0x55862e92c770 .part L_0x55862e941340, 1, 1;
L_0x55862e92c8b0 .part L_0x55862e941340, 0, 1;
L_0x55862e92cad0 .part L_0x55862e9410f0, 3, 1;
L_0x55862e92cbf0 .part L_0x55862e941340, 3, 1;
L_0x55862e92cd70 .part L_0x55862e941340, 2, 1;
L_0x55862e92cf80 .part L_0x55862e9410f0, 5, 1;
L_0x55862e92d100 .part L_0x55862e941340, 5, 1;
L_0x55862e92d1f0 .part L_0x55862e941340, 4, 1;
L_0x55862e92d410 .part L_0x55862e9410f0, 7, 1;
L_0x55862e92d560 .part L_0x55862e941340, 7, 1;
L_0x55862e92d600 .part L_0x55862e941340, 6, 1;
L_0x55862e92d8c0 .part L_0x55862e9410f0, 9, 1;
L_0x55862e92d9b0 .part L_0x55862e941340, 9, 1;
L_0x55862e92db20 .part L_0x55862e941340, 8, 1;
L_0x55862e92dd00 .part L_0x55862e9410f0, 11, 1;
L_0x55862e92de80 .part L_0x55862e941340, 11, 1;
L_0x55862e92df70 .part L_0x55862e941340, 10, 1;
L_0x55862e92e260 .part L_0x55862e9410f0, 13, 1;
L_0x55862e92e460 .part L_0x55862e941340, 13, 1;
L_0x55862e92e060 .part L_0x55862e941340, 12, 1;
L_0x55862e92e7b0 .part L_0x55862e9410f0, 15, 1;
L_0x55862e92e960 .part L_0x55862e941340, 15, 1;
L_0x55862e92ea50 .part L_0x55862e941340, 14, 1;
L_0x55862e92ed70 .part L_0x55862e9410f0, 17, 1;
L_0x55862e92ee60 .part L_0x55862e941340, 17, 1;
L_0x55862e92f030 .part L_0x55862e941340, 16, 1;
L_0x55862e92f280 .part L_0x55862e9410f0, 19, 1;
L_0x55862e92f460 .part L_0x55862e941340, 19, 1;
L_0x55862e92f550 .part L_0x55862e941340, 18, 1;
L_0x55862e92f8a0 .part L_0x55862e9410f0, 21, 1;
L_0x55862e92f990 .part L_0x55862e941340, 21, 1;
L_0x55862e92fb90 .part L_0x55862e941340, 20, 1;
L_0x55862e92fde0 .part L_0x55862e9410f0, 23, 1;
L_0x55862e92fff0 .part L_0x55862e941340, 23, 1;
L_0x55862e9300e0 .part L_0x55862e941340, 22, 1;
L_0x55862e930350 .part L_0x55862e9410f0, 25, 1;
L_0x55862e930440 .part L_0x55862e941340, 25, 1;
L_0x55862e930670 .part L_0x55862e941340, 24, 1;
L_0x55862e9308c0 .part L_0x55862e9410f0, 27, 1;
L_0x55862e930b00 .part L_0x55862e941340, 27, 1;
L_0x55862e930bf0 .part L_0x55862e941340, 26, 1;
L_0x55862e930fa0 .part L_0x55862e9410f0, 29, 1;
L_0x55862e9312a0 .part L_0x55862e941340, 29, 1;
L_0x55862e931500 .part L_0x55862e941340, 28, 1;
L_0x55862e931750 .part L_0x55862e9410f0, 31, 1;
L_0x55862e9319c0 .part L_0x55862e941340, 31, 1;
L_0x55862e931ec0 .part L_0x55862e941340, 30, 1;
L_0x55862e9322a0 .part L_0x55862e9410f0, 33, 1;
L_0x55862e932390 .part L_0x55862e941340, 33, 1;
L_0x55862e932620 .part L_0x55862e941340, 32, 1;
L_0x55862e932870 .part L_0x55862e9410f0, 35, 1;
L_0x55862e932b10 .part L_0x55862e941340, 35, 1;
L_0x55862e932c00 .part L_0x55862e941340, 34, 1;
L_0x55862e933010 .part L_0x55862e9410f0, 37, 1;
L_0x55862e933100 .part L_0x55862e941340, 37, 1;
L_0x55862e9333c0 .part L_0x55862e941340, 36, 1;
L_0x55862e933610 .part L_0x55862e9410f0, 39, 1;
L_0x55862e9338e0 .part L_0x55862e941340, 39, 1;
L_0x55862e9339d0 .part L_0x55862e941340, 38, 1;
L_0x55862e933e10 .part L_0x55862e9410f0, 41, 1;
L_0x55862e933f00 .part L_0x55862e941340, 41, 1;
L_0x55862e9341f0 .part L_0x55862e941340, 40, 1;
L_0x55862e934440 .part L_0x55862e9410f0, 43, 1;
L_0x55862e934740 .part L_0x55862e941340, 43, 1;
L_0x55862e934830 .part L_0x55862e941340, 42, 1;
L_0x55862e934ca0 .part L_0x55862e9410f0, 45, 1;
L_0x55862e934d90 .part L_0x55862e941340, 45, 1;
L_0x55862e9350b0 .part L_0x55862e941340, 44, 1;
L_0x55862e935300 .part L_0x55862e9410f0, 47, 1;
L_0x55862e935630 .part L_0x55862e941340, 47, 1;
L_0x55862e935720 .part L_0x55862e941340, 46, 1;
L_0x55862e935bc0 .part L_0x55862e9410f0, 49, 1;
L_0x55862e935cb0 .part L_0x55862e941340, 49, 1;
L_0x55862e936000 .part L_0x55862e941340, 48, 1;
L_0x55862e936250 .part L_0x55862e9410f0, 51, 1;
L_0x55862e9365b0 .part L_0x55862e941340, 51, 1;
L_0x55862e9366a0 .part L_0x55862e941340, 50, 1;
L_0x55862e936b70 .part L_0x55862e9410f0, 53, 1;
L_0x55862e936c60 .part L_0x55862e941340, 53, 1;
L_0x55862e936fe0 .part L_0x55862e941340, 52, 1;
L_0x55862e937230 .part L_0x55862e9410f0, 55, 1;
L_0x55862e9375c0 .part L_0x55862e941340, 55, 1;
L_0x55862e9376b0 .part L_0x55862e941340, 54, 1;
L_0x55862e937bb0 .part L_0x55862e9410f0, 57, 1;
L_0x55862e937ca0 .part L_0x55862e941340, 57, 1;
L_0x55862e938050 .part L_0x55862e941340, 56, 1;
L_0x55862e9382a0 .part L_0x55862e9410f0, 59, 1;
L_0x55862e938660 .part L_0x55862e941340, 59, 1;
L_0x55862e938750 .part L_0x55862e941340, 58, 1;
L_0x55862e938c80 .part L_0x55862e9410f0, 61, 1;
L_0x55862e939180 .part L_0x55862e941340, 61, 1;
L_0x55862e939560 .part L_0x55862e941340, 60, 1;
L_0x55862e9397b0 .part L_0x55862e9410f0, 63, 1;
L_0x55862e939ba0 .part L_0x55862e941340, 63, 1;
L_0x55862e93a4a0 .part L_0x55862e941340, 62, 1;
L_0x55862e93a8a0 .part L_0x55862e941340, 0, 1;
L_0x55862e93a940 .part L_0x55862e941340, 2, 1;
L_0x55862e93ad00 .part L_0x55862e941340, 4, 1;
L_0x55862e93ada0 .part L_0x55862e941340, 6, 1;
L_0x55862e93b1a0 .part L_0x55862e941340, 8, 1;
L_0x55862e93b270 .part L_0x55862e941340, 10, 1;
L_0x55862e93b680 .part L_0x55862e941340, 12, 1;
L_0x55862e93b750 .part L_0x55862e941340, 14, 1;
L_0x55862e93bb70 .part L_0x55862e941340, 16, 1;
L_0x55862e93bc40 .part L_0x55862e941340, 18, 1;
L_0x55862e93c070 .part L_0x55862e941340, 20, 1;
L_0x55862e93c140 .part L_0x55862e941340, 22, 1;
L_0x55862e93c580 .part L_0x55862e941340, 24, 1;
L_0x55862e93c650 .part L_0x55862e941340, 26, 1;
L_0x55862e93caa0 .part L_0x55862e941340, 28, 1;
L_0x55862e93cb70 .part L_0x55862e941340, 30, 1;
L_0x55862e93cfd0 .part L_0x55862e941340, 32, 1;
L_0x55862e93d0a0 .part L_0x55862e941340, 34, 1;
L_0x55862e93d510 .part L_0x55862e941340, 36, 1;
L_0x55862e93d5e0 .part L_0x55862e941340, 38, 1;
L_0x55862e93da60 .part L_0x55862e941340, 40, 1;
L_0x55862e93db30 .part L_0x55862e941340, 42, 1;
L_0x55862e93dfc0 .part L_0x55862e941340, 44, 1;
L_0x55862e93e090 .part L_0x55862e941340, 46, 1;
L_0x55862e93e530 .part L_0x55862e941340, 48, 1;
L_0x55862e93e600 .part L_0x55862e941340, 50, 1;
L_0x55862e93eab0 .part L_0x55862e941340, 52, 1;
L_0x55862e93eb80 .part L_0x55862e941340, 54, 1;
L_0x55862e93f040 .part L_0x55862e941340, 56, 1;
L_0x55862e93f110 .part L_0x55862e941340, 58, 1;
L_0x55862e93f5e0 .part L_0x55862e941340, 60, 1;
LS_0x55862e93f6b0_0_0 .concat8 [ 1 1 1 1], L_0x55862e93a8a0, L_0x55862e92c540, L_0x55862e93a940, L_0x55862e92ca10;
LS_0x55862e93f6b0_0_4 .concat8 [ 1 1 1 1], L_0x55862e93ad00, L_0x55862e92cec0, L_0x55862e93ada0, L_0x55862e92d350;
LS_0x55862e93f6b0_0_8 .concat8 [ 1 1 1 1], L_0x55862e93b1a0, L_0x55862e92d7d0, L_0x55862e93b270, L_0x55862e92dc10;
LS_0x55862e93f6b0_0_12 .concat8 [ 1 1 1 1], L_0x55862e93b680, L_0x55862e92e170, L_0x55862e93b750, L_0x55862e92e6c0;
LS_0x55862e93f6b0_0_16 .concat8 [ 1 1 1 1], L_0x55862e93bb70, L_0x55862e92ec80, L_0x55862e93bc40, L_0x55862e92f190;
LS_0x55862e93f6b0_0_20 .concat8 [ 1 1 1 1], L_0x55862e93c070, L_0x55862e92f7b0, L_0x55862e93c140, L_0x55862e92fcf0;
LS_0x55862e93f6b0_0_24 .concat8 [ 1 1 1 1], L_0x55862e93c580, L_0x55862e92ff40, L_0x55862e93c650, L_0x55862e9307d0;
LS_0x55862e93f6b0_0_28 .concat8 [ 1 1 1 1], L_0x55862e93caa0, L_0x55862e930eb0, L_0x55862e93cb70, L_0x55862e931660;
LS_0x55862e93f6b0_0_32 .concat8 [ 1 1 1 1], L_0x55862e93cfd0, L_0x55862e9321b0, L_0x55862e93d0a0, L_0x55862e932780;
LS_0x55862e93f6b0_0_36 .concat8 [ 1 1 1 1], L_0x55862e93d510, L_0x55862e932f20, L_0x55862e93d5e0, L_0x55862e933520;
LS_0x55862e93f6b0_0_40 .concat8 [ 1 1 1 1], L_0x55862e93da60, L_0x55862e933d20, L_0x55862e93db30, L_0x55862e934350;
LS_0x55862e93f6b0_0_44 .concat8 [ 1 1 1 1], L_0x55862e93dfc0, L_0x55862e934bb0, L_0x55862e93e090, L_0x55862e935210;
LS_0x55862e93f6b0_0_48 .concat8 [ 1 1 1 1], L_0x55862e93e530, L_0x55862e935ad0, L_0x55862e93e600, L_0x55862e936160;
LS_0x55862e93f6b0_0_52 .concat8 [ 1 1 1 1], L_0x55862e93eab0, L_0x55862e936a80, L_0x55862e93eb80, L_0x55862e937140;
LS_0x55862e93f6b0_0_56 .concat8 [ 1 1 1 1], L_0x55862e93f040, L_0x55862e937ac0, L_0x55862e93f110, L_0x55862e9381b0;
LS_0x55862e93f6b0_0_60 .concat8 [ 1 1 1 1], L_0x55862e93f5e0, L_0x55862e938b90, L_0x55862e940f40, L_0x55862e9396c0;
LS_0x55862e93f6b0_1_0 .concat8 [ 4 4 4 4], LS_0x55862e93f6b0_0_0, LS_0x55862e93f6b0_0_4, LS_0x55862e93f6b0_0_8, LS_0x55862e93f6b0_0_12;
LS_0x55862e93f6b0_1_4 .concat8 [ 4 4 4 4], LS_0x55862e93f6b0_0_16, LS_0x55862e93f6b0_0_20, LS_0x55862e93f6b0_0_24, LS_0x55862e93f6b0_0_28;
LS_0x55862e93f6b0_1_8 .concat8 [ 4 4 4 4], LS_0x55862e93f6b0_0_32, LS_0x55862e93f6b0_0_36, LS_0x55862e93f6b0_0_40, LS_0x55862e93f6b0_0_44;
LS_0x55862e93f6b0_1_12 .concat8 [ 4 4 4 4], LS_0x55862e93f6b0_0_48, LS_0x55862e93f6b0_0_52, LS_0x55862e93f6b0_0_56, LS_0x55862e93f6b0_0_60;
L_0x55862e93f6b0 .concat8 [ 16 16 16 16], LS_0x55862e93f6b0_1_0, LS_0x55862e93f6b0_1_4, LS_0x55862e93f6b0_1_8, LS_0x55862e93f6b0_1_12;
L_0x55862e940f40 .part L_0x55862e941340, 62, 1;
S_0x55862e8f2390 .scope generate, "gen_block[1]" "gen_block[1]" 3 13, 3 13 0, S_0x55862e8f2000;
 .timescale 0 0;
P_0x55862e901330 .param/l "i" 0 3 13, +C4<01>;
S_0x55862e8f3710 .scope module, "ao21level1_1" "AO21" 3 14, 3 26 0, S_0x55862e8f2390;
 .timescale 0 0;
    .port_info 0 /INPUT 1 "a";
    .port_info 1 /INPUT 1 "b";
    .port_info 2 /INPUT 1 "d";
    .port_info 3 /OUTPUT 1 "y";
L_0x55862e92c450 .functor AND 1, L_0x55862e92c630, L_0x55862e92c770, C4<1>, C4<1>;
L_0x55862e92c540 .functor OR 1, L_0x55862e92c450, L_0x55862e92c8b0, C4<0>, C4<0>;
v0x55862e9019b0_0 .net *"_ivl_0", 0 0, L_0x55862e92c450;  1 drivers
v0x55862e8fb930_0 .net "a", 0 0, L_0x55862e92c630;  1 drivers
v0x55862e8f7d80_0 .net "b", 0 0, L_0x55862e92c770;  1 drivers
v0x55862e8cbe50_0 .net "d", 0 0, L_0x55862e92c8b0;  1 drivers
v0x55862e8f7790_0 .net "y", 0 0, L_0x55862e92c540;  1 drivers
S_0x55862e8f3aa0 .scope generate, "gen_block[3]" "gen_block[3]" 3 13, 3 13 0, S_0x55862e8f2000;
 .timescale 0 0;
P_0x55862e8eab50 .param/l "i" 0 3 13, +C4<011>;
S_0x55862e8f4e20 .scope module, "ao21level1_1" "AO21" 3 14, 3 26 0, S_0x55862e8f3aa0;
 .timescale 0 0;
    .port_info 0 /INPUT 1 "a";
    .port_info 1 /INPUT 1 "b";
    .port_info 2 /INPUT 1 "d";
    .port_info 3 /OUTPUT 1 "y";
L_0x55862e92c9a0 .functor AND 1, L_0x55862e92cad0, L_0x55862e92cbf0, C4<1>, C4<1>;
L_0x55862e92ca10 .functor OR 1, L_0x55862e92c9a0, L_0x55862e92cd70, C4<0>, C4<0>;
v0x55862e8ca530_0 .net *"_ivl_0", 0 0, L_0x55862e92c9a0;  1 drivers
v0x55862e8f71f0_0 .net "a", 0 0, L_0x55862e92cad0;  1 drivers
v0x55862e910b80_0 .net "b", 0 0, L_0x55862e92cbf0;  1 drivers
v0x55862e910c20_0 .net "d", 0 0, L_0x55862e92cd70;  1 drivers
v0x55862e910ce0_0 .net "y", 0 0, L_0x55862e92ca10;  1 drivers
S_0x55862e8f51b0 .scope generate, "gen_block[5]" "gen_block[5]" 3 13, 3 13 0, S_0x55862e8f2000;
 .timescale 0 0;
P_0x55862e910e40 .param/l "i" 0 3 13, +C4<0101>;
S_0x55862e8f6530 .scope module, "ao21level1_1" "AO21" 3 14, 3 26 0, S_0x55862e8f51b0;
 .timescale 0 0;
    .port_info 0 /INPUT 1 "a";
    .port_info 1 /INPUT 1 "b";
    .port_info 2 /INPUT 1 "d";
    .port_info 3 /OUTPUT 1 "y";
L_0x55862e92ce50 .functor AND 1, L_0x55862e92cf80, L_0x55862e92d100, C4<1>, C4<1>;
L_0x55862e92cec0 .functor OR 1, L_0x55862e92ce50, L_0x55862e92d1f0, C4<0>, C4<0>;
v0x55862e910f50_0 .net *"_ivl_0", 0 0, L_0x55862e92ce50;  1 drivers
v0x55862e911050_0 .net "a", 0 0, L_0x55862e92cf80;  1 drivers
v0x55862e911110_0 .net "b", 0 0, L_0x55862e92d100;  1 drivers
v0x55862e9111e0_0 .net "d", 0 0, L_0x55862e92d1f0;  1 drivers
v0x55862e9112a0_0 .net "y", 0 0, L_0x55862e92cec0;  1 drivers
S_0x55862e911430 .scope generate, "gen_block[7]" "gen_block[7]" 3 13, 3 13 0, S_0x55862e8f2000;
 .timescale 0 0;
P_0x55862e911630 .param/l "i" 0 3 13, +C4<0111>;
S_0x55862e911710 .scope module, "ao21level1_1" "AO21" 3 14, 3 26 0, S_0x55862e911430;
 .timescale 0 0;
    .port_info 0 /INPUT 1 "a";
    .port_info 1 /INPUT 1 "b";
    .port_info 2 /INPUT 1 "d";
    .port_info 3 /OUTPUT 1 "y";
L_0x55862e92d2e0 .functor AND 1, L_0x55862e92d410, L_0x55862e92d560, C4<1>, C4<1>;
L_0x55862e92d350 .functor OR 1, L_0x55862e92d2e0, L_0x55862e92d600, C4<0>, C4<0>;
v0x55862e9118f0_0 .net *"_ivl_0", 0 0, L_0x55862e92d2e0;  1 drivers
v0x55862e9119f0_0 .net "a", 0 0, L_0x55862e92d410;  1 drivers
v0x55862e911ab0_0 .net "b", 0 0, L_0x55862e92d560;  1 drivers
v0x55862e911b80_0 .net "d", 0 0, L_0x55862e92d600;  1 drivers
v0x55862e911c40_0 .net "y", 0 0, L_0x55862e92d350;  1 drivers
S_0x55862e911dd0 .scope generate, "gen_block[9]" "gen_block[9]" 3 13, 3 13 0, S_0x55862e8f2000;
 .timescale 0 0;
P_0x55862e912020 .param/l "i" 0 3 13, +C4<01001>;
S_0x55862e912100 .scope module, "ao21level1_1" "AO21" 3 14, 3 26 0, S_0x55862e911dd0;
 .timescale 0 0;
    .port_info 0 /INPUT 1 "a";
    .port_info 1 /INPUT 1 "b";
    .port_info 2 /INPUT 1 "d";
    .port_info 3 /OUTPUT 1 "y";
L_0x55862e92d760 .functor AND 1, L_0x55862e92d8c0, L_0x55862e92d9b0, C4<1>, C4<1>;
L_0x55862e92d7d0 .functor OR 1, L_0x55862e92d760, L_0x55862e92db20, C4<0>, C4<0>;
v0x55862e9122e0_0 .net *"_ivl_0", 0 0, L_0x55862e92d760;  1 drivers
v0x55862e9123e0_0 .net "a", 0 0, L_0x55862e92d8c0;  1 drivers
v0x55862e9124a0_0 .net "b", 0 0, L_0x55862e92d9b0;  1 drivers
v0x55862e912540_0 .net "d", 0 0, L_0x55862e92db20;  1 drivers
v0x55862e912600_0 .net "y", 0 0, L_0x55862e92d7d0;  1 drivers
S_0x55862e912790 .scope generate, "gen_block[11]" "gen_block[11]" 3 13, 3 13 0, S_0x55862e8f2000;
 .timescale 0 0;
P_0x55862e912990 .param/l "i" 0 3 13, +C4<01011>;
S_0x55862e912a70 .scope module, "ao21level1_1" "AO21" 3 14, 3 26 0, S_0x55862e912790;
 .timescale 0 0;
    .port_info 0 /INPUT 1 "a";
    .port_info 1 /INPUT 1 "b";
    .port_info 2 /INPUT 1 "d";
    .port_info 3 /OUTPUT 1 "y";
L_0x55862e92d6f0 .functor AND 1, L_0x55862e92dd00, L_0x55862e92de80, C4<1>, C4<1>;
L_0x55862e92dc10 .functor OR 1, L_0x55862e92d6f0, L_0x55862e92df70, C4<0>, C4<0>;
v0x55862e912c50_0 .net *"_ivl_0", 0 0, L_0x55862e92d6f0;  1 drivers
v0x55862e912d50_0 .net "a", 0 0, L_0x55862e92dd00;  1 drivers
v0x55862e912e10_0 .net "b", 0 0, L_0x55862e92de80;  1 drivers
v0x55862e912ee0_0 .net "d", 0 0, L_0x55862e92df70;  1 drivers
v0x55862e912fa0_0 .net "y", 0 0, L_0x55862e92dc10;  1 drivers
S_0x55862e913130 .scope generate, "gen_block[13]" "gen_block[13]" 3 13, 3 13 0, S_0x55862e8f2000;
 .timescale 0 0;
P_0x55862e913330 .param/l "i" 0 3 13, +C4<01101>;
S_0x55862e913410 .scope module, "ao21level1_1" "AO21" 3 14, 3 26 0, S_0x55862e913130;
 .timescale 0 0;
    .port_info 0 /INPUT 1 "a";
    .port_info 1 /INPUT 1 "b";
    .port_info 2 /INPUT 1 "d";
    .port_info 3 /OUTPUT 1 "y";
L_0x55862e92e100 .functor AND 1, L_0x55862e92e260, L_0x55862e92e460, C4<1>, C4<1>;
L_0x55862e92e170 .functor OR 1, L_0x55862e92e100, L_0x55862e92e060, C4<0>, C4<0>;
v0x55862e9135f0_0 .net *"_ivl_0", 0 0, L_0x55862e92e100;  1 drivers
v0x55862e9136f0_0 .net "a", 0 0, L_0x55862e92e260;  1 drivers
v0x55862e9137b0_0 .net "b", 0 0, L_0x55862e92e460;  1 drivers
v0x55862e913880_0 .net "d", 0 0, L_0x55862e92e060;  1 drivers
v0x55862e913940_0 .net "y", 0 0, L_0x55862e92e170;  1 drivers
S_0x55862e913ad0 .scope generate, "gen_block[15]" "gen_block[15]" 3 13, 3 13 0, S_0x55862e8f2000;
 .timescale 0 0;
P_0x55862e913cd0 .param/l "i" 0 3 13, +C4<01111>;
S_0x55862e913db0 .scope module, "ao21level1_1" "AO21" 3 14, 3 26 0, S_0x55862e913ad0;
 .timescale 0 0;
    .port_info 0 /INPUT 1 "a";
    .port_info 1 /INPUT 1 "b";
    .port_info 2 /INPUT 1 "d";
    .port_info 3 /OUTPUT 1 "y";
L_0x55862e92e650 .functor AND 1, L_0x55862e92e7b0, L_0x55862e92e960, C4<1>, C4<1>;
L_0x55862e92e6c0 .functor OR 1, L_0x55862e92e650, L_0x55862e92ea50, C4<0>, C4<0>;
v0x55862e914000_0 .net *"_ivl_0", 0 0, L_0x55862e92e650;  1 drivers
v0x55862e914100_0 .net "a", 0 0, L_0x55862e92e7b0;  1 drivers
v0x55862e9141c0_0 .net "b", 0 0, L_0x55862e92e960;  1 drivers
v0x55862e914290_0 .net "d", 0 0, L_0x55862e92ea50;  1 drivers
v0x55862e914350_0 .net "y", 0 0, L_0x55862e92e6c0;  1 drivers
S_0x55862e9144e0 .scope generate, "gen_block[17]" "gen_block[17]" 3 13, 3 13 0, S_0x55862e8f2000;
 .timescale 0 0;
P_0x55862e911fd0 .param/l "i" 0 3 13, +C4<010001>;
S_0x55862e914800 .scope module, "ao21level1_1" "AO21" 3 14, 3 26 0, S_0x55862e9144e0;
 .timescale 0 0;
    .port_info 0 /INPUT 1 "a";
    .port_info 1 /INPUT 1 "b";
    .port_info 2 /INPUT 1 "d";
    .port_info 3 /OUTPUT 1 "y";
L_0x55862e92ec10 .functor AND 1, L_0x55862e92ed70, L_0x55862e92ee60, C4<1>, C4<1>;
L_0x55862e92ec80 .functor OR 1, L_0x55862e92ec10, L_0x55862e92f030, C4<0>, C4<0>;
v0x55862e914a50_0 .net *"_ivl_0", 0 0, L_0x55862e92ec10;  1 drivers
v0x55862e914b50_0 .net "a", 0 0, L_0x55862e92ed70;  1 drivers
v0x55862e914c10_0 .net "b", 0 0, L_0x55862e92ee60;  1 drivers
v0x55862e914ce0_0 .net "d", 0 0, L_0x55862e92f030;  1 drivers
v0x55862e914da0_0 .net "y", 0 0, L_0x55862e92ec80;  1 drivers
S_0x55862e914f30 .scope generate, "gen_block[19]" "gen_block[19]" 3 13, 3 13 0, S_0x55862e8f2000;
 .timescale 0 0;
P_0x55862e915130 .param/l "i" 0 3 13, +C4<010011>;
S_0x55862e915210 .scope module, "ao21level1_1" "AO21" 3 14, 3 26 0, S_0x55862e914f30;
 .timescale 0 0;
    .port_info 0 /INPUT 1 "a";
    .port_info 1 /INPUT 1 "b";
    .port_info 2 /INPUT 1 "d";
    .port_info 3 /OUTPUT 1 "y";
L_0x55862e92f120 .functor AND 1, L_0x55862e92f280, L_0x55862e92f460, C4<1>, C4<1>;
L_0x55862e92f190 .functor OR 1, L_0x55862e92f120, L_0x55862e92f550, C4<0>, C4<0>;
v0x55862e915460_0 .net *"_ivl_0", 0 0, L_0x55862e92f120;  1 drivers
v0x55862e915560_0 .net "a", 0 0, L_0x55862e92f280;  1 drivers
v0x55862e915620_0 .net "b", 0 0, L_0x55862e92f460;  1 drivers
v0x55862e9156f0_0 .net "d", 0 0, L_0x55862e92f550;  1 drivers
v0x55862e9157b0_0 .net "y", 0 0, L_0x55862e92f190;  1 drivers
S_0x55862e915940 .scope generate, "gen_block[21]" "gen_block[21]" 3 13, 3 13 0, S_0x55862e8f2000;
 .timescale 0 0;
P_0x55862e915b40 .param/l "i" 0 3 13, +C4<010101>;
S_0x55862e915c20 .scope module, "ao21level1_1" "AO21" 3 14, 3 26 0, S_0x55862e915940;
 .timescale 0 0;
    .port_info 0 /INPUT 1 "a";
    .port_info 1 /INPUT 1 "b";
    .port_info 2 /INPUT 1 "d";
    .port_info 3 /OUTPUT 1 "y";
L_0x55862e92f740 .functor AND 1, L_0x55862e92f8a0, L_0x55862e92f990, C4<1>, C4<1>;
L_0x55862e92f7b0 .functor OR 1, L_0x55862e92f740, L_0x55862e92fb90, C4<0>, C4<0>;
v0x55862e915e70_0 .net *"_ivl_0", 0 0, L_0x55862e92f740;  1 drivers
v0x55862e915f70_0 .net "a", 0 0, L_0x55862e92f8a0;  1 drivers
v0x55862e916030_0 .net "b", 0 0, L_0x55862e92f990;  1 drivers
v0x55862e916100_0 .net "d", 0 0, L_0x55862e92fb90;  1 drivers
v0x55862e9161c0_0 .net "y", 0 0, L_0x55862e92f7b0;  1 drivers
S_0x55862e916350 .scope generate, "gen_block[23]" "gen_block[23]" 3 13, 3 13 0, S_0x55862e8f2000;
 .timescale 0 0;
P_0x55862e916550 .param/l "i" 0 3 13, +C4<010111>;
S_0x55862e916630 .scope module, "ao21level1_1" "AO21" 3 14, 3 26 0, S_0x55862e916350;
 .timescale 0 0;
    .port_info 0 /INPUT 1 "a";
    .port_info 1 /INPUT 1 "b";
    .port_info 2 /INPUT 1 "d";
    .port_info 3 /OUTPUT 1 "y";
L_0x55862e92fc80 .functor AND 1, L_0x55862e92fde0, L_0x55862e92fff0, C4<1>, C4<1>;
L_0x55862e92fcf0 .functor OR 1, L_0x55862e92fc80, L_0x55862e9300e0, C4<0>, C4<0>;
v0x55862e916880_0 .net *"_ivl_0", 0 0, L_0x55862e92fc80;  1 drivers
v0x55862e916980_0 .net "a", 0 0, L_0x55862e92fde0;  1 drivers
v0x55862e916a40_0 .net "b", 0 0, L_0x55862e92fff0;  1 drivers
v0x55862e916b10_0 .net "d", 0 0, L_0x55862e9300e0;  1 drivers
v0x55862e916bd0_0 .net "y", 0 0, L_0x55862e92fcf0;  1 drivers
S_0x55862e916d60 .scope generate, "gen_block[25]" "gen_block[25]" 3 13, 3 13 0, S_0x55862e8f2000;
 .timescale 0 0;
P_0x55862e916f60 .param/l "i" 0 3 13, +C4<011001>;
S_0x55862e917040 .scope module, "ao21level1_1" "AO21" 3 14, 3 26 0, S_0x55862e916d60;
 .timescale 0 0;
    .port_info 0 /INPUT 1 "a";
    .port_info 1 /INPUT 1 "b";
    .port_info 2 /INPUT 1 "d";
    .port_info 3 /OUTPUT 1 "y";
L_0x55862e92fed0 .functor AND 1, L_0x55862e930350, L_0x55862e930440, C4<1>, C4<1>;
L_0x55862e92ff40 .functor OR 1, L_0x55862e92fed0, L_0x55862e930670, C4<0>, C4<0>;
v0x55862e917290_0 .net *"_ivl_0", 0 0, L_0x55862e92fed0;  1 drivers
v0x55862e917390_0 .net "a", 0 0, L_0x55862e930350;  1 drivers
v0x55862e917450_0 .net "b", 0 0, L_0x55862e930440;  1 drivers
v0x55862e917520_0 .net "d", 0 0, L_0x55862e930670;  1 drivers
v0x55862e9175e0_0 .net "y", 0 0, L_0x55862e92ff40;  1 drivers
S_0x55862e917770 .scope generate, "gen_block[27]" "gen_block[27]" 3 13, 3 13 0, S_0x55862e8f2000;
 .timescale 0 0;
P_0x55862e917970 .param/l "i" 0 3 13, +C4<011011>;
S_0x55862e917a50 .scope module, "ao21level1_1" "AO21" 3 14, 3 26 0, S_0x55862e917770;
 .timescale 0 0;
    .port_info 0 /INPUT 1 "a";
    .port_info 1 /INPUT 1 "b";
    .port_info 2 /INPUT 1 "d";
    .port_info 3 /OUTPUT 1 "y";
L_0x55862e930760 .functor AND 1, L_0x55862e9308c0, L_0x55862e930b00, C4<1>, C4<1>;
L_0x55862e9307d0 .functor OR 1, L_0x55862e930760, L_0x55862e930bf0, C4<0>, C4<0>;
v0x55862e917ca0_0 .net *"_ivl_0", 0 0, L_0x55862e930760;  1 drivers
v0x55862e917da0_0 .net "a", 0 0, L_0x55862e9308c0;  1 drivers
v0x55862e917e60_0 .net "b", 0 0, L_0x55862e930b00;  1 drivers
v0x55862e917f30_0 .net "d", 0 0, L_0x55862e930bf0;  1 drivers
v0x55862e917ff0_0 .net "y", 0 0, L_0x55862e9307d0;  1 drivers
S_0x55862e918180 .scope generate, "gen_block[29]" "gen_block[29]" 3 13, 3 13 0, S_0x55862e8f2000;
 .timescale 0 0;
P_0x55862e918380 .param/l "i" 0 3 13, +C4<011101>;
S_0x55862e918460 .scope module, "ao21level1_1" "AO21" 3 14, 3 26 0, S_0x55862e918180;
 .timescale 0 0;
    .port_info 0 /INPUT 1 "a";
    .port_info 1 /INPUT 1 "b";
    .port_info 2 /INPUT 1 "d";
    .port_info 3 /OUTPUT 1 "y";
L_0x55862e930e40 .functor AND 1, L_0x55862e930fa0, L_0x55862e9312a0, C4<1>, C4<1>;
L_0x55862e930eb0 .functor OR 1, L_0x55862e930e40, L_0x55862e931500, C4<0>, C4<0>;
v0x55862e9186b0_0 .net *"_ivl_0", 0 0, L_0x55862e930e40;  1 drivers
v0x55862e9187b0_0 .net "a", 0 0, L_0x55862e930fa0;  1 drivers
v0x55862e918870_0 .net "b", 0 0, L_0x55862e9312a0;  1 drivers
v0x55862e918940_0 .net "d", 0 0, L_0x55862e931500;  1 drivers
v0x55862e918a00_0 .net "y", 0 0, L_0x55862e930eb0;  1 drivers
S_0x55862e918b90 .scope generate, "gen_block[31]" "gen_block[31]" 3 13, 3 13 0, S_0x55862e8f2000;
 .timescale 0 0;
P_0x55862e918d90 .param/l "i" 0 3 13, +C4<011111>;
S_0x55862e918e70 .scope module, "ao21level1_1" "AO21" 3 14, 3 26 0, S_0x55862e918b90;
 .timescale 0 0;
    .port_info 0 /INPUT 1 "a";
    .port_info 1 /INPUT 1 "b";
    .port_info 2 /INPUT 1 "d";
    .port_info 3 /OUTPUT 1 "y";
L_0x55862e9315f0 .functor AND 1, L_0x55862e931750, L_0x55862e9319c0, C4<1>, C4<1>;
L_0x55862e931660 .functor OR 1, L_0x55862e9315f0, L_0x55862e931ec0, C4<0>, C4<0>;
v0x55862e9190c0_0 .net *"_ivl_0", 0 0, L_0x55862e9315f0;  1 drivers
v0x55862e9191c0_0 .net "a", 0 0, L_0x55862e931750;  1 drivers
v0x55862e919280_0 .net "b", 0 0, L_0x55862e9319c0;  1 drivers
v0x55862e919350_0 .net "d", 0 0, L_0x55862e931ec0;  1 drivers
v0x55862e919410_0 .net "y", 0 0, L_0x55862e931660;  1 drivers
S_0x55862e9195a0 .scope generate, "gen_block[33]" "gen_block[33]" 3 13, 3 13 0, S_0x55862e8f2000;
 .timescale 0 0;
P_0x55862e9198b0 .param/l "i" 0 3 13, +C4<0100001>;
S_0x55862e919970 .scope module, "ao21level1_1" "AO21" 3 14, 3 26 0, S_0x55862e9195a0;
 .timescale 0 0;
    .port_info 0 /INPUT 1 "a";
    .port_info 1 /INPUT 1 "b";
    .port_info 2 /INPUT 1 "d";
    .port_info 3 /OUTPUT 1 "y";
L_0x55862e932140 .functor AND 1, L_0x55862e9322a0, L_0x55862e932390, C4<1>, C4<1>;
L_0x55862e9321b0 .functor OR 1, L_0x55862e932140, L_0x55862e932620, C4<0>, C4<0>;
v0x55862e919be0_0 .net *"_ivl_0", 0 0, L_0x55862e932140;  1 drivers
v0x55862e919ce0_0 .net "a", 0 0, L_0x55862e9322a0;  1 drivers
v0x55862e919da0_0 .net "b", 0 0, L_0x55862e932390;  1 drivers
v0x55862e919e70_0 .net "d", 0 0, L_0x55862e932620;  1 drivers
v0x55862e919f30_0 .net "y", 0 0, L_0x55862e9321b0;  1 drivers
S_0x55862e91a0c0 .scope generate, "gen_block[35]" "gen_block[35]" 3 13, 3 13 0, S_0x55862e8f2000;
 .timescale 0 0;
P_0x55862e91a2c0 .param/l "i" 0 3 13, +C4<0100011>;
S_0x55862e91a380 .scope module, "ao21level1_1" "AO21" 3 14, 3 26 0, S_0x55862e91a0c0;
 .timescale 0 0;
    .port_info 0 /INPUT 1 "a";
    .port_info 1 /INPUT 1 "b";
    .port_info 2 /INPUT 1 "d";
    .port_info 3 /OUTPUT 1 "y";
L_0x55862e932710 .functor AND 1, L_0x55862e932870, L_0x55862e932b10, C4<1>, C4<1>;
L_0x55862e932780 .functor OR 1, L_0x55862e932710, L_0x55862e932c00, C4<0>, C4<0>;
v0x55862e91a5f0_0 .net *"_ivl_0", 0 0, L_0x55862e932710;  1 drivers
v0x55862e91a6f0_0 .net "a", 0 0, L_0x55862e932870;  1 drivers
v0x55862e91a7b0_0 .net "b", 0 0, L_0x55862e932b10;  1 drivers
v0x55862e91a880_0 .net "d", 0 0, L_0x55862e932c00;  1 drivers
v0x55862e91a940_0 .net "y", 0 0, L_0x55862e932780;  1 drivers
S_0x55862e91aad0 .scope generate, "gen_block[37]" "gen_block[37]" 3 13, 3 13 0, S_0x55862e8f2000;
 .timescale 0 0;
P_0x55862e91acd0 .param/l "i" 0 3 13, +C4<0100101>;
S_0x55862e91ad90 .scope module, "ao21level1_1" "AO21" 3 14, 3 26 0, S_0x55862e91aad0;
 .timescale 0 0;
    .port_info 0 /INPUT 1 "a";
    .port_info 1 /INPUT 1 "b";
    .port_info 2 /INPUT 1 "d";
    .port_info 3 /OUTPUT 1 "y";
L_0x55862e932eb0 .functor AND 1, L_0x55862e933010, L_0x55862e933100, C4<1>, C4<1>;
L_0x55862e932f20 .functor OR 1, L_0x55862e932eb0, L_0x55862e9333c0, C4<0>, C4<0>;
v0x55862e91b000_0 .net *"_ivl_0", 0 0, L_0x55862e932eb0;  1 drivers
v0x55862e91b100_0 .net "a", 0 0, L_0x55862e933010;  1 drivers
v0x55862e91b1c0_0 .net "b", 0 0, L_0x55862e933100;  1 drivers
v0x55862e91b290_0 .net "d", 0 0, L_0x55862e9333c0;  1 drivers
v0x55862e91b350_0 .net "y", 0 0, L_0x55862e932f20;  1 drivers
S_0x55862e91b4e0 .scope generate, "gen_block[39]" "gen_block[39]" 3 13, 3 13 0, S_0x55862e8f2000;
 .timescale 0 0;
P_0x55862e91b6e0 .param/l "i" 0 3 13, +C4<0100111>;
S_0x55862e91b7a0 .scope module, "ao21level1_1" "AO21" 3 14, 3 26 0, S_0x55862e91b4e0;
 .timescale 0 0;
    .port_info 0 /INPUT 1 "a";
    .port_info 1 /INPUT 1 "b";
    .port_info 2 /INPUT 1 "d";
    .port_info 3 /OUTPUT 1 "y";
L_0x55862e9334b0 .functor AND 1, L_0x55862e933610, L_0x55862e9338e0, C4<1>, C4<1>;
L_0x55862e933520 .functor OR 1, L_0x55862e9334b0, L_0x55862e9339d0, C4<0>, C4<0>;
v0x55862e91ba10_0 .net *"_ivl_0", 0 0, L_0x55862e9334b0;  1 drivers
v0x55862e91bb10_0 .net "a", 0 0, L_0x55862e933610;  1 drivers
v0x55862e91bbd0_0 .net "b", 0 0, L_0x55862e9338e0;  1 drivers
v0x55862e91bca0_0 .net "d", 0 0, L_0x55862e9339d0;  1 drivers
v0x55862e91bd60_0 .net "y", 0 0, L_0x55862e933520;  1 drivers
S_0x55862e91bef0 .scope generate, "gen_block[41]" "gen_block[41]" 3 13, 3 13 0, S_0x55862e8f2000;
 .timescale 0 0;
P_0x55862e91c0f0 .param/l "i" 0 3 13, +C4<0101001>;
S_0x55862e91c1b0 .scope module, "ao21level1_1" "AO21" 3 14, 3 26 0, S_0x55862e91bef0;
 .timescale 0 0;
    .port_info 0 /INPUT 1 "a";
    .port_info 1 /INPUT 1 "b";
    .port_info 2 /INPUT 1 "d";
    .port_info 3 /OUTPUT 1 "y";
L_0x55862e933cb0 .functor AND 1, L_0x55862e933e10, L_0x55862e933f00, C4<1>, C4<1>;
L_0x55862e933d20 .functor OR 1, L_0x55862e933cb0, L_0x55862e9341f0, C4<0>, C4<0>;
v0x55862e91c420_0 .net *"_ivl_0", 0 0, L_0x55862e933cb0;  1 drivers
v0x55862e91c520_0 .net "a", 0 0, L_0x55862e933e10;  1 drivers
v0x55862e91c5e0_0 .net "b", 0 0, L_0x55862e933f00;  1 drivers
v0x55862e91c6b0_0 .net "d", 0 0, L_0x55862e9341f0;  1 drivers
v0x55862e91c770_0 .net "y", 0 0, L_0x55862e933d20;  1 drivers
S_0x55862e91c900 .scope generate, "gen_block[43]" "gen_block[43]" 3 13, 3 13 0, S_0x55862e8f2000;
 .timescale 0 0;
P_0x55862e91cb00 .param/l "i" 0 3 13, +C4<0101011>;
S_0x55862e91cbc0 .scope module, "ao21level1_1" "AO21" 3 14, 3 26 0, S_0x55862e91c900;
 .timescale 0 0;
    .port_info 0 /INPUT 1 "a";
    .port_info 1 /INPUT 1 "b";
    .port_info 2 /INPUT 1 "d";
    .port_info 3 /OUTPUT 1 "y";
L_0x55862e9342e0 .functor AND 1, L_0x55862e934440, L_0x55862e934740, C4<1>, C4<1>;
L_0x55862e934350 .functor OR 1, L_0x55862e9342e0, L_0x55862e934830, C4<0>, C4<0>;
v0x55862e91ce30_0 .net *"_ivl_0", 0 0, L_0x55862e9342e0;  1 drivers
v0x55862e91cf30_0 .net "a", 0 0, L_0x55862e934440;  1 drivers
v0x55862e91cff0_0 .net "b", 0 0, L_0x55862e934740;  1 drivers
v0x55862e91d0c0_0 .net "d", 0 0, L_0x55862e934830;  1 drivers
v0x55862e91d180_0 .net "y", 0 0, L_0x55862e934350;  1 drivers
S_0x55862e91d310 .scope generate, "gen_block[45]" "gen_block[45]" 3 13, 3 13 0, S_0x55862e8f2000;
 .timescale 0 0;
P_0x55862e91d510 .param/l "i" 0 3 13, +C4<0101101>;
S_0x55862e91d5d0 .scope module, "ao21level1_1" "AO21" 3 14, 3 26 0, S_0x55862e91d310;
 .timescale 0 0;
    .port_info 0 /INPUT 1 "a";
    .port_info 1 /INPUT 1 "b";
    .port_info 2 /INPUT 1 "d";
    .port_info 3 /OUTPUT 1 "y";
L_0x55862e934b40 .functor AND 1, L_0x55862e934ca0, L_0x55862e934d90, C4<1>, C4<1>;
L_0x55862e934bb0 .functor OR 1, L_0x55862e934b40, L_0x55862e9350b0, C4<0>, C4<0>;
v0x55862e91d840_0 .net *"_ivl_0", 0 0, L_0x55862e934b40;  1 drivers
v0x55862e91d940_0 .net "a", 0 0, L_0x55862e934ca0;  1 drivers
v0x55862e91da00_0 .net "b", 0 0, L_0x55862e934d90;  1 drivers
v0x55862e91dad0_0 .net "d", 0 0, L_0x55862e9350b0;  1 drivers
v0x55862e91db90_0 .net "y", 0 0, L_0x55862e934bb0;  1 drivers
S_0x55862e91dd20 .scope generate, "gen_block[47]" "gen_block[47]" 3 13, 3 13 0, S_0x55862e8f2000;
 .timescale 0 0;
P_0x55862e91df20 .param/l "i" 0 3 13, +C4<0101111>;
S_0x55862e91dfe0 .scope module, "ao21level1_1" "AO21" 3 14, 3 26 0, S_0x55862e91dd20;
 .timescale 0 0;
    .port_info 0 /INPUT 1 "a";
    .port_info 1 /INPUT 1 "b";
    .port_info 2 /INPUT 1 "d";
    .port_info 3 /OUTPUT 1 "y";
L_0x55862e9351a0 .functor AND 1, L_0x55862e935300, L_0x55862e935630, C4<1>, C4<1>;
L_0x55862e935210 .functor OR 1, L_0x55862e9351a0, L_0x55862e935720, C4<0>, C4<0>;
v0x55862e91e250_0 .net *"_ivl_0", 0 0, L_0x55862e9351a0;  1 drivers
v0x55862e91e350_0 .net "a", 0 0, L_0x55862e935300;  1 drivers
v0x55862e91e410_0 .net "b", 0 0, L_0x55862e935630;  1 drivers
v0x55862e91e4e0_0 .net "d", 0 0, L_0x55862e935720;  1 drivers
v0x55862e91e5a0_0 .net "y", 0 0, L_0x55862e935210;  1 drivers
S_0x55862e91e730 .scope generate, "gen_block[49]" "gen_block[49]" 3 13, 3 13 0, S_0x55862e8f2000;
 .timescale 0 0;
P_0x55862e91e930 .param/l "i" 0 3 13, +C4<0110001>;
S_0x55862e91e9f0 .scope module, "ao21level1_1" "AO21" 3 14, 3 26 0, S_0x55862e91e730;
 .timescale 0 0;
    .port_info 0 /INPUT 1 "a";
    .port_info 1 /INPUT 1 "b";
    .port_info 2 /INPUT 1 "d";
    .port_info 3 /OUTPUT 1 "y";
L_0x55862e935a60 .functor AND 1, L_0x55862e935bc0, L_0x55862e935cb0, C4<1>, C4<1>;
L_0x55862e935ad0 .functor OR 1, L_0x55862e935a60, L_0x55862e936000, C4<0>, C4<0>;
v0x55862e91ec60_0 .net *"_ivl_0", 0 0, L_0x55862e935a60;  1 drivers
v0x55862e91ed60_0 .net "a", 0 0, L_0x55862e935bc0;  1 drivers
v0x55862e91ee20_0 .net "b", 0 0, L_0x55862e935cb0;  1 drivers
v0x55862e91eef0_0 .net "d", 0 0, L_0x55862e936000;  1 drivers
v0x55862e91efb0_0 .net "y", 0 0, L_0x55862e935ad0;  1 drivers
S_0x55862e91f140 .scope generate, "gen_block[51]" "gen_block[51]" 3 13, 3 13 0, S_0x55862e8f2000;
 .timescale 0 0;
P_0x55862e91f340 .param/l "i" 0 3 13, +C4<0110011>;
S_0x55862e91f400 .scope module, "ao21level1_1" "AO21" 3 14, 3 26 0, S_0x55862e91f140;
 .timescale 0 0;
    .port_info 0 /INPUT 1 "a";
    .port_info 1 /INPUT 1 "b";
    .port_info 2 /INPUT 1 "d";
    .port_info 3 /OUTPUT 1 "y";
L_0x55862e9360f0 .functor AND 1, L_0x55862e936250, L_0x55862e9365b0, C4<1>, C4<1>;
L_0x55862e936160 .functor OR 1, L_0x55862e9360f0, L_0x55862e9366a0, C4<0>, C4<0>;
v0x55862e91f670_0 .net *"_ivl_0", 0 0, L_0x55862e9360f0;  1 drivers
v0x55862e91f770_0 .net "a", 0 0, L_0x55862e936250;  1 drivers
v0x55862e91f830_0 .net "b", 0 0, L_0x55862e9365b0;  1 drivers
v0x55862e91f900_0 .net "d", 0 0, L_0x55862e9366a0;  1 drivers
v0x55862e91f9c0_0 .net "y", 0 0, L_0x55862e936160;  1 drivers
S_0x55862e91fb50 .scope generate, "gen_block[53]" "gen_block[53]" 3 13, 3 13 0, S_0x55862e8f2000;
 .timescale 0 0;
P_0x55862e91fd50 .param/l "i" 0 3 13, +C4<0110101>;
S_0x55862e91fe10 .scope module, "ao21level1_1" "AO21" 3 14, 3 26 0, S_0x55862e91fb50;
 .timescale 0 0;
    .port_info 0 /INPUT 1 "a";
    .port_info 1 /INPUT 1 "b";
    .port_info 2 /INPUT 1 "d";
    .port_info 3 /OUTPUT 1 "y";
L_0x55862e936a10 .functor AND 1, L_0x55862e936b70, L_0x55862e936c60, C4<1>, C4<1>;
L_0x55862e936a80 .functor OR 1, L_0x55862e936a10, L_0x55862e936fe0, C4<0>, C4<0>;
v0x55862e920080_0 .net *"_ivl_0", 0 0, L_0x55862e936a10;  1 drivers
v0x55862e920180_0 .net "a", 0 0, L_0x55862e936b70;  1 drivers
v0x55862e920240_0 .net "b", 0 0, L_0x55862e936c60;  1 drivers
v0x55862e920310_0 .net "d", 0 0, L_0x55862e936fe0;  1 drivers
v0x55862e9203d0_0 .net "y", 0 0, L_0x55862e936a80;  1 drivers
S_0x55862e920560 .scope generate, "gen_block[55]" "gen_block[55]" 3 13, 3 13 0, S_0x55862e8f2000;
 .timescale 0 0;
P_0x55862e920760 .param/l "i" 0 3 13, +C4<0110111>;
S_0x55862e920820 .scope module, "ao21level1_1" "AO21" 3 14, 3 26 0, S_0x55862e920560;
 .timescale 0 0;
    .port_info 0 /INPUT 1 "a";
    .port_info 1 /INPUT 1 "b";
    .port_info 2 /INPUT 1 "d";
    .port_info 3 /OUTPUT 1 "y";
L_0x55862e9370d0 .functor AND 1, L_0x55862e937230, L_0x55862e9375c0, C4<1>, C4<1>;
L_0x55862e937140 .functor OR 1, L_0x55862e9370d0, L_0x55862e9376b0, C4<0>, C4<0>;
v0x55862e920a90_0 .net *"_ivl_0", 0 0, L_0x55862e9370d0;  1 drivers
v0x55862e920b90_0 .net "a", 0 0, L_0x55862e937230;  1 drivers
v0x55862e920c50_0 .net "b", 0 0, L_0x55862e9375c0;  1 drivers
v0x55862e920d20_0 .net "d", 0 0, L_0x55862e9376b0;  1 drivers
v0x55862e920de0_0 .net "y", 0 0, L_0x55862e937140;  1 drivers
S_0x55862e920f70 .scope generate, "gen_block[57]" "gen_block[57]" 3 13, 3 13 0, S_0x55862e8f2000;
 .timescale 0 0;
P_0x55862e921170 .param/l "i" 0 3 13, +C4<0111001>;
S_0x55862e921230 .scope module, "ao21level1_1" "AO21" 3 14, 3 26 0, S_0x55862e920f70;
 .timescale 0 0;
    .port_info 0 /INPUT 1 "a";
    .port_info 1 /INPUT 1 "b";
    .port_info 2 /INPUT 1 "d";
    .port_info 3 /OUTPUT 1 "y";
L_0x55862e937a50 .functor AND 1, L_0x55862e937bb0, L_0x55862e937ca0, C4<1>, C4<1>;
L_0x55862e937ac0 .functor OR 1, L_0x55862e937a50, L_0x55862e938050, C4<0>, C4<0>;
v0x55862e9214a0_0 .net *"_ivl_0", 0 0, L_0x55862e937a50;  1 drivers
v0x55862e9215a0_0 .net "a", 0 0, L_0x55862e937bb0;  1 drivers
v0x55862e921660_0 .net "b", 0 0, L_0x55862e937ca0;  1 drivers
v0x55862e921730_0 .net "d", 0 0, L_0x55862e938050;  1 drivers
v0x55862e9217f0_0 .net "y", 0 0, L_0x55862e937ac0;  1 drivers
S_0x55862e921980 .scope generate, "gen_block[59]" "gen_block[59]" 3 13, 3 13 0, S_0x55862e8f2000;
 .timescale 0 0;
P_0x55862e921b80 .param/l "i" 0 3 13, +C4<0111011>;
S_0x55862e921c40 .scope module, "ao21level1_1" "AO21" 3 14, 3 26 0, S_0x55862e921980;
 .timescale 0 0;
    .port_info 0 /INPUT 1 "a";
    .port_info 1 /INPUT 1 "b";
    .port_info 2 /INPUT 1 "d";
    .port_info 3 /OUTPUT 1 "y";
L_0x55862e938140 .functor AND 1, L_0x55862e9382a0, L_0x55862e938660, C4<1>, C4<1>;
L_0x55862e9381b0 .functor OR 1, L_0x55862e938140, L_0x55862e938750, C4<0>, C4<0>;
v0x55862e921eb0_0 .net *"_ivl_0", 0 0, L_0x55862e938140;  1 drivers
v0x55862e921fb0_0 .net "a", 0 0, L_0x55862e9382a0;  1 drivers
v0x55862e922070_0 .net "b", 0 0, L_0x55862e938660;  1 drivers
v0x55862e922140_0 .net "d", 0 0, L_0x55862e938750;  1 drivers
v0x55862e922200_0 .net "y", 0 0, L_0x55862e9381b0;  1 drivers
S_0x55862e922390 .scope generate, "gen_block[61]" "gen_block[61]" 3 13, 3 13 0, S_0x55862e8f2000;
 .timescale 0 0;
P_0x55862e922590 .param/l "i" 0 3 13, +C4<0111101>;
S_0x55862e922650 .scope module, "ao21level1_1" "AO21" 3 14, 3 26 0, S_0x55862e922390;
 .timescale 0 0;
    .port_info 0 /INPUT 1 "a";
    .port_info 1 /INPUT 1 "b";
    .port_info 2 /INPUT 1 "d";
    .port_info 3 /OUTPUT 1 "y";
L_0x55862e938b20 .functor AND 1, L_0x55862e938c80, L_0x55862e939180, C4<1>, C4<1>;
L_0x55862e938b90 .functor OR 1, L_0x55862e938b20, L_0x55862e939560, C4<0>, C4<0>;
v0x55862e9228c0_0 .net *"_ivl_0", 0 0, L_0x55862e938b20;  1 drivers
v0x55862e9229c0_0 .net "a", 0 0, L_0x55862e938c80;  1 drivers
v0x55862e922a80_0 .net "b", 0 0, L_0x55862e939180;  1 drivers
v0x55862e922b50_0 .net "d", 0 0, L_0x55862e939560;  1 drivers
v0x55862e922c10_0 .net "y", 0 0, L_0x55862e938b90;  1 drivers
S_0x55862e922da0 .scope generate, "gen_block[63]" "gen_block[63]" 3 13, 3 13 0, S_0x55862e8f2000;
 .timescale 0 0;
P_0x55862e922fa0 .param/l "i" 0 3 13, +C4<0111111>;
S_0x55862e923060 .scope module, "ao21level1_1" "AO21" 3 14, 3 26 0, S_0x55862e922da0;
 .timescale 0 0;
    .port_info 0 /INPUT 1 "a";
    .port_info 1 /INPUT 1 "b";
    .port_info 2 /INPUT 1 "d";
    .port_info 3 /OUTPUT 1 "y";
L_0x55862e939650 .functor AND 1, L_0x55862e9397b0, L_0x55862e939ba0, C4<1>, C4<1>;
L_0x55862e9396c0 .functor OR 1, L_0x55862e939650, L_0x55862e93a4a0, C4<0>, C4<0>;
v0x55862e9232d0_0 .net *"_ivl_0", 0 0, L_0x55862e939650;  1 drivers
v0x55862e9233d0_0 .net "a", 0 0, L_0x55862e9397b0;  1 drivers
v0x55862e923490_0 .net "b", 0 0, L_0x55862e939ba0;  1 drivers
v0x55862e923560_0 .net "d", 0 0, L_0x55862e93a4a0;  1 drivers
v0x55862e923620_0 .net "y", 0 0, L_0x55862e9396c0;  1 drivers
S_0x55862e9237b0 .scope generate, "genblk2[0]" "genblk2[0]" 3 19, 3 19 0, S_0x55862e8f2000;
 .timescale 0 0;
P_0x55862e9239b0 .param/l "i" 0 3 19, +C4<00>;
v0x55862e923a90_0 .net *"_ivl_0", 0 0, L_0x55862e93a8a0;  1 drivers
S_0x55862e923b70 .scope generate, "genblk2[2]" "genblk2[2]" 3 19, 3 19 0, S_0x55862e8f2000;
 .timescale 0 0;
P_0x55862e923d70 .param/l "i" 0 3 19, +C4<010>;
v0x55862e923e50_0 .net *"_ivl_0", 0 0, L_0x55862e93a940;  1 drivers
S_0x55862e923f30 .scope generate, "genblk2[4]" "genblk2[4]" 3 19, 3 19 0, S_0x55862e8f2000;
 .timescale 0 0;
P_0x55862e924130 .param/l "i" 0 3 19, +C4<0100>;
v0x55862e924210_0 .net *"_ivl_0", 0 0, L_0x55862e93ad00;  1 drivers
S_0x55862e9242f0 .scope generate, "genblk2[6]" "genblk2[6]" 3 19, 3 19 0, S_0x55862e8f2000;
 .timescale 0 0;
P_0x55862e9244f0 .param/l "i" 0 3 19, +C4<0110>;
v0x55862e9245d0_0 .net *"_ivl_0", 0 0, L_0x55862e93ada0;  1 drivers
S_0x55862e9246b0 .scope generate, "genblk2[8]" "genblk2[8]" 3 19, 3 19 0, S_0x55862e8f2000;
 .timescale 0 0;
P_0x55862e9248b0 .param/l "i" 0 3 19, +C4<01000>;
v0x55862e924990_0 .net *"_ivl_0", 0 0, L_0x55862e93b1a0;  1 drivers
S_0x55862e924a70 .scope generate, "genblk2[10]" "genblk2[10]" 3 19, 3 19 0, S_0x55862e8f2000;
 .timescale 0 0;
P_0x55862e924c70 .param/l "i" 0 3 19, +C4<01010>;
v0x55862e924d50_0 .net *"_ivl_0", 0 0, L_0x55862e93b270;  1 drivers
S_0x55862e924e30 .scope generate, "genblk2[12]" "genblk2[12]" 3 19, 3 19 0, S_0x55862e8f2000;
 .timescale 0 0;
P_0x55862e925030 .param/l "i" 0 3 19, +C4<01100>;
v0x55862e925110_0 .net *"_ivl_0", 0 0, L_0x55862e93b680;  1 drivers
S_0x55862e9251f0 .scope generate, "genblk2[14]" "genblk2[14]" 3 19, 3 19 0, S_0x55862e8f2000;
 .timescale 0 0;
P_0x55862e9253f0 .param/l "i" 0 3 19, +C4<01110>;
v0x55862e9254d0_0 .net *"_ivl_0", 0 0, L_0x55862e93b750;  1 drivers
S_0x55862e9255b0 .scope generate, "genblk2[16]" "genblk2[16]" 3 19, 3 19 0, S_0x55862e8f2000;
 .timescale 0 0;
P_0x55862e9257b0 .param/l "i" 0 3 19, +C4<010000>;
v0x55862e925890_0 .net *"_ivl_0", 0 0, L_0x55862e93bb70;  1 drivers
S_0x55862e925970 .scope generate, "genblk2[18]" "genblk2[18]" 3 19, 3 19 0, S_0x55862e8f2000;
 .timescale 0 0;
P_0x55862e925b70 .param/l "i" 0 3 19, +C4<010010>;
v0x55862e925c50_0 .net *"_ivl_0", 0 0, L_0x55862e93bc40;  1 drivers
S_0x55862e925d30 .scope generate, "genblk2[20]" "genblk2[20]" 3 19, 3 19 0, S_0x55862e8f2000;
 .timescale 0 0;
P_0x55862e925f30 .param/l "i" 0 3 19, +C4<010100>;
v0x55862e926010_0 .net *"_ivl_0", 0 0, L_0x55862e93c070;  1 drivers
S_0x55862e9260f0 .scope generate, "genblk2[22]" "genblk2[22]" 3 19, 3 19 0, S_0x55862e8f2000;
 .timescale 0 0;
P_0x55862e9262f0 .param/l "i" 0 3 19, +C4<010110>;
v0x55862e9263d0_0 .net *"_ivl_0", 0 0, L_0x55862e93c140;  1 drivers
S_0x55862e9264b0 .scope generate, "genblk2[24]" "genblk2[24]" 3 19, 3 19 0, S_0x55862e8f2000;
 .timescale 0 0;
P_0x55862e9266b0 .param/l "i" 0 3 19, +C4<011000>;
v0x55862e926790_0 .net *"_ivl_0", 0 0, L_0x55862e93c580;  1 drivers
S_0x55862e926870 .scope generate, "genblk2[26]" "genblk2[26]" 3 19, 3 19 0, S_0x55862e8f2000;
 .timescale 0 0;
P_0x55862e926a70 .param/l "i" 0 3 19, +C4<011010>;
v0x55862e926b50_0 .net *"_ivl_0", 0 0, L_0x55862e93c650;  1 drivers
S_0x55862e926c30 .scope generate, "genblk2[28]" "genblk2[28]" 3 19, 3 19 0, S_0x55862e8f2000;
 .timescale 0 0;
P_0x55862e926e30 .param/l "i" 0 3 19, +C4<011100>;
v0x55862e926f10_0 .net *"_ivl_0", 0 0, L_0x55862e93caa0;  1 drivers
S_0x55862e926ff0 .scope generate, "genblk2[30]" "genblk2[30]" 3 19, 3 19 0, S_0x55862e8f2000;
 .timescale 0 0;
P_0x55862e9271f0 .param/l "i" 0 3 19, +C4<011110>;
v0x55862e9272d0_0 .net *"_ivl_0", 0 0, L_0x55862e93cb70;  1 drivers
S_0x55862e9273b0 .scope generate, "genblk2[32]" "genblk2[32]" 3 19, 3 19 0, S_0x55862e8f2000;
 .timescale 0 0;
P_0x55862e9275b0 .param/l "i" 0 3 19, +C4<0100000>;
v0x55862e927670_0 .net *"_ivl_0", 0 0, L_0x55862e93cfd0;  1 drivers
S_0x55862e927770 .scope generate, "genblk2[34]" "genblk2[34]" 3 19, 3 19 0, S_0x55862e8f2000;
 .timescale 0 0;
P_0x55862e927970 .param/l "i" 0 3 19, +C4<0100010>;
v0x55862e927a30_0 .net *"_ivl_0", 0 0, L_0x55862e93d0a0;  1 drivers
S_0x55862e927b30 .scope generate, "genblk2[36]" "genblk2[36]" 3 19, 3 19 0, S_0x55862e8f2000;
 .timescale 0 0;
P_0x55862e927d30 .param/l "i" 0 3 19, +C4<0100100>;
v0x55862e927df0_0 .net *"_ivl_0", 0 0, L_0x55862e93d510;  1 drivers
S_0x55862e927ef0 .scope generate, "genblk2[38]" "genblk2[38]" 3 19, 3 19 0, S_0x55862e8f2000;
 .timescale 0 0;
P_0x55862e9280f0 .param/l "i" 0 3 19, +C4<0100110>;
v0x55862e9281b0_0 .net *"_ivl_0", 0 0, L_0x55862e93d5e0;  1 drivers
S_0x55862e9282b0 .scope generate, "genblk2[40]" "genblk2[40]" 3 19, 3 19 0, S_0x55862e8f2000;
 .timescale 0 0;
P_0x55862e9284b0 .param/l "i" 0 3 19, +C4<0101000>;
v0x55862e928570_0 .net *"_ivl_0", 0 0, L_0x55862e93da60;  1 drivers
S_0x55862e928670 .scope generate, "genblk2[42]" "genblk2[42]" 3 19, 3 19 0, S_0x55862e8f2000;
 .timescale 0 0;
P_0x55862e928870 .param/l "i" 0 3 19, +C4<0101010>;
v0x55862e928930_0 .net *"_ivl_0", 0 0, L_0x55862e93db30;  1 drivers
S_0x55862e928a30 .scope generate, "genblk2[44]" "genblk2[44]" 3 19, 3 19 0, S_0x55862e8f2000;
 .timescale 0 0;
P_0x55862e928c30 .param/l "i" 0 3 19, +C4<0101100>;
v0x55862e928cf0_0 .net *"_ivl_0", 0 0, L_0x55862e93dfc0;  1 drivers
S_0x55862e928df0 .scope generate, "genblk2[46]" "genblk2[46]" 3 19, 3 19 0, S_0x55862e8f2000;
 .timescale 0 0;
P_0x55862e928ff0 .param/l "i" 0 3 19, +C4<0101110>;
v0x55862e9290b0_0 .net *"_ivl_0", 0 0, L_0x55862e93e090;  1 drivers
S_0x55862e9291b0 .scope generate, "genblk2[48]" "genblk2[48]" 3 19, 3 19 0, S_0x55862e8f2000;
 .timescale 0 0;
P_0x55862e9293b0 .param/l "i" 0 3 19, +C4<0110000>;
v0x55862e929470_0 .net *"_ivl_0", 0 0, L_0x55862e93e530;  1 drivers
S_0x55862e929570 .scope generate, "genblk2[50]" "genblk2[50]" 3 19, 3 19 0, S_0x55862e8f2000;
 .timescale 0 0;
P_0x55862e929770 .param/l "i" 0 3 19, +C4<0110010>;
v0x55862e929830_0 .net *"_ivl_0", 0 0, L_0x55862e93e600;  1 drivers
S_0x55862e929930 .scope generate, "genblk2[52]" "genblk2[52]" 3 19, 3 19 0, S_0x55862e8f2000;
 .timescale 0 0;
P_0x55862e929b30 .param/l "i" 0 3 19, +C4<0110100>;
v0x55862e929bf0_0 .net *"_ivl_0", 0 0, L_0x55862e93eab0;  1 drivers
S_0x55862e929cf0 .scope generate, "genblk2[54]" "genblk2[54]" 3 19, 3 19 0, S_0x55862e8f2000;
 .timescale 0 0;
P_0x55862e929ef0 .param/l "i" 0 3 19, +C4<0110110>;
v0x55862e929fb0_0 .net *"_ivl_0", 0 0, L_0x55862e93eb80;  1 drivers
S_0x55862e92a0b0 .scope generate, "genblk2[56]" "genblk2[56]" 3 19, 3 19 0, S_0x55862e8f2000;
 .timescale 0 0;
P_0x55862e92a2b0 .param/l "i" 0 3 19, +C4<0111000>;
v0x55862e92a370_0 .net *"_ivl_0", 0 0, L_0x55862e93f040;  1 drivers
S_0x55862e92a470 .scope generate, "genblk2[58]" "genblk2[58]" 3 19, 3 19 0, S_0x55862e8f2000;
 .timescale 0 0;
P_0x55862e92a670 .param/l "i" 0 3 19, +C4<0111010>;
v0x55862e92a730_0 .net *"_ivl_0", 0 0, L_0x55862e93f110;  1 drivers
S_0x55862e92a830 .scope generate, "genblk2[60]" "genblk2[60]" 3 19, 3 19 0, S_0x55862e8f2000;
 .timescale 0 0;
P_0x55862e92aa30 .param/l "i" 0 3 19, +C4<0111100>;
v0x55862e92aaf0_0 .net *"_ivl_0", 0 0, L_0x55862e93f5e0;  1 drivers
S_0x55862e92abf0 .scope generate, "genblk2[62]" "genblk2[62]" 3 19, 3 19 0, S_0x55862e8f2000;
 .timescale 0 0;
P_0x55862e92adf0 .param/l "i" 0 3 19, +C4<0111110>;
v0x55862e92aeb0_0 .net *"_ivl_0", 0 0, L_0x55862e940f40;  1 drivers
S_0x55862e92afb0 .scope module, "pg_gen_hc" "P_G_gen_hc_64" 3 9, 3 32 0, S_0x55862e8f2000;
 .timescale 0 0;
    .port_info 0 /INPUT 64 "a";
    .port_info 1 /INPUT 64 "b";
    .port_info 2 /INPUT 1 "cin";
    .port_info 3 /OUTPUT 65 "p";
    .port_info 4 /OUTPUT 65 "g";
L_0x55862e941030 .functor BUFZ 1, o0x7f6db670cd38, C4<0>, C4<0>, C4<0>;
L_0x55862e9411e0 .functor XOR 64, o0x7f6db670ccd8, o0x7f6db670cd08, C4<0000000000000000000000000000000000000000000000000000000000000000>, C4<0000000000000000000000000000000000000000000000000000000000000000>;
L_0x55862e941430 .functor AND 64, o0x7f6db670ccd8, o0x7f6db670cd08, C4<1111111111111111111111111111111111111111111111111111111111111111>, C4<1111111111111111111111111111111111111111111111111111111111111111>;
v0x55862e92b620_0 .net *"_ivl_11", 63 0, L_0x55862e9411e0;  1 drivers
v0x55862e92b720_0 .net *"_ivl_16", 63 0, L_0x55862e941430;  1 drivers
v0x55862e92b800_0 .net *"_ivl_3", 0 0, L_0x55862e941030;  1 drivers
L_0x7f6db66c0018 .functor BUFT 1, C4<0>, C4<0>, C4<0>, C4<0>;
v0x55862e92b8f0_0 .net/2s *"_ivl_6", 0 0, L_0x7f6db66c0018;  1 drivers
v0x55862e92b9d0_0 .net "a", 63 0, o0x7f6db670ccd8;  alias, 0 drivers
v0x55862e92bb00_0 .net "b", 63 0, o0x7f6db670cd08;  alias, 0 drivers
v0x55862e92bbe0_0 .net "cin", 0 0, o0x7f6db670cd38;  alias, 0 drivers
v0x55862e92bca0_0 .net "g", 64 0, L_0x55862e941340;  alias, 1 drivers
v0x55862e92bd80_0 .net "p", 64 0, L_0x55862e9410f0;  alias, 1 drivers
L_0x55862e9410f0 .concat8 [ 1 64 0 0], L_0x7f6db66c0018, L_0x55862e9411e0;
L_0x55862e941340 .concat8 [ 1 64 0 0], L_0x55862e941030, L_0x55862e941430;
# The file index is used to find the file name in the following table.
:file_names 4;
    "N/A";
    "<interactive>";
    "-";
    "./test.v";
