#! /usr/local/bin/vvp
:ivl_version "13.0 (devel)" "(s20221226-347-g58dcf39db)";
:ivl_delay_selection "TYPICAL";
:vpi_time_precision + 0;
:vpi_module "/usr/local/lib/ivl/system.vpi";
:vpi_module "/usr/local/lib/ivl/vhdl_sys.vpi";
:vpi_module "/usr/local/lib/ivl/vhdl_textio.vpi";
:vpi_module "/usr/local/lib/ivl/v2005_math.vpi";
:vpi_module "/usr/local/lib/ivl/va_math.vpi";
:vpi_module "/usr/local/lib/ivl/v2009.vpi";
S_0x2367fc0 .scope package, "$unit" "$unit" 2 1;
 .timescale 0 0;
S_0x23b88f0 .scope module, "FMA_stage1" "FMA_stage1" 3 3;
 .timescale 0 0;
    .port_info 0 /INPUT 32 "a";
    .port_info 1 /INPUT 32 "b";
    .port_info 2 /INPUT 32 "c";
    .port_info 3 /OUTPUT 8 "current_exp";
o0x7f319b0bf198 .functor BUFZ 32, C4<zzzzzzzzzzzzzzzzzzzzzzzzzzzzzzzz>; HiZ drive
v0x23dd090_0 .net "a", 31 0, o0x7f319b0bf198;  0 drivers
o0x7f319b0bf498 .functor BUFZ 32, C4<zzzzzzzzzzzzzzzzzzzzzzzzzzzzzzzz>; HiZ drive
v0x23dd1a0_0 .net "b", 31 0, o0x7f319b0bf498;  0 drivers
o0x7f319b0bf798 .functor BUFZ 32, C4<zzzzzzzzzzzzzzzzzzzzzzzzzzzzzzzz>; HiZ drive
v0x23dd270_0 .net "c", 31 0, o0x7f319b0bf798;  0 drivers
v0x23dd370_0 .net "current_exp", 7 0, L_0x23f1e10;  1 drivers
v0x23dd440_0 .net "exp_a", 7 0, L_0x23debb0;  1 drivers
v0x23dd530_0 .net "exp_b", 7 0, L_0x23df5c0;  1 drivers
v0x23dd620_0 .net "exp_c", 7 0, L_0x23dff90;  1 drivers
v0x23dd730_0 .net "man_a", 23 0, L_0x23df250;  1 drivers
v0x23dd7f0_0 .net "man_b", 23 0, L_0x23dfc20;  1 drivers
v0x23dd890_0 .net "man_c", 23 0, L_0x23e05e0;  1 drivers
v0x23dd930_0 .net "right_or_left", 0 0, L_0x23f2ae0;  1 drivers
v0x23dd9d0_0 .net "shift", 7 0, L_0x23f2950;  1 drivers
v0x23ddaa0_0 .net "sign_a", 0 0, L_0x23deac0;  1 drivers
v0x23ddb70_0 .net "sign_b", 0 0, L_0x23df480;  1 drivers
v0x23ddc40_0 .net "sign_c", 0 0, L_0x23dfe50;  1 drivers
S_0x23b5990 .scope module, "ex_a" "extractor_FP_32" 3 16, 3 43 0, S_0x23b88f0;
 .timescale 0 0;
    .port_info 0 /INPUT 32 "a";
    .port_info 1 /OUTPUT 1 "sign";
    .port_info 2 /OUTPUT 8 "exp";
    .port_info 3 /OUTPUT 24 "man";
v0x23b7bd0_0 .net *"_ivl_11", 22 0, L_0x23ded80;  1 drivers
v0x23d7ca0_0 .net *"_ivl_12", 23 0, L_0x23deee0;  1 drivers
L_0x7f319b0760a8 .functor BUFT 1, C4<1>, C4<0>, C4<0>, C4<0>;
v0x23d7d80_0 .net/2u *"_ivl_14", 0 0, L_0x7f319b0760a8;  1 drivers
v0x23d7e40_0 .net *"_ivl_17", 22 0, L_0x23df000;  1 drivers
v0x23d7f20_0 .net *"_ivl_18", 23 0, L_0x23df110;  1 drivers
L_0x7f319b076018 .functor BUFT 1, C4<00000000>, C4<0>, C4<0>, C4<0>;
v0x23d8050_0 .net/2u *"_ivl_4", 7 0, L_0x7f319b076018;  1 drivers
v0x23d8130_0 .net *"_ivl_6", 0 0, L_0x23dec50;  1 drivers
L_0x7f319b076060 .functor BUFT 1, C4<0>, C4<0>, C4<0>, C4<0>;
v0x23d81f0_0 .net/2u *"_ivl_8", 0 0, L_0x7f319b076060;  1 drivers
v0x23d82d0_0 .net "a", 31 0, o0x7f319b0bf198;  alias, 0 drivers
v0x23d8440_0 .net "exp", 7 0, L_0x23debb0;  alias, 1 drivers
v0x23d8520_0 .net "man", 23 0, L_0x23df250;  alias, 1 drivers
v0x23d8600_0 .net "sign", 0 0, L_0x23deac0;  alias, 1 drivers
L_0x23deac0 .part o0x7f319b0bf198, 31, 1;
L_0x23debb0 .part o0x7f319b0bf198, 23, 8;
L_0x23dec50 .cmp/eq 8, L_0x23debb0, L_0x7f319b076018;
L_0x23ded80 .part o0x7f319b0bf198, 0, 23;
L_0x23deee0 .concat [ 23 1 0 0], L_0x23ded80, L_0x7f319b076060;
L_0x23df000 .part o0x7f319b0bf198, 0, 23;
L_0x23df110 .concat [ 23 1 0 0], L_0x23df000, L_0x7f319b0760a8;
L_0x23df250 .functor MUXZ 24, L_0x23df110, L_0x23deee0, L_0x23dec50, C4<>;
S_0x23d8740 .scope module, "ex_b" "extractor_FP_32" 3 17, 3 43 0, S_0x23b88f0;
 .timescale 0 0;
    .port_info 0 /INPUT 32 "a";
    .port_info 1 /OUTPUT 1 "sign";
    .port_info 2 /OUTPUT 8 "exp";
    .port_info 3 /OUTPUT 24 "man";
v0x23d8980_0 .net *"_ivl_11", 22 0, L_0x23df7e0;  1 drivers
v0x23d8a60_0 .net *"_ivl_12", 23 0, L_0x23df910;  1 drivers
L_0x7f319b076180 .functor BUFT 1, C4<1>, C4<0>, C4<0>, C4<0>;
v0x23d8b40_0 .net/2u *"_ivl_14", 0 0, L_0x7f319b076180;  1 drivers
v0x23d8c00_0 .net *"_ivl_17", 22 0, L_0x23dfa00;  1 drivers
v0x23d8ce0_0 .net *"_ivl_18", 23 0, L_0x23dfae0;  1 drivers
L_0x7f319b0760f0 .functor BUFT 1, C4<00000000>, C4<0>, C4<0>, C4<0>;
v0x23d8e10_0 .net/2u *"_ivl_4", 7 0, L_0x7f319b0760f0;  1 drivers
v0x23d8ef0_0 .net *"_ivl_6", 0 0, L_0x23df660;  1 drivers
L_0x7f319b076138 .functor BUFT 1, C4<0>, C4<0>, C4<0>, C4<0>;
v0x23d8fb0_0 .net/2u *"_ivl_8", 0 0, L_0x7f319b076138;  1 drivers
v0x23d9090_0 .net "a", 31 0, o0x7f319b0bf498;  alias, 0 drivers
v0x23d9200_0 .net "exp", 7 0, L_0x23df5c0;  alias, 1 drivers
v0x23d92e0_0 .net "man", 23 0, L_0x23dfc20;  alias, 1 drivers
v0x23d93c0_0 .net "sign", 0 0, L_0x23df480;  alias, 1 drivers
L_0x23df480 .part o0x7f319b0bf498, 31, 1;
L_0x23df5c0 .part o0x7f319b0bf498, 23, 8;
L_0x23df660 .cmp/eq 8, L_0x23df5c0, L_0x7f319b0760f0;
L_0x23df7e0 .part o0x7f319b0bf498, 0, 23;
L_0x23df910 .concat [ 23 1 0 0], L_0x23df7e0, L_0x7f319b076138;
L_0x23dfa00 .part o0x7f319b0bf498, 0, 23;
L_0x23dfae0 .concat [ 23 1 0 0], L_0x23dfa00, L_0x7f319b076180;
L_0x23dfc20 .functor MUXZ 24, L_0x23dfae0, L_0x23df910, L_0x23df660, C4<>;
S_0x23d9500 .scope module, "ex_c" "extractor_FP_32" 3 18, 3 43 0, S_0x23b88f0;
 .timescale 0 0;
    .port_info 0 /INPUT 32 "a";
    .port_info 1 /OUTPUT 1 "sign";
    .port_info 2 /OUTPUT 8 "exp";
    .port_info 3 /OUTPUT 24 "man";
v0x23d9750_0 .net *"_ivl_11", 22 0, L_0x23e0160;  1 drivers
v0x23d9830_0 .net *"_ivl_12", 23 0, L_0x23e0290;  1 drivers
L_0x7f319b076258 .functor BUFT 1, C4<1>, C4<0>, C4<0>, C4<0>;
v0x23d9910_0 .net/2u *"_ivl_14", 0 0, L_0x7f319b076258;  1 drivers
v0x23d9a00_0 .net *"_ivl_17", 22 0, L_0x23e0410;  1 drivers
v0x23d9ae0_0 .net *"_ivl_18", 23 0, L_0x23e04f0;  1 drivers
L_0x7f319b0761c8 .functor BUFT 1, C4<00000000>, C4<0>, C4<0>, C4<0>;
v0x23d9c10_0 .net/2u *"_ivl_4", 7 0, L_0x7f319b0761c8;  1 drivers
v0x23d9cf0_0 .net *"_ivl_6", 0 0, L_0x23e0030;  1 drivers
L_0x7f319b076210 .functor BUFT 1, C4<0>, C4<0>, C4<0>, C4<0>;
v0x23d9db0_0 .net/2u *"_ivl_8", 0 0, L_0x7f319b076210;  1 drivers
v0x23d9e90_0 .net "a", 31 0, o0x7f319b0bf798;  alias, 0 drivers
v0x23da000_0 .net "exp", 7 0, L_0x23dff90;  alias, 1 drivers
v0x23da0e0_0 .net "man", 23 0, L_0x23e05e0;  alias, 1 drivers
v0x23da1c0_0 .net "sign", 0 0, L_0x23dfe50;  alias, 1 drivers
L_0x23dfe50 .part o0x7f319b0bf798, 31, 1;
L_0x23dff90 .part o0x7f319b0bf798, 23, 8;
L_0x23e0030 .cmp/eq 8, L_0x23dff90, L_0x7f319b0761c8;
L_0x23e0160 .part o0x7f319b0bf798, 0, 23;
L_0x23e0290 .concat [ 23 1 0 0], L_0x23e0160, L_0x7f319b076210;
L_0x23e0410 .part o0x7f319b0bf798, 0, 23;
L_0x23e04f0 .concat [ 23 1 0 0], L_0x23e0410, L_0x7f319b076258;
L_0x23e05e0 .functor MUXZ 24, L_0x23e04f0, L_0x23e0290, L_0x23e0030, C4<>;
S_0x23da300 .scope module, "pre_processing" "pre_processing" 3 24, 3 58 0, S_0x23b88f0;
 .timescale 0 0;
    .port_info 0 /INPUT 8 "exp_a";
    .port_info 1 /INPUT 8 "exp_b";
    .port_info 2 /INPUT 8 "exp_c";
    .port_info 3 /OUTPUT 8 "current_exp";
    .port_info 4 /OUTPUT 8 "shift";
    .port_info 5 /OUTPUT 1 "right_or_left";
L_0x7f319b0762e8 .functor BUFT 1, C4<01111110>, C4<0>, C4<0>, C4<0>;
L_0x23e0900 .functor NOT 8, L_0x7f319b0762e8, C4<00000000>, C4<00000000>, C4<00000000>;
L_0x23e0a60 .functor NOT 8, L_0x7f319b0762e8, C4<00000000>, C4<00000000>, C4<00000000>;
L_0x23e0f80 .functor NOT 8, L_0x7f319b0762e8, C4<00000000>, C4<00000000>, C4<00000000>;
L_0x7f319b076378 .functor BUFT 1, C4<00000001>, C4<0>, C4<0>, C4<0>;
v0x23da490_0 .net/2u *"_ivl_10", 7 0, L_0x7f319b076378;  1 drivers
v0x23da590_0 .net *"_ivl_12", 7 0, L_0x23e09c0;  1 drivers
v0x23da670_0 .net *"_ivl_14", 7 0, L_0x23e0b70;  1 drivers
L_0x7f319b0763c0 .functor BUFT 1, C4<00000000>, C4<0>, C4<0>, C4<0>;
v0x23da730_0 .net/2u *"_ivl_18", 7 0, L_0x7f319b0763c0;  1 drivers
v0x23da810_0 .net *"_ivl_20", 0 0, L_0x23e0df0;  1 drivers
v0x23da920_0 .net *"_ivl_22", 7 0, L_0x23e0a60;  1 drivers
L_0x7f319b076408 .functor BUFT 1, C4<00000001>, C4<0>, C4<0>, C4<0>;
v0x23daa00_0 .net/2u *"_ivl_24", 7 0, L_0x7f319b076408;  1 drivers
v0x23daae0_0 .net *"_ivl_26", 7 0, L_0x23e0ee0;  1 drivers
v0x23dabc0_0 .net *"_ivl_28", 7 0, L_0x23e10d0;  1 drivers
L_0x7f319b076450 .functor BUFT 1, C4<00000000>, C4<0>, C4<0>, C4<0>;
v0x23dad30_0 .net/2u *"_ivl_32", 7 0, L_0x7f319b076450;  1 drivers
v0x23dae10_0 .net *"_ivl_34", 0 0, L_0x23e1350;  1 drivers
v0x23daed0_0 .net *"_ivl_36", 7 0, L_0x23e0f80;  1 drivers
L_0x7f319b076498 .functor BUFT 1, C4<00000001>, C4<0>, C4<0>, C4<0>;
v0x23dafb0_0 .net/2u *"_ivl_38", 7 0, L_0x7f319b076498;  1 drivers
L_0x7f319b076330 .functor BUFT 1, C4<00000000>, C4<0>, C4<0>, C4<0>;
v0x23db090_0 .net/2u *"_ivl_4", 7 0, L_0x7f319b076330;  1 drivers
v0x23db170_0 .net *"_ivl_40", 7 0, L_0x23e14d0;  1 drivers
v0x23db250_0 .net *"_ivl_42", 7 0, L_0x23e1690;  1 drivers
L_0x7f319b0764e0 .functor BUFT 1, C4<01111111>, C4<0>, C4<0>, C4<0>;
v0x23db330_0 .net/2u *"_ivl_48", 7 0, L_0x7f319b0764e0;  1 drivers
v0x23db520_0 .net/s *"_ivl_52", 31 0, L_0x23e1b90;  1 drivers
L_0x7f319b076528 .functor BUFT 1, C4<11111111111111111111111110000010>, C4<0>, C4<0>, C4<0>;
v0x23db600_0 .net/2s *"_ivl_54", 31 0, L_0x7f319b076528;  1 drivers
v0x23db6e0_0 .net *"_ivl_56", 0 0, L_0x23f1c40;  1 drivers
L_0x7f319b076570 .functor BUFT 1, C4<00000000>, C4<0>, C4<0>, C4<0>;
v0x23db7a0_0 .net/2u *"_ivl_58", 7 0, L_0x7f319b076570;  1 drivers
v0x23db880_0 .net *"_ivl_6", 0 0, L_0x23e0810;  1 drivers
v0x23db940_0 .net *"_ivl_62", 8 0, L_0x23f1ff0;  1 drivers
L_0x7f319b0765b8 .functor BUFT 1, C4<0>, C4<0>, C4<0>, C4<0>;
v0x23dba20_0 .net *"_ivl_65", 0 0, L_0x7f319b0765b8;  1 drivers
v0x23dbb00_0 .net *"_ivl_66", 8 0, L_0x23f21d0;  1 drivers
L_0x7f319b076600 .functor BUFT 1, C4<0>, C4<0>, C4<0>, C4<0>;
v0x23dbbe0_0 .net *"_ivl_69", 0 0, L_0x7f319b076600;  1 drivers
v0x23dbcc0_0 .net *"_ivl_73", 0 0, L_0x23f20e0;  1 drivers
v0x23dbda0_0 .net *"_ivl_75", 7 0, L_0x23f24b0;  1 drivers
L_0x7f319b076648 .functor BUFT 1, C4<00000000>, C4<0>, C4<0>, C4<0>;
v0x23dbe80_0 .net *"_ivl_76", 7 0, L_0x7f319b076648;  1 drivers
v0x23dbf60_0 .net *"_ivl_79", 7 0, L_0x23f2610;  1 drivers
v0x23dc040_0 .net *"_ivl_8", 7 0, L_0x23e0900;  1 drivers
v0x23dc120_0 .net *"_ivl_81", 7 0, L_0x23f2750;  1 drivers
v0x23dc200_0 .net "current_exp", 7 0, L_0x23f1e10;  alias, 1 drivers
v0x23dc4f0_0 .net "current_exp_tmp", 7 0, L_0x23e19d0;  1 drivers
v0x23dc5d0_0 .net "data_126", 7 0, L_0x7f319b0762e8;  1 drivers
L_0x7f319b0762a0 .functor BUFT 1, C4<01111111>, C4<0>, C4<0>, C4<0>;
v0x23dc6b0_0 .net "data_127", 7 0, L_0x7f319b0762a0;  1 drivers
v0x23dc790_0 .net "exp_a", 7 0, L_0x23debb0;  alias, 1 drivers
v0x23dc850_0 .net "exp_b", 7 0, L_0x23df5c0;  alias, 1 drivers
v0x23dc920_0 .net "exp_c", 7 0, L_0x23dff90;  alias, 1 drivers
v0x23dc9f0_0 .net "right_or_left", 0 0, L_0x23f2ae0;  alias, 1 drivers
v0x23dca90_0 .net "shift", 7 0, L_0x23f2950;  alias, 1 drivers
v0x23dcb70_0 .net/s "shift_tmp", 8 0, L_0x23f2270;  1 drivers
v0x23dcc50_0 .net "true_a", 7 0, L_0x23e0c60;  1 drivers
v0x23dcd30_0 .net "true_b", 7 0, L_0x23e1170;  1 drivers
v0x23dce10_0 .net "true_c", 7 0, L_0x23e1730;  1 drivers
v0x23dcef0_0 .net/s "true_exp_ab_signed", 7 0, L_0x23e1890;  1 drivers
L_0x23e0810 .cmp/eq 8, L_0x23debb0, L_0x7f319b076330;
L_0x23e09c0 .arith/sum 8, L_0x23e0900, L_0x7f319b076378;
L_0x23e0b70 .arith/sub 8, L_0x23debb0, L_0x7f319b0762a0;
L_0x23e0c60 .functor MUXZ 8, L_0x23e0b70, L_0x23e09c0, L_0x23e0810, C4<>;
L_0x23e0df0 .cmp/eq 8, L_0x23df5c0, L_0x7f319b0763c0;
L_0x23e0ee0 .arith/sum 8, L_0x23e0a60, L_0x7f319b076408;
L_0x23e10d0 .arith/sub 8, L_0x23df5c0, L_0x7f319b0762a0;
L_0x23e1170 .functor MUXZ 8, L_0x23e10d0, L_0x23e0ee0, L_0x23e0df0, C4<>;
L_0x23e1350 .cmp/eq 8, L_0x23dff90, L_0x7f319b076450;
L_0x23e14d0 .arith/sum 8, L_0x23e0f80, L_0x7f319b076498;
L_0x23e1690 .arith/sub 8, L_0x23dff90, L_0x7f319b0762a0;
L_0x23e1730 .functor MUXZ 8, L_0x23e1690, L_0x23e14d0, L_0x23e1350, C4<>;
L_0x23e1890 .arith/sum 8, L_0x23e0c60, L_0x23e1170;
L_0x23e19d0 .arith/sum 8, L_0x23e1890, L_0x7f319b0764e0;
L_0x23e1b90 .extend/s 32, L_0x23e1890;
L_0x23f1c40 .cmp/eq 32, L_0x23e1b90, L_0x7f319b076528;
L_0x23f1e10 .functor MUXZ 8, L_0x23e19d0, L_0x7f319b076570, L_0x23f1c40, C4<>;
L_0x23f1ff0 .concat [ 8 1 0 0], L_0x23e1730, L_0x7f319b0765b8;
L_0x23f21d0 .concat [ 8 1 0 0], L_0x23e1890, L_0x7f319b076600;
L_0x23f2270 .arith/sub 9, L_0x23f1ff0, L_0x23f21d0;
L_0x23f20e0 .part L_0x23f2270, 8, 1;
L_0x23f24b0 .part L_0x23f2270, 0, 8;
L_0x23f2610 .arith/sub 8, L_0x7f319b076648, L_0x23f24b0;
L_0x23f2750 .part L_0x23f2270, 0, 8;
L_0x23f2950 .functor MUXZ 8, L_0x23f2750, L_0x23f2610, L_0x23f20e0, C4<>;
L_0x23f2ae0 .part L_0x23f2270, 8, 1;
S_0x23ba860 .scope module, "FMA_stage2" "FMA_stage2" 3 32;
 .timescale 0 0;
S_0x23b8270 .scope module, "FMA_stage3" "FMA_stage3" 3 37;
 .timescale 0 0;
S_0x23b74a0 .scope module, "booth4_encoding" "booth4_encoding" 3 97;
 .timescale 0 0;
    .port_info 0 /INPUT 3 "code";
    .port_info 1 /INPUT 24 "man_b";
    .port_info 2 /OUTPUT 48 "outdata";
L_0x23e17d0 .functor NOT 48, L_0x23f2cb0, C4<000000000000000000000000000000000000000000000000>, C4<000000000000000000000000000000000000000000000000>, C4<000000000000000000000000000000000000000000000000>;
L_0x23e1570 .functor NOT 48, L_0x23f2e90, C4<000000000000000000000000000000000000000000000000>, C4<000000000000000000000000000000000000000000000000>, C4<000000000000000000000000000000000000000000000000>;
L_0x7f319b076690 .functor BUFT 1, C4<000000000000000000000000>, C4<0>, C4<0>, C4<0>;
v0x23ddd70_0 .net/2u *"_ivl_0", 23 0, L_0x7f319b076690;  1 drivers
v0x23dde70_0 .net *"_ivl_10", 47 0, L_0x23e17d0;  1 drivers
L_0x7f319b076720 .functor BUFT 1, C4<000000000000000000000000000000000000000000000001>, C4<0>, C4<0>, C4<0>;
v0x23ddf50_0 .net/2u *"_ivl_12", 47 0, L_0x7f319b076720;  1 drivers
v0x23de010_0 .net *"_ivl_16", 47 0, L_0x23e1570;  1 drivers
L_0x7f319b076768 .functor BUFT 1, C4<000000000000000000000000000000000000000000000001>, C4<0>, C4<0>, C4<0>;
v0x23de0f0_0 .net/2u *"_ivl_18", 47 0, L_0x7f319b076768;  1 drivers
v0x23de1d0_0 .net *"_ivl_6", 46 0, L_0x23f2da0;  1 drivers
L_0x7f319b0766d8 .functor BUFT 1, C4<0>, C4<0>, C4<0>, C4<0>;
v0x23de2b0_0 .net *"_ivl_8", 0 0, L_0x7f319b0766d8;  1 drivers
v0x23de390_0 .net "b", 47 0, L_0x23f2cb0;  1 drivers
o0x7f319b0c0488 .functor BUFZ 3, C4<zzz>; HiZ drive
v0x23de470_0 .net "code", 2 0, o0x7f319b0c0488;  0 drivers
o0x7f319b0c04b8 .functor BUFZ 24, C4<zzzzzzzzzzzzzzzzzzzzzzzz>; HiZ drive
v0x23de5e0_0 .net "man_b", 23 0, o0x7f319b0c04b8;  0 drivers
v0x23de6c0_0 .net "minus_b", 47 0, L_0x23f2fd0;  1 drivers
v0x23de7a0_0 .net "minus_two_b", 47 0, L_0x23f3160;  1 drivers
v0x23de880_0 .var "outdata", 47 0;
v0x23de960_0 .net "two_b", 47 0, L_0x23f2e90;  1 drivers
E_0x23a20b0/0 .event anyedge, v0x23de470_0, v0x23de390_0, v0x23de960_0, v0x23de7a0_0;
E_0x23a20b0/1 .event anyedge, v0x23de6c0_0;
E_0x23a20b0 .event/or E_0x23a20b0/0, E_0x23a20b0/1;
L_0x23f2cb0 .concat [ 24 24 0 0], o0x7f319b0c04b8, L_0x7f319b076690;
L_0x23f2da0 .part L_0x23f2cb0, 0, 47;
L_0x23f2e90 .concat [ 1 47 0 0], L_0x7f319b0766d8, L_0x23f2da0;
L_0x23f2fd0 .arith/sum 48, L_0x23e17d0, L_0x7f319b076720;
L_0x23f3160 .arith/sum 48, L_0x23e1570, L_0x7f319b076768;
    .scope S_0x23b74a0;
T_0 ;
Ewait_0 .event/or E_0x23a20b0, E_0x0;
    %wait Ewait_0;
    %load/vec4 v0x23de470_0;
    %dup/vec4;
    %pushi/vec4 0, 0, 3;
    %cmp/u;
    %jmp/1 T_0.0, 6;
    %dup/vec4;
    %pushi/vec4 7, 0, 3;
    %cmp/u;
    %jmp/1 T_0.1, 6;
    %dup/vec4;
    %pushi/vec4 1, 0, 3;
    %cmp/u;
    %jmp/1 T_0.2, 6;
    %dup/vec4;
    %pushi/vec4 2, 0, 3;
    %cmp/u;
    %jmp/1 T_0.3, 6;
    %dup/vec4;
    %pushi/vec4 3, 0, 3;
    %cmp/u;
    %jmp/1 T_0.4, 6;
    %dup/vec4;
    %pushi/vec4 4, 0, 3;
    %cmp/u;
    %jmp/1 T_0.5, 6;
    %dup/vec4;
    %pushi/vec4 5, 0, 3;
    %cmp/u;
    %jmp/1 T_0.6, 6;
    %dup/vec4;
    %pushi/vec4 6, 0, 3;
    %cmp/u;
    %jmp/1 T_0.7, 6;
    %pushi/vec4 0, 0, 48;
    %store/vec4 v0x23de880_0, 0, 48;
    %jmp T_0.9;
T_0.0 ;
    %pushi/vec4 0, 0, 48;
    %store/vec4 v0x23de880_0, 0, 48;
    %jmp T_0.9;
T_0.1 ;
    %pushi/vec4 0, 0, 48;
    %store/vec4 v0x23de880_0, 0, 48;
    %jmp T_0.9;
T_0.2 ;
    %load/vec4 v0x23de390_0;
    %store/vec4 v0x23de880_0, 0, 48;
    %jmp T_0.9;
T_0.3 ;
    %load/vec4 v0x23de390_0;
    %store/vec4 v0x23de880_0, 0, 48;
    %jmp T_0.9;
T_0.4 ;
    %load/vec4 v0x23de960_0;
    %store/vec4 v0x23de880_0, 0, 48;
    %jmp T_0.9;
T_0.5 ;
    %load/vec4 v0x23de7a0_0;
    %store/vec4 v0x23de880_0, 0, 48;
    %jmp T_0.9;
T_0.6 ;
    %load/vec4 v0x23de6c0_0;
    %store/vec4 v0x23de880_0, 0, 48;
    %jmp T_0.9;
T_0.7 ;
    %load/vec4 v0x23de6c0_0;
    %store/vec4 v0x23de880_0, 0, 48;
    %jmp T_0.9;
T_0.9 ;
    %pop/vec4 1;
    %jmp T_0;
    .thread T_0, $push;
# The file index is used to find the file name in the following table.
:file_names 4;
    "N/A";
    "<interactive>";
    "-";
    "./FMA_stages.sv";
