#! /usr/local/bin/vvp
:ivl_version "13.0 (devel)" "(s20221226-353-gc6df820ff)";
:ivl_delay_selection "TYPICAL";
:vpi_time_precision + 0;
:vpi_module "/usr/local/lib/ivl/system.vpi";
:vpi_module "/usr/local/lib/ivl/vhdl_sys.vpi";
:vpi_module "/usr/local/lib/ivl/vhdl_textio.vpi";
:vpi_module "/usr/local/lib/ivl/v2005_math.vpi";
:vpi_module "/usr/local/lib/ivl/va_math.vpi";
:vpi_module "/usr/local/lib/ivl/v2009.vpi";
S_0x16220c0 .scope package, "$unit" "$unit" 2 1;
 .timescale 0 0;
S_0x1620f10 .scope module, "tb_bka_16" "tb_bka_16" 3 2;
 .timescale 0 0;
P_0x15feb30 .param/l "delay" 0 3 9, +C4<00000000000000000000000000010100>;
v0x165bb80_0 .var "a", 15 0;
v0x165bc60_0 .var "b", 15 0;
v0x165bd00_0 .var "cin", 0 0;
v0x165bdd0_0 .net "cout", 0 0, L_0x167fa40;  1 drivers
v0x165bea0_0 .net "sum", 15 0, L_0x167f3b0;  1 drivers
S_0x161d150 .scope module, "shi" "sparse_adder_16" 3 11, 4 1 0, S_0x1620f10;
 .timescale 0 0;
    .port_info 0 /INPUT 16 "a";
    .port_info 1 /INPUT 16 "b";
    .port_info 2 /INPUT 1 "cin";
    .port_info 3 /OUTPUT 16 "sum";
    .port_info 4 /OUTPUT 1 "cout";
L_0x1663b80 .functor OR 16, v0x165bb80_0, v0x165bc60_0, C4<0000000000000000>, C4<0000000000000000>;
L_0x1663c90 .functor AND 16, v0x165bb80_0, v0x165bc60_0, C4<1111111111111111>, C4<1111111111111111>;
L_0x1664100 .functor AND 1, L_0x1663df0, v0x165bd00_0, C4<1>, C4<1>;
L_0x1664210 .functor OR 1, L_0x1663d00, L_0x1664100, C4<0>, C4<0>;
L_0x1664ab0 .functor AND 1, L_0x1664730, L_0x1664a10, C4<1>, C4<1>;
L_0x1664b20 .functor OR 1, L_0x1664690, L_0x1664ab0, C4<0>, C4<0>;
L_0x1665000 .functor AND 1, L_0x1664c70, L_0x1664f60, C4<1>, C4<1>;
L_0x1665950 .functor AND 1, L_0x16655a0, L_0x16658b0, C4<1>, C4<1>;
L_0x1665ab0 .functor OR 1, L_0x1665500, L_0x1665950, C4<0>, C4<0>;
L_0x16663f0 .functor AND 1, L_0x1666020, L_0x16660c0, C4<1>, C4<1>;
L_0x1666e70 .functor AND 1, L_0x1666a80, L_0x1666dd0, C4<1>, C4<1>;
L_0x1666f30 .functor OR 1, L_0x16669e0, L_0x1666e70, C4<0>, C4<0>;
L_0x16674b0 .functor AND 1, L_0x16670b0, L_0x1667410, C4<1>, C4<1>;
L_0x1667d00 .functor AND 1, L_0x16678e0, L_0x1667980, C4<1>, C4<1>;
L_0x1667040 .functor OR 1, L_0x1667570, L_0x1667d00, C4<0>, C4<0>;
L_0x1668470 .functor AND 1, L_0x1667f30, L_0x1667fd0, C4<1>, C4<1>;
L_0x1669f60 .functor AND 1, L_0x1669ae0, L_0x1669b80, C4<1>, C4<1>;
L_0x166a020 .functor OR 1, L_0x1669710, L_0x1669f60, C4<0>, C4<0>;
L_0x166a7a0 .functor AND 1, L_0x166a310, L_0x166a700, C4<1>, C4<1>;
L_0x166ad50 .functor NOT 1, L_0x166acb0, C4<0>, C4<0>, C4<0>;
L_0x166b370 .functor NOT 1, L_0x166b2d0, C4<0>, C4<0>, C4<0>;
L_0x166b850 .functor XOR 1, L_0x166b370, L_0x166b430, C4<0>, C4<0>;
L_0x166ba20 .functor NOT 1, L_0x166b850, C4<0>, C4<0>, C4<0>;
L_0x166bb80 .functor NOT 1, L_0x166bae0, C4<0>, C4<0>, C4<0>;
L_0x166c140 .functor XOR 1, L_0x166bb80, L_0x166bd10, C4<0>, C4<0>;
L_0x166c250 .functor NOT 1, L_0x166c140, C4<0>, C4<0>, C4<0>;
L_0x166cea0 .functor AND 1, L_0x166c9b0, L_0x166ca50, C4<1>, C4<1>;
L_0x166cfb0 .functor OR 1, L_0x166c570, L_0x166cea0, C4<0>, C4<0>;
L_0x166d1b0 .functor NOT 1, L_0x166cfb0, C4<0>, C4<0>, C4<0>;
L_0x166d770 .functor AND 1, L_0x166d270, L_0x166d310, C4<1>, C4<1>;
L_0x166d980 .functor NOT 1, L_0x166d770, C4<0>, C4<0>, C4<0>;
L_0x166dae0 .functor XOR 1, L_0x166d980, L_0x166da40, C4<0>, C4<0>;
L_0x166dd00 .functor NOT 1, L_0x166dae0, C4<0>, C4<0>, C4<0>;
L_0x166e230 .functor XOR 1, L_0x166d1b0, L_0x166ddc0, C4<0>, C4<0>;
L_0x166e460 .functor NOT 1, L_0x166e230, C4<0>, C4<0>, C4<0>;
L_0x166f010 .functor AND 1, L_0x166eae0, L_0x166eb80, C4<1>, C4<1>;
L_0x166f250 .functor OR 1, L_0x166e660, L_0x166f010, C4<0>, C4<0>;
L_0x166f360 .functor NOT 1, L_0x166f250, C4<0>, C4<0>, C4<0>;
L_0x166f1c0 .functor AND 1, L_0x166f120, L_0x166f560, C4<1>, C4<1>;
L_0x166faa0 .functor NOT 1, L_0x166f1c0, C4<0>, C4<0>, C4<0>;
L_0x166fd50 .functor XOR 1, L_0x166faa0, L_0x166fcb0, C4<0>, C4<0>;
L_0x166fe60 .functor NOT 1, L_0x166fd50, C4<0>, C4<0>, C4<0>;
L_0x1670530 .functor XOR 1, L_0x166f360, L_0x1670080, C4<0>, C4<0>;
L_0x1670640 .functor NOT 1, L_0x1670530, C4<0>, C4<0>, C4<0>;
L_0x1670aa0 .functor NOT 1, L_0x1670f60, C4<0>, C4<0>, C4<0>;
L_0x1670e30 .functor NOT 1, L_0x1670d90, C4<0>, C4<0>, C4<0>;
L_0x1671000 .functor XOR 1, L_0x1670e30, L_0x1671610, C4<0>, C4<0>;
L_0x1671110 .functor NOT 1, L_0x1671000, C4<0>, C4<0>, C4<0>;
L_0x1671b00 .functor NOT 1, L_0x1671360, C4<0>, C4<0>, C4<0>;
L_0x16716b0 .functor XOR 1, L_0x1671b00, L_0x1671bc0, C4<0>, C4<0>;
L_0x1671960 .functor NOT 1, L_0x16716b0, C4<0>, C4<0>, C4<0>;
L_0x1671da0 .functor AND 1, L_0x1671c60, L_0x1671d00, C4<1>, C4<1>;
L_0x16726d0 .functor OR 1, L_0x16721b0, L_0x1671da0, C4<0>, C4<0>;
L_0x1672790 .functor NOT 1, L_0x16726d0, C4<0>, C4<0>, C4<0>;
L_0x1672250 .functor AND 1, L_0x1672a10, L_0x1672ab0, C4<1>, C4<1>;
L_0x1672360 .functor NOT 1, L_0x1672250, C4<0>, C4<0>, C4<0>;
L_0x1672b50 .functor XOR 1, L_0x1672360, L_0x1673070, C4<0>, C4<0>;
L_0x1672c10 .functor NOT 1, L_0x1672b50, C4<0>, C4<0>, C4<0>;
L_0x1672f50 .functor XOR 1, L_0x1672790, L_0x1672eb0, C4<0>, C4<0>;
L_0x1673650 .functor NOT 1, L_0x1672f50, C4<0>, C4<0>, C4<0>;
L_0x16733e0 .functor AND 1, L_0x16732a0, L_0x1673340, C4<1>, C4<1>;
L_0x16734f0 .functor OR 1, L_0x1673200, L_0x16733e0, C4<0>, C4<0>;
L_0x16740b0 .functor NOT 1, L_0x16734f0, C4<0>, C4<0>, C4<0>;
L_0x1673a40 .functor AND 1, L_0x1674170, L_0x16739a0, C4<1>, C4<1>;
L_0x1673d60 .functor NOT 1, L_0x1673a40, C4<0>, C4<0>, C4<0>;
L_0x16742b0 .functor XOR 1, L_0x1673d60, L_0x1674210, C4<0>, C4<0>;
L_0x16745e0 .functor NOT 1, L_0x16742b0, C4<0>, C4<0>, C4<0>;
L_0x1674780 .functor XOR 1, L_0x16740b0, L_0x1674c60, C4<0>, C4<0>;
L_0x1674ac0 .functor NOT 1, L_0x1674780, C4<0>, C4<0>, C4<0>;
L_0x1674e40 .functor NOT 1, L_0x1674da0, C4<0>, C4<0>, C4<0>;
L_0x1675420 .functor NOT 1, L_0x1675380, C4<0>, C4<0>, C4<0>;
L_0x1675580 .functor XOR 1, L_0x1675420, L_0x16754e0, C4<0>, C4<0>;
L_0x1675690 .functor NOT 1, L_0x1675580, C4<0>, C4<0>, C4<0>;
L_0x16757f0 .functor NOT 1, L_0x1675750, C4<0>, C4<0>, C4<0>;
L_0x1675a20 .functor XOR 1, L_0x16757f0, L_0x1676450, C4<0>, C4<0>;
L_0x1675b30 .functor NOT 1, L_0x1675a20, C4<0>, C4<0>, C4<0>;
L_0x1676630 .functor AND 1, L_0x16764f0, L_0x1676590, C4<1>, C4<1>;
L_0x1676740 .functor OR 1, L_0x1676ad0, L_0x1676630, C4<0>, C4<0>;
L_0x1676850 .functor NOT 1, L_0x1676740, C4<0>, C4<0>, C4<0>;
L_0x16769b0 .functor AND 1, L_0x1676910, L_0x1677350, C4<1>, C4<1>;
L_0x1676ea0 .functor NOT 1, L_0x16769b0, C4<0>, C4<0>, C4<0>;
L_0x1677970 .functor XOR 1, L_0x1676ea0, L_0x1677000, C4<0>, C4<0>;
L_0x1677d20 .functor NOT 1, L_0x1677970, C4<0>, C4<0>, C4<0>;
L_0x1677e80 .functor XOR 1, L_0x1676850, L_0x1677de0, C4<0>, C4<0>;
L_0x1678240 .functor NOT 1, L_0x1677e80, C4<0>, C4<0>, C4<0>;
L_0x16776c0 .functor AND 1, L_0x1677580, L_0x1677620, C4<1>, C4<1>;
L_0x16777d0 .functor OR 1, L_0x16774e0, L_0x16776c0, C4<0>, C4<0>;
L_0x16778e0 .functor NOT 1, L_0x16777d0, C4<0>, C4<0>, C4<0>;
L_0x1678440 .functor AND 1, L_0x1678f20, L_0x16783a0, C4<1>, C4<1>;
L_0x1678550 .functor NOT 1, L_0x1678440, C4<0>, C4<0>, C4<0>;
L_0x1679870 .functor XOR 1, L_0x1678550, L_0x16797d0, C4<0>, C4<0>;
L_0x1679960 .functor NOT 1, L_0x1679870, C4<0>, C4<0>, C4<0>;
L_0x1679d10 .functor XOR 1, L_0x16778e0, L_0x167a3e0, C4<0>, C4<0>;
L_0x1679ec0 .functor NOT 1, L_0x1679d10, C4<0>, C4<0>, C4<0>;
L_0x167a5c0 .functor NOT 1, L_0x167a520, C4<0>, C4<0>, C4<0>;
L_0x167a950 .functor NOT 1, L_0x167a8b0, C4<0>, C4<0>, C4<0>;
L_0x167ab40 .functor XOR 1, L_0x167a950, L_0x167b450, C4<0>, C4<0>;
L_0x167ac80 .functor NOT 1, L_0x167ab40, C4<0>, C4<0>, C4<0>;
L_0x167bb00 .functor NOT 1, L_0x167b060, C4<0>, C4<0>, C4<0>;
L_0x167b4f0 .functor XOR 1, L_0x167bb00, L_0x167bbc0, C4<0>, C4<0>;
L_0x167b960 .functor NOT 1, L_0x167b4f0, C4<0>, C4<0>, C4<0>;
L_0x167bda0 .functor AND 1, L_0x167bc60, L_0x167bd00, C4<1>, C4<1>;
L_0x167c1f0 .functor OR 1, L_0x167c370, L_0x167bda0, C4<0>, C4<0>;
L_0x167caf0 .functor NOT 1, L_0x167c1f0, C4<0>, C4<0>, C4<0>;
L_0x167c410 .functor AND 1, L_0x167cf00, L_0x167cfa0, C4<1>, C4<1>;
L_0x167c520 .functor NOT 1, L_0x167c410, C4<0>, C4<0>, C4<0>;
L_0x167c9e0 .functor XOR 1, L_0x167c520, L_0x167d690, C4<0>, C4<0>;
L_0x167d0e0 .functor NOT 1, L_0x167c9e0, C4<0>, C4<0>, C4<0>;
L_0x167d5b0 .functor XOR 1, L_0x167caf0, L_0x167d510, C4<0>, C4<0>;
L_0x167de30 .functor NOT 1, L_0x167d5b0, C4<0>, C4<0>, C4<0>;
L_0x167da00 .functor AND 1, L_0x167d8c0, L_0x167d960, C4<1>, C4<1>;
L_0x167db10 .functor OR 1, L_0x167d820, L_0x167da00, C4<0>, C4<0>;
L_0x167dc20 .functor NOT 1, L_0x167db10, C4<0>, C4<0>, C4<0>;
L_0x167e3b0 .functor AND 1, L_0x167dce0, L_0x167e310, C4<1>, C4<1>;
L_0x167e860 .functor NOT 1, L_0x167e3b0, C4<0>, C4<0>, C4<0>;
L_0x167d620 .functor XOR 1, L_0x167e860, L_0x167edc0, C4<0>, C4<0>;
L_0x167f2b0 .functor NOT 1, L_0x167d620, C4<0>, C4<0>, C4<0>;
L_0x1680050 .functor XOR 1, L_0x167dc20, L_0x167ffb0, C4<0>, C4<0>;
L_0x1680520 .functor NOT 1, L_0x1680050, C4<0>, C4<0>, C4<0>;
v0x164b350_0 .net *"_ivl_119", 0 0, L_0x1663d00;  1 drivers
v0x164b450_0 .net *"_ivl_121", 0 0, L_0x1663df0;  1 drivers
v0x164b530_0 .net *"_ivl_122", 0 0, L_0x1664100;  1 drivers
v0x164b5f0_0 .net *"_ivl_124", 0 0, L_0x1664210;  1 drivers
L_0x7fd78a551018 .functor BUFT 1, C4<0>, C4<0>, C4<0>, C4<0>;
v0x164b6d0_0 .net/2u *"_ivl_128", 0 0, L_0x7fd78a551018;  1 drivers
v0x164b800_0 .net *"_ivl_133", 0 0, L_0x1664320;  1 drivers
v0x164b8e0_0 .net *"_ivl_137", 0 0, L_0x16643c0;  1 drivers
v0x164b9c0_0 .net *"_ivl_141", 0 0, L_0x1664690;  1 drivers
v0x164baa0_0 .net *"_ivl_143", 0 0, L_0x1664730;  1 drivers
v0x164bb80_0 .net *"_ivl_145", 0 0, L_0x1664a10;  1 drivers
v0x164bc60_0 .net *"_ivl_146", 0 0, L_0x1664ab0;  1 drivers
v0x164bd40_0 .net *"_ivl_148", 0 0, L_0x1664b20;  1 drivers
v0x164be20_0 .net *"_ivl_153", 0 0, L_0x1664c70;  1 drivers
v0x164bf00_0 .net *"_ivl_155", 0 0, L_0x1664f60;  1 drivers
v0x164bfe0_0 .net *"_ivl_156", 0 0, L_0x1665000;  1 drivers
v0x164c0c0_0 .net *"_ivl_162", 0 0, L_0x1665500;  1 drivers
v0x164c1a0_0 .net *"_ivl_164", 0 0, L_0x16655a0;  1 drivers
v0x164c280_0 .net *"_ivl_166", 0 0, L_0x16658b0;  1 drivers
v0x164c360_0 .net *"_ivl_167", 0 0, L_0x1665950;  1 drivers
v0x164c440_0 .net *"_ivl_169", 0 0, L_0x1665ab0;  1 drivers
v0x164c520_0 .net *"_ivl_175", 0 0, L_0x1666020;  1 drivers
v0x164c600_0 .net *"_ivl_177", 0 0, L_0x16660c0;  1 drivers
v0x164c6e0_0 .net *"_ivl_178", 0 0, L_0x16663f0;  1 drivers
v0x164c7c0_0 .net *"_ivl_183", 0 0, L_0x16665b0;  1 drivers
v0x164c8a0_0 .net *"_ivl_187", 0 0, L_0x1666650;  1 drivers
v0x164c980_0 .net *"_ivl_191", 0 0, L_0x16669e0;  1 drivers
v0x164ca60_0 .net *"_ivl_193", 0 0, L_0x1666a80;  1 drivers
v0x164cb40_0 .net *"_ivl_195", 0 0, L_0x1666dd0;  1 drivers
v0x164cc20_0 .net *"_ivl_196", 0 0, L_0x1666e70;  1 drivers
v0x164cd00_0 .net *"_ivl_198", 0 0, L_0x1666f30;  1 drivers
v0x164cde0_0 .net *"_ivl_203", 0 0, L_0x16670b0;  1 drivers
v0x164cec0_0 .net *"_ivl_205", 0 0, L_0x1667410;  1 drivers
v0x164cfa0_0 .net *"_ivl_206", 0 0, L_0x16674b0;  1 drivers
v0x164d290_0 .net *"_ivl_211", 0 0, L_0x1667570;  1 drivers
v0x164d370_0 .net *"_ivl_213", 0 0, L_0x16678e0;  1 drivers
v0x164d450_0 .net *"_ivl_215", 0 0, L_0x1667980;  1 drivers
v0x164d530_0 .net *"_ivl_216", 0 0, L_0x1667d00;  1 drivers
v0x164d610_0 .net *"_ivl_218", 0 0, L_0x1667040;  1 drivers
v0x164d6f0_0 .net *"_ivl_223", 0 0, L_0x1667f30;  1 drivers
v0x164d7d0_0 .net *"_ivl_225", 0 0, L_0x1667fd0;  1 drivers
v0x164d8b0_0 .net *"_ivl_226", 0 0, L_0x1668470;  1 drivers
v0x164d990_0 .net *"_ivl_232", 0 0, L_0x16687a0;  1 drivers
v0x164da70_0 .net *"_ivl_237", 0 0, L_0x1668d20;  1 drivers
v0x164db50_0 .net *"_ivl_241", 2 0, L_0x1669120;  1 drivers
v0x164dc30_0 .net *"_ivl_245", 2 0, L_0x1669210;  1 drivers
v0x164dd10_0 .net *"_ivl_250", 0 0, L_0x1669710;  1 drivers
v0x164ddf0_0 .net *"_ivl_252", 0 0, L_0x1669ae0;  1 drivers
v0x164ded0_0 .net *"_ivl_254", 0 0, L_0x1669b80;  1 drivers
v0x164dfb0_0 .net *"_ivl_255", 0 0, L_0x1669f60;  1 drivers
v0x164e090_0 .net *"_ivl_257", 0 0, L_0x166a020;  1 drivers
v0x164e170_0 .net *"_ivl_263", 0 0, L_0x166a310;  1 drivers
v0x164e250_0 .net *"_ivl_265", 0 0, L_0x166a700;  1 drivers
v0x164e330_0 .net *"_ivl_266", 0 0, L_0x166a7a0;  1 drivers
v0x164e410_0 .net *"_ivl_271", 0 0, L_0x166a8b0;  1 drivers
v0x164e4f0_0 .net *"_ivl_273", 0 0, L_0x166acb0;  1 drivers
v0x164e5d0_0 .net *"_ivl_274", 0 0, L_0x166ad50;  1 drivers
v0x164e6b0_0 .net *"_ivl_276", 0 0, L_0x166a180;  1 drivers
v0x164e790_0 .net *"_ivl_281", 0 0, L_0x166b2d0;  1 drivers
v0x164e870_0 .net *"_ivl_282", 0 0, L_0x166b370;  1 drivers
v0x164e950_0 .net *"_ivl_285", 0 0, L_0x166b430;  1 drivers
v0x164ea30_0 .net *"_ivl_286", 0 0, L_0x166b850;  1 drivers
v0x164eb10_0 .net *"_ivl_288", 0 0, L_0x166ba20;  1 drivers
v0x164ebf0_0 .net *"_ivl_291", 0 0, L_0x166bae0;  1 drivers
v0x164ecd0_0 .net *"_ivl_292", 0 0, L_0x166bb80;  1 drivers
v0x164edb0_0 .net *"_ivl_295", 0 0, L_0x166bd10;  1 drivers
v0x164f2a0_0 .net *"_ivl_296", 0 0, L_0x166c140;  1 drivers
v0x164f380_0 .net *"_ivl_298", 0 0, L_0x166c250;  1 drivers
v0x164f460_0 .net *"_ivl_300", 0 0, L_0x166c3f0;  1 drivers
v0x164f540_0 .net *"_ivl_303", 0 0, L_0x166c570;  1 drivers
v0x164f620_0 .net *"_ivl_305", 0 0, L_0x166c9b0;  1 drivers
v0x164f700_0 .net *"_ivl_307", 0 0, L_0x166ca50;  1 drivers
v0x164f7e0_0 .net *"_ivl_308", 0 0, L_0x166cea0;  1 drivers
v0x164f8c0_0 .net *"_ivl_310", 0 0, L_0x166cfb0;  1 drivers
v0x164f9a0_0 .net *"_ivl_315", 0 0, L_0x166d270;  1 drivers
v0x164fa80_0 .net *"_ivl_317", 0 0, L_0x166d310;  1 drivers
v0x164fb60_0 .net *"_ivl_318", 0 0, L_0x166d770;  1 drivers
v0x164fc40_0 .net *"_ivl_325", 0 0, L_0x166da40;  1 drivers
v0x164fd20_0 .net *"_ivl_326", 0 0, L_0x166dae0;  1 drivers
v0x164fe00_0 .net *"_ivl_328", 0 0, L_0x166dd00;  1 drivers
v0x164fee0_0 .net *"_ivl_331", 0 0, L_0x166ddc0;  1 drivers
v0x164ffc0_0 .net *"_ivl_332", 0 0, L_0x166e230;  1 drivers
v0x16500a0_0 .net *"_ivl_334", 0 0, L_0x166e460;  1 drivers
v0x1650180_0 .net *"_ivl_336", 0 0, L_0x166e520;  1 drivers
v0x1650260_0 .net *"_ivl_339", 0 0, L_0x166e660;  1 drivers
v0x1650340_0 .net *"_ivl_341", 0 0, L_0x166eae0;  1 drivers
v0x1650420_0 .net *"_ivl_343", 0 0, L_0x166eb80;  1 drivers
v0x1650500_0 .net *"_ivl_344", 0 0, L_0x166f010;  1 drivers
v0x16505e0_0 .net *"_ivl_346", 0 0, L_0x166f250;  1 drivers
v0x16506c0_0 .net *"_ivl_351", 0 0, L_0x166f120;  1 drivers
v0x16507a0_0 .net *"_ivl_353", 0 0, L_0x166f560;  1 drivers
v0x1650880_0 .net *"_ivl_354", 0 0, L_0x166f1c0;  1 drivers
v0x1650960_0 .net *"_ivl_361", 0 0, L_0x166fcb0;  1 drivers
v0x1650a40_0 .net *"_ivl_362", 0 0, L_0x166fd50;  1 drivers
v0x1650b20_0 .net *"_ivl_364", 0 0, L_0x166fe60;  1 drivers
v0x1650c00_0 .net *"_ivl_367", 0 0, L_0x1670080;  1 drivers
v0x1650ce0_0 .net *"_ivl_368", 0 0, L_0x1670530;  1 drivers
v0x1650dc0_0 .net *"_ivl_370", 0 0, L_0x1670640;  1 drivers
v0x1650ea0_0 .net *"_ivl_372", 0 0, L_0x1670870;  1 drivers
v0x1650f80_0 .net *"_ivl_377", 0 0, L_0x16709b0;  1 drivers
v0x1651060_0 .net *"_ivl_379", 0 0, L_0x1670ec0;  1 drivers
v0x1651140_0 .net *"_ivl_381", 0 0, L_0x1670f60;  1 drivers
v0x1651220_0 .net *"_ivl_382", 0 0, L_0x1670aa0;  1 drivers
v0x1651300_0 .net *"_ivl_384", 0 0, L_0x1670b60;  1 drivers
v0x16513e0_0 .net *"_ivl_389", 0 0, L_0x1670cf0;  1 drivers
v0x16514c0_0 .net *"_ivl_391", 0 0, L_0x1670d90;  1 drivers
v0x16515a0_0 .net *"_ivl_392", 0 0, L_0x1670e30;  1 drivers
v0x1651680_0 .net *"_ivl_395", 0 0, L_0x1671610;  1 drivers
v0x1651760_0 .net *"_ivl_396", 0 0, L_0x1671000;  1 drivers
v0x1651840_0 .net *"_ivl_398", 0 0, L_0x1671110;  1 drivers
v0x1651920_0 .net *"_ivl_401", 0 0, L_0x1671360;  1 drivers
v0x1651a00_0 .net *"_ivl_402", 0 0, L_0x1671b00;  1 drivers
v0x1651ae0_0 .net *"_ivl_405", 0 0, L_0x1671bc0;  1 drivers
v0x1651bc0_0 .net *"_ivl_406", 0 0, L_0x16716b0;  1 drivers
v0x1651ca0_0 .net *"_ivl_408", 0 0, L_0x1671960;  1 drivers
v0x1651d80_0 .net *"_ivl_410", 0 0, L_0x1671a20;  1 drivers
v0x1651e60_0 .net *"_ivl_413", 0 0, L_0x16721b0;  1 drivers
v0x1651f40_0 .net *"_ivl_415", 0 0, L_0x1671c60;  1 drivers
v0x1652020_0 .net *"_ivl_417", 0 0, L_0x1671d00;  1 drivers
v0x1652100_0 .net *"_ivl_418", 0 0, L_0x1671da0;  1 drivers
v0x16521e0_0 .net *"_ivl_420", 0 0, L_0x16726d0;  1 drivers
v0x16522c0_0 .net *"_ivl_425", 0 0, L_0x1672a10;  1 drivers
v0x16523a0_0 .net *"_ivl_427", 0 0, L_0x1672ab0;  1 drivers
v0x1652480_0 .net *"_ivl_428", 0 0, L_0x1672250;  1 drivers
v0x1652560_0 .net *"_ivl_435", 0 0, L_0x16725f0;  1 drivers
v0x1652640_0 .net *"_ivl_437", 0 0, L_0x1673070;  1 drivers
v0x1652720_0 .net *"_ivl_438", 0 0, L_0x1672b50;  1 drivers
v0x1652800_0 .net *"_ivl_440", 0 0, L_0x1672c10;  1 drivers
v0x16528e0_0 .net *"_ivl_443", 0 0, L_0x1672eb0;  1 drivers
v0x16529c0_0 .net *"_ivl_444", 0 0, L_0x1672f50;  1 drivers
v0x16532b0_0 .net *"_ivl_446", 0 0, L_0x1673650;  1 drivers
v0x1653390_0 .net *"_ivl_448", 0 0, L_0x1673900;  1 drivers
v0x1653470_0 .net *"_ivl_451", 0 0, L_0x1673200;  1 drivers
v0x1653550_0 .net *"_ivl_453", 0 0, L_0x16732a0;  1 drivers
v0x1653630_0 .net *"_ivl_455", 0 0, L_0x1673340;  1 drivers
v0x1653710_0 .net *"_ivl_456", 0 0, L_0x16733e0;  1 drivers
v0x16537f0_0 .net *"_ivl_458", 0 0, L_0x16734f0;  1 drivers
v0x16538d0_0 .net *"_ivl_463", 0 0, L_0x1674170;  1 drivers
v0x16539b0_0 .net *"_ivl_465", 0 0, L_0x16739a0;  1 drivers
v0x1653a90_0 .net *"_ivl_466", 0 0, L_0x1673a40;  1 drivers
v0x1653b70_0 .net *"_ivl_473", 0 0, L_0x16746e0;  1 drivers
v0x1653c50_0 .net *"_ivl_475", 0 0, L_0x1674210;  1 drivers
v0x1653d30_0 .net *"_ivl_476", 0 0, L_0x16742b0;  1 drivers
v0x1653e10_0 .net *"_ivl_478", 0 0, L_0x16745e0;  1 drivers
v0x1653ef0_0 .net *"_ivl_481", 0 0, L_0x1674c60;  1 drivers
v0x1653fd0_0 .net *"_ivl_482", 0 0, L_0x1674780;  1 drivers
v0x16540b0_0 .net *"_ivl_484", 0 0, L_0x1674ac0;  1 drivers
v0x1654190_0 .net *"_ivl_486", 0 0, L_0x1674b80;  1 drivers
v0x1654270_0 .net *"_ivl_491", 0 0, L_0x16752e0;  1 drivers
v0x1654350_0 .net *"_ivl_493", 0 0, L_0x1674d00;  1 drivers
v0x1654430_0 .net *"_ivl_495", 0 0, L_0x1674da0;  1 drivers
v0x1654510_0 .net *"_ivl_496", 0 0, L_0x1674e40;  1 drivers
v0x16545f0_0 .net *"_ivl_498", 0 0, L_0x1675140;  1 drivers
v0x16546d0_0 .net *"_ivl_503", 0 0, L_0x1675980;  1 drivers
v0x16547b0_0 .net *"_ivl_505", 0 0, L_0x1675380;  1 drivers
v0x1654890_0 .net *"_ivl_506", 0 0, L_0x1675420;  1 drivers
v0x1654970_0 .net *"_ivl_509", 0 0, L_0x16754e0;  1 drivers
v0x1654a50_0 .net *"_ivl_510", 0 0, L_0x1675580;  1 drivers
v0x1654b30_0 .net *"_ivl_512", 0 0, L_0x1675690;  1 drivers
v0x1654c10_0 .net *"_ivl_515", 0 0, L_0x1675750;  1 drivers
v0x1654cf0_0 .net *"_ivl_516", 0 0, L_0x16757f0;  1 drivers
v0x1654dd0_0 .net *"_ivl_519", 0 0, L_0x1676450;  1 drivers
v0x1654eb0_0 .net *"_ivl_520", 0 0, L_0x1675a20;  1 drivers
v0x1654f90_0 .net *"_ivl_522", 0 0, L_0x1675b30;  1 drivers
v0x1655070_0 .net *"_ivl_524", 0 0, L_0x1675e60;  1 drivers
v0x1655150_0 .net *"_ivl_527", 0 0, L_0x1676ad0;  1 drivers
v0x1655230_0 .net *"_ivl_529", 0 0, L_0x16764f0;  1 drivers
v0x1655310_0 .net *"_ivl_531", 0 0, L_0x1676590;  1 drivers
v0x16553f0_0 .net *"_ivl_532", 0 0, L_0x1676630;  1 drivers
v0x16554d0_0 .net *"_ivl_534", 0 0, L_0x1676740;  1 drivers
v0x16555b0_0 .net *"_ivl_539", 0 0, L_0x1676910;  1 drivers
v0x1655690_0 .net *"_ivl_541", 0 0, L_0x1677350;  1 drivers
v0x1655770_0 .net *"_ivl_542", 0 0, L_0x16769b0;  1 drivers
v0x1655850_0 .net *"_ivl_549", 0 0, L_0x1676f60;  1 drivers
v0x1655930_0 .net *"_ivl_551", 0 0, L_0x1677000;  1 drivers
v0x1655a10_0 .net *"_ivl_552", 0 0, L_0x1677970;  1 drivers
v0x1655af0_0 .net *"_ivl_554", 0 0, L_0x1677d20;  1 drivers
v0x1655bd0_0 .net *"_ivl_557", 0 0, L_0x1677de0;  1 drivers
v0x1655cb0_0 .net *"_ivl_558", 0 0, L_0x1677e80;  1 drivers
v0x1655d90_0 .net *"_ivl_560", 0 0, L_0x1678240;  1 drivers
v0x1655e70_0 .net *"_ivl_562", 0 0, L_0x1678300;  1 drivers
v0x1655f50_0 .net *"_ivl_565", 0 0, L_0x16774e0;  1 drivers
v0x1656030_0 .net *"_ivl_567", 0 0, L_0x1677580;  1 drivers
v0x1656110_0 .net *"_ivl_569", 0 0, L_0x1677620;  1 drivers
v0x16561f0_0 .net *"_ivl_570", 0 0, L_0x16776c0;  1 drivers
v0x16562d0_0 .net *"_ivl_572", 0 0, L_0x16777d0;  1 drivers
v0x16563b0_0 .net *"_ivl_577", 0 0, L_0x1678f20;  1 drivers
v0x1656490_0 .net *"_ivl_579", 0 0, L_0x16783a0;  1 drivers
v0x1656570_0 .net *"_ivl_580", 0 0, L_0x1678440;  1 drivers
v0x1656650_0 .net *"_ivl_587", 0 0, L_0x1679d80;  1 drivers
v0x1656730_0 .net *"_ivl_589", 0 0, L_0x16797d0;  1 drivers
v0x1656810_0 .net *"_ivl_590", 0 0, L_0x1679870;  1 drivers
v0x16568f0_0 .net *"_ivl_592", 0 0, L_0x1679960;  1 drivers
v0x16569d0_0 .net *"_ivl_595", 0 0, L_0x167a3e0;  1 drivers
v0x1656ab0_0 .net *"_ivl_596", 0 0, L_0x1679d10;  1 drivers
v0x1656b90_0 .net *"_ivl_598", 0 0, L_0x1679ec0;  1 drivers
v0x1656c70_0 .net *"_ivl_600", 0 0, L_0x167a280;  1 drivers
v0x1656d50_0 .net *"_ivl_605", 0 0, L_0x167aaa0;  1 drivers
v0x1656e30_0 .net *"_ivl_607", 0 0, L_0x167a480;  1 drivers
v0x1656f10_0 .net *"_ivl_609", 0 0, L_0x167a520;  1 drivers
v0x1656ff0_0 .net *"_ivl_610", 0 0, L_0x167a5c0;  1 drivers
v0x16570d0_0 .net *"_ivl_612", 0 0, L_0x167a680;  1 drivers
v0x16571b0_0 .net *"_ivl_617", 0 0, L_0x167a810;  1 drivers
v0x1657290_0 .net *"_ivl_619", 0 0, L_0x167a8b0;  1 drivers
v0x1657370_0 .net *"_ivl_620", 0 0, L_0x167a950;  1 drivers
v0x1657450_0 .net *"_ivl_623", 0 0, L_0x167b450;  1 drivers
v0x1657530_0 .net *"_ivl_624", 0 0, L_0x167ab40;  1 drivers
v0x1657610_0 .net *"_ivl_626", 0 0, L_0x167ac80;  1 drivers
v0x16576f0_0 .net *"_ivl_629", 0 0, L_0x167b060;  1 drivers
v0x16577d0_0 .net *"_ivl_630", 0 0, L_0x167bb00;  1 drivers
v0x16578b0_0 .net *"_ivl_633", 0 0, L_0x167bbc0;  1 drivers
v0x1657990_0 .net *"_ivl_634", 0 0, L_0x167b4f0;  1 drivers
v0x1657a70_0 .net *"_ivl_636", 0 0, L_0x167b960;  1 drivers
v0x1657b50_0 .net *"_ivl_638", 0 0, L_0x167ba20;  1 drivers
v0x1657c30_0 .net *"_ivl_641", 0 0, L_0x167c370;  1 drivers
v0x1657d10_0 .net *"_ivl_643", 0 0, L_0x167bc60;  1 drivers
v0x1657df0_0 .net *"_ivl_645", 0 0, L_0x167bd00;  1 drivers
v0x1657ed0_0 .net *"_ivl_646", 0 0, L_0x167bda0;  1 drivers
v0x1657fb0_0 .net *"_ivl_648", 0 0, L_0x167c1f0;  1 drivers
v0x1658090_0 .net *"_ivl_653", 0 0, L_0x167cf00;  1 drivers
v0x1658170_0 .net *"_ivl_655", 0 0, L_0x167cfa0;  1 drivers
v0x1658250_0 .net *"_ivl_656", 0 0, L_0x167c410;  1 drivers
v0x1658330_0 .net *"_ivl_663", 0 0, L_0x167c940;  1 drivers
v0x1658410_0 .net *"_ivl_665", 0 0, L_0x167d690;  1 drivers
v0x16584f0_0 .net *"_ivl_666", 0 0, L_0x167c9e0;  1 drivers
v0x16585d0_0 .net *"_ivl_668", 0 0, L_0x167d0e0;  1 drivers
v0x16586b0_0 .net *"_ivl_671", 0 0, L_0x167d510;  1 drivers
v0x1658790_0 .net *"_ivl_672", 0 0, L_0x167d5b0;  1 drivers
v0x1658870_0 .net *"_ivl_674", 0 0, L_0x167de30;  1 drivers
v0x1658950_0 .net *"_ivl_676", 0 0, L_0x167e270;  1 drivers
v0x1658a30_0 .net *"_ivl_679", 0 0, L_0x167d820;  1 drivers
v0x1658b10_0 .net *"_ivl_681", 0 0, L_0x167d8c0;  1 drivers
v0x1658bf0_0 .net *"_ivl_683", 0 0, L_0x167d960;  1 drivers
v0x1658cd0_0 .net *"_ivl_684", 0 0, L_0x167da00;  1 drivers
v0x1658db0_0 .net *"_ivl_686", 0 0, L_0x167db10;  1 drivers
v0x1658e90_0 .net *"_ivl_691", 0 0, L_0x167dce0;  1 drivers
v0x1658f70_0 .net *"_ivl_693", 0 0, L_0x167e310;  1 drivers
v0x1659050_0 .net *"_ivl_694", 0 0, L_0x167e3b0;  1 drivers
v0x1659130_0 .net *"_ivl_702", 0 0, L_0x167ed20;  1 drivers
v0x1659210_0 .net *"_ivl_704", 0 0, L_0x167edc0;  1 drivers
v0x16592f0_0 .net *"_ivl_705", 0 0, L_0x167d620;  1 drivers
v0x16593d0_0 .net *"_ivl_707", 0 0, L_0x167f2b0;  1 drivers
v0x16594b0_0 .net *"_ivl_710", 0 0, L_0x167ffb0;  1 drivers
v0x1659590_0 .net *"_ivl_711", 0 0, L_0x1680050;  1 drivers
v0x1659670_0 .net *"_ivl_713", 0 0, L_0x1680520;  1 drivers
v0x1659750_0 .net *"_ivl_715", 0 0, L_0x16805e0;  1 drivers
v0x1659830_0 .net "a", 15 0, v0x165bb80_0;  1 drivers
v0x1659910_0 .net "b", 15 0, v0x165bc60_0;  1 drivers
v0x16599f0_0 .net "cin", 0 0, v0x165bd00_0;  1 drivers
v0x1659ab0_0 .net "cout", 0 0, L_0x167fa40;  alias, 1 drivers
v0x1659b70_0 .net "final_g", 3 0, L_0x1669620;  1 drivers
v0x1659c50_0 .net "final_p", 3 0, L_0x166a220;  1 drivers
v0x1659d30_0 .net "g", 15 0, L_0x1663c90;  1 drivers
v0x1659e10_0 .net "gglevel1", 7 0, L_0x165f7f0;  1 drivers
v0x1659ef0_0 .net "gglevel2", 3 0, L_0x1662990;  1 drivers
v0x1659fd0_0 .net "gglevel3", 3 0, L_0x1665110;  1 drivers
v0x165a0b0_0 .net "gglevel4", 3 0, L_0x1668610;  1 drivers
v0x165a190_0 .net "ggmux1", 0 0, L_0x166d1b0;  1 drivers
v0x1652a80_0 .net "ggmux11", 0 0, L_0x166f360;  1 drivers
v0x1652b40_0 .net "ggmux2", 0 0, L_0x1672790;  1 drivers
v0x1652c00_0 .net "ggmux22", 0 0, L_0x16740b0;  1 drivers
v0x1652cc0_0 .net "ggmux3", 0 0, L_0x1676850;  1 drivers
v0x1652d80_0 .net "ggmux33", 0 0, L_0x16778e0;  1 drivers
v0x1652e40_0 .net "ggmux4", 0 0, L_0x167caf0;  1 drivers
v0x1652f00_0 .net "ggmux44", 0 0, L_0x167dc20;  1 drivers
v0x1652fc0_0 .net "p", 15 0, L_0x1663b80;  1 drivers
v0x16530a0_0 .net "pplevel1", 7 0, L_0x16602d0;  1 drivers
v0x1653180_0 .net "pplevel2", 3 0, L_0x1663340;  1 drivers
v0x165b240_0 .net "pplevel3", 3 0, L_0x1665c10;  1 drivers
v0x165b320_0 .net "pplevel4", 3 0, L_0x1668b90;  1 drivers
v0x165b400_0 .net "ppmux1", 0 0, L_0x166d980;  1 drivers
v0x165b4c0_0 .net "ppmux11", 0 0, L_0x166faa0;  1 drivers
v0x165b580_0 .net "ppmux2", 0 0, L_0x1672360;  1 drivers
v0x165b640_0 .net "ppmux22", 0 0, L_0x1673d60;  1 drivers
v0x165b700_0 .net "ppmux3", 0 0, L_0x1676ea0;  1 drivers
v0x165b7c0_0 .net "ppmux33", 0 0, L_0x1678550;  1 drivers
v0x165b880_0 .net "ppmux4", 0 0, L_0x167c520;  1 drivers
v0x165b940_0 .net "ppmux44", 0 0, L_0x167e860;  1 drivers
v0x165ba00_0 .net "sum", 15 0, L_0x167f3b0;  alias, 1 drivers
L_0x165bf40 .part L_0x1663c90, 1, 1;
L_0x165c040 .part L_0x1663b80, 1, 1;
L_0x165c140 .part L_0x1663c90, 0, 1;
L_0x165c480 .part L_0x1663b80, 1, 1;
L_0x165c5a0 .part L_0x1663b80, 0, 1;
L_0x165c750 .part L_0x1663c90, 3, 1;
L_0x165c830 .part L_0x1663b80, 3, 1;
L_0x165c8d0 .part L_0x1663c90, 2, 1;
L_0x165cbd0 .part L_0x1663b80, 3, 1;
L_0x165cc70 .part L_0x1663b80, 2, 1;
L_0x165ce30 .part L_0x1663c90, 5, 1;
L_0x165ced0 .part L_0x1663b80, 5, 1;
L_0x165cfe0 .part L_0x1663c90, 4, 1;
L_0x165d300 .part L_0x1663b80, 5, 1;
L_0x165d420 .part L_0x1663b80, 4, 1;
L_0x165d560 .part L_0x1663c90, 7, 1;
L_0x165d690 .part L_0x1663b80, 7, 1;
L_0x165d730 .part L_0x1663c90, 6, 1;
L_0x165daf0 .part L_0x1663b80, 7, 1;
L_0x165db90 .part L_0x1663b80, 6, 1;
L_0x165d800 .part L_0x1663c90, 9, 1;
L_0x165ddf0 .part L_0x1663b80, 9, 1;
L_0x165df50 .part L_0x1663c90, 8, 1;
L_0x165e270 .part L_0x1663b80, 9, 1;
L_0x165e3e0 .part L_0x1663b80, 8, 1;
L_0x165e590 .part L_0x1663c90, 11, 1;
L_0x165e710 .part L_0x1663b80, 11, 1;
L_0x165e7b0 .part L_0x1663c90, 10, 1;
L_0x165ebc0 .part L_0x1663b80, 11, 1;
L_0x165ec60 .part L_0x1663b80, 10, 1;
L_0x165ef10 .part L_0x1663c90, 13, 1;
L_0x165efb0 .part L_0x1663b80, 13, 1;
L_0x165f160 .part L_0x1663c90, 12, 1;
L_0x165f480 .part L_0x1663b80, 13, 1;
L_0x165f640 .part L_0x1663b80, 12, 1;
LS_0x165f7f0_0_0 .concat8 [ 1 1 1 1], L_0x165c370, L_0x165cac0, L_0x165d1f0, L_0x165d9e0;
LS_0x165f7f0_0_4 .concat8 [ 1 1 1 1], L_0x165e160, L_0x165eab0, L_0x165f370, L_0x1660170;
L_0x165f7f0 .concat8 [ 4 4 0 0], LS_0x165f7f0_0_0, LS_0x165f7f0_0_4;
L_0x165fc40 .part L_0x1663c90, 15, 1;
L_0x165fce0 .part L_0x1663b80, 15, 1;
L_0x165fb10 .part L_0x1663c90, 14, 1;
LS_0x16602d0_0_0 .concat8 [ 1 1 1 1], L_0x165c640, L_0x165cd70, L_0x165cf70, L_0x165dce0;
LS_0x16602d0_0_4 .concat8 [ 1 1 1 1], L_0x165e480, L_0x165ee00, L_0x165f6e0, L_0x16609e0;
L_0x16602d0 .concat8 [ 4 4 0 0], LS_0x16602d0_0_0, LS_0x16602d0_0_4;
L_0x1660740 .part L_0x1663b80, 15, 1;
L_0x16607e0 .part L_0x1663b80, 14, 1;
L_0x1660b40 .part L_0x165f7f0, 1, 1;
L_0x1660c30 .part L_0x16602d0, 1, 1;
L_0x1660e90 .part L_0x165f7f0, 0, 1;
L_0x1661150 .part L_0x16602d0, 1, 1;
L_0x1661370 .part L_0x16602d0, 0, 1;
L_0x16614d0 .part L_0x165f7f0, 3, 1;
L_0x1661700 .part L_0x16602d0, 3, 1;
L_0x16617a0 .part L_0x165f7f0, 2, 1;
L_0x1661bb0 .part L_0x16602d0, 3, 1;
L_0x1661c50 .part L_0x16602d0, 2, 1;
L_0x1661fb0 .part L_0x165f7f0, 5, 1;
L_0x1662050 .part L_0x16602d0, 5, 1;
L_0x16622b0 .part L_0x165f7f0, 4, 1;
L_0x1662570 .part L_0x16602d0, 5, 1;
L_0x16627e0 .part L_0x16602d0, 4, 1;
L_0x1662990 .concat8 [ 1 1 1 1], L_0x1661040, L_0x1661aa0, L_0x1662460, L_0x16631e0;
L_0x1662d00 .part L_0x165f7f0, 7, 1;
L_0x1662da0 .part L_0x16602d0, 7, 1;
L_0x1663030 .part L_0x165f7f0, 6, 1;
L_0x1663340 .concat8 [ 1 1 1 1], L_0x1661410, L_0x1661ea0, L_0x1662880, L_0x1663a20;
L_0x16636d0 .part L_0x16602d0, 7, 1;
L_0x1663770 .part L_0x16602d0, 6, 1;
L_0x1663d00 .part L_0x1662990, 0, 1;
L_0x1663df0 .part L_0x1663340, 0, 1;
L_0x1664320 .part L_0x1662990, 1, 1;
L_0x16643c0 .part L_0x1663340, 1, 1;
L_0x1664690 .part L_0x1662990, 2, 1;
L_0x1664730 .part L_0x1663340, 2, 1;
L_0x1664a10 .part L_0x1662990, 1, 1;
L_0x1664c70 .part L_0x1663340, 2, 1;
L_0x1664f60 .part L_0x1663340, 1, 1;
L_0x1665110 .concat8 [ 1 1 1 1], L_0x1664210, L_0x1664320, L_0x1664b20, L_0x1665ab0;
L_0x1665500 .part L_0x1662990, 3, 1;
L_0x16655a0 .part L_0x1663340, 3, 1;
L_0x16658b0 .part L_0x1662990, 2, 1;
L_0x1665c10 .concat8 [ 1 1 1 1], L_0x7fd78a551018, L_0x16643c0, L_0x1665000, L_0x16663f0;
L_0x1666020 .part L_0x1663340, 3, 1;
L_0x16660c0 .part L_0x1663340, 2, 1;
L_0x16665b0 .part L_0x1665110, 0, 1;
L_0x1666650 .part L_0x1665c10, 0, 1;
L_0x16669e0 .part L_0x1665110, 1, 1;
L_0x1666a80 .part L_0x1665c10, 1, 1;
L_0x1666dd0 .part L_0x1665110, 0, 1;
L_0x16670b0 .part L_0x1665c10, 1, 1;
L_0x1667410 .part L_0x1665c10, 0, 1;
L_0x1667570 .part L_0x1665110, 2, 1;
L_0x16678e0 .part L_0x1665c10, 2, 1;
L_0x1667980 .part L_0x1665110, 0, 1;
L_0x1667f30 .part L_0x1665c10, 2, 1;
L_0x1667fd0 .part L_0x1665c10, 0, 1;
L_0x1668610 .concat8 [ 1 1 1 1], L_0x16665b0, L_0x1666f30, L_0x1667040, L_0x16687a0;
L_0x16687a0 .part L_0x1665110, 3, 1;
L_0x1668b90 .concat8 [ 1 1 1 1], L_0x1666650, L_0x16674b0, L_0x1668470, L_0x1668d20;
L_0x1668d20 .part L_0x1665c10, 3, 1;
L_0x1669120 .part L_0x1668610, 0, 3;
L_0x1669210 .part L_0x1668b90, 0, 3;
L_0x1669620 .concat8 [ 3 1 0 0], L_0x1669120, L_0x166a020;
L_0x1669710 .part L_0x1668610, 3, 1;
L_0x1669ae0 .part L_0x1668b90, 3, 1;
L_0x1669b80 .part L_0x1668610, 2, 1;
L_0x166a220 .concat8 [ 3 1 0 0], L_0x1669210, L_0x166a7a0;
L_0x166a310 .part L_0x1668b90, 3, 1;
L_0x166a700 .part L_0x1668b90, 2, 1;
L_0x166a8b0 .part L_0x1663b80, 0, 1;
L_0x166acb0 .part L_0x1663b80, 0, 1;
L_0x166a180 .functor MUXZ 1, L_0x166ad50, L_0x166a8b0, v0x165bd00_0, C4<>;
L_0x166b2d0 .part L_0x16602d0, 0, 1;
L_0x166b430 .part L_0x1663b80, 1, 1;
L_0x166bae0 .part L_0x165f7f0, 0, 1;
L_0x166bd10 .part L_0x1663b80, 1, 1;
L_0x166c3f0 .functor MUXZ 1, L_0x166c250, L_0x166ba20, v0x165bd00_0, C4<>;
L_0x166c570 .part L_0x1663c90, 2, 1;
L_0x166c9b0 .part L_0x1663b80, 2, 1;
L_0x166ca50 .part L_0x1663c90, 1, 1;
L_0x166d270 .part L_0x1663b80, 2, 1;
L_0x166d310 .part L_0x1663b80, 1, 1;
L_0x166da40 .part L_0x1663b80, 2, 1;
L_0x166ddc0 .part L_0x1663b80, 2, 1;
L_0x166e520 .functor MUXZ 1, L_0x166e460, L_0x166dd00, v0x165bd00_0, C4<>;
L_0x166e660 .part L_0x1663c90, 3, 1;
L_0x166eae0 .part L_0x1663b80, 3, 1;
L_0x166eb80 .part L_0x1663c90, 2, 1;
L_0x166f120 .part L_0x1663b80, 3, 1;
L_0x166f560 .part L_0x1663b80, 2, 1;
L_0x166fcb0 .part L_0x1663b80, 3, 1;
L_0x1670080 .part L_0x1663b80, 3, 1;
L_0x1670870 .functor MUXZ 1, L_0x1670640, L_0x166fe60, v0x165bd00_0, C4<>;
L_0x16709b0 .part L_0x1669620, 0, 1;
L_0x1670ec0 .part L_0x1663b80, 4, 1;
L_0x1670f60 .part L_0x1663b80, 4, 1;
L_0x1670b60 .functor MUXZ 1, L_0x1670aa0, L_0x1670ec0, L_0x16709b0, C4<>;
L_0x1670cf0 .part L_0x1669620, 0, 1;
L_0x1670d90 .part L_0x16602d0, 2, 1;
L_0x1671610 .part L_0x1663b80, 5, 1;
L_0x1671360 .part L_0x165f7f0, 2, 1;
L_0x1671bc0 .part L_0x1663b80, 5, 1;
L_0x1671a20 .functor MUXZ 1, L_0x1671960, L_0x1671110, L_0x1670cf0, C4<>;
L_0x16721b0 .part L_0x1663c90, 6, 1;
L_0x1671c60 .part L_0x1663b80, 6, 1;
L_0x1671d00 .part L_0x1663c90, 5, 1;
L_0x1672a10 .part L_0x1663b80, 6, 1;
L_0x1672ab0 .part L_0x1663b80, 5, 1;
L_0x16725f0 .part L_0x1669620, 0, 1;
L_0x1673070 .part L_0x1663b80, 6, 1;
L_0x1672eb0 .part L_0x1663b80, 6, 1;
L_0x1673900 .functor MUXZ 1, L_0x1673650, L_0x1672c10, L_0x16725f0, C4<>;
L_0x1673200 .part L_0x1663c90, 7, 1;
L_0x16732a0 .part L_0x1663b80, 7, 1;
L_0x1673340 .part L_0x1663c90, 6, 1;
L_0x1674170 .part L_0x1663b80, 7, 1;
L_0x16739a0 .part L_0x1663b80, 6, 1;
L_0x16746e0 .part L_0x1669620, 0, 1;
L_0x1674210 .part L_0x1663b80, 7, 1;
L_0x1674c60 .part L_0x1663b80, 7, 1;
L_0x1674b80 .functor MUXZ 1, L_0x1674ac0, L_0x16745e0, L_0x16746e0, C4<>;
L_0x16752e0 .part L_0x1669620, 1, 1;
L_0x1674d00 .part L_0x1663b80, 8, 1;
L_0x1674da0 .part L_0x1663b80, 8, 1;
L_0x1675140 .functor MUXZ 1, L_0x1674e40, L_0x1674d00, L_0x16752e0, C4<>;
L_0x1675980 .part L_0x1669620, 1, 1;
L_0x1675380 .part L_0x16602d0, 4, 1;
L_0x16754e0 .part L_0x1663b80, 9, 1;
L_0x1675750 .part L_0x165f7f0, 4, 1;
L_0x1676450 .part L_0x1663b80, 9, 1;
L_0x1675e60 .functor MUXZ 1, L_0x1675b30, L_0x1675690, L_0x1675980, C4<>;
L_0x1676ad0 .part L_0x1663c90, 10, 1;
L_0x16764f0 .part L_0x1663b80, 10, 1;
L_0x1676590 .part L_0x1663c90, 9, 1;
L_0x1676910 .part L_0x1663b80, 10, 1;
L_0x1677350 .part L_0x1663b80, 9, 1;
L_0x1676f60 .part L_0x1669620, 1, 1;
L_0x1677000 .part L_0x1663b80, 10, 1;
L_0x1677de0 .part L_0x1663b80, 10, 1;
L_0x1678300 .functor MUXZ 1, L_0x1678240, L_0x1677d20, L_0x1676f60, C4<>;
L_0x16774e0 .part L_0x1663c90, 11, 1;
L_0x1677580 .part L_0x1663b80, 11, 1;
L_0x1677620 .part L_0x1663c90, 10, 1;
L_0x1678f20 .part L_0x1663b80, 11, 1;
L_0x16783a0 .part L_0x1663b80, 10, 1;
L_0x1679d80 .part L_0x1669620, 1, 1;
L_0x16797d0 .part L_0x1663b80, 11, 1;
L_0x167a3e0 .part L_0x1663b80, 11, 1;
L_0x167a280 .functor MUXZ 1, L_0x1679ec0, L_0x1679960, L_0x1679d80, C4<>;
L_0x167aaa0 .part L_0x1669620, 2, 1;
L_0x167a480 .part L_0x1663b80, 12, 1;
L_0x167a520 .part L_0x1663b80, 12, 1;
L_0x167a680 .functor MUXZ 1, L_0x167a5c0, L_0x167a480, L_0x167aaa0, C4<>;
L_0x167a810 .part L_0x1669620, 2, 1;
L_0x167a8b0 .part L_0x16602d0, 6, 1;
L_0x167b450 .part L_0x1663b80, 13, 1;
L_0x167b060 .part L_0x165f7f0, 6, 1;
L_0x167bbc0 .part L_0x1663b80, 13, 1;
L_0x167ba20 .functor MUXZ 1, L_0x167b960, L_0x167ac80, L_0x167a810, C4<>;
L_0x167c370 .part L_0x1663c90, 14, 1;
L_0x167bc60 .part L_0x1663b80, 14, 1;
L_0x167bd00 .part L_0x1663c90, 13, 1;
L_0x167cf00 .part L_0x1663b80, 14, 1;
L_0x167cfa0 .part L_0x1663b80, 13, 1;
L_0x167c940 .part L_0x1669620, 2, 1;
L_0x167d690 .part L_0x1663b80, 14, 1;
L_0x167d510 .part L_0x1663b80, 14, 1;
L_0x167e270 .functor MUXZ 1, L_0x167de30, L_0x167d0e0, L_0x167c940, C4<>;
L_0x167d820 .part L_0x1663c90, 15, 1;
L_0x167d8c0 .part L_0x1663b80, 15, 1;
L_0x167d960 .part L_0x1663c90, 14, 1;
L_0x167dce0 .part L_0x1663b80, 15, 1;
L_0x167e310 .part L_0x1663b80, 14, 1;
LS_0x167f3b0_0_0 .concat8 [ 1 1 1 1], L_0x166a180, L_0x166c3f0, L_0x166e520, L_0x1670870;
LS_0x167f3b0_0_4 .concat8 [ 1 1 1 1], L_0x1670b60, L_0x1671a20, L_0x1673900, L_0x1674b80;
LS_0x167f3b0_0_8 .concat8 [ 1 1 1 1], L_0x1675140, L_0x1675e60, L_0x1678300, L_0x167a280;
LS_0x167f3b0_0_12 .concat8 [ 1 1 1 1], L_0x167a680, L_0x167ba20, L_0x167e270, L_0x16805e0;
L_0x167f3b0 .concat8 [ 4 4 4 4], LS_0x167f3b0_0_0, LS_0x167f3b0_0_4, LS_0x167f3b0_0_8, LS_0x167f3b0_0_12;
L_0x167ed20 .part L_0x1669620, 2, 1;
L_0x167edc0 .part L_0x1663b80, 15, 1;
L_0x167ffb0 .part L_0x1663b80, 15, 1;
L_0x16805e0 .functor MUXZ 1, L_0x1680520, L_0x167f2b0, L_0x167ed20, C4<>;
L_0x167fa40 .part L_0x1669620, 3, 1;
S_0x161bfa0 .scope generate, "genblk1[1]" "genblk1[1]" 4 19, 4 19 0, S_0x161d150;
 .timescale 0 0;
P_0x15f0a00 .param/l "i" 1 4 19, +C4<01>;
L_0x165c260 .functor AND 1, L_0x165c040, L_0x165c140, C4<1>, C4<1>;
L_0x165c370 .functor OR 1, L_0x165bf40, L_0x165c260, C4<0>, C4<0>;
L_0x165c640 .functor AND 1, L_0x165c480, L_0x165c5a0, C4<1>, C4<1>;
v0x15c5dd0_0 .net *"_ivl_0", 0 0, L_0x165bf40;  1 drivers
v0x1643e70_0 .net *"_ivl_1", 0 0, L_0x165c040;  1 drivers
v0x1643f50_0 .net *"_ivl_2", 0 0, L_0x165c140;  1 drivers
v0x1644010_0 .net *"_ivl_3", 0 0, L_0x165c260;  1 drivers
v0x16440f0_0 .net *"_ivl_5", 0 0, L_0x165c370;  1 drivers
v0x1644220_0 .net *"_ivl_7", 0 0, L_0x165c480;  1 drivers
v0x1644300_0 .net *"_ivl_8", 0 0, L_0x165c5a0;  1 drivers
v0x16443e0_0 .net *"_ivl_9", 0 0, L_0x165c640;  1 drivers
S_0x16444c0 .scope generate, "genblk1[2]" "genblk1[2]" 4 19, 4 19 0, S_0x161d150;
 .timescale 0 0;
P_0x16446e0 .param/l "i" 1 4 19, +C4<010>;
L_0x165ca50 .functor AND 1, L_0x165c830, L_0x165c8d0, C4<1>, C4<1>;
L_0x165cac0 .functor OR 1, L_0x165c750, L_0x165ca50, C4<0>, C4<0>;
L_0x165cd70 .functor AND 1, L_0x165cbd0, L_0x165cc70, C4<1>, C4<1>;
v0x16447a0_0 .net *"_ivl_0", 0 0, L_0x165c750;  1 drivers
v0x1644880_0 .net *"_ivl_1", 0 0, L_0x165c830;  1 drivers
v0x1644960_0 .net *"_ivl_2", 0 0, L_0x165c8d0;  1 drivers
v0x1644a20_0 .net *"_ivl_3", 0 0, L_0x165ca50;  1 drivers
v0x1644b00_0 .net *"_ivl_5", 0 0, L_0x165cac0;  1 drivers
v0x1644c30_0 .net *"_ivl_7", 0 0, L_0x165cbd0;  1 drivers
v0x1644d10_0 .net *"_ivl_8", 0 0, L_0x165cc70;  1 drivers
v0x1644df0_0 .net *"_ivl_9", 0 0, L_0x165cd70;  1 drivers
S_0x1644ed0 .scope generate, "genblk1[3]" "genblk1[3]" 4 19, 4 19 0, S_0x161d150;
 .timescale 0 0;
P_0x16450d0 .param/l "i" 1 4 19, +C4<011>;
L_0x165d0b0 .functor AND 1, L_0x165ced0, L_0x165cfe0, C4<1>, C4<1>;
L_0x165d1f0 .functor OR 1, L_0x165ce30, L_0x165d0b0, C4<0>, C4<0>;
L_0x165cf70 .functor AND 1, L_0x165d300, L_0x165d420, C4<1>, C4<1>;
v0x1645190_0 .net *"_ivl_0", 0 0, L_0x165ce30;  1 drivers
v0x1645270_0 .net *"_ivl_1", 0 0, L_0x165ced0;  1 drivers
v0x1645350_0 .net *"_ivl_2", 0 0, L_0x165cfe0;  1 drivers
v0x1645410_0 .net *"_ivl_3", 0 0, L_0x165d0b0;  1 drivers
v0x16454f0_0 .net *"_ivl_5", 0 0, L_0x165d1f0;  1 drivers
v0x1645620_0 .net *"_ivl_7", 0 0, L_0x165d300;  1 drivers
v0x1645700_0 .net *"_ivl_8", 0 0, L_0x165d420;  1 drivers
v0x16457e0_0 .net *"_ivl_9", 0 0, L_0x165cf70;  1 drivers
S_0x16458c0 .scope generate, "genblk1[4]" "genblk1[4]" 4 19, 4 19 0, S_0x161d150;
 .timescale 0 0;
P_0x1645ac0 .param/l "i" 1 4 19, +C4<0100>;
L_0x165d8a0 .functor AND 1, L_0x165d690, L_0x165d730, C4<1>, C4<1>;
L_0x165d9e0 .functor OR 1, L_0x165d560, L_0x165d8a0, C4<0>, C4<0>;
L_0x165dce0 .functor AND 1, L_0x165daf0, L_0x165db90, C4<1>, C4<1>;
v0x1645ba0_0 .net *"_ivl_0", 0 0, L_0x165d560;  1 drivers
v0x1645c80_0 .net *"_ivl_1", 0 0, L_0x165d690;  1 drivers
v0x1645d60_0 .net *"_ivl_2", 0 0, L_0x165d730;  1 drivers
v0x1645e20_0 .net *"_ivl_3", 0 0, L_0x165d8a0;  1 drivers
v0x1645f00_0 .net *"_ivl_5", 0 0, L_0x165d9e0;  1 drivers
v0x1646030_0 .net *"_ivl_7", 0 0, L_0x165daf0;  1 drivers
v0x1646110_0 .net *"_ivl_8", 0 0, L_0x165db90;  1 drivers
v0x16461f0_0 .net *"_ivl_9", 0 0, L_0x165dce0;  1 drivers
S_0x16462d0 .scope generate, "genblk1[5]" "genblk1[5]" 4 19, 4 19 0, S_0x161d150;
 .timescale 0 0;
P_0x1646520 .param/l "i" 1 4 19, +C4<0101>;
L_0x165e020 .functor AND 1, L_0x165ddf0, L_0x165df50, C4<1>, C4<1>;
L_0x165e160 .functor OR 1, L_0x165d800, L_0x165e020, C4<0>, C4<0>;
L_0x165e480 .functor AND 1, L_0x165e270, L_0x165e3e0, C4<1>, C4<1>;
v0x1646600_0 .net *"_ivl_0", 0 0, L_0x165d800;  1 drivers
v0x16466e0_0 .net *"_ivl_1", 0 0, L_0x165ddf0;  1 drivers
v0x16467c0_0 .net *"_ivl_2", 0 0, L_0x165df50;  1 drivers
v0x1646880_0 .net *"_ivl_3", 0 0, L_0x165e020;  1 drivers
v0x1646960_0 .net *"_ivl_5", 0 0, L_0x165e160;  1 drivers
v0x1646a90_0 .net *"_ivl_7", 0 0, L_0x165e270;  1 drivers
v0x1646b70_0 .net *"_ivl_8", 0 0, L_0x165e3e0;  1 drivers
v0x1646c50_0 .net *"_ivl_9", 0 0, L_0x165e480;  1 drivers
S_0x1646d30 .scope generate, "genblk1[6]" "genblk1[6]" 4 19, 4 19 0, S_0x161d150;
 .timescale 0 0;
P_0x1646f30 .param/l "i" 1 4 19, +C4<0110>;
L_0x165e970 .functor AND 1, L_0x165e710, L_0x165e7b0, C4<1>, C4<1>;
L_0x165eab0 .functor OR 1, L_0x165e590, L_0x165e970, C4<0>, C4<0>;
L_0x165ee00 .functor AND 1, L_0x165ebc0, L_0x165ec60, C4<1>, C4<1>;
v0x1647010_0 .net *"_ivl_0", 0 0, L_0x165e590;  1 drivers
v0x16470f0_0 .net *"_ivl_1", 0 0, L_0x165e710;  1 drivers
v0x16471d0_0 .net *"_ivl_2", 0 0, L_0x165e7b0;  1 drivers
v0x1647290_0 .net *"_ivl_3", 0 0, L_0x165e970;  1 drivers
v0x1647370_0 .net *"_ivl_5", 0 0, L_0x165eab0;  1 drivers
v0x16474a0_0 .net *"_ivl_7", 0 0, L_0x165ebc0;  1 drivers
v0x1647580_0 .net *"_ivl_8", 0 0, L_0x165ec60;  1 drivers
v0x1647660_0 .net *"_ivl_9", 0 0, L_0x165ee00;  1 drivers
S_0x1647740 .scope generate, "genblk1[7]" "genblk1[7]" 4 19, 4 19 0, S_0x161d150;
 .timescale 0 0;
P_0x1647940 .param/l "i" 1 4 19, +C4<0111>;
L_0x165f230 .functor AND 1, L_0x165efb0, L_0x165f160, C4<1>, C4<1>;
L_0x165f370 .functor OR 1, L_0x165ef10, L_0x165f230, C4<0>, C4<0>;
L_0x165f6e0 .functor AND 1, L_0x165f480, L_0x165f640, C4<1>, C4<1>;
v0x1647a20_0 .net *"_ivl_0", 0 0, L_0x165ef10;  1 drivers
v0x1647b00_0 .net *"_ivl_1", 0 0, L_0x165efb0;  1 drivers
v0x1647be0_0 .net *"_ivl_2", 0 0, L_0x165f160;  1 drivers
v0x1647ca0_0 .net *"_ivl_3", 0 0, L_0x165f230;  1 drivers
v0x1647d80_0 .net *"_ivl_5", 0 0, L_0x165f370;  1 drivers
v0x1647eb0_0 .net *"_ivl_7", 0 0, L_0x165f480;  1 drivers
v0x1647f90_0 .net *"_ivl_8", 0 0, L_0x165f640;  1 drivers
v0x1648070_0 .net *"_ivl_9", 0 0, L_0x165f6e0;  1 drivers
S_0x1648150 .scope generate, "genblk1[8]" "genblk1[8]" 4 19, 4 19 0, S_0x161d150;
 .timescale 0 0;
P_0x1648350 .param/l "i" 1 4 19, +C4<01000>;
L_0x165fbb0 .functor AND 1, L_0x165fce0, L_0x165fb10, C4<1>, C4<1>;
L_0x1660170 .functor OR 1, L_0x165fc40, L_0x165fbb0, C4<0>, C4<0>;
L_0x16609e0 .functor AND 1, L_0x1660740, L_0x16607e0, C4<1>, C4<1>;
v0x1648430_0 .net *"_ivl_0", 0 0, L_0x165fc40;  1 drivers
v0x1648510_0 .net *"_ivl_1", 0 0, L_0x165fce0;  1 drivers
v0x16485f0_0 .net *"_ivl_2", 0 0, L_0x165fb10;  1 drivers
v0x16486b0_0 .net *"_ivl_3", 0 0, L_0x165fbb0;  1 drivers
v0x1648790_0 .net *"_ivl_5", 0 0, L_0x1660170;  1 drivers
v0x16488c0_0 .net *"_ivl_7", 0 0, L_0x1660740;  1 drivers
v0x16489a0_0 .net *"_ivl_8", 0 0, L_0x16607e0;  1 drivers
v0x1648a80_0 .net *"_ivl_9", 0 0, L_0x16609e0;  1 drivers
S_0x1648b60 .scope generate, "genblk2[1]" "genblk2[1]" 4 29, 4 29 0, S_0x161d150;
 .timescale 0 0;
P_0x16464d0 .param/l "i" 1 4 29, +C4<01>;
L_0x1660f30 .functor AND 1, L_0x1660c30, L_0x1660e90, C4<1>, C4<1>;
L_0x1661040 .functor OR 1, L_0x1660b40, L_0x1660f30, C4<0>, C4<0>;
L_0x1661410 .functor AND 1, L_0x1661150, L_0x1661370, C4<1>, C4<1>;
v0x1648df0_0 .net *"_ivl_0", 0 0, L_0x1660b40;  1 drivers
v0x1648ed0_0 .net *"_ivl_1", 0 0, L_0x1660c30;  1 drivers
v0x1648fb0_0 .net *"_ivl_2", 0 0, L_0x1660e90;  1 drivers
v0x1649070_0 .net *"_ivl_3", 0 0, L_0x1660f30;  1 drivers
v0x1649150_0 .net *"_ivl_5", 0 0, L_0x1661040;  1 drivers
v0x1649280_0 .net *"_ivl_7", 0 0, L_0x1661150;  1 drivers
v0x1649360_0 .net *"_ivl_8", 0 0, L_0x1661370;  1 drivers
v0x1649440_0 .net *"_ivl_9", 0 0, L_0x1661410;  1 drivers
S_0x1649520 .scope generate, "genblk2[2]" "genblk2[2]" 4 29, 4 29 0, S_0x161d150;
 .timescale 0 0;
P_0x1649720 .param/l "i" 1 4 29, +C4<010>;
L_0x16619e0 .functor AND 1, L_0x1661700, L_0x16617a0, C4<1>, C4<1>;
L_0x1661aa0 .functor OR 1, L_0x16614d0, L_0x16619e0, C4<0>, C4<0>;
L_0x1661ea0 .functor AND 1, L_0x1661bb0, L_0x1661c50, C4<1>, C4<1>;
v0x1649800_0 .net *"_ivl_0", 0 0, L_0x16614d0;  1 drivers
v0x16498e0_0 .net *"_ivl_1", 0 0, L_0x1661700;  1 drivers
v0x16499c0_0 .net *"_ivl_2", 0 0, L_0x16617a0;  1 drivers
v0x1649a80_0 .net *"_ivl_3", 0 0, L_0x16619e0;  1 drivers
v0x1649b60_0 .net *"_ivl_5", 0 0, L_0x1661aa0;  1 drivers
v0x1649c90_0 .net *"_ivl_7", 0 0, L_0x1661bb0;  1 drivers
v0x1649d70_0 .net *"_ivl_8", 0 0, L_0x1661c50;  1 drivers
v0x1649e50_0 .net *"_ivl_9", 0 0, L_0x1661ea0;  1 drivers
S_0x1649f30 .scope generate, "genblk2[3]" "genblk2[3]" 4 29, 4 29 0, S_0x161d150;
 .timescale 0 0;
P_0x164a130 .param/l "i" 1 4 29, +C4<011>;
L_0x1662350 .functor AND 1, L_0x1662050, L_0x16622b0, C4<1>, C4<1>;
L_0x1662460 .functor OR 1, L_0x1661fb0, L_0x1662350, C4<0>, C4<0>;
L_0x1662880 .functor AND 1, L_0x1662570, L_0x16627e0, C4<1>, C4<1>;
v0x164a210_0 .net *"_ivl_0", 0 0, L_0x1661fb0;  1 drivers
v0x164a2f0_0 .net *"_ivl_1", 0 0, L_0x1662050;  1 drivers
v0x164a3d0_0 .net *"_ivl_2", 0 0, L_0x16622b0;  1 drivers
v0x164a490_0 .net *"_ivl_3", 0 0, L_0x1662350;  1 drivers
v0x164a570_0 .net *"_ivl_5", 0 0, L_0x1662460;  1 drivers
v0x164a6a0_0 .net *"_ivl_7", 0 0, L_0x1662570;  1 drivers
v0x164a780_0 .net *"_ivl_8", 0 0, L_0x16627e0;  1 drivers
v0x164a860_0 .net *"_ivl_9", 0 0, L_0x1662880;  1 drivers
S_0x164a940 .scope generate, "genblk2[4]" "genblk2[4]" 4 29, 4 29 0, S_0x161d150;
 .timescale 0 0;
P_0x164ab40 .param/l "i" 1 4 29, +C4<0100>;
L_0x16630d0 .functor AND 1, L_0x1662da0, L_0x1663030, C4<1>, C4<1>;
L_0x16631e0 .functor OR 1, L_0x1662d00, L_0x16630d0, C4<0>, C4<0>;
L_0x1663a20 .functor AND 1, L_0x16636d0, L_0x1663770, C4<1>, C4<1>;
v0x164ac20_0 .net *"_ivl_0", 0 0, L_0x1662d00;  1 drivers
v0x164ad00_0 .net *"_ivl_1", 0 0, L_0x1662da0;  1 drivers
v0x164ade0_0 .net *"_ivl_2", 0 0, L_0x1663030;  1 drivers
v0x164aea0_0 .net *"_ivl_3", 0 0, L_0x16630d0;  1 drivers
v0x164af80_0 .net *"_ivl_5", 0 0, L_0x16631e0;  1 drivers
v0x164b0b0_0 .net *"_ivl_7", 0 0, L_0x16636d0;  1 drivers
v0x164b190_0 .net *"_ivl_8", 0 0, L_0x1663770;  1 drivers
v0x164b270_0 .net *"_ivl_9", 0 0, L_0x1663a20;  1 drivers
    .scope S_0x1620f10;
T_0 ;
    %vpi_call/w 3 14 "$dumpfile", "dump.vcd" {0 0 0};
    %vpi_call/w 3 15 "$dumpvars" {0 0 0};
    %end;
    .thread T_0;
    .scope S_0x1620f10;
T_1 ;
    %delay 10, 0;
    %pushi/vec4 2, 0, 16;
    %store/vec4 v0x165bb80_0, 0, 16;
    %pushi/vec4 5, 0, 16;
    %store/vec4 v0x165bc60_0, 0, 16;
    %pushi/vec4 0, 0, 1;
    %store/vec4 v0x165bd00_0, 0, 1;
    %delay 20, 0;
    %pushi/vec4 1, 0, 16;
    %store/vec4 v0x165bb80_0, 0, 16;
    %pushi/vec4 1, 0, 16;
    %store/vec4 v0x165bc60_0, 0, 16;
    %delay 20, 0;
    %pushi/vec4 20, 0, 16;
    %store/vec4 v0x165bb80_0, 0, 16;
    %pushi/vec4 20, 0, 16;
    %store/vec4 v0x165bc60_0, 0, 16;
    %pushi/vec4 1, 0, 1;
    %store/vec4 v0x165bd00_0, 0, 1;
    %delay 20, 0;
    %pushi/vec4 75, 0, 16;
    %store/vec4 v0x165bb80_0, 0, 16;
    %pushi/vec4 75, 0, 16;
    %store/vec4 v0x165bc60_0, 0, 16;
    %pushi/vec4 1, 0, 1;
    %store/vec4 v0x165bd00_0, 0, 1;
    %delay 20, 0;
    %pushi/vec4 128, 0, 16;
    %store/vec4 v0x165bb80_0, 0, 16;
    %pushi/vec4 128, 0, 16;
    %store/vec4 v0x165bc60_0, 0, 16;
    %pushi/vec4 0, 0, 1;
    %store/vec4 v0x165bd00_0, 0, 1;
    %delay 20, 0;
    %pushi/vec4 200, 0, 16;
    %store/vec4 v0x165bb80_0, 0, 16;
    %pushi/vec4 20, 0, 16;
    %store/vec4 v0x165bc60_0, 0, 16;
    %pushi/vec4 0, 0, 1;
    %store/vec4 v0x165bd00_0, 0, 1;
    %delay 20, 0;
    %pushi/vec4 1024, 0, 16;
    %store/vec4 v0x165bb80_0, 0, 16;
    %pushi/vec4 1500, 0, 16;
    %store/vec4 v0x165bc60_0, 0, 16;
    %pushi/vec4 0, 0, 1;
    %store/vec4 v0x165bd00_0, 0, 1;
    %delay 20, 0;
    %pushi/vec4 2000, 0, 16;
    %store/vec4 v0x165bb80_0, 0, 16;
    %pushi/vec4 2000, 0, 16;
    %store/vec4 v0x165bc60_0, 0, 16;
    %pushi/vec4 0, 0, 1;
    %store/vec4 v0x165bd00_0, 0, 1;
    %delay 20, 0;
    %pushi/vec4 6500, 0, 16;
    %store/vec4 v0x165bb80_0, 0, 16;
    %pushi/vec4 2000, 0, 16;
    %store/vec4 v0x165bc60_0, 0, 16;
    %pushi/vec4 0, 0, 1;
    %store/vec4 v0x165bd00_0, 0, 1;
    %end;
    .thread T_1;
    .scope S_0x1620f10;
T_2 ;
    %delay 1000, 0;
    %vpi_call/w 3 42 "$finish" {0 0 0};
    %end;
    .thread T_2;
# The file index is used to find the file name in the following table.
:file_names 5;
    "N/A";
    "<interactive>";
    "-";
    "./tb_bka.v";
    "./bit_16.sv";
